# cmsearch :: search CM(s) against a sequence database
# INFERNAL 1.1.4 (Dec 2020)
# Copyright (C) 2020 Howard Hughes Medical Institute.
# Freely distributed under the BSD open source license.
# - - - - - - - - - - - - - - - - - - - - - - - - - - - - - - - - - - - -
# query CM file:                         cms/antitoxin.cm
# target sequence database:              genomes/PS-13.fas
# output directed to file:               sequences/PS-13/antitoxin.out
# tabular output of hits:                sequences/PS-13/antitoxin.tblout
# model-specific thresholding:           GA cutoffs
# Rfam pipeline mode:                    on [strict filtering]
# HMM-only mode for 0 basepair models:   no
# number of worker threads:              12
# - - - - - - - - - - - - - - - - - - - - - - - - - - - - - - - - - - - -

Query:       SIB_RNA  [CLEN=147]
Accession:   RF00113
Description: Short Intergenic Abundant RNA
Hit scores:
 rank     E-value  score  bias  sequence  start    end   mdl trunc   gc  description
 ----   --------- ------ -----  -------- ------ ------   --- ----- ----  -----------

   [No hits detected that satisfy reporting thresholds]


Hit alignments:

   [No hits detected that satisfy reporting thresholds]


Internal CM pipeline statistics summary:
----------------------------------------
Query model(s):                                                  1  (147 consensus positions)
Target sequences:                                                1  (8207712 residues searched)
Target sequences re-searched for truncated hits:                 1  (732 residues re-searched)
Windows   passing  local HMM SSV           filter:            5167  (0.1359); expected (0.06)
Windows   passing  local HMM Viterbi       filter:             892  (0.02425); expected (0.02)
Windows   passing  local HMM Viterbi  bias filter:             675  (0.01834); expected (0.02)
Windows   passing  local HMM Forward       filter:              65  (0.001798); expected (0.0002)
Windows   passing  local HMM Forward  bias filter:              50  (0.001377); expected (0.0002)
Windows   passing glocal HMM Forward       filter:              31  (0.000917); expected (0.0002)
Windows   passing glocal HMM Forward  bias filter:              31  (0.000917); expected (0.0002)
Envelopes passing glocal HMM envelope defn filter:              33  (0.0006873); expected (0.0002)
Envelopes passing  local CM  CYK           filter:               4  (4.544e-05); expected (0.0001)
Total CM hits reported:                                          0  (0); includes 0 truncated hit(s)

# CPU time: 1.26u 0.09s 00:00:01.35 Elapsed: 00:00:00.21
//
Query:       istR  [CLEN=130]
Accession:   RF01400
Description: istR Hfq binding RNA
Hit scores:
 rank     E-value  score  bias  sequence  start    end   mdl trunc   gc  description
 ----   --------- ------ -----  -------- ------ ------   --- ----- ----  -----------

   [No hits detected that satisfy reporting thresholds]


Hit alignments:

   [No hits detected that satisfy reporting thresholds]


Internal CM pipeline statistics summary:
----------------------------------------
Query model(s):                                                  1  (130 consensus positions)
Target sequences:                                                1  (8207712 residues searched)
Target sequences re-searched for truncated hits:                 1  (648 residues re-searched)
Windows   passing  local HMM SSV           filter:            2724  (0.06355); expected (0.06)
Windows   passing  local HMM Viterbi       filter:             395  (0.009429); expected (0.02)
Windows   passing  local HMM Viterbi  bias filter:             386  (0.009208); expected (0.02)
Windows   passing  local HMM Forward       filter:               9  (0.0002328); expected (0.0002)
Windows   passing  local HMM Forward  bias filter:               9  (0.0002328); expected (0.0002)
Windows   passing glocal HMM Forward       filter:               6  (0.0001503); expected (0.0002)
Windows   passing glocal HMM Forward  bias filter:               6  (0.0001503); expected (0.0002)
Envelopes passing glocal HMM envelope defn filter:               6  (0.0001117); expected (0.0002)
Envelopes passing  local CM  CYK           filter:               0  (0); expected (0.0001)
Total CM hits reported:                                          0  (0); includes 0 truncated hit(s)

# CPU time: 0.30u 0.00s 00:00:00.30 Elapsed: 00:00:00.04
//
Query:       RatA  [CLEN=90]
Accession:   RF01776
Description: RNA anti-toxin A
Hit scores:
 rank     E-value  score  bias  sequence  start    end   mdl trunc   gc  description
 ----   --------- ------ -----  -------- ------ ------   --- ----- ----  -----------

   [No hits detected that satisfy reporting thresholds]


Hit alignments:

   [No hits detected that satisfy reporting thresholds]


Internal CM pipeline statistics summary:
----------------------------------------
Query model(s):                                                  1  (90 consensus positions)
Target sequences:                                                1  (8207712 residues searched)
Target sequences re-searched for truncated hits:                 1  (448 residues re-searched)
Windows   passing  local HMM SSV           filter:            9776  (0.1622); expected (0.06)
Windows   passing  local HMM Viterbi       filter:            1736  (0.0301); expected (0.02)
Windows   passing  local HMM Viterbi  bias filter:            1025  (0.01756); expected (0.02)
Windows   passing  local HMM Forward       filter:              85  (0.001544); expected (0.0002)
Windows   passing  local HMM Forward  bias filter:              44  (0.0008093); expected (0.0002)
Windows   passing glocal HMM Forward       filter:              41  (0.0007726); expected (0.0002)
Windows   passing glocal HMM Forward  bias filter:              40  (0.0007567); expected (0.0002)
Envelopes passing glocal HMM envelope defn filter:              41  (0.0005454); expected (0.0002)
Envelopes passing  local CM  CYK           filter:               5  (5.446e-05); expected (0.0001)
Total CM hits reported:                                          0  (0); includes 0 truncated hit(s)

# CPU time: 0.72u 0.04s 00:00:00.76 Elapsed: 00:00:00.08
//
Query:       sok  [CLEN=157]
Accession:   RF01794
Description: sok antitoxin (CssrC)
Hit scores:
 rank     E-value  score  bias  sequence  start    end   mdl trunc   gc  description
 ----   --------- ------ -----  -------- ------ ------   --- ----- ----  -----------

   [No hits detected that satisfy reporting thresholds]


Hit alignments:

   [No hits detected that satisfy reporting thresholds]


Internal CM pipeline statistics summary:
----------------------------------------
Query model(s):                                                  1  (157 consensus positions)
Target sequences:                                                1  (8207712 residues searched)
Target sequences re-searched for truncated hits:                 1  (1184 residues re-searched)
Windows   passing  local HMM SSV           filter:            2848  (0.117); expected (0.06)
Windows   passing  local HMM Viterbi       filter:             507  (0.02146); expected (0.02)
Windows   passing  local HMM Viterbi  bias filter:             455  (0.01932); expected (0.02)
Windows   passing  local HMM Forward       filter:              20  (0.0009174); expected (0.0002)
Windows   passing  local HMM Forward  bias filter:              20  (0.0009174); expected (0.0002)
Windows   passing glocal HMM Forward       filter:              13  (0.0006078); expected (0.0002)
Windows   passing glocal HMM Forward  bias filter:              13  (0.0006078); expected (0.0002)
Envelopes passing glocal HMM envelope defn filter:              13  (0.0002911); expected (0.0002)
Envelopes passing  local CM  CYK           filter:               3  (2.753e-05); expected (0.0001)
Total CM hits reported:                                          0  (0); includes 0 truncated hit(s)

# CPU time: 0.83u 0.04s 00:00:00.87 Elapsed: 00:00:00.16
//
Query:       fstAT  [CLEN=94]
Accession:   RF01797
Description: Fst antitoxin sRNA
Hit scores:
 rank     E-value  score  bias  sequence  start    end   mdl trunc   gc  description
 ----   --------- ------ -----  -------- ------ ------   --- ----- ----  -----------

   [No hits detected that satisfy reporting thresholds]


Hit alignments:

   [No hits detected that satisfy reporting thresholds]


Internal CM pipeline statistics summary:
----------------------------------------
Query model(s):                                                  1  (94 consensus positions)
Target sequences:                                                1  (8207712 residues searched)
Target sequences re-searched for truncated hits:                 1  (496 residues re-searched)
Windows   passing  local HMM SSV           filter:            9180  (0.1682); expected (0.06)
Windows   passing  local HMM Viterbi       filter:            1561  (0.0297); expected (0.02)
Windows   passing  local HMM Viterbi  bias filter:            1202  (0.02279); expected (0.02)
Windows   passing  local HMM Forward       filter:             100  (0.002124); expected (0.0002)
Windows   passing  local HMM Forward  bias filter:              75  (0.001597); expected (0.0002)
Windows   passing glocal HMM Forward       filter:              45  (0.0009595); expected (0.0002)
Windows   passing glocal HMM Forward  bias filter:              41  (0.0008644); expected (0.0002)
Envelopes passing glocal HMM envelope defn filter:              40  (0.0005614); expected (0.0002)
Envelopes passing  local CM  CYK           filter:               9  (0.0001039); expected (0.0001)
Total CM hits reported:                                          0  (0); includes 0 truncated hit(s)

# CPU time: 0.73u 0.01s 00:00:00.74 Elapsed: 00:00:00.09
//
Query:       symR  [CLEN=77]
Accession:   RF01809
Description: SymR antitoxin
Hit scores:
 rank     E-value  score  bias  sequence  start    end   mdl trunc   gc  description
 ----   --------- ------ -----  -------- ------ ------   --- ----- ----  -----------

   [No hits detected that satisfy reporting thresholds]


Hit alignments:

   [No hits detected that satisfy reporting thresholds]


Internal CM pipeline statistics summary:
----------------------------------------
Query model(s):                                                  1  (77 consensus positions)
Target sequences:                                                1  (8207712 residues searched)
Target sequences re-searched for truncated hits:                 1  (384 residues re-searched)
Windows   passing  local HMM SSV           filter:            6759  (0.09582); expected (0.06)
Windows   passing  local HMM Viterbi       filter:            1584  (0.0228); expected (0.02)
Windows   passing  local HMM Viterbi  bias filter:            1485  (0.02136); expected (0.02)
Windows   passing  local HMM Forward       filter:              40  (0.0006068); expected (0.0002)
Windows   passing  local HMM Forward  bias filter:              38  (0.0005702); expected (0.0002)
Windows   passing glocal HMM Forward       filter:              27  (0.000405); expected (0.0002)
Windows   passing glocal HMM Forward  bias filter:              27  (0.000405); expected (0.0002)
Envelopes passing glocal HMM envelope defn filter:              27  (0.0003108); expected (0.0002)
Envelopes passing  local CM  CYK           filter:               2  (1.316e-05); expected (0.0001)
Total CM hits reported:                                          0  (0); includes 0 truncated hit(s)

# CPU time: 0.36u 0.01s 00:00:00.37 Elapsed: 00:00:00.05
//
Query:       PtaRNA1  [CLEN=72]
Accession:   RF01811
Description: Plasmid transferred anti-sense RNA
Hit scores:
 rank     E-value  score  bias  sequence  start    end   mdl trunc   gc  description
 ----   --------- ------ -----  -------- ------ ------   --- ----- ----  -----------

   [No hits detected that satisfy reporting thresholds]


Hit alignments:

   [No hits detected that satisfy reporting thresholds]


Internal CM pipeline statistics summary:
----------------------------------------
Query model(s):                                                  1  (72 consensus positions)
Target sequences:                                                1  (8207712 residues searched)
Target sequences re-searched for truncated hits:                 1  (360 residues re-searched)
Windows   passing  local HMM SSV           filter:            4603  (0.06119); expected (0.06)
Windows   passing  local HMM Viterbi       filter:            1281  (0.01725); expected (0.02)
Windows   passing  local HMM Viterbi  bias filter:            1208  (0.01627); expected (0.02)
Windows   passing  local HMM Forward       filter:              17  (0.0002476); expected (0.0002)
Windows   passing  local HMM Forward  bias filter:              12  (0.0001784); expected (0.0002)
Windows   passing glocal HMM Forward       filter:               7  (9.673e-05); expected (0.0002)
Windows   passing glocal HMM Forward  bias filter:               7  (9.673e-05); expected (0.0002)
Envelopes passing glocal HMM envelope defn filter:               7  (7.127e-05); expected (0.0002)
Envelopes passing  local CM  CYK           filter:               2  (1.693e-05); expected (0.0001)
Total CM hits reported:                                          0  (0); includes 0 truncated hit(s)

# CPU time: 0.20u 0.01s 00:00:00.21 Elapsed: 00:00:00.03
//
Query:       rdlD  [CLEN=66]
Accession:   RF01813
Description: rdlD antitoxin
Hit scores:
 rank     E-value  score  bias  sequence  start    end   mdl trunc   gc  description
 ----   --------- ------ -----  -------- ------ ------   --- ----- ----  -----------

   [No hits detected that satisfy reporting thresholds]


Hit alignments:

   [No hits detected that satisfy reporting thresholds]


Internal CM pipeline statistics summary:
----------------------------------------
Query model(s):                                                  1  (66 consensus positions)
Target sequences:                                                1  (8207712 residues searched)
Target sequences re-searched for truncated hits:                 1  (328 residues re-searched)
Windows   passing  local HMM SSV           filter:            4925  (0.06001); expected (0.06)
Windows   passing  local HMM Viterbi       filter:            1267  (0.01554); expected (0.02)
Windows   passing  local HMM Viterbi  bias filter:            1116  (0.01367); expected (0.02)
Windows   passing  local HMM Forward       filter:              27  (0.0003475); expected (0.0002)
Windows   passing  local HMM Forward  bias filter:              23  (0.0002951); expected (0.0002)
Windows   passing glocal HMM Forward       filter:               9  (0.0001251); expected (0.0002)
Windows   passing glocal HMM Forward  bias filter:               9  (0.0001251); expected (0.0002)
Envelopes passing glocal HMM envelope defn filter:               8  (7.712e-05); expected (0.0002)
Envelopes passing  local CM  CYK           filter:               3  (2.156e-05); expected (0.0001)
Total CM hits reported:                                          0  (0); includes 0 truncated hit(s)

# CPU time: 0.21u 0.02s 00:00:00.23 Elapsed: 00:00:00.04
//
Query:       OrzO-P  [CLEN=76]
Accession:   RF02083
Description: OrzO-P RNA antitoxin family
Hit scores:
 rank     E-value  score  bias  sequence  start    end   mdl trunc   gc  description
 ----   --------- ------ -----  -------- ------ ------   --- ----- ----  -----------

   [No hits detected that satisfy reporting thresholds]


Hit alignments:

   [No hits detected that satisfy reporting thresholds]


Internal CM pipeline statistics summary:
----------------------------------------
Query model(s):                                                  1  (76 consensus positions)
Target sequences:                                                1  (8207712 residues searched)
Target sequences re-searched for truncated hits:                 1  (380 residues re-searched)
Windows   passing  local HMM SSV           filter:            9160  (0.1288); expected (0.06)
Windows   passing  local HMM Viterbi       filter:            2818  (0.04076); expected (0.02)
Windows   passing  local HMM Viterbi  bias filter:            2321  (0.03364); expected (0.02)
Windows   passing  local HMM Forward       filter:             166  (0.00268); expected (0.0002)
Windows   passing  local HMM Forward  bias filter:             131  (0.002107); expected (0.0002)
Windows   passing glocal HMM Forward       filter:              98  (0.00163); expected (0.0002)
Windows   passing glocal HMM Forward  bias filter:              96  (0.001595); expected (0.0002)
Envelopes passing glocal HMM envelope defn filter:              95  (0.001057); expected (0.0002)
Envelopes passing  local CM  CYK           filter:              66  (0.0006843); expected (0.0001)
Total CM hits reported:                                          0  (0); includes 0 truncated hit(s)

# CPU time: 1.60u 0.01s 00:00:01.61 Elapsed: 00:00:00.17
//
Query:       ohsC_RNA  [CLEN=77]
Accession:   RF02495
Description: Oppression of Hydrophobic ORF by sRNA
Hit scores:
 rank     E-value  score  bias  sequence  start    end   mdl trunc   gc  description
 ----   --------- ------ -----  -------- ------ ------   --- ----- ----  -----------

   [No hits detected that satisfy reporting thresholds]


Hit alignments:

   [No hits detected that satisfy reporting thresholds]


Internal CM pipeline statistics summary:
----------------------------------------
Query model(s):                                                  1  (77 consensus positions)
Target sequences:                                                1  (8207712 residues searched)
Target sequences re-searched for truncated hits:                 1  (384 residues re-searched)
Windows   passing  local HMM SSV           filter:            8250  (0.1173); expected (0.06)
Windows   passing  local HMM Viterbi       filter:            2215  (0.03218); expected (0.02)
Windows   passing  local HMM Viterbi  bias filter:            1824  (0.02652); expected (0.02)
Windows   passing  local HMM Forward       filter:             122  (0.001907); expected (0.0002)
Windows   passing  local HMM Forward  bias filter:              92  (0.001408); expected (0.0002)
Windows   passing glocal HMM Forward       filter:              64  (0.001019); expected (0.0002)
Windows   passing glocal HMM Forward  bias filter:              62  (0.0009817); expected (0.0002)
Envelopes passing glocal HMM envelope defn filter:              62  (0.0007027); expected (0.0002)
Envelopes passing  local CM  CYK           filter:              25  (0.0002577); expected (0.0001)
Total CM hits reported:                                          0  (0); includes 0 truncated hit(s)

# CPU time: 0.80u 0.01s 00:00:00.81 Elapsed: 00:00:00.12
//
Query:       ToxI  [CLEN=34]
Accession:   RF02519
Description: ToxI antitoxin
Hit scores:
 rank     E-value  score  bias  sequence  start    end   mdl trunc   gc  description
 ----   --------- ------ -----  -------- ------ ------   --- ----- ----  -----------

   [No hits detected that satisfy reporting thresholds]


Hit alignments:

   [No hits detected that satisfy reporting thresholds]


Internal CM pipeline statistics summary:
----------------------------------------
Query model(s):                                                  1  (34 consensus positions)
Target sequences:                                                1  (8207712 residues searched)
Target sequences re-searched for truncated hits:                 1  (192 residues re-searched)
Windows   passing  local HMM SSV           filter:            6847  (0.04923); expected (0.06)
Windows   passing  local HMM Viterbi       filter:            1113  (0.008006); expected (0.02)
Windows   passing  local HMM Viterbi  bias filter:             999  (0.007187); expected (0.02)
Windows   passing  local HMM Forward       filter:              14  (0.0001081); expected (0.0002)
Windows   passing  local HMM Forward  bias filter:               9  (6.932e-05); expected (0.0002)
Windows   passing glocal HMM Forward       filter:               6  (4.898e-05); expected (0.0002)
Windows   passing glocal HMM Forward  bias filter:               6  (4.898e-05); expected (0.0002)
Envelopes passing glocal HMM envelope defn filter:               6  (2.887e-05); expected (0.0002)
Envelopes passing  local CM  CYK           filter:               4  (1.998e-05); expected (0.0001)
Total CM hits reported:                                          0  (0); includes 0 truncated hit(s)

# CPU time: 0.11u 0.01s 00:00:00.12 Elapsed: 00:00:00.02
//
[ok]
