# cmsearch :: search CM(s) against a sequence database
# INFERNAL 1.1.4 (Dec 2020)
# Copyright (C) 2020 Howard Hughes Medical Institute.
# Freely distributed under the BSD open source license.
# - - - - - - - - - - - - - - - - - - - - - - - - - - - - - - - - - - - -
# query CM file:                         cms/Intron.cm
# target sequence database:              genomes/PS-13.fas
# output directed to file:               sequences/PS-13/Intron.out
# tabular output of hits:                sequences/PS-13/Intron.tblout
# model-specific thresholding:           GA cutoffs
# Rfam pipeline mode:                    on [strict filtering]
# HMM-only mode for 0 basepair models:   no
# number of worker threads:              12
# - - - - - - - - - - - - - - - - - - - - - - - - - - - - - - - - - - - -

Query:       Intron_gpI  [CLEN=251]
Accession:   RF00028
Description: Group I catalytic intron
Hit scores:
 rank     E-value  score  bias  sequence  start    end   mdl trunc   gc  description
 ----   --------- ------ -----  -------- ------ ------   --- ----- ----  -----------

   [No hits detected that satisfy reporting thresholds]


Hit alignments:

   [No hits detected that satisfy reporting thresholds]


Internal CM pipeline statistics summary:
----------------------------------------
Query model(s):                                                  1  (251 consensus positions)
Target sequences:                                                1  (8207712 residues searched)
Target sequences re-searched for truncated hits:                 1  (5324 residues re-searched)
Windows   passing  local HMM SSV           filter:            1421  (0.2618); expected (0.06)
Windows   passing  local HMM Viterbi       filter:              95  (0.01945); expected (0.02)
Windows   passing  local HMM Viterbi  bias filter:              29  (0.005433); expected (0.02)
Windows   passing  local HMM Forward       filter:               9  (0.00191); expected (0.0002)
Windows   passing  local HMM Forward  bias filter:               6  (0.001323); expected (0.0002)
Windows   passing glocal HMM Forward       filter:               6  (0.001323); expected (0.0002)
Windows   passing glocal HMM Forward  bias filter:               6  (0.001323); expected (0.0002)
Envelopes passing glocal HMM envelope defn filter:               6  (0.0004187); expected (0.0002)
Envelopes passing  local CM  CYK           filter:               1  (7.427e-06); expected (0.0001)
Total CM hits reported:                                          0  (0); includes 0 truncated hit(s)

# CPU time: 3.08u 0.33s 00:00:03.41 Elapsed: 00:00:00.90
//
Query:       Intron_gpII  [CLEN=93]
Accession:   RF00029
Description: Group II catalytic intron
Hit scores:
 rank     E-value  score  bias  sequence  start    end   mdl trunc   gc  description
 ----   --------- ------ -----  -------- ------ ------   --- ----- ----  -----------

   [No hits detected that satisfy reporting thresholds]


Hit alignments:

   [No hits detected that satisfy reporting thresholds]


Internal CM pipeline statistics summary:
----------------------------------------
Query model(s):                                                  1  (93 consensus positions)
Target sequences:                                                1  (8207712 residues searched)
Target sequences re-searched for truncated hits:                 1  (2048 residues re-searched)
Windows   passing  local HMM SSV           filter:            1085  (0.06738); expected (0.06)
Windows   passing  local HMM Viterbi       filter:             218  (0.0149); expected (0.02)
Windows   passing  local HMM Viterbi  bias filter:             212  (0.01449); expected (0.02)
Windows   passing  local HMM Forward       filter:               1  (5.554e-05); expected (0.0002)
Windows   passing  local HMM Forward  bias filter:               1  (5.554e-05); expected (0.0002)
Windows   passing glocal HMM Forward       filter:               0  (0); expected (0.0002)
Windows   passing glocal HMM Forward  bias filter:               0  (0); expected (0.0002)
Envelopes passing glocal HMM envelope defn filter:               0  (0); expected (0.0002)
Envelopes passing  local CM  CYK           filter:               0  (0); expected (0.0001)
Total CM hits reported:                                          0  (0); includes 0 truncated hit(s)

# CPU time: 0.18u 0.01s 00:00:00.19 Elapsed: 00:00:00.03
//
Query:       group-II-D1D4-1  [CLEN=84]
Accession:   RF01998
Description: Group II catalytic intron D1-D4-1
Hit scores:
 rank     E-value  score  bias  sequence  start    end   mdl trunc   gc  description
 ----   --------- ------ -----  -------- ------ ------   --- ----- ----  -----------

   [No hits detected that satisfy reporting thresholds]


Hit alignments:

   [No hits detected that satisfy reporting thresholds]


Internal CM pipeline statistics summary:
----------------------------------------
Query model(s):                                                  1  (84 consensus positions)
Target sequences:                                                1  (8207712 residues searched)
Target sequences re-searched for truncated hits:                 1  (756 residues re-searched)
Windows   passing  local HMM SSV           filter:            3243  (0.08549); expected (0.06)
Windows   passing  local HMM Viterbi       filter:             721  (0.01963); expected (0.02)
Windows   passing  local HMM Viterbi  bias filter:             643  (0.01749); expected (0.02)
Windows   passing  local HMM Forward       filter:               8  (0.0001969); expected (0.0002)
Windows   passing  local HMM Forward  bias filter:               6  (0.0001411); expected (0.0002)
Windows   passing glocal HMM Forward       filter:               5  (0.0001154); expected (0.0002)
Windows   passing glocal HMM Forward  bias filter:               5  (0.0001154); expected (0.0002)
Envelopes passing glocal HMM envelope defn filter:               5  (6.773e-05); expected (0.0002)
Envelopes passing  local CM  CYK           filter:               2  (1.62e-05); expected (0.0001)
Total CM hits reported:                                          0  (0); includes 0 truncated hit(s)

# CPU time: 0.26u 0.00s 00:00:00.26 Elapsed: 00:00:00.04
//
Query:       group-II-D1D4-2  [CLEN=118]
Accession:   RF01999
Description: Group II catalytic intron D1-D4-2
Hit scores:
 rank     E-value  score  bias  sequence  start    end   mdl trunc   gc  description
 ----   --------- ------ -----  -------- ------ ------   --- ----- ----  -----------

   [No hits detected that satisfy reporting thresholds]


Hit alignments:

   [No hits detected that satisfy reporting thresholds]


Internal CM pipeline statistics summary:
----------------------------------------
Query model(s):                                                  1  (118 consensus positions)
Target sequences:                                                1  (8207712 residues searched)
Target sequences re-searched for truncated hits:                 1  (632 residues re-searched)
Windows   passing  local HMM SSV           filter:            3656  (0.08386); expected (0.06)
Windows   passing  local HMM Viterbi       filter:             659  (0.01526); expected (0.02)
Windows   passing  local HMM Viterbi  bias filter:             626  (0.01447); expected (0.02)
Windows   passing  local HMM Forward       filter:              21  (0.0005395); expected (0.0002)
Windows   passing  local HMM Forward  bias filter:              17  (0.0004238); expected (0.0002)
Windows   passing glocal HMM Forward       filter:              14  (0.000327); expected (0.0002)
Windows   passing glocal HMM Forward  bias filter:              14  (0.000327); expected (0.0002)
Envelopes passing glocal HMM envelope defn filter:              13  (0.0002078); expected (0.0002)
Envelopes passing  local CM  CYK           filter:               0  (0); expected (0.0001)
Total CM hits reported:                                          0  (0); includes 0 truncated hit(s)

# CPU time: 0.39u 0.01s 00:00:00.40 Elapsed: 00:00:00.05
//
Query:       group-II-D1D4-3  [CLEN=171]
Accession:   RF02001
Description: Group II catalytic intron D1-D4-3
Hit scores:
 rank     E-value  score  bias  sequence  start    end   mdl trunc   gc  description
 ----   --------- ------ -----  -------- ------ ------   --- ----- ----  -----------

   [No hits detected that satisfy reporting thresholds]


Hit alignments:

   [No hits detected that satisfy reporting thresholds]


Internal CM pipeline statistics summary:
----------------------------------------
Query model(s):                                                  1  (171 consensus positions)
Target sequences:                                                1  (8207712 residues searched)
Target sequences re-searched for truncated hits:                 1  (1268 residues re-searched)
Windows   passing  local HMM SSV           filter:            2552  (0.1126); expected (0.06)
Windows   passing  local HMM Viterbi       filter:             640  (0.02971); expected (0.02)
Windows   passing  local HMM Viterbi  bias filter:             383  (0.01768); expected (0.02)
Windows   passing  local HMM Forward       filter:              34  (0.001722); expected (0.0002)
Windows   passing  local HMM Forward  bias filter:              19  (0.0009368); expected (0.0002)
Windows   passing glocal HMM Forward       filter:              16  (0.0007927); expected (0.0002)
Windows   passing glocal HMM Forward  bias filter:              16  (0.0007927); expected (0.0002)
Envelopes passing glocal HMM envelope defn filter:              16  (0.0004384); expected (0.0002)
Envelopes passing  local CM  CYK           filter:               7  (0.0001274); expected (0.0001)
Total CM hits reported:                                          0  (0); includes 0 truncated hit(s)

# CPU time: 1.46u 0.13s 00:00:01.59 Elapsed: 00:00:00.29
//
Query:       group-II-D1D4-4  [CLEN=138]
Accession:   RF02003
Description: Group II catalytic intron D1-D4-4
Hit scores:
 rank     E-value  score  bias  sequence  start    end   mdl trunc   gc  description
 ----   --------- ------ -----  -------- ------ ------   --- ----- ----  -----------

   [No hits detected that satisfy reporting thresholds]


Hit alignments:

   [No hits detected that satisfy reporting thresholds]


Internal CM pipeline statistics summary:
----------------------------------------
Query model(s):                                                  1  (138 consensus positions)
Target sequences:                                                1  (8207712 residues searched)
Target sequences re-searched for truncated hits:                 1  (1460 residues re-searched)
Windows   passing  local HMM SSV           filter:            1514  (0.07256); expected (0.06)
Windows   passing  local HMM Viterbi       filter:             157  (0.007907); expected (0.02)
Windows   passing  local HMM Viterbi  bias filter:             136  (0.006841); expected (0.02)
Windows   passing  local HMM Forward       filter:               4  (0.0001931); expected (0.0002)
Windows   passing  local HMM Forward  bias filter:               2  (0.0001003); expected (0.0002)
Windows   passing glocal HMM Forward       filter:               1  (5.153e-05); expected (0.0002)
Windows   passing glocal HMM Forward  bias filter:               1  (5.153e-05); expected (0.0002)
Envelopes passing glocal HMM envelope defn filter:               1  (1.596e-05); expected (0.0002)
Envelopes passing  local CM  CYK           filter:               1  (1.523e-05); expected (0.0001)
Total CM hits reported:                                          0  (0); includes 0 truncated hit(s)

# CPU time: 0.29u 0.00s 00:00:00.28 Elapsed: 00:00:00.06
//
Query:       group-II-D1D4-5  [CLEN=201]
Accession:   RF02004
Description: Group II catalytic intron D1-D4-5
Hit scores:
 rank     E-value  score  bias  sequence  start    end   mdl trunc   gc  description
 ----   --------- ------ -----  -------- ------ ------   --- ----- ----  -----------

   [No hits detected that satisfy reporting thresholds]


Hit alignments:

   [No hits detected that satisfy reporting thresholds]


Internal CM pipeline statistics summary:
----------------------------------------
Query model(s):                                                  1  (201 consensus positions)
Target sequences:                                                1  (8207712 residues searched)
Target sequences re-searched for truncated hits:                 1  (1116 residues re-searched)
Windows   passing  local HMM SSV           filter:            2998  (0.1212); expected (0.06)
Windows   passing  local HMM Viterbi       filter:             457  (0.01912); expected (0.02)
Windows   passing  local HMM Viterbi  bias filter:             289  (0.01209); expected (0.02)
Windows   passing  local HMM Forward       filter:              15  (0.0006567); expected (0.0002)
Windows   passing  local HMM Forward  bias filter:              11  (0.0004783); expected (0.0002)
Windows   passing glocal HMM Forward       filter:               7  (0.000287); expected (0.0002)
Windows   passing glocal HMM Forward  bias filter:               7  (0.000287); expected (0.0002)
Envelopes passing glocal HMM envelope defn filter:               7  (0.0001909); expected (0.0002)
Envelopes passing  local CM  CYK           filter:               1  (2.96e-05); expected (0.0001)
Total CM hits reported:                                          0  (0); includes 0 truncated hit(s)

# CPU time: 0.80u 0.03s 00:00:00.83 Elapsed: 00:00:00.21
//
Query:       group-II-D1D4-6  [CLEN=225]
Accession:   RF02005
Description: Group II catalytic intron D1-D4-6
Hit scores:
 rank     E-value  score  bias  sequence  start    end   mdl trunc   gc  description
 ----   --------- ------ -----  -------- ------ ------   --- ----- ----  -----------

   [No hits detected that satisfy reporting thresholds]


Hit alignments:

   [No hits detected that satisfy reporting thresholds]


Internal CM pipeline statistics summary:
----------------------------------------
Query model(s):                                                  1  (225 consensus positions)
Target sequences:                                                1  (8207712 residues searched)
Target sequences re-searched for truncated hits:                 1  (1460 residues re-searched)
Windows   passing  local HMM SSV           filter:            1177  (0.06042); expected (0.06)
Windows   passing  local HMM Viterbi       filter:             163  (0.008478); expected (0.02)
Windows   passing  local HMM Viterbi  bias filter:             138  (0.007147); expected (0.02)
Windows   passing  local HMM Forward       filter:              10  (0.0005438); expected (0.0002)
Windows   passing  local HMM Forward  bias filter:               6  (0.000302); expected (0.0002)
Windows   passing glocal HMM Forward       filter:               4  (0.0002034); expected (0.0002)
Windows   passing glocal HMM Forward  bias filter:               4  (0.0002034); expected (0.0002)
Envelopes passing glocal HMM envelope defn filter:               4  (0.0001212); expected (0.0002)
Envelopes passing  local CM  CYK           filter:               0  (0); expected (0.0001)
Total CM hits reported:                                          0  (0); includes 0 truncated hit(s)

# CPU time: 0.49u 0.01s 00:00:00.50 Elapsed: 00:00:00.08
//
Query:       group-II-D1D4-7  [CLEN=148]
Accession:   RF02012
Description: Group II catalytic intron D1-D4-7
Hit scores:
 rank     E-value  score  bias  sequence  start    end   mdl trunc   gc  description
 ----   --------- ------ -----  -------- ------ ------   --- ----- ----  -----------

   [No hits detected that satisfy reporting thresholds]


Hit alignments:

   [No hits detected that satisfy reporting thresholds]


Internal CM pipeline statistics summary:
----------------------------------------
Query model(s):                                                  1  (148 consensus positions)
Target sequences:                                                1  (8207712 residues searched)
Target sequences re-searched for truncated hits:                 1  (1040 residues re-searched)
Windows   passing  local HMM SSV           filter:            2611  (0.09423); expected (0.06)
Windows   passing  local HMM Viterbi       filter:             299  (0.01113); expected (0.02)
Windows   passing  local HMM Viterbi  bias filter:             269  (0.009998); expected (0.02)
Windows   passing  local HMM Forward       filter:              10  (0.0003751); expected (0.0002)
Windows   passing  local HMM Forward  bias filter:               9  (0.0003299); expected (0.0002)
Windows   passing glocal HMM Forward       filter:               7  (0.000293); expected (0.0002)
Windows   passing glocal HMM Forward  bias filter:               7  (0.000293); expected (0.0002)
Envelopes passing glocal HMM envelope defn filter:               6  (0.0001234); expected (0.0002)
Envelopes passing  local CM  CYK           filter:               2  (9.38e-06); expected (0.0001)
Total CM hits reported:                                          0  (0); includes 0 truncated hit(s)

# CPU time: 0.38u 0.00s 00:00:00.38 Elapsed: 00:00:00.05
//
[ok]
