# cmsearch :: search CM(s) against a sequence database
# INFERNAL 1.1.4 (Dec 2020)
# Copyright (C) 2020 Howard Hughes Medical Institute.
# Freely distributed under the BSD open source license.
# - - - - - - - - - - - - - - - - - - - - - - - - - - - - - - - - - - - -
# query CM file:                         cms/antitoxin.cm
# target sequence database:              genomes/PS-210.fas
# output directed to file:               sequences/PS-210/antitoxin.out
# tabular output of hits:                sequences/PS-210/antitoxin.tblout
# model-specific thresholding:           GA cutoffs
# Rfam pipeline mode:                    on [strict filtering]
# HMM-only mode for 0 basepair models:   no
# number of worker threads:              12
# - - - - - - - - - - - - - - - - - - - - - - - - - - - - - - - - - - - -

Query:       SIB_RNA  [CLEN=147]
Accession:   RF00113
Description: Short Intergenic Abundant RNA
Hit scores:
 rank     E-value  score  bias  sequence  start    end   mdl trunc   gc  description
 ----   --------- ------ -----  -------- ------ ------   --- ----- ----  -----------

   [No hits detected that satisfy reporting thresholds]


Hit alignments:

   [No hits detected that satisfy reporting thresholds]


Internal CM pipeline statistics summary:
----------------------------------------
Query model(s):                                                  1  (147 consensus positions)
Target sequences:                                                1  (8206826 residues searched)
Target sequences re-searched for truncated hits:                 1  (732 residues re-searched)
Windows   passing  local HMM SSV           filter:            5158  (0.1358); expected (0.06)
Windows   passing  local HMM Viterbi       filter:             893  (0.02422); expected (0.02)
Windows   passing  local HMM Viterbi  bias filter:             686  (0.01865); expected (0.02)
Windows   passing  local HMM Forward       filter:              68  (0.001874); expected (0.0002)
Windows   passing  local HMM Forward  bias filter:              52  (0.001415); expected (0.0002)
Windows   passing glocal HMM Forward       filter:              32  (0.0009573); expected (0.0002)
Windows   passing glocal HMM Forward  bias filter:              32  (0.0009573); expected (0.0002)
Envelopes passing glocal HMM envelope defn filter:              34  (0.0007178); expected (0.0002)
Envelopes passing  local CM  CYK           filter:               3  (4.191e-05); expected (0.0001)
Total CM hits reported:                                          0  (0); includes 0 truncated hit(s)

# CPU time: 1.30u 0.12s 00:00:01.42 Elapsed: 00:00:00.21
//
Query:       istR  [CLEN=130]
Accession:   RF01400
Description: istR Hfq binding RNA
Hit scores:
 rank     E-value  score  bias  sequence  start    end   mdl trunc   gc  description
 ----   --------- ------ -----  -------- ------ ------   --- ----- ----  -----------

   [No hits detected that satisfy reporting thresholds]


Hit alignments:

   [No hits detected that satisfy reporting thresholds]


Internal CM pipeline statistics summary:
----------------------------------------
Query model(s):                                                  1  (130 consensus positions)
Target sequences:                                                1  (8206826 residues searched)
Target sequences re-searched for truncated hits:                 1  (648 residues re-searched)
Windows   passing  local HMM SSV           filter:            2724  (0.06353); expected (0.06)
Windows   passing  local HMM Viterbi       filter:             390  (0.009286); expected (0.02)
Windows   passing  local HMM Viterbi  bias filter:             382  (0.009093); expected (0.02)
Windows   passing  local HMM Forward       filter:               9  (0.0002191); expected (0.0002)
Windows   passing  local HMM Forward  bias filter:               9  (0.0002191); expected (0.0002)
Windows   passing glocal HMM Forward       filter:               7  (0.0001726); expected (0.0002)
Windows   passing glocal HMM Forward  bias filter:               7  (0.0001726); expected (0.0002)
Envelopes passing glocal HMM envelope defn filter:               7  (0.0001309); expected (0.0002)
Envelopes passing  local CM  CYK           filter:               0  (0); expected (0.0001)
Total CM hits reported:                                          0  (0); includes 0 truncated hit(s)

# CPU time: 0.33u 0.01s 00:00:00.34 Elapsed: 00:00:00.05
//
Query:       RatA  [CLEN=90]
Accession:   RF01776
Description: RNA anti-toxin A
Hit scores:
 rank     E-value  score  bias  sequence  start    end   mdl trunc   gc  description
 ----   --------- ------ -----  -------- ------ ------   --- ----- ----  -----------

   [No hits detected that satisfy reporting thresholds]


Hit alignments:

   [No hits detected that satisfy reporting thresholds]


Internal CM pipeline statistics summary:
----------------------------------------
Query model(s):                                                  1  (90 consensus positions)
Target sequences:                                                1  (8206826 residues searched)
Target sequences re-searched for truncated hits:                 1  (448 residues re-searched)
Windows   passing  local HMM SSV           filter:            9756  (0.1619); expected (0.06)
Windows   passing  local HMM Viterbi       filter:            1744  (0.03019); expected (0.02)
Windows   passing  local HMM Viterbi  bias filter:            1020  (0.01747); expected (0.02)
Windows   passing  local HMM Forward       filter:              80  (0.001445); expected (0.0002)
Windows   passing  local HMM Forward  bias filter:              42  (0.0007655); expected (0.0002)
Windows   passing glocal HMM Forward       filter:              40  (0.0007492); expected (0.0002)
Windows   passing glocal HMM Forward  bias filter:              40  (0.0007492); expected (0.0002)
Envelopes passing glocal HMM envelope defn filter:              41  (0.0005461); expected (0.0002)
Envelopes passing  local CM  CYK           filter:               7  (7.81e-05); expected (0.0001)
Total CM hits reported:                                          0  (0); includes 0 truncated hit(s)

# CPU time: 0.77u 0.02s 00:00:00.79 Elapsed: 00:00:00.09
//
Query:       sok  [CLEN=157]
Accession:   RF01794
Description: sok antitoxin (CssrC)
Hit scores:
 rank     E-value  score  bias  sequence  start    end   mdl trunc   gc  description
 ----   --------- ------ -----  -------- ------ ------   --- ----- ----  -----------

   [No hits detected that satisfy reporting thresholds]


Hit alignments:

   [No hits detected that satisfy reporting thresholds]


Internal CM pipeline statistics summary:
----------------------------------------
Query model(s):                                                  1  (157 consensus positions)
Target sequences:                                                1  (8206826 residues searched)
Target sequences re-searched for truncated hits:                 1  (1184 residues re-searched)
Windows   passing  local HMM SSV           filter:            2839  (0.1166); expected (0.06)
Windows   passing  local HMM Viterbi       filter:             511  (0.02161); expected (0.02)
Windows   passing  local HMM Viterbi  bias filter:             458  (0.01939); expected (0.02)
Windows   passing  local HMM Forward       filter:              17  (0.0007733); expected (0.0002)
Windows   passing  local HMM Forward  bias filter:              16  (0.0007305); expected (0.0002)
Windows   passing glocal HMM Forward       filter:              10  (0.0004883); expected (0.0002)
Windows   passing glocal HMM Forward  bias filter:              10  (0.0004883); expected (0.0002)
Envelopes passing glocal HMM envelope defn filter:              10  (0.0002311); expected (0.0002)
Envelopes passing  local CM  CYK           filter:               2  (1.949e-05); expected (0.0001)
Total CM hits reported:                                          0  (0); includes 0 truncated hit(s)

# CPU time: 0.76u 0.04s 00:00:00.80 Elapsed: 00:00:00.16
//
Query:       fstAT  [CLEN=94]
Accession:   RF01797
Description: Fst antitoxin sRNA
Hit scores:
 rank     E-value  score  bias  sequence  start    end   mdl trunc   gc  description
 ----   --------- ------ -----  -------- ------ ------   --- ----- ----  -----------

   [No hits detected that satisfy reporting thresholds]


Hit alignments:

   [No hits detected that satisfy reporting thresholds]


Internal CM pipeline statistics summary:
----------------------------------------
Query model(s):                                                  1  (94 consensus positions)
Target sequences:                                                1  (8206826 residues searched)
Target sequences re-searched for truncated hits:                 1  (496 residues re-searched)
Windows   passing  local HMM SSV           filter:            9223  (0.169); expected (0.06)
Windows   passing  local HMM Viterbi       filter:            1569  (0.02994); expected (0.02)
Windows   passing  local HMM Viterbi  bias filter:            1220  (0.02319); expected (0.02)
Windows   passing  local HMM Forward       filter:              99  (0.002119); expected (0.0002)
Windows   passing  local HMM Forward  bias filter:              70  (0.001508); expected (0.0002)
Windows   passing glocal HMM Forward       filter:              41  (0.0008879); expected (0.0002)
Windows   passing glocal HMM Forward  bias filter:              37  (0.0007942); expected (0.0002)
Envelopes passing glocal HMM envelope defn filter:              36  (0.0005037); expected (0.0002)
Envelopes passing  local CM  CYK           filter:               9  (0.0001039); expected (0.0001)
Total CM hits reported:                                          0  (0); includes 0 truncated hit(s)

# CPU time: 0.73u 0.03s 00:00:00.76 Elapsed: 00:00:00.09
//
Query:       symR  [CLEN=77]
Accession:   RF01809
Description: SymR antitoxin
Hit scores:
 rank     E-value  score  bias  sequence  start    end   mdl trunc   gc  description
 ----   --------- ------ -----  -------- ------ ------   --- ----- ----  -----------

   [No hits detected that satisfy reporting thresholds]


Hit alignments:

   [No hits detected that satisfy reporting thresholds]


Internal CM pipeline statistics summary:
----------------------------------------
Query model(s):                                                  1  (77 consensus positions)
Target sequences:                                                1  (8206826 residues searched)
Target sequences re-searched for truncated hits:                 1  (384 residues re-searched)
Windows   passing  local HMM SSV           filter:            6746  (0.09564); expected (0.06)
Windows   passing  local HMM Viterbi       filter:            1585  (0.02287); expected (0.02)
Windows   passing  local HMM Viterbi  bias filter:            1484  (0.02141); expected (0.02)
Windows   passing  local HMM Forward       filter:              38  (0.0005892); expected (0.0002)
Windows   passing  local HMM Forward  bias filter:              35  (0.0005384); expected (0.0002)
Windows   passing glocal HMM Forward       filter:              25  (0.0003793); expected (0.0002)
Windows   passing glocal HMM Forward  bias filter:              25  (0.0003793); expected (0.0002)
Envelopes passing glocal HMM envelope defn filter:              25  (0.0002894); expected (0.0002)
Envelopes passing  local CM  CYK           filter:               2  (1.316e-05); expected (0.0001)
Total CM hits reported:                                          0  (0); includes 0 truncated hit(s)

# CPU time: 0.32u 0.02s 00:00:00.34 Elapsed: 00:00:00.04
//
Query:       PtaRNA1  [CLEN=72]
Accession:   RF01811
Description: Plasmid transferred anti-sense RNA
Hit scores:
 rank     E-value  score  bias  sequence  start    end   mdl trunc   gc  description
 ----   --------- ------ -----  -------- ------ ------   --- ----- ----  -----------

   [No hits detected that satisfy reporting thresholds]


Hit alignments:

   [No hits detected that satisfy reporting thresholds]


Internal CM pipeline statistics summary:
----------------------------------------
Query model(s):                                                  1  (72 consensus positions)
Target sequences:                                                1  (8206826 residues searched)
Target sequences re-searched for truncated hits:                 1  (360 residues re-searched)
Windows   passing  local HMM SSV           filter:            4604  (0.06125); expected (0.06)
Windows   passing  local HMM Viterbi       filter:            1293  (0.01744); expected (0.02)
Windows   passing  local HMM Viterbi  bias filter:            1219  (0.01645); expected (0.02)
Windows   passing  local HMM Forward       filter:              16  (0.0002307); expected (0.0002)
Windows   passing  local HMM Forward  bias filter:              12  (0.0001783); expected (0.0002)
Windows   passing glocal HMM Forward       filter:               7  (9.674e-05); expected (0.0002)
Windows   passing glocal HMM Forward  bias filter:               7  (9.674e-05); expected (0.0002)
Envelopes passing glocal HMM envelope defn filter:               7  (7.189e-05); expected (0.0002)
Envelopes passing  local CM  CYK           filter:               2  (1.694e-05); expected (0.0001)
Total CM hits reported:                                          0  (0); includes 0 truncated hit(s)

# CPU time: 0.22u 0.00s 00:00:00.22 Elapsed: 00:00:00.03
//
Query:       rdlD  [CLEN=66]
Accession:   RF01813
Description: rdlD antitoxin
Hit scores:
 rank     E-value  score  bias  sequence  start    end   mdl trunc   gc  description
 ----   --------- ------ -----  -------- ------ ------   --- ----- ----  -----------

   [No hits detected that satisfy reporting thresholds]


Hit alignments:

   [No hits detected that satisfy reporting thresholds]


Internal CM pipeline statistics summary:
----------------------------------------
Query model(s):                                                  1  (66 consensus positions)
Target sequences:                                                1  (8206826 residues searched)
Target sequences re-searched for truncated hits:                 1  (328 residues re-searched)
Windows   passing  local HMM SSV           filter:            4904  (0.0598); expected (0.06)
Windows   passing  local HMM Viterbi       filter:            1245  (0.01529); expected (0.02)
Windows   passing  local HMM Viterbi  bias filter:            1096  (0.01344); expected (0.02)
Windows   passing  local HMM Forward       filter:              25  (0.0003245); expected (0.0002)
Windows   passing  local HMM Forward  bias filter:              22  (0.000281); expected (0.0002)
Windows   passing glocal HMM Forward       filter:              10  (0.0001374); expected (0.0002)
Windows   passing glocal HMM Forward  bias filter:              10  (0.0001374); expected (0.0002)
Envelopes passing glocal HMM envelope defn filter:              10  (9.504e-05); expected (0.0002)
Envelopes passing  local CM  CYK           filter:               3  (2.376e-05); expected (0.0001)
Total CM hits reported:                                          0  (0); includes 0 truncated hit(s)

# CPU time: 0.21u 0.00s 00:00:00.21 Elapsed: 00:00:00.03
//
Query:       OrzO-P  [CLEN=76]
Accession:   RF02083
Description: OrzO-P RNA antitoxin family
Hit scores:
 rank     E-value  score  bias  sequence  start    end   mdl trunc   gc  description
 ----   --------- ------ -----  -------- ------ ------   --- ----- ----  -----------

   [No hits detected that satisfy reporting thresholds]


Hit alignments:

   [No hits detected that satisfy reporting thresholds]


Internal CM pipeline statistics summary:
----------------------------------------
Query model(s):                                                  1  (76 consensus positions)
Target sequences:                                                1  (8206826 residues searched)
Target sequences re-searched for truncated hits:                 1  (380 residues re-searched)
Windows   passing  local HMM SSV           filter:            9184  (0.1291); expected (0.06)
Windows   passing  local HMM Viterbi       filter:            2815  (0.04069); expected (0.02)
Windows   passing  local HMM Viterbi  bias filter:            2318  (0.03359); expected (0.02)
Windows   passing  local HMM Forward       filter:             160  (0.002593); expected (0.0002)
Windows   passing  local HMM Forward  bias filter:             128  (0.002061); expected (0.0002)
Windows   passing glocal HMM Forward       filter:             100  (0.001657); expected (0.0002)
Windows   passing glocal HMM Forward  bias filter:              98  (0.001621); expected (0.0002)
Envelopes passing glocal HMM envelope defn filter:              97  (0.001092); expected (0.0002)
Envelopes passing  local CM  CYK           filter:              70  (0.0007245); expected (0.0001)
Total CM hits reported:                                          0  (0); includes 0 truncated hit(s)

# CPU time: 1.59u 0.03s 00:00:01.62 Elapsed: 00:00:00.17
//
Query:       ohsC_RNA  [CLEN=77]
Accession:   RF02495
Description: Oppression of Hydrophobic ORF by sRNA
Hit scores:
 rank     E-value  score  bias  sequence  start    end   mdl trunc   gc  description
 ----   --------- ------ -----  -------- ------ ------   --- ----- ----  -----------

   [No hits detected that satisfy reporting thresholds]


Hit alignments:

   [No hits detected that satisfy reporting thresholds]


Internal CM pipeline statistics summary:
----------------------------------------
Query model(s):                                                  1  (77 consensus positions)
Target sequences:                                                1  (8206826 residues searched)
Target sequences re-searched for truncated hits:                 1  (384 residues re-searched)
Windows   passing  local HMM SSV           filter:            8260  (0.1175); expected (0.06)
Windows   passing  local HMM Viterbi       filter:            2219  (0.03225); expected (0.02)
Windows   passing  local HMM Viterbi  bias filter:            1820  (0.02645); expected (0.02)
Windows   passing  local HMM Forward       filter:             123  (0.001909); expected (0.0002)
Windows   passing  local HMM Forward  bias filter:              90  (0.001364); expected (0.0002)
Windows   passing glocal HMM Forward       filter:              64  (0.001012); expected (0.0002)
Windows   passing glocal HMM Forward  bias filter:              62  (0.0009746); expected (0.0002)
Envelopes passing glocal HMM envelope defn filter:              62  (0.0007011); expected (0.0002)
Envelopes passing  local CM  CYK           filter:              25  (0.0002578); expected (0.0001)
Total CM hits reported:                                          0  (0); includes 0 truncated hit(s)

# CPU time: 0.79u 0.02s 00:00:00.81 Elapsed: 00:00:00.12
//
Query:       ToxI  [CLEN=34]
Accession:   RF02519
Description: ToxI antitoxin
Hit scores:
 rank     E-value  score  bias  sequence  start    end   mdl trunc   gc  description
 ----   --------- ------ -----  -------- ------ ------   --- ----- ----  -----------

   [No hits detected that satisfy reporting thresholds]


Hit alignments:

   [No hits detected that satisfy reporting thresholds]


Internal CM pipeline statistics summary:
----------------------------------------
Query model(s):                                                  1  (34 consensus positions)
Target sequences:                                                1  (8206826 residues searched)
Target sequences re-searched for truncated hits:                 1  (192 residues re-searched)
Windows   passing  local HMM SSV           filter:            6836  (0.04914); expected (0.06)
Windows   passing  local HMM Viterbi       filter:            1111  (0.008002); expected (0.02)
Windows   passing  local HMM Viterbi  bias filter:            1000  (0.007195); expected (0.02)
Windows   passing  local HMM Forward       filter:              14  (0.0001081); expected (0.0002)
Windows   passing  local HMM Forward  bias filter:               9  (6.933e-05); expected (0.0002)
Windows   passing glocal HMM Forward       filter:               6  (4.898e-05); expected (0.0002)
Windows   passing glocal HMM Forward  bias filter:               6  (4.898e-05); expected (0.0002)
Envelopes passing glocal HMM envelope defn filter:               6  (2.888e-05); expected (0.0002)
Envelopes passing  local CM  CYK           filter:               4  (1.998e-05); expected (0.0001)
Total CM hits reported:                                          0  (0); includes 0 truncated hit(s)

# CPU time: 0.11u 0.00s 00:00:00.11 Elapsed: 00:00:00.02
//
[ok]
