# cmsearch :: search CM(s) against a sequence database
# INFERNAL 1.1.4 (Dec 2020)
# Copyright (C) 2020 Howard Hughes Medical Institute.
# Freely distributed under the BSD open source license.
# - - - - - - - - - - - - - - - - - - - - - - - - - - - - - - - - - - - -
# query CM file:                         cms/Intron.cm
# target sequence database:              genomes/PS-210.fas
# output directed to file:               sequences/PS-210/Intron.out
# tabular output of hits:                sequences/PS-210/Intron.tblout
# model-specific thresholding:           GA cutoffs
# Rfam pipeline mode:                    on [strict filtering]
# HMM-only mode for 0 basepair models:   no
# number of worker threads:              12
# - - - - - - - - - - - - - - - - - - - - - - - - - - - - - - - - - - - -

Query:       Intron_gpI  [CLEN=251]
Accession:   RF00028
Description: Group I catalytic intron
Hit scores:
 rank     E-value  score  bias  sequence  start    end   mdl trunc   gc  description
 ----   --------- ------ -----  -------- ------ ------   --- ----- ----  -----------

   [No hits detected that satisfy reporting thresholds]


Hit alignments:

   [No hits detected that satisfy reporting thresholds]


Internal CM pipeline statistics summary:
----------------------------------------
Query model(s):                                                  1  (251 consensus positions)
Target sequences:                                                1  (8206826 residues searched)
Target sequences re-searched for truncated hits:                 1  (5324 residues re-searched)
Windows   passing  local HMM SSV           filter:            1394  (0.2584); expected (0.06)
Windows   passing  local HMM Viterbi       filter:              88  (0.01813); expected (0.02)
Windows   passing  local HMM Viterbi  bias filter:              23  (0.004398); expected (0.02)
Windows   passing  local HMM Forward       filter:              10  (0.002194); expected (0.0002)
Windows   passing  local HMM Forward  bias filter:               6  (0.001323); expected (0.0002)
Windows   passing glocal HMM Forward       filter:               6  (0.001323); expected (0.0002)
Windows   passing glocal HMM Forward  bias filter:               6  (0.001323); expected (0.0002)
Envelopes passing glocal HMM envelope defn filter:               6  (0.000419); expected (0.0002)
Envelopes passing  local CM  CYK           filter:               1  (7.428e-06); expected (0.0001)
Total CM hits reported:                                          0  (0); includes 0 truncated hit(s)

# CPU time: 3.35u 0.32s 00:00:03.67 Elapsed: 00:00:01.14
//
Query:       Intron_gpII  [CLEN=93]
Accession:   RF00029
Description: Group II catalytic intron
Hit scores:
 rank     E-value  score  bias  sequence  start    end   mdl trunc   gc  description
 ----   --------- ------ -----  -------- ------ ------   --- ----- ----  -----------

   [No hits detected that satisfy reporting thresholds]


Hit alignments:

   [No hits detected that satisfy reporting thresholds]


Internal CM pipeline statistics summary:
----------------------------------------
Query model(s):                                                  1  (93 consensus positions)
Target sequences:                                                1  (8206826 residues searched)
Target sequences re-searched for truncated hits:                 1  (2048 residues re-searched)
Windows   passing  local HMM SSV           filter:            1090  (0.06737); expected (0.06)
Windows   passing  local HMM Viterbi       filter:             214  (0.01462); expected (0.02)
Windows   passing  local HMM Viterbi  bias filter:             210  (0.01435); expected (0.02)
Windows   passing  local HMM Forward       filter:               0  (0); expected (0.0002)
Windows   passing  local HMM Forward  bias filter:               0  (0); expected (0.0002)
Windows   passing glocal HMM Forward       filter:               0  (0); expected (0.0002)
Windows   passing glocal HMM Forward  bias filter:               0  (0); expected (0.0002)
Envelopes passing glocal HMM envelope defn filter:               0  (0); expected (0.0002)
Envelopes passing  local CM  CYK           filter:               0  (0); expected (0.0001)
Total CM hits reported:                                          0  (0); includes 0 truncated hit(s)

# CPU time: 0.19u 0.01s 00:00:00.20 Elapsed: 00:00:00.03
//
Query:       group-II-D1D4-1  [CLEN=84]
Accession:   RF01998
Description: Group II catalytic intron D1-D4-1
Hit scores:
 rank     E-value  score  bias  sequence  start    end   mdl trunc   gc  description
 ----   --------- ------ -----  -------- ------ ------   --- ----- ----  -----------

   [No hits detected that satisfy reporting thresholds]


Hit alignments:

   [No hits detected that satisfy reporting thresholds]


Internal CM pipeline statistics summary:
----------------------------------------
Query model(s):                                                  1  (84 consensus positions)
Target sequences:                                                1  (8206826 residues searched)
Target sequences re-searched for truncated hits:                 1  (756 residues re-searched)
Windows   passing  local HMM SSV           filter:            3235  (0.08533); expected (0.06)
Windows   passing  local HMM Viterbi       filter:             747  (0.02028); expected (0.02)
Windows   passing  local HMM Viterbi  bias filter:             667  (0.01808); expected (0.02)
Windows   passing  local HMM Forward       filter:               6  (0.0001558); expected (0.0002)
Windows   passing  local HMM Forward  bias filter:               4  (0.0001); expected (0.0002)
Windows   passing glocal HMM Forward       filter:               3  (7.432e-05); expected (0.0002)
Windows   passing glocal HMM Forward  bias filter:               3  (7.432e-05); expected (0.0002)
Envelopes passing glocal HMM envelope defn filter:               3  (4.496e-05); expected (0.0002)
Envelopes passing  local CM  CYK           filter:               1  (3.168e-06); expected (0.0001)
Total CM hits reported:                                          0  (0); includes 0 truncated hit(s)

# CPU time: 0.24u 0.00s 00:00:00.24 Elapsed: 00:00:00.03
//
Query:       group-II-D1D4-2  [CLEN=118]
Accession:   RF01999
Description: Group II catalytic intron D1-D4-2
Hit scores:
 rank     E-value  score  bias  sequence  start    end   mdl trunc   gc  description
 ----   --------- ------ -----  -------- ------ ------   --- ----- ----  -----------

   [No hits detected that satisfy reporting thresholds]


Hit alignments:

   [No hits detected that satisfy reporting thresholds]


Internal CM pipeline statistics summary:
----------------------------------------
Query model(s):                                                  1  (118 consensus positions)
Target sequences:                                                1  (8206826 residues searched)
Target sequences re-searched for truncated hits:                 1  (632 residues re-searched)
Windows   passing  local HMM SSV           filter:            3661  (0.08395); expected (0.06)
Windows   passing  local HMM Viterbi       filter:             645  (0.01492); expected (0.02)
Windows   passing  local HMM Viterbi  bias filter:             614  (0.01417); expected (0.02)
Windows   passing  local HMM Forward       filter:              20  (0.000507); expected (0.0002)
Windows   passing  local HMM Forward  bias filter:              18  (0.0004469); expected (0.0002)
Windows   passing glocal HMM Forward       filter:              14  (0.0003274); expected (0.0002)
Windows   passing glocal HMM Forward  bias filter:              14  (0.0003274); expected (0.0002)
Envelopes passing glocal HMM envelope defn filter:              14  (0.0002249); expected (0.0002)
Envelopes passing  local CM  CYK           filter:               0  (0); expected (0.0001)
Total CM hits reported:                                          0  (0); includes 0 truncated hit(s)

# CPU time: 0.39u 0.02s 00:00:00.41 Elapsed: 00:00:00.06
//
Query:       group-II-D1D4-3  [CLEN=171]
Accession:   RF02001
Description: Group II catalytic intron D1-D4-3
Hit scores:
 rank     E-value  score  bias  sequence  start    end   mdl trunc   gc  description
 ----   --------- ------ -----  -------- ------ ------   --- ----- ----  -----------

   [No hits detected that satisfy reporting thresholds]


Hit alignments:

   [No hits detected that satisfy reporting thresholds]


Internal CM pipeline statistics summary:
----------------------------------------
Query model(s):                                                  1  (171 consensus positions)
Target sequences:                                                1  (8206826 residues searched)
Target sequences re-searched for truncated hits:                 1  (1268 residues re-searched)
Windows   passing  local HMM SSV           filter:            2570  (0.1133); expected (0.06)
Windows   passing  local HMM Viterbi       filter:             646  (0.02985); expected (0.02)
Windows   passing  local HMM Viterbi  bias filter:             382  (0.01759); expected (0.02)
Windows   passing  local HMM Forward       filter:              34  (0.001727); expected (0.0002)
Windows   passing  local HMM Forward  bias filter:              20  (0.0009834); expected (0.0002)
Windows   passing glocal HMM Forward       filter:              17  (0.0008393); expected (0.0002)
Windows   passing glocal HMM Forward  bias filter:              17  (0.0008393); expected (0.0002)
Envelopes passing glocal HMM envelope defn filter:              17  (0.0004677); expected (0.0002)
Envelopes passing  local CM  CYK           filter:               7  (0.0001307); expected (0.0001)
Total CM hits reported:                                          0  (0); includes 0 truncated hit(s)

# CPU time: 1.43u 0.09s 00:00:01.52 Elapsed: 00:00:00.30
//
Query:       group-II-D1D4-4  [CLEN=138]
Accession:   RF02003
Description: Group II catalytic intron D1-D4-4
Hit scores:
 rank     E-value  score  bias  sequence  start    end   mdl trunc   gc  description
 ----   --------- ------ -----  -------- ------ ------   --- ----- ----  -----------

   [No hits detected that satisfy reporting thresholds]


Hit alignments:

   [No hits detected that satisfy reporting thresholds]


Internal CM pipeline statistics summary:
----------------------------------------
Query model(s):                                                  1  (138 consensus positions)
Target sequences:                                                1  (8206826 residues searched)
Target sequences re-searched for truncated hits:                 1  (1460 residues re-searched)
Windows   passing  local HMM SSV           filter:            1508  (0.07252); expected (0.06)
Windows   passing  local HMM Viterbi       filter:             162  (0.008146); expected (0.02)
Windows   passing  local HMM Viterbi  bias filter:             140  (0.007028); expected (0.02)
Windows   passing  local HMM Forward       filter:               3  (0.0001803); expected (0.0002)
Windows   passing  local HMM Forward  bias filter:               2  (0.0001338); expected (0.0002)
Windows   passing glocal HMM Forward       filter:               1  (5.153e-05); expected (0.0002)
Windows   passing glocal HMM Forward  bias filter:               1  (5.153e-05); expected (0.0002)
Envelopes passing glocal HMM envelope defn filter:               1  (1.596e-05); expected (0.0002)
Envelopes passing  local CM  CYK           filter:               1  (1.523e-05); expected (0.0001)
Total CM hits reported:                                          0  (0); includes 0 truncated hit(s)

# CPU time: 0.28u 0.00s 00:00:00.28 Elapsed: 00:00:00.05
//
Query:       group-II-D1D4-5  [CLEN=201]
Accession:   RF02004
Description: Group II catalytic intron D1-D4-5
Hit scores:
 rank     E-value  score  bias  sequence  start    end   mdl trunc   gc  description
 ----   --------- ------ -----  -------- ------ ------   --- ----- ----  -----------

   [No hits detected that satisfy reporting thresholds]


Hit alignments:

   [No hits detected that satisfy reporting thresholds]


Internal CM pipeline statistics summary:
----------------------------------------
Query model(s):                                                  1  (201 consensus positions)
Target sequences:                                                1  (8206826 residues searched)
Target sequences re-searched for truncated hits:                 1  (1116 residues re-searched)
Windows   passing  local HMM SSV           filter:            2997  (0.1212); expected (0.06)
Windows   passing  local HMM Viterbi       filter:             465  (0.01937); expected (0.02)
Windows   passing  local HMM Viterbi  bias filter:             294  (0.01218); expected (0.02)
Windows   passing  local HMM Forward       filter:              17  (0.0007526); expected (0.0002)
Windows   passing  local HMM Forward  bias filter:              14  (0.0006259); expected (0.0002)
Windows   passing glocal HMM Forward       filter:               8  (0.0003259); expected (0.0002)
Windows   passing glocal HMM Forward  bias filter:               8  (0.0003259); expected (0.0002)
Envelopes passing glocal HMM envelope defn filter:               8  (0.000217); expected (0.0002)
Envelopes passing  local CM  CYK           filter:               1  (1.462e-05); expected (0.0001)
Total CM hits reported:                                          0  (0); includes 0 truncated hit(s)

# CPU time: 0.80u 0.02s 00:00:00.82 Elapsed: 00:00:00.14
//
Query:       group-II-D1D4-6  [CLEN=225]
Accession:   RF02005
Description: Group II catalytic intron D1-D4-6
Hit scores:
 rank     E-value  score  bias  sequence  start    end   mdl trunc   gc  description
 ----   --------- ------ -----  -------- ------ ------   --- ----- ----  -----------

   [No hits detected that satisfy reporting thresholds]


Hit alignments:

   [No hits detected that satisfy reporting thresholds]


Internal CM pipeline statistics summary:
----------------------------------------
Query model(s):                                                  1  (225 consensus positions)
Target sequences:                                                1  (8206826 residues searched)
Target sequences re-searched for truncated hits:                 1  (1460 residues re-searched)
Windows   passing  local HMM SSV           filter:            1192  (0.06124); expected (0.06)
Windows   passing  local HMM Viterbi       filter:             164  (0.008573); expected (0.02)
Windows   passing  local HMM Viterbi  bias filter:             135  (0.007036); expected (0.02)
Windows   passing  local HMM Forward       filter:               7  (0.0003931); expected (0.0002)
Windows   passing  local HMM Forward  bias filter:               4  (0.0002035); expected (0.0002)
Windows   passing glocal HMM Forward       filter:               4  (0.0002035); expected (0.0002)
Windows   passing glocal HMM Forward  bias filter:               4  (0.0002035); expected (0.0002)
Envelopes passing glocal HMM envelope defn filter:               4  (0.0001212); expected (0.0002)
Envelopes passing  local CM  CYK           filter:               0  (0); expected (0.0001)
Total CM hits reported:                                          0  (0); includes 0 truncated hit(s)

# CPU time: 0.50u 0.02s 00:00:00.52 Elapsed: 00:00:00.09
//
Query:       group-II-D1D4-7  [CLEN=148]
Accession:   RF02012
Description: Group II catalytic intron D1-D4-7
Hit scores:
 rank     E-value  score  bias  sequence  start    end   mdl trunc   gc  description
 ----   --------- ------ -----  -------- ------ ------   --- ----- ----  -----------

   [No hits detected that satisfy reporting thresholds]


Hit alignments:

   [No hits detected that satisfy reporting thresholds]


Internal CM pipeline statistics summary:
----------------------------------------
Query model(s):                                                  1  (148 consensus positions)
Target sequences:                                                1  (8206826 residues searched)
Target sequences re-searched for truncated hits:                 1  (1040 residues re-searched)
Windows   passing  local HMM SSV           filter:            2603  (0.09401); expected (0.06)
Windows   passing  local HMM Viterbi       filter:             299  (0.01118); expected (0.02)
Windows   passing  local HMM Viterbi  bias filter:             267  (0.009946); expected (0.02)
Windows   passing  local HMM Forward       filter:               9  (0.0003471); expected (0.0002)
Windows   passing  local HMM Forward  bias filter:               8  (0.0003019); expected (0.0002)
Windows   passing glocal HMM Forward       filter:               7  (0.000265); expected (0.0002)
Windows   passing glocal HMM Forward  bias filter:               7  (0.000265); expected (0.0002)
Envelopes passing glocal HMM envelope defn filter:               7  (0.0001408); expected (0.0002)
Envelopes passing  local CM  CYK           filter:               2  (9.381e-06); expected (0.0001)
Total CM hits reported:                                          0  (0); includes 0 truncated hit(s)

# CPU time: 0.39u 0.00s 00:00:00.39 Elapsed: 00:00:00.05
//
[ok]
