# cmsearch :: search CM(s) against a sequence database
# INFERNAL 1.1.4 (Dec 2020)
# Copyright (C) 2020 Howard Hughes Medical Institute.
# Freely distributed under the BSD open source license.
# - - - - - - - - - - - - - - - - - - - - - - - - - - - - - - - - - - - -
# query CM file:                         cms/rRNA.cm
# target sequence database:              genomes/Chloracidobacterium_sp_MS_chromosome_2.fasta
# output directed to file:               sequences/Chloracidobacterium_sp_MS_chromosome_2/rRNA.out
# tabular output of hits:                sequences/Chloracidobacterium_sp_MS_chromosome_2/rRNA.tblout
# model-specific thresholding:           GA cutoffs
# Rfam pipeline mode:                    on [strict filtering]
# HMM-only mode for 0 basepair models:   no
# number of worker threads:              12
# - - - - - - - - - - - - - - - - - - - - - - - - - - - - - - - - - - - -

Query:       5S_rRNA  [CLEN=119]
Accession:   RF00001
Description: 5S ribosomal RNA
Hit scores:
 rank     E-value  score  bias  sequence  start    end   mdl trunc   gc  description
 ----   --------- ------ -----  -------- ------ ------   --- ----- ----  -----------

   [No hits detected that satisfy reporting thresholds]


Hit alignments:

   [No hits detected that satisfy reporting thresholds]


Internal CM pipeline statistics summary:
----------------------------------------
Query model(s):                                                  1  (119 consensus positions)
Target sequences:                                                1  (1989578 residues searched)
Target sequences re-searched for truncated hits:                 1  (776 residues re-searched)
Windows   passing  local HMM SSV           filter:             424  (0.0477); expected (0.06)
Windows   passing  local HMM Viterbi       filter:              94  (0.01064); expected (0.02)
Windows   passing  local HMM Viterbi  bias filter:              71  (0.008051); expected (0.02)
Windows   passing  local HMM Forward       filter:               3  (0.0003371); expected (0.0002)
Windows   passing  local HMM Forward  bias filter:               3  (0.0003371); expected (0.0002)
Windows   passing glocal HMM Forward       filter:               3  (0.0003371); expected (0.0002)
Windows   passing glocal HMM Forward  bias filter:               3  (0.0003371); expected (0.0002)
Envelopes passing glocal HMM envelope defn filter:               3  (0.0002206); expected (0.0002)
Envelopes passing  local CM  CYK           filter:               1  (2.11e-05); expected (0.0001)
Total CM hits reported:                                          0  (0); includes 0 truncated hit(s)

# CPU time: 0.07u 0.02s 00:00:00.09 Elapsed: 00:00:00.04
//
Query:       5_8S_rRNA  [CLEN=154]
Accession:   RF00002
Description: 5.8S ribosomal RNA
Hit scores:
 rank     E-value  score  bias  sequence  start    end   mdl trunc   gc  description
 ----   --------- ------ -----  -------- ------ ------   --- ----- ----  -----------

   [No hits detected that satisfy reporting thresholds]


Hit alignments:

   [No hits detected that satisfy reporting thresholds]


Internal CM pipeline statistics summary:
----------------------------------------
Query model(s):                                                  1  (154 consensus positions)
Target sequences:                                                1  (1989578 residues searched)
Target sequences re-searched for truncated hits:                 1  (768 residues re-searched)
Windows   passing  local HMM SSV           filter:             499  (0.05715); expected (0.06)
Windows   passing  local HMM Viterbi       filter:             120  (0.0142); expected (0.02)
Windows   passing  local HMM Viterbi  bias filter:             119  (0.01409); expected (0.02)
Windows   passing  local HMM Forward       filter:               4  (0.0005356); expected (0.0002)
Windows   passing  local HMM Forward  bias filter:               4  (0.0005356); expected (0.0002)
Windows   passing glocal HMM Forward       filter:               1  (0.0001211); expected (0.0002)
Windows   passing glocal HMM Forward  bias filter:               1  (0.0001211); expected (0.0002)
Envelopes passing glocal HMM envelope defn filter:               1  (8.642e-05); expected (0.0002)
Envelopes passing  local CM  CYK           filter:               0  (0); expected (0.0001)
Total CM hits reported:                                          0  (0); includes 0 truncated hit(s)

# CPU time: 0.08u 0.01s 00:00:00.09 Elapsed: 00:00:00.03
//
Query:       SSU_rRNA_bacteria  [CLEN=1533]
Accession:   RF00177
Description: Bacterial small subunit ribosomal RNA
Hit scores:
 rank     E-value  score  bias  sequence  start    end   mdl trunc   gc  description
 ----   --------- ------ -----  -------- ------ ------   --- ----- ----  -----------

   [No hits detected that satisfy reporting thresholds]


Hit alignments:

   [No hits detected that satisfy reporting thresholds]


Internal CM pipeline statistics summary:
----------------------------------------
Query model(s):                                                  1  (1533 consensus positions)
Target sequences:                                                1  (1989578 residues searched)
Target sequences re-searched for truncated hits:                 1  (7664 residues re-searched)
Windows   passing  local HMM SSV           filter:              97  (0.1074); expected (0.06)
Windows   passing  local HMM Viterbi       filter:              13  (0.01436); expected (0.02)
Windows   passing  local HMM Viterbi  bias filter:               0  (0); expected (0.02)
Windows   passing  local HMM Forward       filter:               0  (0); expected (0.0002)
Windows   passing  local HMM Forward  bias filter:               0  (0); expected (0.0002)
Windows   passing glocal HMM Forward       filter:               0  (0); expected (0.0002)
Windows   passing glocal HMM Forward  bias filter:               0  (0); expected (0.0002)
Envelopes passing glocal HMM envelope defn filter:               0  (0); expected (0.0002)
Envelopes passing  local CM  CYK           filter:               0  (0); expected (0.0001)
Total CM hits reported:                                          0  (0); includes 0 truncated hit(s)

# CPU time: 0.60u 0.03s 00:00:00.63 Elapsed: 00:00:00.20
//
Query:       SSU_rRNA_archaea  [CLEN=1477]
Accession:   RF01959
Description: Archaeal small subunit ribosomal RNA
Hit scores:
 rank     E-value  score  bias  sequence  start    end   mdl trunc   gc  description
 ----   --------- ------ -----  -------- ------ ------   --- ----- ----  -----------

   [No hits detected that satisfy reporting thresholds]


Hit alignments:

   [No hits detected that satisfy reporting thresholds]


Internal CM pipeline statistics summary:
----------------------------------------
Query model(s):                                                  1  (1477 consensus positions)
Target sequences:                                                1  (1989578 residues searched)
Target sequences re-searched for truncated hits:                 1  (7384 residues re-searched)
Windows   passing  local HMM SSV           filter:             187  (0.2036); expected (0.06)
Windows   passing  local HMM Viterbi       filter:              31  (0.0337); expected (0.02)
Windows   passing  local HMM Viterbi  bias filter:               0  (0); expected (0.02)
Windows   passing  local HMM Forward       filter:               0  (0); expected (0.0002)
Windows   passing  local HMM Forward  bias filter:               0  (0); expected (0.0002)
Windows   passing glocal HMM Forward       filter:               0  (0); expected (0.0002)
Windows   passing glocal HMM Forward  bias filter:               0  (0); expected (0.0002)
Envelopes passing glocal HMM envelope defn filter:               0  (0); expected (0.0002)
Envelopes passing  local CM  CYK           filter:               0  (0); expected (0.0001)
Total CM hits reported:                                          0  (0); includes 0 truncated hit(s)

# CPU time: 0.82u 0.03s 00:00:00.85 Elapsed: 00:00:00.18
//
Query:       SSU_rRNA_eukarya  [CLEN=1831]
Accession:   RF01960
Description: Eukaryotic small subunit ribosomal RNA
Hit scores:
 rank     E-value  score  bias  sequence  start    end   mdl trunc   gc  description
 ----   --------- ------ -----  -------- ------ ------   --- ----- ----  -----------

   [No hits detected that satisfy reporting thresholds]


Hit alignments:

   [No hits detected that satisfy reporting thresholds]


Internal CM pipeline statistics summary:
----------------------------------------
Query model(s):                                                  1  (1831 consensus positions)
Target sequences:                                                1  (1989578 residues searched)
Target sequences re-searched for truncated hits:                 1  (9536 residues re-searched)
Windows   passing  local HMM SSV           filter:              28  (0.04008); expected (0.06)
Windows   passing  local HMM Viterbi       filter:               4  (0.005288); expected (0.02)
Windows   passing  local HMM Viterbi  bias filter:               4  (0.005288); expected (0.02)
Windows   passing  local HMM Forward       filter:               0  (0); expected (0.0002)
Windows   passing  local HMM Forward  bias filter:               0  (0); expected (0.0002)
Windows   passing glocal HMM Forward       filter:               0  (0); expected (0.0002)
Windows   passing glocal HMM Forward  bias filter:               0  (0); expected (0.0002)
Envelopes passing glocal HMM envelope defn filter:               0  (0); expected (0.0002)
Envelopes passing  local CM  CYK           filter:               0  (0); expected (0.0001)
Total CM hits reported:                                          0  (0); includes 0 truncated hit(s)

# CPU time: 0.58u 0.02s 00:00:00.60 Elapsed: 00:00:00.17
//
Query:       LSU_rRNA_archaea  [CLEN=2987]
Accession:   RF02540
Description: Archaeal large subunit ribosomal RNA
Hit scores:
 rank     E-value  score  bias  sequence  start    end   mdl trunc   gc  description
 ----   --------- ------ -----  -------- ------ ------   --- ----- ----  -----------

   [No hits detected that satisfy reporting thresholds]


Hit alignments:

   [No hits detected that satisfy reporting thresholds]


Internal CM pipeline statistics summary:
----------------------------------------
Query model(s):                                                  1  (2987 consensus positions)
Target sequences:                                                1  (1989578 residues searched)
Target sequences re-searched for truncated hits:                 1  (14932 residues re-searched)
Windows   passing  local HMM SSV           filter:              73  (0.1555); expected (0.06)
Windows   passing  local HMM Viterbi       filter:               6  (0.01338); expected (0.02)
Windows   passing  local HMM Viterbi  bias filter:               1  (0.002223); expected (0.02)
Windows   passing  local HMM Forward       filter:               0  (0); expected (0.0002)
Windows   passing  local HMM Forward  bias filter:               0  (0); expected (0.0002)
Windows   passing glocal HMM Forward       filter:               0  (0); expected (0.0002)
Windows   passing glocal HMM Forward  bias filter:               0  (0); expected (0.0002)
Envelopes passing glocal HMM envelope defn filter:               0  (0); expected (0.0002)
Envelopes passing  local CM  CYK           filter:               0  (0); expected (0.0001)
Total CM hits reported:                                          0  (0); includes 0 truncated hit(s)

# CPU time: 1.46u 0.03s 00:00:01.49 Elapsed: 00:00:00.35
//
Query:       LSU_rRNA_bacteria  [CLEN=2925]
Accession:   RF02541
Description: Bacterial large subunit ribosomal RNA
Hit scores:
 rank     E-value  score  bias  sequence  start    end   mdl trunc   gc  description
 ----   --------- ------ -----  -------- ------ ------   --- ----- ----  -----------

   [No hits detected that satisfy reporting thresholds]


Hit alignments:

   [No hits detected that satisfy reporting thresholds]


Internal CM pipeline statistics summary:
----------------------------------------
Query model(s):                                                  1  (2925 consensus positions)
Target sequences:                                                1  (1989578 residues searched)
Target sequences re-searched for truncated hits:                 1  (15364 residues re-searched)
Windows   passing  local HMM SSV           filter:              70  (0.1572); expected (0.06)
Windows   passing  local HMM Viterbi       filter:               6  (0.01206); expected (0.02)
Windows   passing  local HMM Viterbi  bias filter:               1  (0.002296); expected (0.02)
Windows   passing  local HMM Forward       filter:               0  (0); expected (0.0002)
Windows   passing  local HMM Forward  bias filter:               0  (0); expected (0.0002)
Windows   passing glocal HMM Forward       filter:               0  (0); expected (0.0002)
Windows   passing glocal HMM Forward  bias filter:               0  (0); expected (0.0002)
Envelopes passing glocal HMM envelope defn filter:               0  (0); expected (0.0002)
Envelopes passing  local CM  CYK           filter:               0  (0); expected (0.0001)
Total CM hits reported:                                          0  (0); includes 0 truncated hit(s)

# CPU time: 1.27u 0.00s 00:00:01.27 Elapsed: 00:00:00.33
//
Query:       SSU_rRNA_microsporidia  [CLEN=1311]
Accession:   RF02542
Description: Microsporidia small subunit ribosomal RNA
Hit scores:
 rank     E-value  score  bias  sequence  start    end   mdl trunc   gc  description
 ----   --------- ------ -----  -------- ------ ------   --- ----- ----  -----------

   [No hits detected that satisfy reporting thresholds]


Hit alignments:

   [No hits detected that satisfy reporting thresholds]


Internal CM pipeline statistics summary:
----------------------------------------
Query model(s):                                                  1  (1311 consensus positions)
Target sequences:                                                1  (1989578 residues searched)
Target sequences re-searched for truncated hits:                 1  (6552 residues re-searched)
Windows   passing  local HMM SSV           filter:             103  (0.1022); expected (0.06)
Windows   passing  local HMM Viterbi       filter:               7  (0.00662); expected (0.02)
Windows   passing  local HMM Viterbi  bias filter:               6  (0.005636); expected (0.02)
Windows   passing  local HMM Forward       filter:               0  (0); expected (0.0002)
Windows   passing  local HMM Forward  bias filter:               0  (0); expected (0.0002)
Windows   passing glocal HMM Forward       filter:               0  (0); expected (0.0002)
Windows   passing glocal HMM Forward  bias filter:               0  (0); expected (0.0002)
Envelopes passing glocal HMM envelope defn filter:               0  (0); expected (0.0002)
Envelopes passing  local CM  CYK           filter:               0  (0); expected (0.0001)
Total CM hits reported:                                          0  (0); includes 0 truncated hit(s)

# CPU time: 0.51u 0.01s 00:00:00.52 Elapsed: 00:00:00.12
//
Query:       LSU_rRNA_eukarya  [CLEN=3401]
Accession:   RF02543
Description: Eukaryotic large subunit ribosomal RNA
Hit scores:
 rank     E-value  score  bias  sequence  start    end   mdl trunc   gc  description
 ----   --------- ------ -----  -------- ------ ------   --- ----- ----  -----------

   [No hits detected that satisfy reporting thresholds]


Hit alignments:

   [No hits detected that satisfy reporting thresholds]


Internal CM pipeline statistics summary:
----------------------------------------
Query model(s):                                                  1  (3401 consensus positions)
Target sequences:                                                1  (1989578 residues searched)
Target sequences re-searched for truncated hits:                 1  (17004 residues re-searched)
Windows   passing  local HMM SSV           filter:              25  (0.0635); expected (0.06)
Windows   passing  local HMM Viterbi       filter:               5  (0.01271); expected (0.02)
Windows   passing  local HMM Viterbi  bias filter:               5  (0.01271); expected (0.02)
Windows   passing  local HMM Forward       filter:               0  (0); expected (0.0002)
Windows   passing  local HMM Forward  bias filter:               0  (0); expected (0.0002)
Windows   passing glocal HMM Forward       filter:               0  (0); expected (0.0002)
Windows   passing glocal HMM Forward  bias filter:               0  (0); expected (0.0002)
Envelopes passing glocal HMM envelope defn filter:               0  (0); expected (0.0002)
Envelopes passing  local CM  CYK           filter:               0  (0); expected (0.0001)
Total CM hits reported:                                          0  (0); includes 0 truncated hit(s)

# CPU time: 1.24u 0.01s 00:00:01.25 Elapsed: 00:00:00.34
//
Query:       SSU_trypano_mito  [CLEN=623]
Accession:   RF02545
Description: Trypanosomatid mitochondrial small subunit ribosomal RNA
Hit scores:
 rank     E-value  score  bias  sequence  start    end   mdl trunc   gc  description
 ----   --------- ------ -----  -------- ------ ------   --- ----- ----  -----------

   [No hits detected that satisfy reporting thresholds]


Hit alignments:

   [No hits detected that satisfy reporting thresholds]


Internal CM pipeline statistics summary:
----------------------------------------
Query model(s):                                                  1  (623 consensus positions)
Target sequences:                                                1  (1989578 residues searched)
Target sequences re-searched for truncated hits:                 1  (3112 residues re-searched)
Windows   passing  local HMM SSV           filter:              59  (0.02625); expected (0.06)
Windows   passing  local HMM Viterbi       filter:               9  (0.004325); expected (0.02)
Windows   passing  local HMM Viterbi  bias filter:               4  (0.001596); expected (0.02)
Windows   passing  local HMM Forward       filter:               0  (0); expected (0.0002)
Windows   passing  local HMM Forward  bias filter:               0  (0); expected (0.0002)
Windows   passing glocal HMM Forward       filter:               0  (0); expected (0.0002)
Windows   passing glocal HMM Forward  bias filter:               0  (0); expected (0.0002)
Envelopes passing glocal HMM envelope defn filter:               0  (0); expected (0.0002)
Envelopes passing  local CM  CYK           filter:               0  (0); expected (0.0001)
Total CM hits reported:                                          0  (0); includes 0 truncated hit(s)

# CPU time: 0.15u 0.00s 00:00:00.15 Elapsed: 00:00:00.05
//
Query:       LSU_trypano_mito  [CLEN=561]
Accession:   RF02546
Description: Trypanosomatid mitochondrial large subunit ribosomal RNA
Hit scores:
 rank     E-value  score  bias  sequence  start    end   mdl trunc   gc  description
 ----   --------- ------ -----  -------- ------ ------   --- ----- ----  -----------

   [No hits detected that satisfy reporting thresholds]


Hit alignments:

   [No hits detected that satisfy reporting thresholds]


Internal CM pipeline statistics summary:
----------------------------------------
Query model(s):                                                  1  (561 consensus positions)
Target sequences:                                                1  (1989578 residues searched)
Target sequences re-searched for truncated hits:                 1  (2804 residues re-searched)
Windows   passing  local HMM SSV           filter:              48  (0.01967); expected (0.06)
Windows   passing  local HMM Viterbi       filter:              13  (0.005759); expected (0.02)
Windows   passing  local HMM Viterbi  bias filter:               4  (0.001682); expected (0.02)
Windows   passing  local HMM Forward       filter:               0  (0); expected (0.0002)
Windows   passing  local HMM Forward  bias filter:               0  (0); expected (0.0002)
Windows   passing glocal HMM Forward       filter:               0  (0); expected (0.0002)
Windows   passing glocal HMM Forward  bias filter:               0  (0); expected (0.0002)
Envelopes passing glocal HMM envelope defn filter:               0  (0); expected (0.0002)
Envelopes passing  local CM  CYK           filter:               0  (0); expected (0.0001)
Total CM hits reported:                                          0  (0); includes 0 truncated hit(s)

# CPU time: 0.15u 0.00s 00:00:00.15 Elapsed: 00:00:00.04
//
Query:       mtPerm-5S  [CLEN=106]
Accession:   RF02547
Description: Permuted mitochondrial genome encoded 5S rRNA
Hit scores:
 rank     E-value  score  bias  sequence  start    end   mdl trunc   gc  description
 ----   --------- ------ -----  -------- ------ ------   --- ----- ----  -----------

   [No hits detected that satisfy reporting thresholds]


Hit alignments:

   [No hits detected that satisfy reporting thresholds]


Internal CM pipeline statistics summary:
----------------------------------------
Query model(s):                                                  1  (106 consensus positions)
Target sequences:                                                1  (1989578 residues searched)
Target sequences re-searched for truncated hits:                 1  (528 residues re-searched)
Windows   passing  local HMM SSV           filter:             723  (0.05723); expected (0.06)
Windows   passing  local HMM Viterbi       filter:              68  (0.00545); expected (0.02)
Windows   passing  local HMM Viterbi  bias filter:              67  (0.005371); expected (0.02)
Windows   passing  local HMM Forward       filter:               1  (8.241e-05); expected (0.0002)
Windows   passing  local HMM Forward  bias filter:               1  (8.241e-05); expected (0.0002)
Windows   passing glocal HMM Forward       filter:               1  (8.241e-05); expected (0.0002)
Windows   passing glocal HMM Forward  bias filter:               1  (8.241e-05); expected (0.0002)
Envelopes passing glocal HMM envelope defn filter:               1  (6.181e-05); expected (0.0002)
Envelopes passing  local CM  CYK           filter:               0  (0); expected (0.0001)
Total CM hits reported:                                          0  (0); includes 0 truncated hit(s)

# CPU time: 0.05u 0.00s 00:00:00.05 Elapsed: 00:00:00.01
//
Query:       ppoRNA  [CLEN=98]
Accession:   RF02554
Description: mt-5S-like P. polycephalum
Hit scores:
 rank     E-value  score  bias  sequence  start    end   mdl trunc   gc  description
 ----   --------- ------ -----  -------- ------ ------   --- ----- ----  -----------

   [No hits detected that satisfy reporting thresholds]


Hit alignments:

   [No hits detected that satisfy reporting thresholds]


Internal CM pipeline statistics summary:
----------------------------------------
Query model(s):                                                  1  (98 consensus positions)
Target sequences:                                                1  (1989578 residues searched)
Target sequences re-searched for truncated hits:                 1  (488 residues re-searched)
Windows   passing  local HMM SSV           filter:             481  (0.03509); expected (0.06)
Windows   passing  local HMM Viterbi       filter:              56  (0.004072); expected (0.02)
Windows   passing  local HMM Viterbi  bias filter:              51  (0.003723); expected (0.02)
Windows   passing  local HMM Forward       filter:               0  (0); expected (0.0002)
Windows   passing  local HMM Forward  bias filter:               0  (0); expected (0.0002)
Windows   passing glocal HMM Forward       filter:               0  (0); expected (0.0002)
Windows   passing glocal HMM Forward  bias filter:               0  (0); expected (0.0002)
Envelopes passing glocal HMM envelope defn filter:               0  (0); expected (0.0002)
Envelopes passing  local CM  CYK           filter:               0  (0); expected (0.0001)
Total CM hits reported:                                          0  (0); includes 0 truncated hit(s)

# CPU time: 0.03u 0.00s 00:00:00.03 Elapsed: 00:00:00.01
//
Query:       hveRNA  [CLEN=124]
Accession:   RF02555
Description: mt-5S-like H. vermiformis
Hit scores:
 rank     E-value  score  bias  sequence  start    end   mdl trunc   gc  description
 ----   --------- ------ -----  -------- ------ ------   --- ----- ----  -----------

   [No hits detected that satisfy reporting thresholds]


Hit alignments:

   [No hits detected that satisfy reporting thresholds]


Internal CM pipeline statistics summary:
----------------------------------------
Query model(s):                                                  1  (124 consensus positions)
Target sequences:                                                1  (1989578 residues searched)
Target sequences re-searched for truncated hits:                 1  (620 residues re-searched)
Windows   passing  local HMM SSV           filter:             323  (0.02985); expected (0.06)
Windows   passing  local HMM Viterbi       filter:              56  (0.005259); expected (0.02)
Windows   passing  local HMM Viterbi  bias filter:              47  (0.004404); expected (0.02)
Windows   passing  local HMM Forward       filter:               1  (0.0001246); expected (0.0002)
Windows   passing  local HMM Forward  bias filter:               1  (0.0001246); expected (0.0002)
Windows   passing glocal HMM Forward       filter:               1  (0.0001246); expected (0.0002)
Windows   passing glocal HMM Forward  bias filter:               1  (0.0001246); expected (0.0002)
Envelopes passing glocal HMM envelope defn filter:               1  (7.436e-05); expected (0.0002)
Envelopes passing  local CM  CYK           filter:               0  (0); expected (0.0001)
Total CM hits reported:                                          0  (0); includes 0 truncated hit(s)

# CPU time: 0.04u 0.01s 00:00:00.05 Elapsed: 00:00:00.02
//
[ok]
