# cmsearch :: search CM(s) against a sequence database
# INFERNAL 1.1.4 (Dec 2020)
# Copyright (C) 2020 Howard Hughes Medical Institute.
# Freely distributed under the BSD open source license.
# - - - - - - - - - - - - - - - - - - - - - - - - - - - - - - - - - - - -
# query CM file:                         cms/antitoxin.cm
# target sequence database:              genomes/PS-237.fas
# output directed to file:               sequences/PS-237/antitoxin.out
# tabular output of hits:                sequences/PS-237/antitoxin.tblout
# model-specific thresholding:           GA cutoffs
# Rfam pipeline mode:                    on [strict filtering]
# HMM-only mode for 0 basepair models:   no
# number of worker threads:              12
# - - - - - - - - - - - - - - - - - - - - - - - - - - - - - - - - - - - -

Query:       SIB_RNA  [CLEN=147]
Accession:   RF00113
Description: Short Intergenic Abundant RNA
Hit scores:
 rank     E-value  score  bias  sequence  start    end   mdl trunc   gc  description
 ----   --------- ------ -----  -------- ------ ------   --- ----- ----  -----------

   [No hits detected that satisfy reporting thresholds]


Hit alignments:

   [No hits detected that satisfy reporting thresholds]


Internal CM pipeline statistics summary:
----------------------------------------
Query model(s):                                                  1  (147 consensus positions)
Target sequences:                                                1  (8285518 residues searched)
Target sequences re-searched for truncated hits:                 1  (732 residues re-searched)
Windows   passing  local HMM SSV           filter:            5227  (0.1362); expected (0.06)
Windows   passing  local HMM Viterbi       filter:             906  (0.02435); expected (0.02)
Windows   passing  local HMM Viterbi  bias filter:             686  (0.01843); expected (0.02)
Windows   passing  local HMM Forward       filter:              66  (0.00181); expected (0.0002)
Windows   passing  local HMM Forward  bias filter:              51  (0.001394); expected (0.0002)
Windows   passing glocal HMM Forward       filter:              31  (0.0009084); expected (0.0002)
Windows   passing glocal HMM Forward  bias filter:              31  (0.0009084); expected (0.0002)
Envelopes passing glocal HMM envelope defn filter:              33  (0.0006809); expected (0.0002)
Envelopes passing  local CM  CYK           filter:               4  (4.501e-05); expected (0.0001)
Total CM hits reported:                                          0  (0); includes 0 truncated hit(s)

# CPU time: 1.28u 0.11s 00:00:01.39 Elapsed: 00:00:00.24
//
Query:       istR  [CLEN=130]
Accession:   RF01400
Description: istR Hfq binding RNA
Hit scores:
 rank     E-value  score  bias  sequence  start    end   mdl trunc   gc  description
 ----   --------- ------ -----  -------- ------ ------   --- ----- ----  -----------

   [No hits detected that satisfy reporting thresholds]


Hit alignments:

   [No hits detected that satisfy reporting thresholds]


Internal CM pipeline statistics summary:
----------------------------------------
Query model(s):                                                  1  (130 consensus positions)
Target sequences:                                                1  (8285518 residues searched)
Target sequences re-searched for truncated hits:                 1  (648 residues re-searched)
Windows   passing  local HMM SSV           filter:            2742  (0.06335); expected (0.06)
Windows   passing  local HMM Viterbi       filter:             397  (0.00937); expected (0.02)
Windows   passing  local HMM Viterbi  bias filter:             388  (0.009152); expected (0.02)
Windows   passing  local HMM Forward       filter:               9  (0.0002306); expected (0.0002)
Windows   passing  local HMM Forward  bias filter:               9  (0.0002306); expected (0.0002)
Windows   passing glocal HMM Forward       filter:               6  (0.0001489); expected (0.0002)
Windows   passing glocal HMM Forward  bias filter:               6  (0.0001489); expected (0.0002)
Envelopes passing glocal HMM envelope defn filter:               6  (0.0001107); expected (0.0002)
Envelopes passing  local CM  CYK           filter:               0  (0); expected (0.0001)
Total CM hits reported:                                          0  (0); includes 0 truncated hit(s)

# CPU time: 0.34u 0.01s 00:00:00.35 Elapsed: 00:00:00.06
//
Query:       RatA  [CLEN=90]
Accession:   RF01776
Description: RNA anti-toxin A
Hit scores:
 rank     E-value  score  bias  sequence  start    end   mdl trunc   gc  description
 ----   --------- ------ -----  -------- ------ ------   --- ----- ----  -----------

   [No hits detected that satisfy reporting thresholds]


Hit alignments:

   [No hits detected that satisfy reporting thresholds]


Internal CM pipeline statistics summary:
----------------------------------------
Query model(s):                                                  1  (90 consensus positions)
Target sequences:                                                1  (8285518 residues searched)
Target sequences re-searched for truncated hits:                 1  (448 residues re-searched)
Windows   passing  local HMM SSV           filter:            9876  (0.1623); expected (0.06)
Windows   passing  local HMM Viterbi       filter:            1749  (0.03005); expected (0.02)
Windows   passing  local HMM Viterbi  bias filter:            1030  (0.01748); expected (0.02)
Windows   passing  local HMM Forward       filter:              86  (0.001545); expected (0.0002)
Windows   passing  local HMM Forward  bias filter:              45  (0.0008176); expected (0.0002)
Windows   passing glocal HMM Forward       filter:              42  (0.0007813); expected (0.0002)
Windows   passing glocal HMM Forward  bias filter:              41  (0.0007655); expected (0.0002)
Envelopes passing glocal HMM envelope defn filter:              42  (0.0005498); expected (0.0002)
Envelopes passing  local CM  CYK           filter:               6  (6.348e-05); expected (0.0001)
Total CM hits reported:                                          0  (0); includes 0 truncated hit(s)

# CPU time: 0.84u 0.01s 00:00:00.85 Elapsed: 00:00:00.11
//
Query:       sok  [CLEN=157]
Accession:   RF01794
Description: sok antitoxin (CssrC)
Hit scores:
 rank     E-value  score  bias  sequence  start    end   mdl trunc   gc  description
 ----   --------- ------ -----  -------- ------ ------   --- ----- ----  -----------

   [No hits detected that satisfy reporting thresholds]


Hit alignments:

   [No hits detected that satisfy reporting thresholds]


Internal CM pipeline statistics summary:
----------------------------------------
Query model(s):                                                  1  (157 consensus positions)
Target sequences:                                                1  (8285518 residues searched)
Target sequences re-searched for truncated hits:                 1  (1184 residues re-searched)
Windows   passing  local HMM SSV           filter:            2869  (0.1167); expected (0.06)
Windows   passing  local HMM Viterbi       filter:             508  (0.0213); expected (0.02)
Windows   passing  local HMM Viterbi  bias filter:             456  (0.01915); expected (0.02)
Windows   passing  local HMM Forward       filter:              20  (0.0009088); expected (0.0002)
Windows   passing  local HMM Forward  bias filter:              20  (0.0009088); expected (0.0002)
Windows   passing glocal HMM Forward       filter:              13  (0.000602); expected (0.0002)
Windows   passing glocal HMM Forward  bias filter:              13  (0.000602); expected (0.0002)
Envelopes passing glocal HMM envelope defn filter:              13  (0.0002884); expected (0.0002)
Envelopes passing  local CM  CYK           filter:               3  (2.727e-05); expected (0.0001)
Total CM hits reported:                                          0  (0); includes 0 truncated hit(s)

# CPU time: 0.83u 0.05s 00:00:00.88 Elapsed: 00:00:00.18
//
Query:       fstAT  [CLEN=94]
Accession:   RF01797
Description: Fst antitoxin sRNA
Hit scores:
 rank     E-value  score  bias  sequence  start    end   mdl trunc   gc  description
 ----   --------- ------ -----  -------- ------ ------   --- ----- ----  -----------

   [No hits detected that satisfy reporting thresholds]


Hit alignments:

   [No hits detected that satisfy reporting thresholds]


Internal CM pipeline statistics summary:
----------------------------------------
Query model(s):                                                  1  (94 consensus positions)
Target sequences:                                                1  (8285518 residues searched)
Target sequences re-searched for truncated hits:                 1  (496 residues re-searched)
Windows   passing  local HMM SSV           filter:            9265  (0.1682); expected (0.06)
Windows   passing  local HMM Viterbi       filter:            1567  (0.02957); expected (0.02)
Windows   passing  local HMM Viterbi  bias filter:            1210  (0.02274); expected (0.02)
Windows   passing  local HMM Forward       filter:             101  (0.002121); expected (0.0002)
Windows   passing  local HMM Forward  bias filter:              76  (0.001599); expected (0.0002)
Windows   passing glocal HMM Forward       filter:              45  (0.0009505); expected (0.0002)
Windows   passing glocal HMM Forward  bias filter:              41  (0.0008563); expected (0.0002)
Envelopes passing glocal HMM envelope defn filter:              40  (0.0005561); expected (0.0002)
Envelopes passing  local CM  CYK           filter:               9  (0.0001029); expected (0.0001)
Total CM hits reported:                                          0  (0); includes 0 truncated hit(s)

# CPU time: 0.76u 0.01s 00:00:00.77 Elapsed: 00:00:00.10
//
Query:       symR  [CLEN=77]
Accession:   RF01809
Description: SymR antitoxin
Hit scores:
 rank     E-value  score  bias  sequence  start    end   mdl trunc   gc  description
 ----   --------- ------ -----  -------- ------ ------   --- ----- ----  -----------

   [No hits detected that satisfy reporting thresholds]


Hit alignments:

   [No hits detected that satisfy reporting thresholds]


Internal CM pipeline statistics summary:
----------------------------------------
Query model(s):                                                  1  (77 consensus positions)
Target sequences:                                                1  (8285518 residues searched)
Target sequences re-searched for truncated hits:                 1  (384 residues re-searched)
Windows   passing  local HMM SSV           filter:            6837  (0.096); expected (0.06)
Windows   passing  local HMM Viterbi       filter:            1601  (0.02284); expected (0.02)
Windows   passing  local HMM Viterbi  bias filter:            1498  (0.02136); expected (0.02)
Windows   passing  local HMM Forward       filter:              41  (0.0006206); expected (0.0002)
Windows   passing  local HMM Forward  bias filter:              39  (0.0005842); expected (0.0002)
Windows   passing glocal HMM Forward       filter:              28  (0.0004153); expected (0.0002)
Windows   passing glocal HMM Forward  bias filter:              28  (0.0004153); expected (0.0002)
Envelopes passing glocal HMM envelope defn filter:              28  (0.0003195); expected (0.0002)
Envelopes passing  local CM  CYK           filter:               2  (1.303e-05); expected (0.0001)
Total CM hits reported:                                          0  (0); includes 0 truncated hit(s)

# CPU time: 0.39u 0.01s 00:00:00.40 Elapsed: 00:00:00.05
//
Query:       PtaRNA1  [CLEN=72]
Accession:   RF01811
Description: Plasmid transferred anti-sense RNA
Hit scores:
 rank     E-value  score  bias  sequence  start    end   mdl trunc   gc  description
 ----   --------- ------ -----  -------- ------ ------   --- ----- ----  -----------

   [No hits detected that satisfy reporting thresholds]


Hit alignments:

   [No hits detected that satisfy reporting thresholds]


Internal CM pipeline statistics summary:
----------------------------------------
Query model(s):                                                  1  (72 consensus positions)
Target sequences:                                                1  (8285518 residues searched)
Target sequences re-searched for truncated hits:                 1  (360 residues re-searched)
Windows   passing  local HMM SSV           filter:            4639  (0.06107); expected (0.06)
Windows   passing  local HMM Viterbi       filter:            1292  (0.01723); expected (0.02)
Windows   passing  local HMM Viterbi  bias filter:            1218  (0.01625); expected (0.02)
Windows   passing  local HMM Forward       filter:              17  (0.0002452); expected (0.0002)
Windows   passing  local HMM Forward  bias filter:              12  (0.0001767); expected (0.0002)
Windows   passing glocal HMM Forward       filter:               7  (9.583e-05); expected (0.0002)
Windows   passing glocal HMM Forward  bias filter:               7  (9.583e-05); expected (0.0002)
Envelopes passing glocal HMM envelope defn filter:               7  (7.06e-05); expected (0.0002)
Envelopes passing  local CM  CYK           filter:               2  (1.678e-05); expected (0.0001)
Total CM hits reported:                                          0  (0); includes 0 truncated hit(s)

# CPU time: 0.21u 0.00s 00:00:00.21 Elapsed: 00:00:00.03
//
Query:       rdlD  [CLEN=66]
Accession:   RF01813
Description: rdlD antitoxin
Hit scores:
 rank     E-value  score  bias  sequence  start    end   mdl trunc   gc  description
 ----   --------- ------ -----  -------- ------ ------   --- ----- ----  -----------

   [No hits detected that satisfy reporting thresholds]


Hit alignments:

   [No hits detected that satisfy reporting thresholds]


Internal CM pipeline statistics summary:
----------------------------------------
Query model(s):                                                  1  (66 consensus positions)
Target sequences:                                                1  (8285518 residues searched)
Target sequences re-searched for truncated hits:                 1  (328 residues re-searched)
Windows   passing  local HMM SSV           filter:            4979  (0.06011); expected (0.06)
Windows   passing  local HMM Viterbi       filter:            1278  (0.01555); expected (0.02)
Windows   passing  local HMM Viterbi  bias filter:            1126  (0.01368); expected (0.02)
Windows   passing  local HMM Forward       filter:              27  (0.0003442); expected (0.0002)
Windows   passing  local HMM Forward  bias filter:              23  (0.0002923); expected (0.0002)
Windows   passing glocal HMM Forward       filter:               9  (0.0001239); expected (0.0002)
Windows   passing glocal HMM Forward  bias filter:               9  (0.0001239); expected (0.0002)
Envelopes passing glocal HMM envelope defn filter:               8  (7.64e-05); expected (0.0002)
Envelopes passing  local CM  CYK           filter:               3  (2.136e-05); expected (0.0001)
Total CM hits reported:                                          0  (0); includes 0 truncated hit(s)

# CPU time: 0.21u 0.02s 00:00:00.23 Elapsed: 00:00:00.03
//
Query:       OrzO-P  [CLEN=76]
Accession:   RF02083
Description: OrzO-P RNA antitoxin family
Hit scores:
 rank     E-value  score  bias  sequence  start    end   mdl trunc   gc  description
 ----   --------- ------ -----  -------- ------ ------   --- ----- ----  -----------

   [No hits detected that satisfy reporting thresholds]


Hit alignments:

   [No hits detected that satisfy reporting thresholds]


Internal CM pipeline statistics summary:
----------------------------------------
Query model(s):                                                  1  (76 consensus positions)
Target sequences:                                                1  (8285518 residues searched)
Target sequences re-searched for truncated hits:                 1  (380 residues re-searched)
Windows   passing  local HMM SSV           filter:            9238  (0.1287); expected (0.06)
Windows   passing  local HMM Viterbi       filter:            2843  (0.04074); expected (0.02)
Windows   passing  local HMM Viterbi  bias filter:            2340  (0.0336); expected (0.02)
Windows   passing  local HMM Forward       filter:             167  (0.002668); expected (0.0002)
Windows   passing  local HMM Forward  bias filter:             131  (0.002087); expected (0.0002)
Windows   passing glocal HMM Forward       filter:              99  (0.001629); expected (0.0002)
Windows   passing glocal HMM Forward  bias filter:              97  (0.001594); expected (0.0002)
Envelopes passing glocal HMM envelope defn filter:              96  (0.00106); expected (0.0002)
Envelopes passing  local CM  CYK           filter:              67  (0.0006894); expected (0.0001)
Total CM hits reported:                                          0  (0); includes 0 truncated hit(s)

# CPU time: 1.64u 0.00s 00:00:01.64 Elapsed: 00:00:00.16
//
Query:       ohsC_RNA  [CLEN=77]
Accession:   RF02495
Description: Oppression of Hydrophobic ORF by sRNA
Hit scores:
 rank     E-value  score  bias  sequence  start    end   mdl trunc   gc  description
 ----   --------- ------ -----  -------- ------ ------   --- ----- ----  -----------

   [No hits detected that satisfy reporting thresholds]


Hit alignments:

   [No hits detected that satisfy reporting thresholds]


Internal CM pipeline statistics summary:
----------------------------------------
Query model(s):                                                  1  (77 consensus positions)
Target sequences:                                                1  (8285518 residues searched)
Target sequences re-searched for truncated hits:                 1  (384 residues re-searched)
Windows   passing  local HMM SSV           filter:            8349  (0.1175); expected (0.06)
Windows   passing  local HMM Viterbi       filter:            2240  (0.03225); expected (0.02)
Windows   passing  local HMM Viterbi  bias filter:            1838  (0.02649); expected (0.02)
Windows   passing  local HMM Forward       filter:             125  (0.001932); expected (0.0002)
Windows   passing  local HMM Forward  bias filter:              93  (0.001417); expected (0.0002)
Windows   passing glocal HMM Forward       filter:              65  (0.001032); expected (0.0002)
Windows   passing glocal HMM Forward  bias filter:              63  (0.0009949); expected (0.0002)
Envelopes passing glocal HMM envelope defn filter:              62  (0.0006961); expected (0.0002)
Envelopes passing  local CM  CYK           filter:              25  (0.0002553); expected (0.0001)
Total CM hits reported:                                          0  (0); includes 0 truncated hit(s)

# CPU time: 0.88u 0.01s 00:00:00.89 Elapsed: 00:00:00.12
//
Query:       ToxI  [CLEN=34]
Accession:   RF02519
Description: ToxI antitoxin
Hit scores:
 rank     E-value  score  bias  sequence  start    end   mdl trunc   gc  description
 ----   --------- ------ -----  -------- ------ ------   --- ----- ----  -----------

   [No hits detected that satisfy reporting thresholds]


Hit alignments:

   [No hits detected that satisfy reporting thresholds]


Internal CM pipeline statistics summary:
----------------------------------------
Query model(s):                                                  1  (34 consensus positions)
Target sequences:                                                1  (8285518 residues searched)
Target sequences re-searched for truncated hits:                 1  (192 residues re-searched)
Windows   passing  local HMM SSV           filter:            6913  (0.04924); expected (0.06)
Windows   passing  local HMM Viterbi       filter:            1128  (0.008033); expected (0.02)
Windows   passing  local HMM Viterbi  bias filter:            1011  (0.0072); expected (0.02)
Windows   passing  local HMM Forward       filter:              14  (0.0001071); expected (0.0002)
Windows   passing  local HMM Forward  bias filter:               9  (6.867e-05); expected (0.0002)
Windows   passing glocal HMM Forward       filter:               6  (4.852e-05); expected (0.0002)
Windows   passing glocal HMM Forward  bias filter:               6  (4.852e-05); expected (0.0002)
Envelopes passing glocal HMM envelope defn filter:               6  (2.86e-05); expected (0.0002)
Envelopes passing  local CM  CYK           filter:               4  (1.979e-05); expected (0.0001)
Total CM hits reported:                                          0  (0); includes 0 truncated hit(s)

# CPU time: 0.10u 0.01s 00:00:00.11 Elapsed: 00:00:00.02
//
[ok]
