# cmsearch :: search CM(s) against a sequence database
# INFERNAL 1.1.4 (Dec 2020)
# Copyright (C) 2020 Howard Hughes Medical Institute.
# Freely distributed under the BSD open source license.
# - - - - - - - - - - - - - - - - - - - - - - - - - - - - - - - - - - - -
# query CM file:                         cms/Intron.cm
# target sequence database:              genomes/PS-237.fas
# output directed to file:               sequences/PS-237/Intron.out
# tabular output of hits:                sequences/PS-237/Intron.tblout
# model-specific thresholding:           GA cutoffs
# Rfam pipeline mode:                    on [strict filtering]
# HMM-only mode for 0 basepair models:   no
# number of worker threads:              12
# - - - - - - - - - - - - - - - - - - - - - - - - - - - - - - - - - - - -

Query:       Intron_gpI  [CLEN=251]
Accession:   RF00028
Description: Group I catalytic intron
Hit scores:
 rank     E-value  score  bias  sequence  start    end   mdl trunc   gc  description
 ----   --------- ------ -----  -------- ------ ------   --- ----- ----  -----------

   [No hits detected that satisfy reporting thresholds]


Hit alignments:

   [No hits detected that satisfy reporting thresholds]


Internal CM pipeline statistics summary:
----------------------------------------
Query model(s):                                                  1  (251 consensus positions)
Target sequences:                                                1  (8285518 residues searched)
Target sequences re-searched for truncated hits:                 1  (5324 residues re-searched)
Windows   passing  local HMM SSV           filter:            1446  (0.2641); expected (0.06)
Windows   passing  local HMM Viterbi       filter:              97  (0.01951); expected (0.02)
Windows   passing  local HMM Viterbi  bias filter:              30  (0.005535); expected (0.02)
Windows   passing  local HMM Forward       filter:               9  (0.001892); expected (0.0002)
Windows   passing  local HMM Forward  bias filter:               6  (0.00131); expected (0.0002)
Windows   passing glocal HMM Forward       filter:               6  (0.00131); expected (0.0002)
Windows   passing glocal HMM Forward  bias filter:               6  (0.00131); expected (0.0002)
Envelopes passing glocal HMM envelope defn filter:               6  (0.0004148); expected (0.0002)
Envelopes passing  local CM  CYK           filter:               1  (7.358e-06); expected (0.0001)
Total CM hits reported:                                          0  (0); includes 0 truncated hit(s)

# CPU time: 3.40u 0.34s 00:00:03.74 Elapsed: 00:00:00.98
//
Query:       Intron_gpII  [CLEN=93]
Accession:   RF00029
Description: Group II catalytic intron
Hit scores:
 rank     E-value  score  bias  sequence  start    end   mdl trunc   gc  description
 ----   --------- ------ -----  -------- ------ ------   --- ----- ----  -----------

   [No hits detected that satisfy reporting thresholds]


Hit alignments:

   [No hits detected that satisfy reporting thresholds]


Internal CM pipeline statistics summary:
----------------------------------------
Query model(s):                                                  1  (93 consensus positions)
Target sequences:                                                1  (8285518 residues searched)
Target sequences re-searched for truncated hits:                 1  (2048 residues re-searched)
Windows   passing  local HMM SSV           filter:            1094  (0.0673); expected (0.06)
Windows   passing  local HMM Viterbi       filter:             217  (0.0147); expected (0.02)
Windows   passing  local HMM Viterbi  bias filter:             212  (0.01437); expected (0.02)
Windows   passing  local HMM Forward       filter:               1  (5.502e-05); expected (0.0002)
Windows   passing  local HMM Forward  bias filter:               1  (5.502e-05); expected (0.0002)
Windows   passing glocal HMM Forward       filter:               0  (0); expected (0.0002)
Windows   passing glocal HMM Forward  bias filter:               0  (0); expected (0.0002)
Envelopes passing glocal HMM envelope defn filter:               0  (0); expected (0.0002)
Envelopes passing  local CM  CYK           filter:               0  (0); expected (0.0001)
Total CM hits reported:                                          0  (0); includes 0 truncated hit(s)

# CPU time: 0.19u 0.01s 00:00:00.20 Elapsed: 00:00:00.03
//
Query:       group-II-D1D4-1  [CLEN=84]
Accession:   RF01998
Description: Group II catalytic intron D1-D4-1
Hit scores:
 rank     E-value  score  bias  sequence  start    end   mdl trunc   gc  description
 ----   --------- ------ -----  -------- ------ ------   --- ----- ----  -----------

   [No hits detected that satisfy reporting thresholds]


Hit alignments:

   [No hits detected that satisfy reporting thresholds]


Internal CM pipeline statistics summary:
----------------------------------------
Query model(s):                                                  1  (84 consensus positions)
Target sequences:                                                1  (8285518 residues searched)
Target sequences re-searched for truncated hits:                 1  (756 residues re-searched)
Windows   passing  local HMM SSV           filter:            3261  (0.08514); expected (0.06)
Windows   passing  local HMM Viterbi       filter:             725  (0.01954); expected (0.02)
Windows   passing  local HMM Viterbi  bias filter:             646  (0.0174); expected (0.02)
Windows   passing  local HMM Forward       filter:               8  (0.0001941); expected (0.0002)
Windows   passing  local HMM Forward  bias filter:               6  (0.0001388); expected (0.0002)
Windows   passing glocal HMM Forward       filter:               5  (0.0001133); expected (0.0002)
Windows   passing glocal HMM Forward  bias filter:               5  (0.0001133); expected (0.0002)
Envelopes passing glocal HMM envelope defn filter:               5  (6.71e-05); expected (0.0002)
Envelopes passing  local CM  CYK           filter:               2  (1.605e-05); expected (0.0001)
Total CM hits reported:                                          0  (0); includes 0 truncated hit(s)

# CPU time: 0.28u 0.00s 00:00:00.28 Elapsed: 00:00:00.05
//
Query:       group-II-D1D4-2  [CLEN=118]
Accession:   RF01999
Description: Group II catalytic intron D1-D4-2
Hit scores:
 rank     E-value  score  bias  sequence  start    end   mdl trunc   gc  description
 ----   --------- ------ -----  -------- ------ ------   --- ----- ----  -----------

   [No hits detected that satisfy reporting thresholds]


Hit alignments:

   [No hits detected that satisfy reporting thresholds]


Internal CM pipeline statistics summary:
----------------------------------------
Query model(s):                                                  1  (118 consensus positions)
Target sequences:                                                1  (8285518 residues searched)
Target sequences re-searched for truncated hits:                 1  (632 residues re-searched)
Windows   passing  local HMM SSV           filter:            3684  (0.08369); expected (0.06)
Windows   passing  local HMM Viterbi       filter:             666  (0.01528); expected (0.02)
Windows   passing  local HMM Viterbi  bias filter:             633  (0.01449); expected (0.02)
Windows   passing  local HMM Forward       filter:              21  (0.0005344); expected (0.0002)
Windows   passing  local HMM Forward  bias filter:              17  (0.0004199); expected (0.0002)
Windows   passing glocal HMM Forward       filter:              14  (0.0003239); expected (0.0002)
Windows   passing glocal HMM Forward  bias filter:              14  (0.0003239); expected (0.0002)
Envelopes passing glocal HMM envelope defn filter:              13  (0.0002059); expected (0.0002)
Envelopes passing  local CM  CYK           filter:               0  (0); expected (0.0001)
Total CM hits reported:                                          0  (0); includes 0 truncated hit(s)

# CPU time: 0.46u 0.01s 00:00:00.47 Elapsed: 00:00:00.06
//
Query:       group-II-D1D4-3  [CLEN=171]
Accession:   RF02001
Description: Group II catalytic intron D1-D4-3
Hit scores:
 rank     E-value  score  bias  sequence  start    end   mdl trunc   gc  description
 ----   --------- ------ -----  -------- ------ ------   --- ----- ----  -----------

   [No hits detected that satisfy reporting thresholds]


Hit alignments:

   [No hits detected that satisfy reporting thresholds]


Internal CM pipeline statistics summary:
----------------------------------------
Query model(s):                                                  1  (171 consensus positions)
Target sequences:                                                1  (8285518 residues searched)
Target sequences re-searched for truncated hits:                 1  (1268 residues re-searched)
Windows   passing  local HMM SSV           filter:            2578  (0.1127); expected (0.06)
Windows   passing  local HMM Viterbi       filter:             648  (0.02973); expected (0.02)
Windows   passing  local HMM Viterbi  bias filter:             388  (0.01772); expected (0.02)
Windows   passing  local HMM Forward       filter:              34  (0.001706); expected (0.0002)
Windows   passing  local HMM Forward  bias filter:              19  (0.000928); expected (0.0002)
Windows   passing glocal HMM Forward       filter:              16  (0.0007852); expected (0.0002)
Windows   passing glocal HMM Forward  bias filter:              16  (0.0007852); expected (0.0002)
Envelopes passing glocal HMM envelope defn filter:              16  (0.0004343); expected (0.0002)
Envelopes passing  local CM  CYK           filter:               7  (0.0001262); expected (0.0001)
Total CM hits reported:                                          0  (0); includes 0 truncated hit(s)

# CPU time: 1.65u 0.08s 00:00:01.73 Elapsed: 00:00:00.43
//
Query:       group-II-D1D4-4  [CLEN=138]
Accession:   RF02003
Description: Group II catalytic intron D1-D4-4
Hit scores:
 rank     E-value  score  bias  sequence  start    end   mdl trunc   gc  description
 ----   --------- ------ -----  -------- ------ ------   --- ----- ----  -----------

   [No hits detected that satisfy reporting thresholds]


Hit alignments:

   [No hits detected that satisfy reporting thresholds]


Internal CM pipeline statistics summary:
----------------------------------------
Query model(s):                                                  1  (138 consensus positions)
Target sequences:                                                1  (8285518 residues searched)
Target sequences re-searched for truncated hits:                 1  (1460 residues re-searched)
Windows   passing  local HMM SSV           filter:            1529  (0.07259); expected (0.06)
Windows   passing  local HMM Viterbi       filter:             161  (0.007992); expected (0.02)
Windows   passing  local HMM Viterbi  bias filter:             140  (0.006937); expected (0.02)
Windows   passing  local HMM Forward       filter:               4  (0.0001913); expected (0.0002)
Windows   passing  local HMM Forward  bias filter:               2  (9.931e-05); expected (0.0002)
Windows   passing glocal HMM Forward       filter:               1  (5.104e-05); expected (0.0002)
Windows   passing glocal HMM Forward  bias filter:               1  (5.104e-05); expected (0.0002)
Envelopes passing glocal HMM envelope defn filter:               1  (1.581e-05); expected (0.0002)
Envelopes passing  local CM  CYK           filter:               1  (1.508e-05); expected (0.0001)
Total CM hits reported:                                          0  (0); includes 0 truncated hit(s)

# CPU time: 0.30u 0.00s 00:00:00.30 Elapsed: 00:00:00.06
//
Query:       group-II-D1D4-5  [CLEN=201]
Accession:   RF02004
Description: Group II catalytic intron D1-D4-5
Hit scores:
 rank     E-value  score  bias  sequence  start    end   mdl trunc   gc  description
 ----   --------- ------ -----  -------- ------ ------   --- ----- ----  -----------

   [No hits detected that satisfy reporting thresholds]


Hit alignments:

   [No hits detected that satisfy reporting thresholds]


Internal CM pipeline statistics summary:
----------------------------------------
Query model(s):                                                  1  (201 consensus positions)
Target sequences:                                                1  (8285518 residues searched)
Target sequences re-searched for truncated hits:                 1  (1116 residues re-searched)
Windows   passing  local HMM SSV           filter:            3019  (0.1209); expected (0.06)
Windows   passing  local HMM Viterbi       filter:             459  (0.01902); expected (0.02)
Windows   passing  local HMM Viterbi  bias filter:             290  (0.01201); expected (0.02)
Windows   passing  local HMM Forward       filter:              15  (0.0006506); expected (0.0002)
Windows   passing  local HMM Forward  bias filter:              11  (0.0004738); expected (0.0002)
Windows   passing glocal HMM Forward       filter:               7  (0.0002843); expected (0.0002)
Windows   passing glocal HMM Forward  bias filter:               7  (0.0002843); expected (0.0002)
Envelopes passing glocal HMM envelope defn filter:               7  (0.0001891); expected (0.0002)
Envelopes passing  local CM  CYK           filter:               1  (2.932e-05); expected (0.0001)
Total CM hits reported:                                          0  (0); includes 0 truncated hit(s)

# CPU time: 0.94u 0.02s 00:00:00.96 Elapsed: 00:00:00.25
//
Query:       group-II-D1D4-6  [CLEN=225]
Accession:   RF02005
Description: Group II catalytic intron D1-D4-6
Hit scores:
 rank     E-value  score  bias  sequence  start    end   mdl trunc   gc  description
 ----   --------- ------ -----  -------- ------ ------   --- ----- ----  -----------

   [No hits detected that satisfy reporting thresholds]


Hit alignments:

   [No hits detected that satisfy reporting thresholds]


Internal CM pipeline statistics summary:
----------------------------------------
Query model(s):                                                  1  (225 consensus positions)
Target sequences:                                                1  (8285518 residues searched)
Target sequences re-searched for truncated hits:                 1  (1460 residues re-searched)
Windows   passing  local HMM SSV           filter:            1188  (0.0604); expected (0.06)
Windows   passing  local HMM Viterbi       filter:             163  (0.008398); expected (0.02)
Windows   passing  local HMM Viterbi  bias filter:             138  (0.00708); expected (0.02)
Windows   passing  local HMM Forward       filter:              10  (0.0005387); expected (0.0002)
Windows   passing  local HMM Forward  bias filter:               6  (0.0002991); expected (0.0002)
Windows   passing glocal HMM Forward       filter:               4  (0.0002015); expected (0.0002)
Windows   passing glocal HMM Forward  bias filter:               4  (0.0002015); expected (0.0002)
Envelopes passing glocal HMM envelope defn filter:               4  (0.0001201); expected (0.0002)
Envelopes passing  local CM  CYK           filter:               0  (0); expected (0.0001)
Total CM hits reported:                                          0  (0); includes 0 truncated hit(s)

# CPU time: 0.57u 0.01s 00:00:00.57 Elapsed: 00:00:00.11
//
Query:       group-II-D1D4-7  [CLEN=148]
Accession:   RF02012
Description: Group II catalytic intron D1-D4-7
Hit scores:
 rank     E-value  score  bias  sequence  start    end   mdl trunc   gc  description
 ----   --------- ------ -----  -------- ------ ------   --- ----- ----  -----------

   [No hits detected that satisfy reporting thresholds]


Hit alignments:

   [No hits detected that satisfy reporting thresholds]


Internal CM pipeline statistics summary:
----------------------------------------
Query model(s):                                                  1  (148 consensus positions)
Target sequences:                                                1  (8285518 residues searched)
Target sequences re-searched for truncated hits:                 1  (1040 residues re-searched)
Windows   passing  local HMM SSV           filter:            2639  (0.09434); expected (0.06)
Windows   passing  local HMM Viterbi       filter:             300  (0.01108); expected (0.02)
Windows   passing  local HMM Viterbi  bias filter:             269  (0.009923); expected (0.02)
Windows   passing  local HMM Forward       filter:              10  (0.0003716); expected (0.0002)
Windows   passing  local HMM Forward  bias filter:               9  (0.0003268); expected (0.0002)
Windows   passing glocal HMM Forward       filter:               7  (0.0002902); expected (0.0002)
Windows   passing glocal HMM Forward  bias filter:               7  (0.0002902); expected (0.0002)
Envelopes passing glocal HMM envelope defn filter:               6  (0.0001222); expected (0.0002)
Envelopes passing  local CM  CYK           filter:               2  (9.292e-06); expected (0.0001)
Total CM hits reported:                                          0  (0); includes 0 truncated hit(s)

# CPU time: 0.44u 0.00s 00:00:00.44 Elapsed: 00:00:00.07
//
[ok]
