# cmsearch :: search CM(s) against a sequence database
# INFERNAL 1.1.4 (Dec 2020)
# Copyright (C) 2020 Howard Hughes Medical Institute.
# Freely distributed under the BSD open source license.
# - - - - - - - - - - - - - - - - - - - - - - - - - - - - - - - - - - - -
# query CM file:                         cms/antitoxin.cm
# target sequence database:              genomes/PS-30.fas
# output directed to file:               sequences/PS-30/antitoxin.out
# tabular output of hits:                sequences/PS-30/antitoxin.tblout
# model-specific thresholding:           GA cutoffs
# Rfam pipeline mode:                    on [strict filtering]
# HMM-only mode for 0 basepair models:   no
# number of worker threads:              12
# - - - - - - - - - - - - - - - - - - - - - - - - - - - - - - - - - - - -

Query:       SIB_RNA  [CLEN=147]
Accession:   RF00113
Description: Short Intergenic Abundant RNA
Hit scores:
 rank     E-value  score  bias  sequence  start    end   mdl trunc   gc  description
 ----   --------- ------ -----  -------- ------ ------   --- ----- ----  -----------

   [No hits detected that satisfy reporting thresholds]


Hit alignments:

   [No hits detected that satisfy reporting thresholds]


Internal CM pipeline statistics summary:
----------------------------------------
Query model(s):                                                  1  (147 consensus positions)
Target sequences:                                                1  (8214132 residues searched)
Target sequences re-searched for truncated hits:                 1  (732 residues re-searched)
Windows   passing  local HMM SSV           filter:            5166  (0.1358); expected (0.06)
Windows   passing  local HMM Viterbi       filter:             891  (0.02421); expected (0.02)
Windows   passing  local HMM Viterbi  bias filter:             675  (0.01834); expected (0.02)
Windows   passing  local HMM Forward       filter:              65  (0.001791); expected (0.0002)
Windows   passing  local HMM Forward  bias filter:              50  (0.001371); expected (0.0002)
Windows   passing glocal HMM Forward       filter:              31  (0.0009163); expected (0.0002)
Windows   passing glocal HMM Forward  bias filter:              31  (0.0009163); expected (0.0002)
Envelopes passing glocal HMM envelope defn filter:              33  (0.0006868); expected (0.0002)
Envelopes passing  local CM  CYK           filter:               4  (4.541e-05); expected (0.0001)
Total CM hits reported:                                          0  (0); includes 0 truncated hit(s)

# CPU time: 1.35u 0.06s 00:00:01.41 Elapsed: 00:00:00.23
//
Query:       istR  [CLEN=130]
Accession:   RF01400
Description: istR Hfq binding RNA
Hit scores:
 rank     E-value  score  bias  sequence  start    end   mdl trunc   gc  description
 ----   --------- ------ -----  -------- ------ ------   --- ----- ----  -----------

   [No hits detected that satisfy reporting thresholds]


Hit alignments:

   [No hits detected that satisfy reporting thresholds]


Internal CM pipeline statistics summary:
----------------------------------------
Query model(s):                                                  1  (130 consensus positions)
Target sequences:                                                1  (8214132 residues searched)
Target sequences re-searched for truncated hits:                 1  (648 residues re-searched)
Windows   passing  local HMM SSV           filter:            2726  (0.06355); expected (0.06)
Windows   passing  local HMM Viterbi       filter:             394  (0.009414); expected (0.02)
Windows   passing  local HMM Viterbi  bias filter:             385  (0.009194); expected (0.02)
Windows   passing  local HMM Forward       filter:               9  (0.0002326); expected (0.0002)
Windows   passing  local HMM Forward  bias filter:               9  (0.0002326); expected (0.0002)
Windows   passing glocal HMM Forward       filter:               6  (0.0001502); expected (0.0002)
Windows   passing glocal HMM Forward  bias filter:               6  (0.0001502); expected (0.0002)
Envelopes passing glocal HMM envelope defn filter:               6  (0.0001116); expected (0.0002)
Envelopes passing  local CM  CYK           filter:               0  (0); expected (0.0001)
Total CM hits reported:                                          0  (0); includes 0 truncated hit(s)

# CPU time: 0.29u 0.03s 00:00:00.31 Elapsed: 00:00:00.05
//
Query:       RatA  [CLEN=90]
Accession:   RF01776
Description: RNA anti-toxin A
Hit scores:
 rank     E-value  score  bias  sequence  start    end   mdl trunc   gc  description
 ----   --------- ------ -----  -------- ------ ------   --- ----- ----  -----------

   [No hits detected that satisfy reporting thresholds]


Hit alignments:

   [No hits detected that satisfy reporting thresholds]


Internal CM pipeline statistics summary:
----------------------------------------
Query model(s):                                                  1  (90 consensus positions)
Target sequences:                                                1  (8214132 residues searched)
Target sequences re-searched for truncated hits:                 1  (448 residues re-searched)
Windows   passing  local HMM SSV           filter:            9791  (0.1623); expected (0.06)
Windows   passing  local HMM Viterbi       filter:            1734  (0.03007); expected (0.02)
Windows   passing  local HMM Viterbi  bias filter:            1022  (0.01751); expected (0.02)
Windows   passing  local HMM Forward       filter:              85  (0.001543); expected (0.0002)
Windows   passing  local HMM Forward  bias filter:              44  (0.0008087); expected (0.0002)
Windows   passing glocal HMM Forward       filter:              41  (0.000772); expected (0.0002)
Windows   passing glocal HMM Forward  bias filter:              40  (0.0007561); expected (0.0002)
Envelopes passing glocal HMM envelope defn filter:              41  (0.000545); expected (0.0002)
Envelopes passing  local CM  CYK           filter:               5  (5.442e-05); expected (0.0001)
Total CM hits reported:                                          0  (0); includes 0 truncated hit(s)

# CPU time: 0.77u 0.05s 00:00:00.82 Elapsed: 00:00:00.09
//
Query:       sok  [CLEN=157]
Accession:   RF01794
Description: sok antitoxin (CssrC)
Hit scores:
 rank     E-value  score  bias  sequence  start    end   mdl trunc   gc  description
 ----   --------- ------ -----  -------- ------ ------   --- ----- ----  -----------

   [No hits detected that satisfy reporting thresholds]


Hit alignments:

   [No hits detected that satisfy reporting thresholds]


Internal CM pipeline statistics summary:
----------------------------------------
Query model(s):                                                  1  (157 consensus positions)
Target sequences:                                                1  (8214132 residues searched)
Target sequences re-searched for truncated hits:                 1  (1184 residues re-searched)
Windows   passing  local HMM SSV           filter:            2851  (0.1171); expected (0.06)
Windows   passing  local HMM Viterbi       filter:             507  (0.02148); expected (0.02)
Windows   passing  local HMM Viterbi  bias filter:             457  (0.0194); expected (0.02)
Windows   passing  local HMM Forward       filter:              21  (0.0009539); expected (0.0002)
Windows   passing  local HMM Forward  bias filter:              21  (0.0009539); expected (0.0002)
Windows   passing glocal HMM Forward       filter:              13  (0.0006073); expected (0.0002)
Windows   passing glocal HMM Forward  bias filter:              13  (0.0006073); expected (0.0002)
Envelopes passing glocal HMM envelope defn filter:              13  (0.0002909); expected (0.0002)
Envelopes passing  local CM  CYK           filter:               3  (2.751e-05); expected (0.0001)
Total CM hits reported:                                          0  (0); includes 0 truncated hit(s)

# CPU time: 0.85u 0.03s 00:00:00.88 Elapsed: 00:00:00.18
//
Query:       fstAT  [CLEN=94]
Accession:   RF01797
Description: Fst antitoxin sRNA
Hit scores:
 rank     E-value  score  bias  sequence  start    end   mdl trunc   gc  description
 ----   --------- ------ -----  -------- ------ ------   --- ----- ----  -----------

   [No hits detected that satisfy reporting thresholds]


Hit alignments:

   [No hits detected that satisfy reporting thresholds]


Internal CM pipeline statistics summary:
----------------------------------------
Query model(s):                                                  1  (94 consensus positions)
Target sequences:                                                1  (8214132 residues searched)
Target sequences re-searched for truncated hits:                 1  (496 residues re-searched)
Windows   passing  local HMM SSV           filter:            9195  (0.1683); expected (0.06)
Windows   passing  local HMM Viterbi       filter:            1563  (0.02976); expected (0.02)
Windows   passing  local HMM Viterbi  bias filter:            1206  (0.02288); expected (0.02)
Windows   passing  local HMM Forward       filter:             101  (0.002144); expected (0.0002)
Windows   passing  local HMM Forward  bias filter:              76  (0.001617); expected (0.0002)
Windows   passing glocal HMM Forward       filter:              45  (0.0009588); expected (0.0002)
Windows   passing glocal HMM Forward  bias filter:              41  (0.0008637); expected (0.0002)
Envelopes passing glocal HMM envelope defn filter:              40  (0.000561); expected (0.0002)
Envelopes passing  local CM  CYK           filter:               9  (0.0001038); expected (0.0001)
Total CM hits reported:                                          0  (0); includes 0 truncated hit(s)

# CPU time: 0.81u 0.01s 00:00:00.82 Elapsed: 00:00:00.10
//
Query:       symR  [CLEN=77]
Accession:   RF01809
Description: SymR antitoxin
Hit scores:
 rank     E-value  score  bias  sequence  start    end   mdl trunc   gc  description
 ----   --------- ------ -----  -------- ------ ------   --- ----- ----  -----------

   [No hits detected that satisfy reporting thresholds]


Hit alignments:

   [No hits detected that satisfy reporting thresholds]


Internal CM pipeline statistics summary:
----------------------------------------
Query model(s):                                                  1  (77 consensus positions)
Target sequences:                                                1  (8214132 residues searched)
Target sequences re-searched for truncated hits:                 1  (384 residues re-searched)
Windows   passing  local HMM SSV           filter:            6758  (0.09573); expected (0.06)
Windows   passing  local HMM Viterbi       filter:            1581  (0.02274); expected (0.02)
Windows   passing  local HMM Viterbi  bias filter:            1482  (0.02131); expected (0.02)
Windows   passing  local HMM Forward       filter:              38  (0.0005864); expected (0.0002)
Windows   passing  local HMM Forward  bias filter:              36  (0.0005498); expected (0.0002)
Windows   passing glocal HMM Forward       filter:              27  (0.0004046); expected (0.0002)
Windows   passing glocal HMM Forward  bias filter:              27  (0.0004046); expected (0.0002)
Envelopes passing glocal HMM envelope defn filter:              27  (0.0003105); expected (0.0002)
Envelopes passing  local CM  CYK           filter:               2  (1.315e-05); expected (0.0001)
Total CM hits reported:                                          0  (0); includes 0 truncated hit(s)

# CPU time: 0.37u 0.01s 00:00:00.38 Elapsed: 00:00:00.05
//
Query:       PtaRNA1  [CLEN=72]
Accession:   RF01811
Description: Plasmid transferred anti-sense RNA
Hit scores:
 rank     E-value  score  bias  sequence  start    end   mdl trunc   gc  description
 ----   --------- ------ -----  -------- ------ ------   --- ----- ----  -----------

   [No hits detected that satisfy reporting thresholds]


Hit alignments:

   [No hits detected that satisfy reporting thresholds]


Internal CM pipeline statistics summary:
----------------------------------------
Query model(s):                                                  1  (72 consensus positions)
Target sequences:                                                1  (8214132 residues searched)
Target sequences re-searched for truncated hits:                 1  (360 residues re-searched)
Windows   passing  local HMM SSV           filter:            4605  (0.06113); expected (0.06)
Windows   passing  local HMM Viterbi       filter:            1284  (0.01726); expected (0.02)
Windows   passing  local HMM Viterbi  bias filter:            1211  (0.01629); expected (0.02)
Windows   passing  local HMM Forward       filter:              17  (0.0002474); expected (0.0002)
Windows   passing  local HMM Forward  bias filter:              12  (0.0001782); expected (0.0002)
Windows   passing glocal HMM Forward       filter:               7  (9.666e-05); expected (0.0002)
Windows   passing glocal HMM Forward  bias filter:               7  (9.666e-05); expected (0.0002)
Envelopes passing glocal HMM envelope defn filter:               7  (7.122e-05); expected (0.0002)
Envelopes passing  local CM  CYK           filter:               2  (1.692e-05); expected (0.0001)
Total CM hits reported:                                          0  (0); includes 0 truncated hit(s)

# CPU time: 0.24u 0.01s 00:00:00.25 Elapsed: 00:00:00.03
//
Query:       rdlD  [CLEN=66]
Accession:   RF01813
Description: rdlD antitoxin
Hit scores:
 rank     E-value  score  bias  sequence  start    end   mdl trunc   gc  description
 ----   --------- ------ -----  -------- ------ ------   --- ----- ----  -----------

   [No hits detected that satisfy reporting thresholds]


Hit alignments:

   [No hits detected that satisfy reporting thresholds]


Internal CM pipeline statistics summary:
----------------------------------------
Query model(s):                                                  1  (66 consensus positions)
Target sequences:                                                1  (8214132 residues searched)
Target sequences re-searched for truncated hits:                 1  (328 residues re-searched)
Windows   passing  local HMM SSV           filter:            4929  (0.06001); expected (0.06)
Windows   passing  local HMM Viterbi       filter:            1271  (0.01557); expected (0.02)
Windows   passing  local HMM Viterbi  bias filter:            1119  (0.0137); expected (0.02)
Windows   passing  local HMM Forward       filter:              27  (0.0003472); expected (0.0002)
Windows   passing  local HMM Forward  bias filter:              23  (0.0002948); expected (0.0002)
Windows   passing glocal HMM Forward       filter:               9  (0.000125); expected (0.0002)
Windows   passing glocal HMM Forward  bias filter:               9  (0.000125); expected (0.0002)
Envelopes passing glocal HMM envelope defn filter:               8  (7.706e-05); expected (0.0002)
Envelopes passing  local CM  CYK           filter:               3  (2.155e-05); expected (0.0001)
Total CM hits reported:                                          0  (0); includes 0 truncated hit(s)

# CPU time: 0.23u 0.00s 00:00:00.23 Elapsed: 00:00:00.04
//
Query:       OrzO-P  [CLEN=76]
Accession:   RF02083
Description: OrzO-P RNA antitoxin family
Hit scores:
 rank     E-value  score  bias  sequence  start    end   mdl trunc   gc  description
 ----   --------- ------ -----  -------- ------ ------   --- ----- ----  -----------

   [No hits detected that satisfy reporting thresholds]


Hit alignments:

   [No hits detected that satisfy reporting thresholds]


Internal CM pipeline statistics summary:
----------------------------------------
Query model(s):                                                  1  (76 consensus positions)
Target sequences:                                                1  (8214132 residues searched)
Target sequences re-searched for truncated hits:                 1  (380 residues re-searched)
Windows   passing  local HMM SSV           filter:            9171  (0.1289); expected (0.06)
Windows   passing  local HMM Viterbi       filter:            2825  (0.04084); expected (0.02)
Windows   passing  local HMM Viterbi  bias filter:            2323  (0.03365); expected (0.02)
Windows   passing  local HMM Forward       filter:             168  (0.00271); expected (0.0002)
Windows   passing  local HMM Forward  bias filter:             132  (0.002123); expected (0.0002)
Windows   passing glocal HMM Forward       filter:             100  (0.001661); expected (0.0002)
Windows   passing glocal HMM Forward  bias filter:              98  (0.001626); expected (0.0002)
Envelopes passing glocal HMM envelope defn filter:              97  (0.001082); expected (0.0002)
Envelopes passing  local CM  CYK           filter:              67  (0.0006954); expected (0.0001)
Total CM hits reported:                                          0  (0); includes 0 truncated hit(s)

# CPU time: 1.69u 0.00s 00:00:01.69 Elapsed: 00:00:00.19
//
Query:       ohsC_RNA  [CLEN=77]
Accession:   RF02495
Description: Oppression of Hydrophobic ORF by sRNA
Hit scores:
 rank     E-value  score  bias  sequence  start    end   mdl trunc   gc  description
 ----   --------- ------ -----  -------- ------ ------   --- ----- ----  -----------

   [No hits detected that satisfy reporting thresholds]


Hit alignments:

   [No hits detected that satisfy reporting thresholds]


Internal CM pipeline statistics summary:
----------------------------------------
Query model(s):                                                  1  (77 consensus positions)
Target sequences:                                                1  (8214132 residues searched)
Target sequences re-searched for truncated hits:                 1  (384 residues re-searched)
Windows   passing  local HMM SSV           filter:            8254  (0.1172); expected (0.06)
Windows   passing  local HMM Viterbi       filter:            2222  (0.03226); expected (0.02)
Windows   passing  local HMM Viterbi  bias filter:            1832  (0.02661); expected (0.02)
Windows   passing  local HMM Forward       filter:             123  (0.001923); expected (0.0002)
Windows   passing  local HMM Forward  bias filter:              92  (0.001407); expected (0.0002)
Windows   passing glocal HMM Forward       filter:              64  (0.001018); expected (0.0002)
Windows   passing glocal HMM Forward  bias filter:              62  (0.0009809); expected (0.0002)
Envelopes passing glocal HMM envelope defn filter:              62  (0.0007022); expected (0.0002)
Envelopes passing  local CM  CYK           filter:              25  (0.0002575); expected (0.0001)
Total CM hits reported:                                          0  (0); includes 0 truncated hit(s)

# CPU time: 0.84u 0.02s 00:00:00.86 Elapsed: 00:00:00.12
//
Query:       ToxI  [CLEN=34]
Accession:   RF02519
Description: ToxI antitoxin
Hit scores:
 rank     E-value  score  bias  sequence  start    end   mdl trunc   gc  description
 ----   --------- ------ -----  -------- ------ ------   --- ----- ----  -----------

   [No hits detected that satisfy reporting thresholds]


Hit alignments:

   [No hits detected that satisfy reporting thresholds]


Internal CM pipeline statistics summary:
----------------------------------------
Query model(s):                                                  1  (34 consensus positions)
Target sequences:                                                1  (8214132 residues searched)
Target sequences re-searched for truncated hits:                 1  (192 residues re-searched)
Windows   passing  local HMM SSV           filter:            6858  (0.04926); expected (0.06)
Windows   passing  local HMM Viterbi       filter:            1115  (0.008023); expected (0.02)
Windows   passing  local HMM Viterbi  bias filter:            1000  (0.007193); expected (0.02)
Windows   passing  local HMM Forward       filter:              14  (0.000108); expected (0.0002)
Windows   passing  local HMM Forward  bias filter:               9  (6.927e-05); expected (0.0002)
Windows   passing glocal HMM Forward       filter:               6  (4.894e-05); expected (0.0002)
Windows   passing glocal HMM Forward  bias filter:               6  (4.894e-05); expected (0.0002)
Envelopes passing glocal HMM envelope defn filter:               6  (2.885e-05); expected (0.0002)
Envelopes passing  local CM  CYK           filter:               4  (1.997e-05); expected (0.0001)
Total CM hits reported:                                          0  (0); includes 0 truncated hit(s)

# CPU time: 0.11u 0.00s 00:00:00.11 Elapsed: 00:00:00.02
//
[ok]
