# cmsearch :: search CM(s) against a sequence database
# INFERNAL 1.1.4 (Dec 2020)
# Copyright (C) 2020 Howard Hughes Medical Institute.
# Freely distributed under the BSD open source license.
# - - - - - - - - - - - - - - - - - - - - - - - - - - - - - - - - - - - -
# query CM file:                         cms/Intron.cm
# target sequence database:              genomes/PS-30.fas
# output directed to file:               sequences/PS-30/Intron.out
# tabular output of hits:                sequences/PS-30/Intron.tblout
# model-specific thresholding:           GA cutoffs
# Rfam pipeline mode:                    on [strict filtering]
# HMM-only mode for 0 basepair models:   no
# number of worker threads:              12
# - - - - - - - - - - - - - - - - - - - - - - - - - - - - - - - - - - - -

Query:       Intron_gpI  [CLEN=251]
Accession:   RF00028
Description: Group I catalytic intron
Hit scores:
 rank     E-value  score  bias  sequence  start    end   mdl trunc   gc  description
 ----   --------- ------ -----  -------- ------ ------   --- ----- ----  -----------

   [No hits detected that satisfy reporting thresholds]


Hit alignments:

   [No hits detected that satisfy reporting thresholds]


Internal CM pipeline statistics summary:
----------------------------------------
Query model(s):                                                  1  (251 consensus positions)
Target sequences:                                                1  (8214132 residues searched)
Target sequences re-searched for truncated hits:                 1  (5324 residues re-searched)
Windows   passing  local HMM SSV           filter:            1422  (0.2621); expected (0.06)
Windows   passing  local HMM Viterbi       filter:              93  (0.01915); expected (0.02)
Windows   passing  local HMM Viterbi  bias filter:              29  (0.005431); expected (0.02)
Windows   passing  local HMM Forward       filter:               9  (0.001909); expected (0.0002)
Windows   passing  local HMM Forward  bias filter:               6  (0.001321); expected (0.0002)
Windows   passing glocal HMM Forward       filter:               6  (0.001321); expected (0.0002)
Windows   passing glocal HMM Forward  bias filter:               6  (0.001321); expected (0.0002)
Envelopes passing glocal HMM envelope defn filter:               6  (0.0004184); expected (0.0002)
Envelopes passing  local CM  CYK           filter:               1  (7.421e-06); expected (0.0001)
Total CM hits reported:                                          0  (0); includes 0 truncated hit(s)

# CPU time: 3.61u 0.45s 00:00:04.05 Elapsed: 00:00:01.07
//
Query:       Intron_gpII  [CLEN=93]
Accession:   RF00029
Description: Group II catalytic intron
Hit scores:
 rank     E-value  score  bias  sequence  start    end   mdl trunc   gc  description
 ----   --------- ------ -----  -------- ------ ------   --- ----- ----  -----------

   [No hits detected that satisfy reporting thresholds]


Hit alignments:

   [No hits detected that satisfy reporting thresholds]


Internal CM pipeline statistics summary:
----------------------------------------
Query model(s):                                                  1  (93 consensus positions)
Target sequences:                                                1  (8214132 residues searched)
Target sequences re-searched for truncated hits:                 1  (2048 residues re-searched)
Windows   passing  local HMM SSV           filter:            1084  (0.06729); expected (0.06)
Windows   passing  local HMM Viterbi       filter:             212  (0.01458); expected (0.02)
Windows   passing  local HMM Viterbi  bias filter:             207  (0.01424); expected (0.02)
Windows   passing  local HMM Forward       filter:               1  (5.55e-05); expected (0.0002)
Windows   passing  local HMM Forward  bias filter:               1  (5.55e-05); expected (0.0002)
Windows   passing glocal HMM Forward       filter:               0  (0); expected (0.0002)
Windows   passing glocal HMM Forward  bias filter:               0  (0); expected (0.0002)
Envelopes passing glocal HMM envelope defn filter:               0  (0); expected (0.0002)
Envelopes passing  local CM  CYK           filter:               0  (0); expected (0.0001)
Total CM hits reported:                                          0  (0); includes 0 truncated hit(s)

# CPU time: 0.19u 0.02s 00:00:00.21 Elapsed: 00:00:00.03
//
Query:       group-II-D1D4-1  [CLEN=84]
Accession:   RF01998
Description: Group II catalytic intron D1-D4-1
Hit scores:
 rank     E-value  score  bias  sequence  start    end   mdl trunc   gc  description
 ----   --------- ------ -----  -------- ------ ------   --- ----- ----  -----------

   [No hits detected that satisfy reporting thresholds]


Hit alignments:

   [No hits detected that satisfy reporting thresholds]


Internal CM pipeline statistics summary:
----------------------------------------
Query model(s):                                                  1  (84 consensus positions)
Target sequences:                                                1  (8214132 residues searched)
Target sequences re-searched for truncated hits:                 1  (756 residues re-searched)
Windows   passing  local HMM SSV           filter:            3240  (0.08536); expected (0.06)
Windows   passing  local HMM Viterbi       filter:             724  (0.01968); expected (0.02)
Windows   passing  local HMM Viterbi  bias filter:             646  (0.01754); expected (0.02)
Windows   passing  local HMM Forward       filter:               8  (0.0001953); expected (0.0002)
Windows   passing  local HMM Forward  bias filter:               6  (0.0001395); expected (0.0002)
Windows   passing glocal HMM Forward       filter:               5  (0.0001138); expected (0.0002)
Windows   passing glocal HMM Forward  bias filter:               5  (0.0001138); expected (0.0002)
Envelopes passing glocal HMM envelope defn filter:               5  (6.768e-05); expected (0.0002)
Envelopes passing  local CM  CYK           filter:               2  (1.619e-05); expected (0.0001)
Total CM hits reported:                                          0  (0); includes 0 truncated hit(s)

# CPU time: 0.26u 0.00s 00:00:00.26 Elapsed: 00:00:00.04
//
Query:       group-II-D1D4-2  [CLEN=118]
Accession:   RF01999
Description: Group II catalytic intron D1-D4-2
Hit scores:
 rank     E-value  score  bias  sequence  start    end   mdl trunc   gc  description
 ----   --------- ------ -----  -------- ------ ------   --- ----- ----  -----------

   [No hits detected that satisfy reporting thresholds]


Hit alignments:

   [No hits detected that satisfy reporting thresholds]


Internal CM pipeline statistics summary:
----------------------------------------
Query model(s):                                                  1  (118 consensus positions)
Target sequences:                                                1  (8214132 residues searched)
Target sequences re-searched for truncated hits:                 1  (632 residues re-searched)
Windows   passing  local HMM SSV           filter:            3656  (0.08378); expected (0.06)
Windows   passing  local HMM Viterbi       filter:             659  (0.01526); expected (0.02)
Windows   passing  local HMM Viterbi  bias filter:             625  (0.01444); expected (0.02)
Windows   passing  local HMM Forward       filter:              21  (0.000539); expected (0.0002)
Windows   passing  local HMM Forward  bias filter:              17  (0.0004235); expected (0.0002)
Windows   passing glocal HMM Forward       filter:              14  (0.0003267); expected (0.0002)
Windows   passing glocal HMM Forward  bias filter:              14  (0.0003267); expected (0.0002)
Envelopes passing glocal HMM envelope defn filter:              13  (0.0002077); expected (0.0002)
Envelopes passing  local CM  CYK           filter:               0  (0); expected (0.0001)
Total CM hits reported:                                          0  (0); includes 0 truncated hit(s)

# CPU time: 0.43u 0.01s 00:00:00.44 Elapsed: 00:00:00.06
//
Query:       group-II-D1D4-3  [CLEN=171]
Accession:   RF02001
Description: Group II catalytic intron D1-D4-3
Hit scores:
 rank     E-value  score  bias  sequence  start    end   mdl trunc   gc  description
 ----   --------- ------ -----  -------- ------ ------   --- ----- ----  -----------

   [No hits detected that satisfy reporting thresholds]


Hit alignments:

   [No hits detected that satisfy reporting thresholds]


Internal CM pipeline statistics summary:
----------------------------------------
Query model(s):                                                  1  (171 consensus positions)
Target sequences:                                                1  (8214132 residues searched)
Target sequences re-searched for truncated hits:                 1  (1268 residues re-searched)
Windows   passing  local HMM SSV           filter:            2554  (0.1127); expected (0.06)
Windows   passing  local HMM Viterbi       filter:             641  (0.0297); expected (0.02)
Windows   passing  local HMM Viterbi  bias filter:             383  (0.01766); expected (0.02)
Windows   passing  local HMM Forward       filter:              34  (0.001721); expected (0.0002)
Windows   passing  local HMM Forward  bias filter:              19  (0.000936); expected (0.0002)
Windows   passing glocal HMM Forward       filter:              16  (0.000792); expected (0.0002)
Windows   passing glocal HMM Forward  bias filter:              16  (0.000792); expected (0.0002)
Envelopes passing glocal HMM envelope defn filter:              16  (0.0004381); expected (0.0002)
Envelopes passing  local CM  CYK           filter:               7  (0.0001273); expected (0.0001)
Total CM hits reported:                                          0  (0); includes 0 truncated hit(s)

# CPU time: 1.59u 0.14s 00:00:01.73 Elapsed: 00:00:00.35
//
Query:       group-II-D1D4-4  [CLEN=138]
Accession:   RF02003
Description: Group II catalytic intron D1-D4-4
Hit scores:
 rank     E-value  score  bias  sequence  start    end   mdl trunc   gc  description
 ----   --------- ------ -----  -------- ------ ------   --- ----- ----  -----------

   [No hits detected that satisfy reporting thresholds]


Hit alignments:

   [No hits detected that satisfy reporting thresholds]


Internal CM pipeline statistics summary:
----------------------------------------
Query model(s):                                                  1  (138 consensus positions)
Target sequences:                                                1  (8214132 residues searched)
Target sequences re-searched for truncated hits:                 1  (1460 residues re-searched)
Windows   passing  local HMM SSV           filter:            1515  (0.07255); expected (0.06)
Windows   passing  local HMM Viterbi       filter:             157  (0.0079); expected (0.02)
Windows   passing  local HMM Viterbi  bias filter:             136  (0.006836); expected (0.02)
Windows   passing  local HMM Forward       filter:               4  (0.0001929); expected (0.0002)
Windows   passing  local HMM Forward  bias filter:               2  (0.0001002); expected (0.0002)
Windows   passing glocal HMM Forward       filter:               1  (5.149e-05); expected (0.0002)
Windows   passing glocal HMM Forward  bias filter:               1  (5.149e-05); expected (0.0002)
Envelopes passing glocal HMM envelope defn filter:               1  (1.595e-05); expected (0.0002)
Envelopes passing  local CM  CYK           filter:               1  (1.521e-05); expected (0.0001)
Total CM hits reported:                                          0  (0); includes 0 truncated hit(s)

# CPU time: 0.29u 0.00s 00:00:00.28 Elapsed: 00:00:00.06
//
Query:       group-II-D1D4-5  [CLEN=201]
Accession:   RF02004
Description: Group II catalytic intron D1-D4-5
Hit scores:
 rank     E-value  score  bias  sequence  start    end   mdl trunc   gc  description
 ----   --------- ------ -----  -------- ------ ------   --- ----- ----  -----------

   [No hits detected that satisfy reporting thresholds]


Hit alignments:

   [No hits detected that satisfy reporting thresholds]


Internal CM pipeline statistics summary:
----------------------------------------
Query model(s):                                                  1  (201 consensus positions)
Target sequences:                                                1  (8214132 residues searched)
Target sequences re-searched for truncated hits:                 1  (1116 residues re-searched)
Windows   passing  local HMM SSV           filter:            3006  (0.1214); expected (0.06)
Windows   passing  local HMM Viterbi       filter:             459  (0.01916); expected (0.02)
Windows   passing  local HMM Viterbi  bias filter:             292  (0.01216); expected (0.02)
Windows   passing  local HMM Forward       filter:              15  (0.0006562); expected (0.0002)
Windows   passing  local HMM Forward  bias filter:              11  (0.0004779); expected (0.0002)
Windows   passing glocal HMM Forward       filter:               7  (0.0002868); expected (0.0002)
Windows   passing glocal HMM Forward  bias filter:               7  (0.0002868); expected (0.0002)
Envelopes passing glocal HMM envelope defn filter:               7  (0.0001907); expected (0.0002)
Envelopes passing  local CM  CYK           filter:               1  (2.958e-05); expected (0.0001)
Total CM hits reported:                                          0  (0); includes 0 truncated hit(s)

# CPU time: 0.94u 0.02s 00:00:00.96 Elapsed: 00:00:00.26
//
Query:       group-II-D1D4-6  [CLEN=225]
Accession:   RF02005
Description: Group II catalytic intron D1-D4-6
Hit scores:
 rank     E-value  score  bias  sequence  start    end   mdl trunc   gc  description
 ----   --------- ------ -----  -------- ------ ------   --- ----- ----  -----------

   [No hits detected that satisfy reporting thresholds]


Hit alignments:

   [No hits detected that satisfy reporting thresholds]


Internal CM pipeline statistics summary:
----------------------------------------
Query model(s):                                                  1  (225 consensus positions)
Target sequences:                                                1  (8214132 residues searched)
Target sequences re-searched for truncated hits:                 1  (1460 residues re-searched)
Windows   passing  local HMM SSV           filter:            1182  (0.06059); expected (0.06)
Windows   passing  local HMM Viterbi       filter:             163  (0.008471); expected (0.02)
Windows   passing  local HMM Viterbi  bias filter:             138  (0.007141); expected (0.02)
Windows   passing  local HMM Forward       filter:              10  (0.0005434); expected (0.0002)
Windows   passing  local HMM Forward  bias filter:               6  (0.0003017); expected (0.0002)
Windows   passing glocal HMM Forward       filter:               4  (0.0002033); expected (0.0002)
Windows   passing glocal HMM Forward  bias filter:               4  (0.0002033); expected (0.0002)
Envelopes passing glocal HMM envelope defn filter:               4  (0.0001211); expected (0.0002)
Envelopes passing  local CM  CYK           filter:               0  (0); expected (0.0001)
Total CM hits reported:                                          0  (0); includes 0 truncated hit(s)

# CPU time: 0.59u 0.03s 00:00:00.62 Elapsed: 00:00:00.13
//
Query:       group-II-D1D4-7  [CLEN=148]
Accession:   RF02012
Description: Group II catalytic intron D1-D4-7
Hit scores:
 rank     E-value  score  bias  sequence  start    end   mdl trunc   gc  description
 ----   --------- ------ -----  -------- ------ ------   --- ----- ----  -----------

   [No hits detected that satisfy reporting thresholds]


Hit alignments:

   [No hits detected that satisfy reporting thresholds]


Internal CM pipeline statistics summary:
----------------------------------------
Query model(s):                                                  1  (148 consensus positions)
Target sequences:                                                1  (8214132 residues searched)
Target sequences re-searched for truncated hits:                 1  (1040 residues re-searched)
Windows   passing  local HMM SSV           filter:            2613  (0.09423); expected (0.06)
Windows   passing  local HMM Viterbi       filter:             299  (0.01112); expected (0.02)
Windows   passing  local HMM Viterbi  bias filter:             268  (0.009973); expected (0.02)
Windows   passing  local HMM Forward       filter:              10  (0.0003748); expected (0.0002)
Windows   passing  local HMM Forward  bias filter:               9  (0.0003296); expected (0.0002)
Windows   passing glocal HMM Forward       filter:               7  (0.0002928); expected (0.0002)
Windows   passing glocal HMM Forward  bias filter:               7  (0.0002928); expected (0.0002)
Envelopes passing glocal HMM envelope defn filter:               6  (0.0001233); expected (0.0002)
Envelopes passing  local CM  CYK           filter:               2  (9.373e-06); expected (0.0001)
Total CM hits reported:                                          0  (0); includes 0 truncated hit(s)

# CPU time: 0.48u 0.00s 00:00:00.48 Elapsed: 00:00:00.09
//
[ok]
