# cmsearch :: search CM(s) against a sequence database
# INFERNAL 1.1.4 (Dec 2020)
# Copyright (C) 2020 Howard Hughes Medical Institute.
# Freely distributed under the BSD open source license.
# - - - - - - - - - - - - - - - - - - - - - - - - - - - - - - - - - - - -
# query CM file:                         cms/antitoxin.cm
# target sequence database:              genomes/PS-18.fas
# output directed to file:               sequences/PS-18/antitoxin.out
# tabular output of hits:                sequences/PS-18/antitoxin.tblout
# model-specific thresholding:           GA cutoffs
# Rfam pipeline mode:                    on [strict filtering]
# HMM-only mode for 0 basepair models:   no
# number of worker threads:              12
# - - - - - - - - - - - - - - - - - - - - - - - - - - - - - - - - - - - -

Query:       SIB_RNA  [CLEN=147]
Accession:   RF00113
Description: Short Intergenic Abundant RNA
Hit scores:
 rank     E-value  score  bias  sequence  start    end   mdl trunc   gc  description
 ----   --------- ------ -----  -------- ------ ------   --- ----- ----  -----------

   [No hits detected that satisfy reporting thresholds]


Hit alignments:

   [No hits detected that satisfy reporting thresholds]


Internal CM pipeline statistics summary:
----------------------------------------
Query model(s):                                                  1  (147 consensus positions)
Target sequences:                                                1  (8297884 residues searched)
Target sequences re-searched for truncated hits:                 1  (732 residues re-searched)
Windows   passing  local HMM SSV           filter:            5232  (0.1362); expected (0.06)
Windows   passing  local HMM Viterbi       filter:             905  (0.02436); expected (0.02)
Windows   passing  local HMM Viterbi  bias filter:             688  (0.0185); expected (0.02)
Windows   passing  local HMM Forward       filter:              68  (0.001854); expected (0.0002)
Windows   passing  local HMM Forward  bias filter:              52  (0.001412); expected (0.0002)
Windows   passing glocal HMM Forward       filter:              31  (0.000907); expected (0.0002)
Windows   passing glocal HMM Forward  bias filter:              31  (0.000907); expected (0.0002)
Envelopes passing glocal HMM envelope defn filter:              33  (0.0006799); expected (0.0002)
Envelopes passing  local CM  CYK           filter:               4  (4.495e-05); expected (0.0001)
Total CM hits reported:                                          0  (0); includes 0 truncated hit(s)

# CPU time: 1.33u 0.08s 00:00:01.41 Elapsed: 00:00:00.23
//
Query:       istR  [CLEN=130]
Accession:   RF01400
Description: istR Hfq binding RNA
Hit scores:
 rank     E-value  score  bias  sequence  start    end   mdl trunc   gc  description
 ----   --------- ------ -----  -------- ------ ------   --- ----- ----  -----------

   [No hits detected that satisfy reporting thresholds]


Hit alignments:

   [No hits detected that satisfy reporting thresholds]


Internal CM pipeline statistics summary:
----------------------------------------
Query model(s):                                                  1  (130 consensus positions)
Target sequences:                                                1  (8297884 residues searched)
Target sequences re-searched for truncated hits:                 1  (648 residues re-searched)
Windows   passing  local HMM SSV           filter:            2752  (0.06355); expected (0.06)
Windows   passing  local HMM Viterbi       filter:             395  (0.009342); expected (0.02)
Windows   passing  local HMM Viterbi  bias filter:             386  (0.009124); expected (0.02)
Windows   passing  local HMM Forward       filter:               9  (0.0002303); expected (0.0002)
Windows   passing  local HMM Forward  bias filter:               9  (0.0002303); expected (0.0002)
Windows   passing glocal HMM Forward       filter:               6  (0.0001487); expected (0.0002)
Windows   passing glocal HMM Forward  bias filter:               6  (0.0001487); expected (0.0002)
Envelopes passing glocal HMM envelope defn filter:               6  (0.0001105); expected (0.0002)
Envelopes passing  local CM  CYK           filter:               0  (0); expected (0.0001)
Total CM hits reported:                                          0  (0); includes 0 truncated hit(s)

# CPU time: 0.30u 0.03s 00:00:00.32 Elapsed: 00:00:00.05
//
Query:       RatA  [CLEN=90]
Accession:   RF01776
Description: RNA anti-toxin A
Hit scores:
 rank     E-value  score  bias  sequence  start    end   mdl trunc   gc  description
 ----   --------- ------ -----  -------- ------ ------   --- ----- ----  -----------

   [No hits detected that satisfy reporting thresholds]


Hit alignments:

   [No hits detected that satisfy reporting thresholds]


Internal CM pipeline statistics summary:
----------------------------------------
Query model(s):                                                  1  (90 consensus positions)
Target sequences:                                                1  (8297884 residues searched)
Target sequences re-searched for truncated hits:                 1  (448 residues re-searched)
Windows   passing  local HMM SSV           filter:            9906  (0.1625); expected (0.06)
Windows   passing  local HMM Viterbi       filter:            1745  (0.02994); expected (0.02)
Windows   passing  local HMM Viterbi  bias filter:            1030  (0.01744); expected (0.02)
Windows   passing  local HMM Forward       filter:              85  (0.001527); expected (0.0002)
Windows   passing  local HMM Forward  bias filter:              44  (0.0008005); expected (0.0002)
Windows   passing glocal HMM Forward       filter:              41  (0.0007642); expected (0.0002)
Windows   passing glocal HMM Forward  bias filter:              40  (0.0007485); expected (0.0002)
Envelopes passing glocal HMM envelope defn filter:              41  (0.0005395); expected (0.0002)
Envelopes passing  local CM  CYK           filter:               5  (5.387e-05); expected (0.0001)
Total CM hits reported:                                          0  (0); includes 0 truncated hit(s)

# CPU time: 0.75u 0.03s 00:00:00.78 Elapsed: 00:00:00.09
//
Query:       sok  [CLEN=157]
Accession:   RF01794
Description: sok antitoxin (CssrC)
Hit scores:
 rank     E-value  score  bias  sequence  start    end   mdl trunc   gc  description
 ----   --------- ------ -----  -------- ------ ------   --- ----- ----  -----------

   [No hits detected that satisfy reporting thresholds]


Hit alignments:

   [No hits detected that satisfy reporting thresholds]


Internal CM pipeline statistics summary:
----------------------------------------
Query model(s):                                                  1  (157 consensus positions)
Target sequences:                                                1  (8297884 residues searched)
Target sequences re-searched for truncated hits:                 1  (1184 residues re-searched)
Windows   passing  local HMM SSV           filter:            2871  (0.1166); expected (0.06)
Windows   passing  local HMM Viterbi       filter:             511  (0.02137); expected (0.02)
Windows   passing  local HMM Viterbi  bias filter:             459  (0.01923); expected (0.02)
Windows   passing  local HMM Forward       filter:              20  (0.0009089); expected (0.0002)
Windows   passing  local HMM Forward  bias filter:              20  (0.0009089); expected (0.0002)
Windows   passing glocal HMM Forward       filter:              13  (0.0006026); expected (0.0002)
Windows   passing glocal HMM Forward  bias filter:              13  (0.0006026); expected (0.0002)
Envelopes passing glocal HMM envelope defn filter:              13  (0.0002879); expected (0.0002)
Envelopes passing  local CM  CYK           filter:               2  (2.422e-05); expected (0.0001)
Total CM hits reported:                                          0  (0); includes 0 truncated hit(s)

# CPU time: 0.82u 0.05s 00:00:00.87 Elapsed: 00:00:00.16
//
Query:       fstAT  [CLEN=94]
Accession:   RF01797
Description: Fst antitoxin sRNA
Hit scores:
 rank     E-value  score  bias  sequence  start    end   mdl trunc   gc  description
 ----   --------- ------ -----  -------- ------ ------   --- ----- ----  -----------

   [No hits detected that satisfy reporting thresholds]


Hit alignments:

   [No hits detected that satisfy reporting thresholds]


Internal CM pipeline statistics summary:
----------------------------------------
Query model(s):                                                  1  (94 consensus positions)
Target sequences:                                                1  (8297884 residues searched)
Target sequences re-searched for truncated hits:                 1  (496 residues re-searched)
Windows   passing  local HMM SSV           filter:            9277  (0.1682); expected (0.06)
Windows   passing  local HMM Viterbi       filter:            1576  (0.02972); expected (0.02)
Windows   passing  local HMM Viterbi  bias filter:            1215  (0.0228); expected (0.02)
Windows   passing  local HMM Forward       filter:             101  (0.002122); expected (0.0002)
Windows   passing  local HMM Forward  bias filter:              76  (0.001601); expected (0.0002)
Windows   passing glocal HMM Forward       filter:              45  (0.0009491); expected (0.0002)
Windows   passing glocal HMM Forward  bias filter:              41  (0.000855); expected (0.0002)
Envelopes passing glocal HMM envelope defn filter:              40  (0.0005553); expected (0.0002)
Envelopes passing  local CM  CYK           filter:               9  (0.0001028); expected (0.0001)
Total CM hits reported:                                          0  (0); includes 0 truncated hit(s)

# CPU time: 0.75u 0.01s 00:00:00.76 Elapsed: 00:00:00.10
//
Query:       symR  [CLEN=77]
Accession:   RF01809
Description: SymR antitoxin
Hit scores:
 rank     E-value  score  bias  sequence  start    end   mdl trunc   gc  description
 ----   --------- ------ -----  -------- ------ ------   --- ----- ----  -----------

   [No hits detected that satisfy reporting thresholds]


Hit alignments:

   [No hits detected that satisfy reporting thresholds]


Internal CM pipeline statistics summary:
----------------------------------------
Query model(s):                                                  1  (77 consensus positions)
Target sequences:                                                1  (8297884 residues searched)
Target sequences re-searched for truncated hits:                 1  (384 residues re-searched)
Windows   passing  local HMM SSV           filter:            6828  (0.09573); expected (0.06)
Windows   passing  local HMM Viterbi       filter:            1594  (0.02269); expected (0.02)
Windows   passing  local HMM Viterbi  bias filter:            1495  (0.02127); expected (0.02)
Windows   passing  local HMM Forward       filter:              40  (0.0006055); expected (0.0002)
Windows   passing  local HMM Forward  bias filter:              38  (0.0005693); expected (0.0002)
Windows   passing glocal HMM Forward       filter:              27  (0.0004006); expected (0.0002)
Windows   passing glocal HMM Forward  bias filter:              27  (0.0004006); expected (0.0002)
Envelopes passing glocal HMM envelope defn filter:              27  (0.0003074); expected (0.0002)
Envelopes passing  local CM  CYK           filter:               2  (1.301e-05); expected (0.0001)
Total CM hits reported:                                          0  (0); includes 0 truncated hit(s)

# CPU time: 0.36u 0.00s 00:00:00.36 Elapsed: 00:00:00.04
//
Query:       PtaRNA1  [CLEN=72]
Accession:   RF01811
Description: Plasmid transferred anti-sense RNA
Hit scores:
 rank     E-value  score  bias  sequence  start    end   mdl trunc   gc  description
 ----   --------- ------ -----  -------- ------ ------   --- ----- ----  -----------

   [No hits detected that satisfy reporting thresholds]


Hit alignments:

   [No hits detected that satisfy reporting thresholds]


Internal CM pipeline statistics summary:
----------------------------------------
Query model(s):                                                  1  (72 consensus positions)
Target sequences:                                                1  (8297884 residues searched)
Target sequences re-searched for truncated hits:                 1  (360 residues re-searched)
Windows   passing  local HMM SSV           filter:            4645  (0.06106); expected (0.06)
Windows   passing  local HMM Viterbi       filter:            1288  (0.01714); expected (0.02)
Windows   passing  local HMM Viterbi  bias filter:            1216  (0.01619); expected (0.02)
Windows   passing  local HMM Forward       filter:              17  (0.0002449); expected (0.0002)
Windows   passing  local HMM Forward  bias filter:              12  (0.0001764); expected (0.0002)
Windows   passing glocal HMM Forward       filter:               7  (9.568e-05); expected (0.0002)
Windows   passing glocal HMM Forward  bias filter:               7  (9.568e-05); expected (0.0002)
Envelopes passing glocal HMM envelope defn filter:               7  (7.05e-05); expected (0.0002)
Envelopes passing  local CM  CYK           filter:               2  (1.675e-05); expected (0.0001)
Total CM hits reported:                                          0  (0); includes 0 truncated hit(s)

# CPU time: 0.22u 0.00s 00:00:00.22 Elapsed: 00:00:00.03
//
Query:       rdlD  [CLEN=66]
Accession:   RF01813
Description: rdlD antitoxin
Hit scores:
 rank     E-value  score  bias  sequence  start    end   mdl trunc   gc  description
 ----   --------- ------ -----  -------- ------ ------   --- ----- ----  -----------

   [No hits detected that satisfy reporting thresholds]


Hit alignments:

   [No hits detected that satisfy reporting thresholds]


Internal CM pipeline statistics summary:
----------------------------------------
Query model(s):                                                  1  (66 consensus positions)
Target sequences:                                                1  (8297884 residues searched)
Target sequences re-searched for truncated hits:                 1  (328 residues re-searched)
Windows   passing  local HMM SSV           filter:            4971  (0.05991); expected (0.06)
Windows   passing  local HMM Viterbi       filter:            1275  (0.01547); expected (0.02)
Windows   passing  local HMM Viterbi  bias filter:            1122  (0.0136); expected (0.02)
Windows   passing  local HMM Forward       filter:              27  (0.0003437); expected (0.0002)
Windows   passing  local HMM Forward  bias filter:              23  (0.0002919); expected (0.0002)
Windows   passing glocal HMM Forward       filter:               9  (0.0001238); expected (0.0002)
Windows   passing glocal HMM Forward  bias filter:               9  (0.0001238); expected (0.0002)
Envelopes passing glocal HMM envelope defn filter:               8  (7.628e-05); expected (0.0002)
Envelopes passing  local CM  CYK           filter:               3  (2.133e-05); expected (0.0001)
Total CM hits reported:                                          0  (0); includes 0 truncated hit(s)

# CPU time: 0.22u 0.00s 00:00:00.22 Elapsed: 00:00:00.04
//
Query:       OrzO-P  [CLEN=76]
Accession:   RF02083
Description: OrzO-P RNA antitoxin family
Hit scores:
 rank     E-value  score  bias  sequence  start    end   mdl trunc   gc  description
 ----   --------- ------ -----  -------- ------ ------   --- ----- ----  -----------

   [No hits detected that satisfy reporting thresholds]


Hit alignments:

   [No hits detected that satisfy reporting thresholds]


Internal CM pipeline statistics summary:
----------------------------------------
Query model(s):                                                  1  (76 consensus positions)
Target sequences:                                                1  (8297884 residues searched)
Target sequences re-searched for truncated hits:                 1  (380 residues re-searched)
Windows   passing  local HMM SSV           filter:            9269  (0.129); expected (0.06)
Windows   passing  local HMM Viterbi       filter:            2849  (0.04079); expected (0.02)
Windows   passing  local HMM Viterbi  bias filter:            2345  (0.03365); expected (0.02)
Windows   passing  local HMM Forward       filter:             169  (0.002696); expected (0.0002)
Windows   passing  local HMM Forward  bias filter:             135  (0.00216); expected (0.0002)
Windows   passing glocal HMM Forward       filter:             100  (0.001638); expected (0.0002)
Windows   passing glocal HMM Forward  bias filter:              98  (0.001603); expected (0.0002)
Envelopes passing glocal HMM envelope defn filter:              97  (0.001069); expected (0.0002)
Envelopes passing  local CM  CYK           filter:              68  (0.0006991); expected (0.0001)
Total CM hits reported:                                          0  (0); includes 0 truncated hit(s)

# CPU time: 1.72u 0.03s 00:00:01.75 Elapsed: 00:00:00.20
//
Query:       ohsC_RNA  [CLEN=77]
Accession:   RF02495
Description: Oppression of Hydrophobic ORF by sRNA
Hit scores:
 rank     E-value  score  bias  sequence  start    end   mdl trunc   gc  description
 ----   --------- ------ -----  -------- ------ ------   --- ----- ----  -----------

   [No hits detected that satisfy reporting thresholds]


Hit alignments:

   [No hits detected that satisfy reporting thresholds]


Internal CM pipeline statistics summary:
----------------------------------------
Query model(s):                                                  1  (77 consensus positions)
Target sequences:                                                1  (8297884 residues searched)
Target sequences re-searched for truncated hits:                 1  (384 residues re-searched)
Windows   passing  local HMM SSV           filter:            8358  (0.1175); expected (0.06)
Windows   passing  local HMM Viterbi       filter:            2261  (0.03247); expected (0.02)
Windows   passing  local HMM Viterbi  bias filter:            1865  (0.0268); expected (0.02)
Windows   passing  local HMM Forward       filter:             125  (0.001937); expected (0.0002)
Windows   passing  local HMM Forward  bias filter:              93  (0.001406); expected (0.0002)
Windows   passing glocal HMM Forward       filter:              65  (0.001022); expected (0.0002)
Windows   passing glocal HMM Forward  bias filter:              63  (0.0009851); expected (0.0002)
Envelopes passing glocal HMM envelope defn filter:              63  (0.0007059); expected (0.0002)
Envelopes passing  local CM  CYK           filter:              25  (0.0002549); expected (0.0001)
Total CM hits reported:                                          0  (0); includes 0 truncated hit(s)

# CPU time: 0.90u 0.02s 00:00:00.92 Elapsed: 00:00:00.12
//
Query:       ToxI  [CLEN=34]
Accession:   RF02519
Description: ToxI antitoxin
Hit scores:
 rank     E-value  score  bias  sequence  start    end   mdl trunc   gc  description
 ----   --------- ------ -----  -------- ------ ------   --- ----- ----  -----------

   [No hits detected that satisfy reporting thresholds]


Hit alignments:

   [No hits detected that satisfy reporting thresholds]


Internal CM pipeline statistics summary:
----------------------------------------
Query model(s):                                                  1  (34 consensus positions)
Target sequences:                                                1  (8297884 residues searched)
Target sequences re-searched for truncated hits:                 1  (192 residues re-searched)
Windows   passing  local HMM SSV           filter:            6937  (0.04935); expected (0.06)
Windows   passing  local HMM Viterbi       filter:            1121  (0.007994); expected (0.02)
Windows   passing  local HMM Viterbi  bias filter:            1007  (0.007175); expected (0.02)
Windows   passing  local HMM Forward       filter:              14  (0.0001069); expected (0.0002)
Windows   passing  local HMM Forward  bias filter:               9  (6.857e-05); expected (0.0002)
Windows   passing glocal HMM Forward       filter:               6  (4.844e-05); expected (0.0002)
Windows   passing glocal HMM Forward  bias filter:               6  (4.844e-05); expected (0.0002)
Envelopes passing glocal HMM envelope defn filter:               6  (2.856e-05); expected (0.0002)
Envelopes passing  local CM  CYK           filter:               4  (1.976e-05); expected (0.0001)
Total CM hits reported:                                          0  (0); includes 0 truncated hit(s)

# CPU time: 0.11u 0.00s 00:00:00.11 Elapsed: 00:00:00.02
//
[ok]
