# cmsearch :: search CM(s) against a sequence database
# INFERNAL 1.1.4 (Dec 2020)
# Copyright (C) 2020 Howard Hughes Medical Institute.
# Freely distributed under the BSD open source license.
# - - - - - - - - - - - - - - - - - - - - - - - - - - - - - - - - - - - -
# query CM file:                         cms/Intron.cm
# target sequence database:              genomes/PS-18.fas
# output directed to file:               sequences/PS-18/Intron.out
# tabular output of hits:                sequences/PS-18/Intron.tblout
# model-specific thresholding:           GA cutoffs
# Rfam pipeline mode:                    on [strict filtering]
# HMM-only mode for 0 basepair models:   no
# number of worker threads:              12
# - - - - - - - - - - - - - - - - - - - - - - - - - - - - - - - - - - - -

Query:       Intron_gpI  [CLEN=251]
Accession:   RF00028
Description: Group I catalytic intron
Hit scores:
 rank     E-value  score  bias  sequence  start    end   mdl trunc   gc  description
 ----   --------- ------ -----  -------- ------ ------   --- ----- ----  -----------

   [No hits detected that satisfy reporting thresholds]


Hit alignments:

   [No hits detected that satisfy reporting thresholds]


Internal CM pipeline statistics summary:
----------------------------------------
Query model(s):                                                  1  (251 consensus positions)
Target sequences:                                                1  (8297884 residues searched)
Target sequences re-searched for truncated hits:                 1  (5324 residues re-searched)
Windows   passing  local HMM SSV           filter:            1450  (0.2645); expected (0.06)
Windows   passing  local HMM Viterbi       filter:              89  (0.01814); expected (0.02)
Windows   passing  local HMM Viterbi  bias filter:              27  (0.005169); expected (0.02)
Windows   passing  local HMM Forward       filter:               9  (0.001889); expected (0.0002)
Windows   passing  local HMM Forward  bias filter:               6  (0.001308); expected (0.0002)
Windows   passing glocal HMM Forward       filter:               6  (0.001308); expected (0.0002)
Windows   passing glocal HMM Forward  bias filter:               6  (0.001308); expected (0.0002)
Envelopes passing glocal HMM envelope defn filter:               6  (0.0004142); expected (0.0002)
Envelopes passing  local CM  CYK           filter:               1  (7.347e-06); expected (0.0001)
Total CM hits reported:                                          0  (0); includes 0 truncated hit(s)

# CPU time: 3.16u 0.35s 00:00:03.51 Elapsed: 00:00:00.88
//
Query:       Intron_gpII  [CLEN=93]
Accession:   RF00029
Description: Group II catalytic intron
Hit scores:
 rank     E-value  score  bias  sequence  start    end   mdl trunc   gc  description
 ----   --------- ------ -----  -------- ------ ------   --- ----- ----  -----------

   [No hits detected that satisfy reporting thresholds]


Hit alignments:

   [No hits detected that satisfy reporting thresholds]


Internal CM pipeline statistics summary:
----------------------------------------
Query model(s):                                                  1  (93 consensus positions)
Target sequences:                                                1  (8297884 residues searched)
Target sequences re-searched for truncated hits:                 1  (2048 residues re-searched)
Windows   passing  local HMM SSV           filter:            1101  (0.06764); expected (0.06)
Windows   passing  local HMM Viterbi       filter:             217  (0.01476); expected (0.02)
Windows   passing  local HMM Viterbi  bias filter:             212  (0.01442); expected (0.02)
Windows   passing  local HMM Forward       filter:               1  (5.494e-05); expected (0.0002)
Windows   passing  local HMM Forward  bias filter:               1  (5.494e-05); expected (0.0002)
Windows   passing glocal HMM Forward       filter:               0  (0); expected (0.0002)
Windows   passing glocal HMM Forward  bias filter:               0  (0); expected (0.0002)
Envelopes passing glocal HMM envelope defn filter:               0  (0); expected (0.0002)
Envelopes passing  local CM  CYK           filter:               0  (0); expected (0.0001)
Total CM hits reported:                                          0  (0); includes 0 truncated hit(s)

# CPU time: 0.20u 0.00s 00:00:00.20 Elapsed: 00:00:00.03
//
Query:       group-II-D1D4-1  [CLEN=84]
Accession:   RF01998
Description: Group II catalytic intron D1-D4-1
Hit scores:
 rank     E-value  score  bias  sequence  start    end   mdl trunc   gc  description
 ----   --------- ------ -----  -------- ------ ------   --- ----- ----  -----------

   [No hits detected that satisfy reporting thresholds]


Hit alignments:

   [No hits detected that satisfy reporting thresholds]


Internal CM pipeline statistics summary:
----------------------------------------
Query model(s):                                                  1  (84 consensus positions)
Target sequences:                                                1  (8297884 residues searched)
Target sequences re-searched for truncated hits:                 1  (756 residues re-searched)
Windows   passing  local HMM SSV           filter:            3276  (0.0854); expected (0.06)
Windows   passing  local HMM Viterbi       filter:             731  (0.01968); expected (0.02)
Windows   passing  local HMM Viterbi  bias filter:             652  (0.01755); expected (0.02)
Windows   passing  local HMM Forward       filter:               8  (0.0002086); expected (0.0002)
Windows   passing  local HMM Forward  bias filter:               5  (0.0001246); expected (0.0002)
Windows   passing glocal HMM Forward       filter:               4  (9.917e-05); expected (0.0002)
Windows   passing glocal HMM Forward  bias filter:               4  (9.917e-05); expected (0.0002)
Envelopes passing glocal HMM envelope defn filter:               4  (5.856e-05); expected (0.0002)
Envelopes passing  local CM  CYK           filter:               2  (1.603e-05); expected (0.0001)
Total CM hits reported:                                          0  (0); includes 0 truncated hit(s)

# CPU time: 0.26u 0.01s 00:00:00.27 Elapsed: 00:00:00.04
//
Query:       group-II-D1D4-2  [CLEN=118]
Accession:   RF01999
Description: Group II catalytic intron D1-D4-2
Hit scores:
 rank     E-value  score  bias  sequence  start    end   mdl trunc   gc  description
 ----   --------- ------ -----  -------- ------ ------   --- ----- ----  -----------

   [No hits detected that satisfy reporting thresholds]


Hit alignments:

   [No hits detected that satisfy reporting thresholds]


Internal CM pipeline statistics summary:
----------------------------------------
Query model(s):                                                  1  (118 consensus positions)
Target sequences:                                                1  (8297884 residues searched)
Target sequences re-searched for truncated hits:                 1  (632 residues re-searched)
Windows   passing  local HMM SSV           filter:            3698  (0.08388); expected (0.06)
Windows   passing  local HMM Viterbi       filter:             663  (0.0152); expected (0.02)
Windows   passing  local HMM Viterbi  bias filter:             630  (0.01441); expected (0.02)
Windows   passing  local HMM Forward       filter:              24  (0.0006007); expected (0.0002)
Windows   passing  local HMM Forward  bias filter:              20  (0.0004864); expected (0.0002)
Windows   passing glocal HMM Forward       filter:              16  (0.0003906); expected (0.0002)
Windows   passing glocal HMM Forward  bias filter:              16  (0.0003906); expected (0.0002)
Envelopes passing glocal HMM envelope defn filter:              15  (0.0002359); expected (0.0002)
Envelopes passing  local CM  CYK           filter:               0  (0); expected (0.0001)
Total CM hits reported:                                          0  (0); includes 0 truncated hit(s)

# CPU time: 0.44u 0.01s 00:00:00.45 Elapsed: 00:00:00.05
//
Query:       group-II-D1D4-3  [CLEN=171]
Accession:   RF02001
Description: Group II catalytic intron D1-D4-3
Hit scores:
 rank     E-value  score  bias  sequence  start    end   mdl trunc   gc  description
 ----   --------- ------ -----  -------- ------ ------   --- ----- ----  -----------

   [No hits detected that satisfy reporting thresholds]


Hit alignments:

   [No hits detected that satisfy reporting thresholds]


Internal CM pipeline statistics summary:
----------------------------------------
Query model(s):                                                  1  (171 consensus positions)
Target sequences:                                                1  (8297884 residues searched)
Target sequences re-searched for truncated hits:                 1  (1268 residues re-searched)
Windows   passing  local HMM SSV           filter:            2586  (0.1129); expected (0.06)
Windows   passing  local HMM Viterbi       filter:             648  (0.0297); expected (0.02)
Windows   passing  local HMM Viterbi  bias filter:             387  (0.01764); expected (0.02)
Windows   passing  local HMM Forward       filter:              34  (0.001703); expected (0.0002)
Windows   passing  local HMM Forward  bias filter:              19  (0.0009266); expected (0.0002)
Windows   passing glocal HMM Forward       filter:              16  (0.0007841); expected (0.0002)
Windows   passing glocal HMM Forward  bias filter:              16  (0.0007841); expected (0.0002)
Envelopes passing glocal HMM envelope defn filter:              16  (0.0004337); expected (0.0002)
Envelopes passing  local CM  CYK           filter:               7  (0.000126); expected (0.0001)
Total CM hits reported:                                          0  (0); includes 0 truncated hit(s)

# CPU time: 1.52u 0.12s 00:00:01.64 Elapsed: 00:00:00.36
//
Query:       group-II-D1D4-4  [CLEN=138]
Accession:   RF02003
Description: Group II catalytic intron D1-D4-4
Hit scores:
 rank     E-value  score  bias  sequence  start    end   mdl trunc   gc  description
 ----   --------- ------ -----  -------- ------ ------   --- ----- ----  -----------

   [No hits detected that satisfy reporting thresholds]


Hit alignments:

   [No hits detected that satisfy reporting thresholds]


Internal CM pipeline statistics summary:
----------------------------------------
Query model(s):                                                  1  (138 consensus positions)
Target sequences:                                                1  (8297884 residues searched)
Target sequences re-searched for truncated hits:                 1  (1460 residues re-searched)
Windows   passing  local HMM SSV           filter:            1530  (0.07253); expected (0.06)
Windows   passing  local HMM Viterbi       filter:             159  (0.007911); expected (0.02)
Windows   passing  local HMM Viterbi  bias filter:             137  (0.006818); expected (0.02)
Windows   passing  local HMM Forward       filter:               4  (0.000191); expected (0.0002)
Windows   passing  local HMM Forward  bias filter:               2  (9.916e-05); expected (0.0002)
Windows   passing glocal HMM Forward       filter:               1  (5.097e-05); expected (0.0002)
Windows   passing glocal HMM Forward  bias filter:               1  (5.097e-05); expected (0.0002)
Envelopes passing glocal HMM envelope defn filter:               1  (1.578e-05); expected (0.0002)
Envelopes passing  local CM  CYK           filter:               1  (1.506e-05); expected (0.0001)
Total CM hits reported:                                          0  (0); includes 0 truncated hit(s)

# CPU time: 0.28u 0.00s 00:00:00.28 Elapsed: 00:00:00.06
//
Query:       group-II-D1D4-5  [CLEN=201]
Accession:   RF02004
Description: Group II catalytic intron D1-D4-5
Hit scores:
 rank     E-value  score  bias  sequence  start    end   mdl trunc   gc  description
 ----   --------- ------ -----  -------- ------ ------   --- ----- ----  -----------

   [No hits detected that satisfy reporting thresholds]


Hit alignments:

   [No hits detected that satisfy reporting thresholds]


Internal CM pipeline statistics summary:
----------------------------------------
Query model(s):                                                  1  (201 consensus positions)
Target sequences:                                                1  (8297884 residues searched)
Target sequences re-searched for truncated hits:                 1  (1116 residues re-searched)
Windows   passing  local HMM SSV           filter:            3033  (0.1213); expected (0.06)
Windows   passing  local HMM Viterbi       filter:             461  (0.01908); expected (0.02)
Windows   passing  local HMM Viterbi  bias filter:             292  (0.01207); expected (0.02)
Windows   passing  local HMM Forward       filter:              15  (0.0006496); expected (0.0002)
Windows   passing  local HMM Forward  bias filter:              11  (0.0004731); expected (0.0002)
Windows   passing glocal HMM Forward       filter:               7  (0.0002839); expected (0.0002)
Windows   passing glocal HMM Forward  bias filter:               7  (0.0002839); expected (0.0002)
Envelopes passing glocal HMM envelope defn filter:               7  (0.0001888); expected (0.0002)
Envelopes passing  local CM  CYK           filter:               1  (2.928e-05); expected (0.0001)
Total CM hits reported:                                          0  (0); includes 0 truncated hit(s)

# CPU time: 0.83u 0.04s 00:00:00.87 Elapsed: 00:00:00.22
//
Query:       group-II-D1D4-6  [CLEN=225]
Accession:   RF02005
Description: Group II catalytic intron D1-D4-6
Hit scores:
 rank     E-value  score  bias  sequence  start    end   mdl trunc   gc  description
 ----   --------- ------ -----  -------- ------ ------   --- ----- ----  -----------

   [No hits detected that satisfy reporting thresholds]


Hit alignments:

   [No hits detected that satisfy reporting thresholds]


Internal CM pipeline statistics summary:
----------------------------------------
Query model(s):                                                  1  (225 consensus positions)
Target sequences:                                                1  (8297884 residues searched)
Target sequences re-searched for truncated hits:                 1  (1460 residues re-searched)
Windows   passing  local HMM SSV           filter:            1197  (0.06073); expected (0.06)
Windows   passing  local HMM Viterbi       filter:             165  (0.008459); expected (0.02)
Windows   passing  local HMM Viterbi  bias filter:             140  (0.007143); expected (0.02)
Windows   passing  local HMM Forward       filter:              10  (0.0005379); expected (0.0002)
Windows   passing  local HMM Forward  bias filter:               6  (0.0002987); expected (0.0002)
Windows   passing glocal HMM Forward       filter:               4  (0.0002012); expected (0.0002)
Windows   passing glocal HMM Forward  bias filter:               4  (0.0002012); expected (0.0002)
Envelopes passing glocal HMM envelope defn filter:               4  (0.0001199); expected (0.0002)
Envelopes passing  local CM  CYK           filter:               0  (0); expected (0.0001)
Total CM hits reported:                                          0  (0); includes 0 truncated hit(s)

# CPU time: 0.51u 0.00s 00:00:00.51 Elapsed: 00:00:00.08
//
Query:       group-II-D1D4-7  [CLEN=148]
Accession:   RF02012
Description: Group II catalytic intron D1-D4-7
Hit scores:
 rank     E-value  score  bias  sequence  start    end   mdl trunc   gc  description
 ----   --------- ------ -----  -------- ------ ------   --- ----- ----  -----------

   [No hits detected that satisfy reporting thresholds]


Hit alignments:

   [No hits detected that satisfy reporting thresholds]


Internal CM pipeline statistics summary:
----------------------------------------
Query model(s):                                                  1  (148 consensus positions)
Target sequences:                                                1  (8297884 residues searched)
Target sequences re-searched for truncated hits:                 1  (1040 residues re-searched)
Windows   passing  local HMM SSV           filter:            2629  (0.09391); expected (0.06)
Windows   passing  local HMM Viterbi       filter:             299  (0.01106); expected (0.02)
Windows   passing  local HMM Viterbi  bias filter:             268  (0.009902); expected (0.02)
Windows   passing  local HMM Forward       filter:              10  (0.000371); expected (0.0002)
Windows   passing  local HMM Forward  bias filter:               9  (0.0003263); expected (0.0002)
Windows   passing glocal HMM Forward       filter:               7  (0.0002898); expected (0.0002)
Windows   passing glocal HMM Forward  bias filter:               7  (0.0002898); expected (0.0002)
Envelopes passing glocal HMM envelope defn filter:               6  (0.0001221); expected (0.0002)
Envelopes passing  local CM  CYK           filter:               2  (9.278e-06); expected (0.0001)
Total CM hits reported:                                          0  (0); includes 0 truncated hit(s)

# CPU time: 0.40u 0.00s 00:00:00.40 Elapsed: 00:00:00.06
//
[ok]
