# cmsearch :: search CM(s) against a sequence database
# INFERNAL 1.1.4 (Dec 2020)
# Copyright (C) 2020 Howard Hughes Medical Institute.
# Freely distributed under the BSD open source license.
# - - - - - - - - - - - - - - - - - - - - - - - - - - - - - - - - - - - -
# query CM file:                         cms/antitoxin.cm
# target sequence database:              genomes/PS-216.fas
# output directed to file:               sequences/PS-216/antitoxin.out
# tabular output of hits:                sequences/PS-216/antitoxin.tblout
# model-specific thresholding:           GA cutoffs
# Rfam pipeline mode:                    on [strict filtering]
# HMM-only mode for 0 basepair models:   no
# number of worker threads:              12
# - - - - - - - - - - - - - - - - - - - - - - - - - - - - - - - - - - - -

Query:       SIB_RNA  [CLEN=147]
Accession:   RF00113
Description: Short Intergenic Abundant RNA
Hit scores:
 rank     E-value  score  bias  sequence  start    end   mdl trunc   gc  description
 ----   --------- ------ -----  -------- ------ ------   --- ----- ----  -----------

   [No hits detected that satisfy reporting thresholds]


Hit alignments:

   [No hits detected that satisfy reporting thresholds]


Internal CM pipeline statistics summary:
----------------------------------------
Query model(s):                                                  1  (147 consensus positions)
Target sequences:                                                1  (8204808 residues searched)
Target sequences re-searched for truncated hits:                 1  (732 residues re-searched)
Windows   passing  local HMM SSV           filter:            5156  (0.1357); expected (0.06)
Windows   passing  local HMM Viterbi       filter:             897  (0.02436); expected (0.02)
Windows   passing  local HMM Viterbi  bias filter:             679  (0.01842); expected (0.02)
Windows   passing  local HMM Forward       filter:              65  (0.001801); expected (0.0002)
Windows   passing  local HMM Forward  bias filter:              50  (0.00138); expected (0.0002)
Windows   passing glocal HMM Forward       filter:              31  (0.0009173); expected (0.0002)
Windows   passing glocal HMM Forward  bias filter:              31  (0.0009173); expected (0.0002)
Envelopes passing glocal HMM envelope defn filter:              33  (0.0006876); expected (0.0002)
Envelopes passing  local CM  CYK           filter:               4  (4.546e-05); expected (0.0001)
Total CM hits reported:                                          0  (0); includes 0 truncated hit(s)

# CPU time: 1.33u 0.10s 00:00:01.43 Elapsed: 00:00:00.24
//
Query:       istR  [CLEN=130]
Accession:   RF01400
Description: istR Hfq binding RNA
Hit scores:
 rank     E-value  score  bias  sequence  start    end   mdl trunc   gc  description
 ----   --------- ------ -----  -------- ------ ------   --- ----- ----  -----------

   [No hits detected that satisfy reporting thresholds]


Hit alignments:

   [No hits detected that satisfy reporting thresholds]


Internal CM pipeline statistics summary:
----------------------------------------
Query model(s):                                                  1  (130 consensus positions)
Target sequences:                                                1  (8204808 residues searched)
Target sequences re-searched for truncated hits:                 1  (648 residues re-searched)
Windows   passing  local HMM SSV           filter:            2721  (0.06352); expected (0.06)
Windows   passing  local HMM Viterbi       filter:             395  (0.009439); expected (0.02)
Windows   passing  local HMM Viterbi  bias filter:             386  (0.009219); expected (0.02)
Windows   passing  local HMM Forward       filter:               9  (0.0002329); expected (0.0002)
Windows   passing  local HMM Forward  bias filter:               9  (0.0002329); expected (0.0002)
Windows   passing glocal HMM Forward       filter:               6  (0.0001504); expected (0.0002)
Windows   passing glocal HMM Forward  bias filter:               6  (0.0001504); expected (0.0002)
Envelopes passing glocal HMM envelope defn filter:               6  (0.0001118); expected (0.0002)
Envelopes passing  local CM  CYK           filter:               0  (0); expected (0.0001)
Total CM hits reported:                                          0  (0); includes 0 truncated hit(s)

# CPU time: 0.32u 0.00s 00:00:00.32 Elapsed: 00:00:00.05
//
Query:       RatA  [CLEN=90]
Accession:   RF01776
Description: RNA anti-toxin A
Hit scores:
 rank     E-value  score  bias  sequence  start    end   mdl trunc   gc  description
 ----   --------- ------ -----  -------- ------ ------   --- ----- ----  -----------

   [No hits detected that satisfy reporting thresholds]


Hit alignments:

   [No hits detected that satisfy reporting thresholds]


Internal CM pipeline statistics summary:
----------------------------------------
Query model(s):                                                  1  (90 consensus positions)
Target sequences:                                                1  (8204808 residues searched)
Target sequences re-searched for truncated hits:                 1  (448 residues re-searched)
Windows   passing  local HMM SSV           filter:            9782  (0.1623); expected (0.06)
Windows   passing  local HMM Viterbi       filter:            1732  (0.03003); expected (0.02)
Windows   passing  local HMM Viterbi  bias filter:            1023  (0.01752); expected (0.02)
Windows   passing  local HMM Forward       filter:              84  (0.001523); expected (0.0002)
Windows   passing  local HMM Forward  bias filter:              43  (0.0007884); expected (0.0002)
Windows   passing glocal HMM Forward       filter:              40  (0.0007517); expected (0.0002)
Windows   passing glocal HMM Forward  bias filter:              39  (0.0007357); expected (0.0002)
Envelopes passing glocal HMM envelope defn filter:              40  (0.0005311); expected (0.0002)
Envelopes passing  local CM  CYK           filter:               5  (5.448e-05); expected (0.0001)
Total CM hits reported:                                          0  (0); includes 0 truncated hit(s)

# CPU time: 0.76u 0.03s 00:00:00.79 Elapsed: 00:00:00.10
//
Query:       sok  [CLEN=157]
Accession:   RF01794
Description: sok antitoxin (CssrC)
Hit scores:
 rank     E-value  score  bias  sequence  start    end   mdl trunc   gc  description
 ----   --------- ------ -----  -------- ------ ------   --- ----- ----  -----------

   [No hits detected that satisfy reporting thresholds]


Hit alignments:

   [No hits detected that satisfy reporting thresholds]


Internal CM pipeline statistics summary:
----------------------------------------
Query model(s):                                                  1  (157 consensus positions)
Target sequences:                                                1  (8204808 residues searched)
Target sequences re-searched for truncated hits:                 1  (1184 residues re-searched)
Windows   passing  local HMM SSV           filter:            2844  (0.1169); expected (0.06)
Windows   passing  local HMM Viterbi       filter:             504  (0.02138); expected (0.02)
Windows   passing  local HMM Viterbi  bias filter:             454  (0.01929); expected (0.02)
Windows   passing  local HMM Forward       filter:              20  (0.0009177); expected (0.0002)
Windows   passing  local HMM Forward  bias filter:              20  (0.0009177); expected (0.0002)
Windows   passing glocal HMM Forward       filter:              13  (0.000608); expected (0.0002)
Windows   passing glocal HMM Forward  bias filter:              13  (0.000608); expected (0.0002)
Envelopes passing glocal HMM envelope defn filter:              13  (0.0002913); expected (0.0002)
Envelopes passing  local CM  CYK           filter:               3  (2.754e-05); expected (0.0001)
Total CM hits reported:                                          0  (0); includes 0 truncated hit(s)

# CPU time: 0.83u 0.05s 00:00:00.88 Elapsed: 00:00:00.17
//
Query:       fstAT  [CLEN=94]
Accession:   RF01797
Description: Fst antitoxin sRNA
Hit scores:
 rank     E-value  score  bias  sequence  start    end   mdl trunc   gc  description
 ----   --------- ------ -----  -------- ------ ------   --- ----- ----  -----------

   [No hits detected that satisfy reporting thresholds]


Hit alignments:

   [No hits detected that satisfy reporting thresholds]


Internal CM pipeline statistics summary:
----------------------------------------
Query model(s):                                                  1  (94 consensus positions)
Target sequences:                                                1  (8204808 residues searched)
Target sequences re-searched for truncated hits:                 1  (496 residues re-searched)
Windows   passing  local HMM SSV           filter:            9168  (0.168); expected (0.06)
Windows   passing  local HMM Viterbi       filter:            1556  (0.02964); expected (0.02)
Windows   passing  local HMM Viterbi  bias filter:            1202  (0.02281); expected (0.02)
Windows   passing  local HMM Forward       filter:              99  (0.002096); expected (0.0002)
Windows   passing  local HMM Forward  bias filter:              74  (0.001568); expected (0.0002)
Windows   passing glocal HMM Forward       filter:              45  (0.0009599); expected (0.0002)
Windows   passing glocal HMM Forward  bias filter:              41  (0.0008647); expected (0.0002)
Envelopes passing glocal HMM envelope defn filter:              40  (0.0005628); expected (0.0002)
Envelopes passing  local CM  CYK           filter:               9  (0.000104); expected (0.0001)
Total CM hits reported:                                          0  (0); includes 0 truncated hit(s)

# CPU time: 0.85u 0.01s 00:00:00.86 Elapsed: 00:00:00.11
//
Query:       symR  [CLEN=77]
Accession:   RF01809
Description: SymR antitoxin
Hit scores:
 rank     E-value  score  bias  sequence  start    end   mdl trunc   gc  description
 ----   --------- ------ -----  -------- ------ ------   --- ----- ----  -----------

   [No hits detected that satisfy reporting thresholds]


Hit alignments:

   [No hits detected that satisfy reporting thresholds]


Internal CM pipeline statistics summary:
----------------------------------------
Query model(s):                                                  1  (77 consensus positions)
Target sequences:                                                1  (8204808 residues searched)
Target sequences re-searched for truncated hits:                 1  (384 residues re-searched)
Windows   passing  local HMM SSV           filter:            6759  (0.09586); expected (0.06)
Windows   passing  local HMM Viterbi       filter:            1580  (0.02276); expected (0.02)
Windows   passing  local HMM Viterbi  bias filter:            1481  (0.02133); expected (0.02)
Windows   passing  local HMM Forward       filter:              40  (0.0006124); expected (0.0002)
Windows   passing  local HMM Forward  bias filter:              38  (0.0005757); expected (0.0002)
Windows   passing glocal HMM Forward       filter:              27  (0.0004051); expected (0.0002)
Windows   passing glocal HMM Forward  bias filter:              27  (0.0004051); expected (0.0002)
Envelopes passing glocal HMM envelope defn filter:              27  (0.0003109); expected (0.0002)
Envelopes passing  local CM  CYK           filter:               2  (1.316e-05); expected (0.0001)
Total CM hits reported:                                          0  (0); includes 0 truncated hit(s)

# CPU time: 0.37u 0.01s 00:00:00.38 Elapsed: 00:00:00.05
//
Query:       PtaRNA1  [CLEN=72]
Accession:   RF01811
Description: Plasmid transferred anti-sense RNA
Hit scores:
 rank     E-value  score  bias  sequence  start    end   mdl trunc   gc  description
 ----   --------- ------ -----  -------- ------ ------   --- ----- ----  -----------

   [No hits detected that satisfy reporting thresholds]


Hit alignments:

   [No hits detected that satisfy reporting thresholds]


Internal CM pipeline statistics summary:
----------------------------------------
Query model(s):                                                  1  (72 consensus positions)
Target sequences:                                                1  (8204808 residues searched)
Target sequences re-searched for truncated hits:                 1  (360 residues re-searched)
Windows   passing  local HMM SSV           filter:            4603  (0.0612); expected (0.06)
Windows   passing  local HMM Viterbi       filter:            1281  (0.01726); expected (0.02)
Windows   passing  local HMM Viterbi  bias filter:            1208  (0.01629); expected (0.02)
Windows   passing  local HMM Forward       filter:              17  (0.0002476); expected (0.0002)
Windows   passing  local HMM Forward  bias filter:              12  (0.0001784); expected (0.0002)
Windows   passing glocal HMM Forward       filter:               7  (9.677e-05); expected (0.0002)
Windows   passing glocal HMM Forward  bias filter:               7  (9.677e-05); expected (0.0002)
Envelopes passing glocal HMM envelope defn filter:               7  (7.13e-05); expected (0.0002)
Envelopes passing  local CM  CYK           filter:               2  (1.694e-05); expected (0.0001)
Total CM hits reported:                                          0  (0); includes 0 truncated hit(s)

# CPU time: 0.23u 0.00s 00:00:00.23 Elapsed: 00:00:00.03
//
Query:       rdlD  [CLEN=66]
Accession:   RF01813
Description: rdlD antitoxin
Hit scores:
 rank     E-value  score  bias  sequence  start    end   mdl trunc   gc  description
 ----   --------- ------ -----  -------- ------ ------   --- ----- ----  -----------

   [No hits detected that satisfy reporting thresholds]


Hit alignments:

   [No hits detected that satisfy reporting thresholds]


Internal CM pipeline statistics summary:
----------------------------------------
Query model(s):                                                  1  (66 consensus positions)
Target sequences:                                                1  (8204808 residues searched)
Target sequences re-searched for truncated hits:                 1  (328 residues re-searched)
Windows   passing  local HMM SSV           filter:            4920  (0.05998); expected (0.06)
Windows   passing  local HMM Viterbi       filter:            1269  (0.01558); expected (0.02)
Windows   passing  local HMM Viterbi  bias filter:            1118  (0.01371); expected (0.02)
Windows   passing  local HMM Forward       filter:              27  (0.0003476); expected (0.0002)
Windows   passing  local HMM Forward  bias filter:              23  (0.0002952); expected (0.0002)
Windows   passing glocal HMM Forward       filter:               9  (0.0001252); expected (0.0002)
Windows   passing glocal HMM Forward  bias filter:               9  (0.0001252); expected (0.0002)
Envelopes passing glocal HMM envelope defn filter:               8  (7.715e-05); expected (0.0002)
Envelopes passing  local CM  CYK           filter:               3  (2.157e-05); expected (0.0001)
Total CM hits reported:                                          0  (0); includes 0 truncated hit(s)

# CPU time: 0.22u 0.00s 00:00:00.22 Elapsed: 00:00:00.04
//
Query:       OrzO-P  [CLEN=76]
Accession:   RF02083
Description: OrzO-P RNA antitoxin family
Hit scores:
 rank     E-value  score  bias  sequence  start    end   mdl trunc   gc  description
 ----   --------- ------ -----  -------- ------ ------   --- ----- ----  -----------

   [No hits detected that satisfy reporting thresholds]


Hit alignments:

   [No hits detected that satisfy reporting thresholds]


Internal CM pipeline statistics summary:
----------------------------------------
Query model(s):                                                  1  (76 consensus positions)
Target sequences:                                                1  (8204808 residues searched)
Target sequences re-searched for truncated hits:                 1  (380 residues re-searched)
Windows   passing  local HMM SSV           filter:            9154  (0.1288); expected (0.06)
Windows   passing  local HMM Viterbi       filter:            2824  (0.04084); expected (0.02)
Windows   passing  local HMM Viterbi  bias filter:            2325  (0.03369); expected (0.02)
Windows   passing  local HMM Forward       filter:             168  (0.002708); expected (0.0002)
Windows   passing  local HMM Forward  bias filter:             131  (0.002107); expected (0.0002)
Windows   passing glocal HMM Forward       filter:              99  (0.001645); expected (0.0002)
Windows   passing glocal HMM Forward  bias filter:              97  (0.001609); expected (0.0002)
Envelopes passing glocal HMM envelope defn filter:              96  (0.00107); expected (0.0002)
Envelopes passing  local CM  CYK           filter:              67  (0.0006961); expected (0.0001)
Total CM hits reported:                                          0  (0); includes 0 truncated hit(s)

# CPU time: 1.62u 0.02s 00:00:01.64 Elapsed: 00:00:00.19
//
Query:       ohsC_RNA  [CLEN=77]
Accession:   RF02495
Description: Oppression of Hydrophobic ORF by sRNA
Hit scores:
 rank     E-value  score  bias  sequence  start    end   mdl trunc   gc  description
 ----   --------- ------ -----  -------- ------ ------   --- ----- ----  -----------

   [No hits detected that satisfy reporting thresholds]


Hit alignments:

   [No hits detected that satisfy reporting thresholds]


Internal CM pipeline statistics summary:
----------------------------------------
Query model(s):                                                  1  (77 consensus positions)
Target sequences:                                                1  (8204808 residues searched)
Target sequences re-searched for truncated hits:                 1  (384 residues re-searched)
Windows   passing  local HMM SSV           filter:            8233  (0.1171); expected (0.06)
Windows   passing  local HMM Viterbi       filter:            2204  (0.03204); expected (0.02)
Windows   passing  local HMM Viterbi  bias filter:            1815  (0.0264); expected (0.02)
Windows   passing  local HMM Forward       filter:             123  (0.001927); expected (0.0002)
Windows   passing  local HMM Forward  bias filter:              93  (0.001423); expected (0.0002)
Windows   passing glocal HMM Forward       filter:              65  (0.001034); expected (0.0002)
Windows   passing glocal HMM Forward  bias filter:              63  (0.0009974); expected (0.0002)
Envelopes passing glocal HMM envelope defn filter:              63  (0.0007135); expected (0.0002)
Envelopes passing  local CM  CYK           filter:              25  (0.000258); expected (0.0001)
Total CM hits reported:                                          0  (0); includes 0 truncated hit(s)

# CPU time: 0.84u 0.00s 00:00:00.84 Elapsed: 00:00:00.11
//
Query:       ToxI  [CLEN=34]
Accession:   RF02519
Description: ToxI antitoxin
Hit scores:
 rank     E-value  score  bias  sequence  start    end   mdl trunc   gc  description
 ----   --------- ------ -----  -------- ------ ------   --- ----- ----  -----------

   [No hits detected that satisfy reporting thresholds]


Hit alignments:

   [No hits detected that satisfy reporting thresholds]


Internal CM pipeline statistics summary:
----------------------------------------
Query model(s):                                                  1  (34 consensus positions)
Target sequences:                                                1  (8204808 residues searched)
Target sequences re-searched for truncated hits:                 1  (192 residues re-searched)
Windows   passing  local HMM SSV           filter:            6854  (0.04928); expected (0.06)
Windows   passing  local HMM Viterbi       filter:            1109  (0.007981); expected (0.02)
Windows   passing  local HMM Viterbi  bias filter:             996  (0.007163); expected (0.02)
Windows   passing  local HMM Forward       filter:              14  (0.0001081); expected (0.0002)
Windows   passing  local HMM Forward  bias filter:               9  (6.935e-05); expected (0.0002)
Windows   passing glocal HMM Forward       filter:               6  (4.899e-05); expected (0.0002)
Windows   passing glocal HMM Forward  bias filter:               6  (4.899e-05); expected (0.0002)
Envelopes passing glocal HMM envelope defn filter:               6  (2.888e-05); expected (0.0002)
Envelopes passing  local CM  CYK           filter:               4  (1.999e-05); expected (0.0001)
Total CM hits reported:                                          0  (0); includes 0 truncated hit(s)

# CPU time: 0.11u 0.01s 00:00:00.12 Elapsed: 00:00:00.02
//
[ok]
