# cmsearch :: search CM(s) against a sequence database
# INFERNAL 1.1.4 (Dec 2020)
# Copyright (C) 2020 Howard Hughes Medical Institute.
# Freely distributed under the BSD open source license.
# - - - - - - - - - - - - - - - - - - - - - - - - - - - - - - - - - - - -
# query CM file:                         cms/Intron.cm
# target sequence database:              genomes/PS-216.fas
# output directed to file:               sequences/PS-216/Intron.out
# tabular output of hits:                sequences/PS-216/Intron.tblout
# model-specific thresholding:           GA cutoffs
# Rfam pipeline mode:                    on [strict filtering]
# HMM-only mode for 0 basepair models:   no
# number of worker threads:              12
# - - - - - - - - - - - - - - - - - - - - - - - - - - - - - - - - - - - -

Query:       Intron_gpI  [CLEN=251]
Accession:   RF00028
Description: Group I catalytic intron
Hit scores:
 rank     E-value  score  bias  sequence  start    end   mdl trunc   gc  description
 ----   --------- ------ -----  -------- ------ ------   --- ----- ----  -----------

   [No hits detected that satisfy reporting thresholds]


Hit alignments:

   [No hits detected that satisfy reporting thresholds]


Internal CM pipeline statistics summary:
----------------------------------------
Query model(s):                                                  1  (251 consensus positions)
Target sequences:                                                1  (8204808 residues searched)
Target sequences re-searched for truncated hits:                 1  (5324 residues re-searched)
Windows   passing  local HMM SSV           filter:            1424  (0.2625); expected (0.06)
Windows   passing  local HMM Viterbi       filter:              95  (0.01948); expected (0.02)
Windows   passing  local HMM Viterbi  bias filter:              28  (0.005384); expected (0.02)
Windows   passing  local HMM Forward       filter:               9  (0.001911); expected (0.0002)
Windows   passing  local HMM Forward  bias filter:               6  (0.001323); expected (0.0002)
Windows   passing glocal HMM Forward       filter:               6  (0.001323); expected (0.0002)
Windows   passing glocal HMM Forward  bias filter:               6  (0.001323); expected (0.0002)
Envelopes passing glocal HMM envelope defn filter:               6  (0.0004189); expected (0.0002)
Envelopes passing  local CM  CYK           filter:               1  (7.43e-06); expected (0.0001)
Total CM hits reported:                                          0  (0); includes 0 truncated hit(s)

# CPU time: 3.08u 0.33s 00:00:03.41 Elapsed: 00:00:00.89
//
Query:       Intron_gpII  [CLEN=93]
Accession:   RF00029
Description: Group II catalytic intron
Hit scores:
 rank     E-value  score  bias  sequence  start    end   mdl trunc   gc  description
 ----   --------- ------ -----  -------- ------ ------   --- ----- ----  -----------

   [No hits detected that satisfy reporting thresholds]


Hit alignments:

   [No hits detected that satisfy reporting thresholds]


Internal CM pipeline statistics summary:
----------------------------------------
Query model(s):                                                  1  (93 consensus positions)
Target sequences:                                                1  (8204808 residues searched)
Target sequences re-searched for truncated hits:                 1  (2048 residues re-searched)
Windows   passing  local HMM SSV           filter:            1082  (0.06733); expected (0.06)
Windows   passing  local HMM Viterbi       filter:             214  (0.01468); expected (0.02)
Windows   passing  local HMM Viterbi  bias filter:             209  (0.01434); expected (0.02)
Windows   passing  local HMM Forward       filter:               1  (5.556e-05); expected (0.0002)
Windows   passing  local HMM Forward  bias filter:               1  (5.556e-05); expected (0.0002)
Windows   passing glocal HMM Forward       filter:               0  (0); expected (0.0002)
Windows   passing glocal HMM Forward  bias filter:               0  (0); expected (0.0002)
Envelopes passing glocal HMM envelope defn filter:               0  (0); expected (0.0002)
Envelopes passing  local CM  CYK           filter:               0  (0); expected (0.0001)
Total CM hits reported:                                          0  (0); includes 0 truncated hit(s)

# CPU time: 0.19u 0.01s 00:00:00.20 Elapsed: 00:00:00.02
//
Query:       group-II-D1D4-1  [CLEN=84]
Accession:   RF01998
Description: Group II catalytic intron D1-D4-1
Hit scores:
 rank     E-value  score  bias  sequence  start    end   mdl trunc   gc  description
 ----   --------- ------ -----  -------- ------ ------   --- ----- ----  -----------

   [No hits detected that satisfy reporting thresholds]


Hit alignments:

   [No hits detected that satisfy reporting thresholds]


Internal CM pipeline statistics summary:
----------------------------------------
Query model(s):                                                  1  (84 consensus positions)
Target sequences:                                                1  (8204808 residues searched)
Target sequences re-searched for truncated hits:                 1  (756 residues re-searched)
Windows   passing  local HMM SSV           filter:            3241  (0.08542); expected (0.06)
Windows   passing  local HMM Viterbi       filter:             722  (0.01967); expected (0.02)
Windows   passing  local HMM Viterbi  bias filter:             645  (0.01756); expected (0.02)
Windows   passing  local HMM Forward       filter:               7  (0.0001818); expected (0.0002)
Windows   passing  local HMM Forward  bias filter:               5  (0.000126); expected (0.0002)
Windows   passing glocal HMM Forward       filter:               4  (0.0001003); expected (0.0002)
Windows   passing glocal HMM Forward  bias filter:               4  (0.0001003); expected (0.0002)
Envelopes passing glocal HMM envelope defn filter:               4  (5.923e-05); expected (0.0002)
Envelopes passing  local CM  CYK           filter:               2  (1.621e-05); expected (0.0001)
Total CM hits reported:                                          0  (0); includes 0 truncated hit(s)

# CPU time: 0.25u 0.01s 00:00:00.26 Elapsed: 00:00:00.04
//
Query:       group-II-D1D4-2  [CLEN=118]
Accession:   RF01999
Description: Group II catalytic intron D1-D4-2
Hit scores:
 rank     E-value  score  bias  sequence  start    end   mdl trunc   gc  description
 ----   --------- ------ -----  -------- ------ ------   --- ----- ----  -----------

   [No hits detected that satisfy reporting thresholds]


Hit alignments:

   [No hits detected that satisfy reporting thresholds]


Internal CM pipeline statistics summary:
----------------------------------------
Query model(s):                                                  1  (118 consensus positions)
Target sequences:                                                1  (8204808 residues searched)
Target sequences re-searched for truncated hits:                 1  (632 residues re-searched)
Windows   passing  local HMM SSV           filter:            3653  (0.08385); expected (0.06)
Windows   passing  local HMM Viterbi       filter:             657  (0.01525); expected (0.02)
Windows   passing  local HMM Viterbi  bias filter:             626  (0.0145); expected (0.02)
Windows   passing  local HMM Forward       filter:              21  (0.0005396); expected (0.0002)
Windows   passing  local HMM Forward  bias filter:              17  (0.000424); expected (0.0002)
Windows   passing glocal HMM Forward       filter:              14  (0.0003271); expected (0.0002)
Windows   passing glocal HMM Forward  bias filter:              14  (0.0003271); expected (0.0002)
Envelopes passing glocal HMM envelope defn filter:              13  (0.0002078); expected (0.0002)
Envelopes passing  local CM  CYK           filter:               0  (0); expected (0.0001)
Total CM hits reported:                                          0  (0); includes 0 truncated hit(s)

# CPU time: 0.38u 0.01s 00:00:00.39 Elapsed: 00:00:00.05
//
Query:       group-II-D1D4-3  [CLEN=171]
Accession:   RF02001
Description: Group II catalytic intron D1-D4-3
Hit scores:
 rank     E-value  score  bias  sequence  start    end   mdl trunc   gc  description
 ----   --------- ------ -----  -------- ------ ------   --- ----- ----  -----------

   [No hits detected that satisfy reporting thresholds]


Hit alignments:

   [No hits detected that satisfy reporting thresholds]


Internal CM pipeline statistics summary:
----------------------------------------
Query model(s):                                                  1  (171 consensus positions)
Target sequences:                                                1  (8204808 residues searched)
Target sequences re-searched for truncated hits:                 1  (1268 residues re-searched)
Windows   passing  local HMM SSV           filter:            2552  (0.1126); expected (0.06)
Windows   passing  local HMM Viterbi       filter:             640  (0.02971); expected (0.02)
Windows   passing  local HMM Viterbi  bias filter:             384  (0.01775); expected (0.02)
Windows   passing  local HMM Forward       filter:              34  (0.001723); expected (0.0002)
Windows   passing  local HMM Forward  bias filter:              19  (0.0009371); expected (0.0002)
Windows   passing glocal HMM Forward       filter:              16  (0.0007929); expected (0.0002)
Windows   passing glocal HMM Forward  bias filter:              16  (0.0007929); expected (0.0002)
Envelopes passing glocal HMM envelope defn filter:              16  (0.0004386); expected (0.0002)
Envelopes passing  local CM  CYK           filter:               7  (0.0001275); expected (0.0001)
Total CM hits reported:                                          0  (0); includes 0 truncated hit(s)

# CPU time: 1.52u 0.11s 00:00:01.63 Elapsed: 00:00:00.29
//
Query:       group-II-D1D4-4  [CLEN=138]
Accession:   RF02003
Description: Group II catalytic intron D1-D4-4
Hit scores:
 rank     E-value  score  bias  sequence  start    end   mdl trunc   gc  description
 ----   --------- ------ -----  -------- ------ ------   --- ----- ----  -----------

   [No hits detected that satisfy reporting thresholds]


Hit alignments:

   [No hits detected that satisfy reporting thresholds]


Internal CM pipeline statistics summary:
----------------------------------------
Query model(s):                                                  1  (138 consensus positions)
Target sequences:                                                1  (8204808 residues searched)
Target sequences re-searched for truncated hits:                 1  (1460 residues re-searched)
Windows   passing  local HMM SSV           filter:            1511  (0.07244); expected (0.06)
Windows   passing  local HMM Viterbi       filter:             156  (0.007855); expected (0.02)
Windows   passing  local HMM Viterbi  bias filter:             135  (0.006789); expected (0.02)
Windows   passing  local HMM Forward       filter:               4  (0.0001931); expected (0.0002)
Windows   passing  local HMM Forward  bias filter:               2  (0.0001003); expected (0.0002)
Windows   passing glocal HMM Forward       filter:               1  (5.155e-05); expected (0.0002)
Windows   passing glocal HMM Forward  bias filter:               1  (5.155e-05); expected (0.0002)
Envelopes passing glocal HMM envelope defn filter:               1  (1.596e-05); expected (0.0002)
Envelopes passing  local CM  CYK           filter:               1  (1.523e-05); expected (0.0001)
Total CM hits reported:                                          0  (0); includes 0 truncated hit(s)

# CPU time: 0.29u 0.01s 00:00:00.30 Elapsed: 00:00:00.06
//
Query:       group-II-D1D4-5  [CLEN=201]
Accession:   RF02004
Description: Group II catalytic intron D1-D4-5
Hit scores:
 rank     E-value  score  bias  sequence  start    end   mdl trunc   gc  description
 ----   --------- ------ -----  -------- ------ ------   --- ----- ----  -----------

   [No hits detected that satisfy reporting thresholds]


Hit alignments:

   [No hits detected that satisfy reporting thresholds]


Internal CM pipeline statistics summary:
----------------------------------------
Query model(s):                                                  1  (201 consensus positions)
Target sequences:                                                1  (8204808 residues searched)
Target sequences re-searched for truncated hits:                 1  (1116 residues re-searched)
Windows   passing  local HMM SSV           filter:            2995  (0.1211); expected (0.06)
Windows   passing  local HMM Viterbi       filter:             456  (0.01908); expected (0.02)
Windows   passing  local HMM Viterbi  bias filter:             287  (0.01202); expected (0.02)
Windows   passing  local HMM Forward       filter:              15  (0.000657); expected (0.0002)
Windows   passing  local HMM Forward  bias filter:              11  (0.0004784); expected (0.0002)
Windows   passing glocal HMM Forward       filter:               7  (0.0002871); expected (0.0002)
Windows   passing glocal HMM Forward  bias filter:               7  (0.0002871); expected (0.0002)
Envelopes passing glocal HMM envelope defn filter:               7  (0.000191); expected (0.0002)
Envelopes passing  local CM  CYK           filter:               1  (2.961e-05); expected (0.0001)
Total CM hits reported:                                          0  (0); includes 0 truncated hit(s)

# CPU time: 0.79u 0.04s 00:00:00.83 Elapsed: 00:00:00.21
//
Query:       group-II-D1D4-6  [CLEN=225]
Accession:   RF02005
Description: Group II catalytic intron D1-D4-6
Hit scores:
 rank     E-value  score  bias  sequence  start    end   mdl trunc   gc  description
 ----   --------- ------ -----  -------- ------ ------   --- ----- ----  -----------

   [No hits detected that satisfy reporting thresholds]


Hit alignments:

   [No hits detected that satisfy reporting thresholds]


Internal CM pipeline statistics summary:
----------------------------------------
Query model(s):                                                  1  (225 consensus positions)
Target sequences:                                                1  (8204808 residues searched)
Target sequences re-searched for truncated hits:                 1  (1460 residues re-searched)
Windows   passing  local HMM SSV           filter:            1175  (0.06028); expected (0.06)
Windows   passing  local HMM Viterbi       filter:             163  (0.00845); expected (0.02)
Windows   passing  local HMM Viterbi  bias filter:             138  (0.007119); expected (0.02)
Windows   passing  local HMM Forward       filter:              10  (0.000544); expected (0.0002)
Windows   passing  local HMM Forward  bias filter:               6  (0.0003021); expected (0.0002)
Windows   passing glocal HMM Forward       filter:               4  (0.0002035); expected (0.0002)
Windows   passing glocal HMM Forward  bias filter:               4  (0.0002035); expected (0.0002)
Envelopes passing glocal HMM envelope defn filter:               4  (0.0001212); expected (0.0002)
Envelopes passing  local CM  CYK           filter:               0  (0); expected (0.0001)
Total CM hits reported:                                          0  (0); includes 0 truncated hit(s)

# CPU time: 0.48u 0.01s 00:00:00.49 Elapsed: 00:00:00.08
//
Query:       group-II-D1D4-7  [CLEN=148]
Accession:   RF02012
Description: Group II catalytic intron D1-D4-7
Hit scores:
 rank     E-value  score  bias  sequence  start    end   mdl trunc   gc  description
 ----   --------- ------ -----  -------- ------ ------   --- ----- ----  -----------

   [No hits detected that satisfy reporting thresholds]


Hit alignments:

   [No hits detected that satisfy reporting thresholds]


Internal CM pipeline statistics summary:
----------------------------------------
Query model(s):                                                  1  (148 consensus positions)
Target sequences:                                                1  (8204808 residues searched)
Target sequences re-searched for truncated hits:                 1  (1040 residues re-searched)
Windows   passing  local HMM SSV           filter:            2608  (0.0942); expected (0.06)
Windows   passing  local HMM Viterbi       filter:             300  (0.01118); expected (0.02)
Windows   passing  local HMM Viterbi  bias filter:             270  (0.01004); expected (0.02)
Windows   passing  local HMM Forward       filter:              10  (0.0003752); expected (0.0002)
Windows   passing  local HMM Forward  bias filter:               9  (0.00033); expected (0.0002)
Windows   passing glocal HMM Forward       filter:               7  (0.0002931); expected (0.0002)
Windows   passing glocal HMM Forward  bias filter:               7  (0.0002931); expected (0.0002)
Envelopes passing glocal HMM envelope defn filter:               6  (0.0001234); expected (0.0002)
Envelopes passing  local CM  CYK           filter:               2  (9.384e-06); expected (0.0001)
Total CM hits reported:                                          0  (0); includes 0 truncated hit(s)

# CPU time: 0.39u 0.00s 00:00:00.39 Elapsed: 00:00:00.05
//
[ok]
