# cmsearch :: search CM(s) against a sequence database
# INFERNAL 1.1.4 (Dec 2020)
# Copyright (C) 2020 Howard Hughes Medical Institute.
# Freely distributed under the BSD open source license.
# - - - - - - - - - - - - - - - - - - - - - - - - - - - - - - - - - - - -
# query CM file:                         cms/antitoxin.cm
# target sequence database:              genomes/PS-11.fas
# output directed to file:               sequences/PS-11/antitoxin.out
# tabular output of hits:                sequences/PS-11/antitoxin.tblout
# model-specific thresholding:           GA cutoffs
# Rfam pipeline mode:                    on [strict filtering]
# HMM-only mode for 0 basepair models:   no
# number of worker threads:              12
# - - - - - - - - - - - - - - - - - - - - - - - - - - - - - - - - - - - -

Query:       SIB_RNA  [CLEN=147]
Accession:   RF00113
Description: Short Intergenic Abundant RNA
Hit scores:
 rank     E-value  score  bias  sequence  start    end   mdl trunc   gc  description
 ----   --------- ------ -----  -------- ------ ------   --- ----- ----  -----------

   [No hits detected that satisfy reporting thresholds]


Hit alignments:

   [No hits detected that satisfy reporting thresholds]


Internal CM pipeline statistics summary:
----------------------------------------
Query model(s):                                                  1  (147 consensus positions)
Target sequences:                                                1  (8476306 residues searched)
Target sequences re-searched for truncated hits:                 1  (732 residues re-searched)
Windows   passing  local HMM SSV           filter:            5400  (0.1376); expected (0.06)
Windows   passing  local HMM Viterbi       filter:             928  (0.02444); expected (0.02)
Windows   passing  local HMM Viterbi  bias filter:             697  (0.01837); expected (0.02)
Windows   passing  local HMM Forward       filter:              67  (0.001806); expected (0.0002)
Windows   passing  local HMM Forward  bias filter:              50  (0.001349); expected (0.0002)
Windows   passing glocal HMM Forward       filter:              32  (0.0009212); expected (0.0002)
Windows   passing glocal HMM Forward  bias filter:              32  (0.0009212); expected (0.0002)
Envelopes passing glocal HMM envelope defn filter:              34  (0.0006841); expected (0.0002)
Envelopes passing  local CM  CYK           filter:               4  (4.4e-05); expected (0.0001)
Total CM hits reported:                                          0  (0); includes 0 truncated hit(s)

# CPU time: 1.25u 0.11s 00:00:01.36 Elapsed: 00:00:00.22
//
Query:       istR  [CLEN=130]
Accession:   RF01400
Description: istR Hfq binding RNA
Hit scores:
 rank     E-value  score  bias  sequence  start    end   mdl trunc   gc  description
 ----   --------- ------ -----  -------- ------ ------   --- ----- ----  -----------

   [No hits detected that satisfy reporting thresholds]


Hit alignments:

   [No hits detected that satisfy reporting thresholds]


Internal CM pipeline statistics summary:
----------------------------------------
Query model(s):                                                  1  (130 consensus positions)
Target sequences:                                                1  (8476306 residues searched)
Target sequences re-searched for truncated hits:                 1  (648 residues re-searched)
Windows   passing  local HMM SSV           filter:            2765  (0.06251); expected (0.06)
Windows   passing  local HMM Viterbi       filter:             400  (0.009266); expected (0.02)
Windows   passing  local HMM Viterbi  bias filter:             391  (0.009053); expected (0.02)
Windows   passing  local HMM Forward       filter:               9  (0.0002254); expected (0.0002)
Windows   passing  local HMM Forward  bias filter:               9  (0.0002254); expected (0.0002)
Windows   passing glocal HMM Forward       filter:               6  (0.0001456); expected (0.0002)
Windows   passing glocal HMM Forward  bias filter:               6  (0.0001456); expected (0.0002)
Envelopes passing glocal HMM envelope defn filter:               6  (0.0001082); expected (0.0002)
Envelopes passing  local CM  CYK           filter:               0  (0); expected (0.0001)
Total CM hits reported:                                          0  (0); includes 0 truncated hit(s)

# CPU time: 0.32u 0.00s 00:00:00.32 Elapsed: 00:00:00.05
//
Query:       RatA  [CLEN=90]
Accession:   RF01776
Description: RNA anti-toxin A
Hit scores:
 rank     E-value  score  bias  sequence  start    end   mdl trunc   gc  description
 ----   --------- ------ -----  -------- ------ ------   --- ----- ----  -----------

   [No hits detected that satisfy reporting thresholds]


Hit alignments:

   [No hits detected that satisfy reporting thresholds]


Internal CM pipeline statistics summary:
----------------------------------------
Query model(s):                                                  1  (90 consensus positions)
Target sequences:                                                1  (8476306 residues searched)
Target sequences re-searched for truncated hits:                 1  (448 residues re-searched)
Windows   passing  local HMM SSV           filter:           10204  (0.164); expected (0.06)
Windows   passing  local HMM Viterbi       filter:            1797  (0.03018); expected (0.02)
Windows   passing  local HMM Viterbi  bias filter:            1039  (0.01725); expected (0.02)
Windows   passing  local HMM Forward       filter:              88  (0.00155); expected (0.0002)
Windows   passing  local HMM Forward  bias filter:              45  (0.0008059); expected (0.0002)
Windows   passing glocal HMM Forward       filter:              42  (0.0007703); expected (0.0002)
Windows   passing glocal HMM Forward  bias filter:              41  (0.0007549); expected (0.0002)
Envelopes passing glocal HMM envelope defn filter:              42  (0.0005392); expected (0.0002)
Envelopes passing  local CM  CYK           filter:               6  (6.37e-05); expected (0.0001)
Total CM hits reported:                                          0  (0); includes 0 truncated hit(s)

# CPU time: 0.77u 0.04s 00:00:00.81 Elapsed: 00:00:00.10
//
Query:       sok  [CLEN=157]
Accession:   RF01794
Description: sok antitoxin (CssrC)
Hit scores:
 rank     E-value  score  bias  sequence  start    end   mdl trunc   gc  description
 ----   --------- ------ -----  -------- ------ ------   --- ----- ----  -----------

   [No hits detected that satisfy reporting thresholds]


Hit alignments:

   [No hits detected that satisfy reporting thresholds]


Internal CM pipeline statistics summary:
----------------------------------------
Query model(s):                                                  1  (157 consensus positions)
Target sequences:                                                1  (8476306 residues searched)
Target sequences re-searched for truncated hits:                 1  (1184 residues re-searched)
Windows   passing  local HMM SSV           filter:            2926  (0.1165); expected (0.06)
Windows   passing  local HMM Viterbi       filter:             517  (0.02129); expected (0.02)
Windows   passing  local HMM Viterbi  bias filter:             462  (0.01902); expected (0.02)
Windows   passing  local HMM Forward       filter:              21  (0.0009244); expected (0.0002)
Windows   passing  local HMM Forward  bias filter:              21  (0.0009244); expected (0.0002)
Windows   passing glocal HMM Forward       filter:              13  (0.0005885); expected (0.0002)
Windows   passing glocal HMM Forward  bias filter:              13  (0.0005885); expected (0.0002)
Envelopes passing glocal HMM envelope defn filter:              13  (0.0002819); expected (0.0002)
Envelopes passing  local CM  CYK           filter:               3  (2.666e-05); expected (0.0001)
Total CM hits reported:                                          0  (0); includes 0 truncated hit(s)

# CPU time: 0.83u 0.06s 00:00:00.88 Elapsed: 00:00:00.13
//
Query:       fstAT  [CLEN=94]
Accession:   RF01797
Description: Fst antitoxin sRNA
Hit scores:
 rank     E-value  score  bias  sequence  start    end   mdl trunc   gc  description
 ----   --------- ------ -----  -------- ------ ------   --- ----- ----  -----------

   [No hits detected that satisfy reporting thresholds]


Hit alignments:

   [No hits detected that satisfy reporting thresholds]


Internal CM pipeline statistics summary:
----------------------------------------
Query model(s):                                                  1  (94 consensus positions)
Target sequences:                                                1  (8476306 residues searched)
Target sequences re-searched for truncated hits:                 1  (496 residues re-searched)
Windows   passing  local HMM SSV           filter:            9520  (0.169); expected (0.06)
Windows   passing  local HMM Viterbi       filter:            1617  (0.02986); expected (0.02)
Windows   passing  local HMM Viterbi  bias filter:            1243  (0.02285); expected (0.02)
Windows   passing  local HMM Forward       filter:             106  (0.002183); expected (0.0002)
Windows   passing  local HMM Forward  bias filter:              80  (0.001647); expected (0.0002)
Windows   passing glocal HMM Forward       filter:              46  (0.0009598); expected (0.0002)
Windows   passing glocal HMM Forward  bias filter:              42  (0.0008677); expected (0.0002)
Envelopes passing glocal HMM envelope defn filter:              41  (0.0005587); expected (0.0002)
Envelopes passing  local CM  CYK           filter:               9  (0.0001006); expected (0.0001)
Total CM hits reported:                                          0  (0); includes 0 truncated hit(s)

# CPU time: 0.84u 0.02s 00:00:00.86 Elapsed: 00:00:00.10
//
Query:       symR  [CLEN=77]
Accession:   RF01809
Description: SymR antitoxin
Hit scores:
 rank     E-value  score  bias  sequence  start    end   mdl trunc   gc  description
 ----   --------- ------ -----  -------- ------ ------   --- ----- ----  -----------

   [No hits detected that satisfy reporting thresholds]


Hit alignments:

   [No hits detected that satisfy reporting thresholds]


Internal CM pipeline statistics summary:
----------------------------------------
Query model(s):                                                  1  (77 consensus positions)
Target sequences:                                                1  (8476306 residues searched)
Target sequences re-searched for truncated hits:                 1  (384 residues re-searched)
Windows   passing  local HMM SSV           filter:            7003  (0.09611); expected (0.06)
Windows   passing  local HMM Viterbi       filter:            1628  (0.02272); expected (0.02)
Windows   passing  local HMM Viterbi  bias filter:            1526  (0.02128); expected (0.02)
Windows   passing  local HMM Forward       filter:              40  (0.0005928); expected (0.0002)
Windows   passing  local HMM Forward  bias filter:              38  (0.0005573); expected (0.0002)
Windows   passing glocal HMM Forward       filter:              27  (0.0003921); expected (0.0002)
Windows   passing glocal HMM Forward  bias filter:              27  (0.0003921); expected (0.0002)
Envelopes passing glocal HMM envelope defn filter:              27  (0.0003009); expected (0.0002)
Envelopes passing  local CM  CYK           filter:               2  (1.274e-05); expected (0.0001)
Total CM hits reported:                                          0  (0); includes 0 truncated hit(s)

# CPU time: 0.37u 0.00s 00:00:00.37 Elapsed: 00:00:00.04
//
Query:       PtaRNA1  [CLEN=72]
Accession:   RF01811
Description: Plasmid transferred anti-sense RNA
Hit scores:
 rank     E-value  score  bias  sequence  start    end   mdl trunc   gc  description
 ----   --------- ------ -----  -------- ------ ------   --- ----- ----  -----------

   [No hits detected that satisfy reporting thresholds]


Hit alignments:

   [No hits detected that satisfy reporting thresholds]


Internal CM pipeline statistics summary:
----------------------------------------
Query model(s):                                                  1  (72 consensus positions)
Target sequences:                                                1  (8476306 residues searched)
Target sequences re-searched for truncated hits:                 1  (360 residues re-searched)
Windows   passing  local HMM SSV           filter:            4699  (0.06048); expected (0.06)
Windows   passing  local HMM Viterbi       filter:            1315  (0.01714); expected (0.02)
Windows   passing  local HMM Viterbi  bias filter:            1241  (0.01618); expected (0.02)
Windows   passing  local HMM Forward       filter:              17  (0.0002397); expected (0.0002)
Windows   passing  local HMM Forward  bias filter:              12  (0.0001727); expected (0.0002)
Windows   passing glocal HMM Forward       filter:               7  (9.367e-05); expected (0.0002)
Windows   passing glocal HMM Forward  bias filter:               7  (9.367e-05); expected (0.0002)
Envelopes passing glocal HMM envelope defn filter:               7  (6.901e-05); expected (0.0002)
Envelopes passing  local CM  CYK           filter:               2  (1.64e-05); expected (0.0001)
Total CM hits reported:                                          0  (0); includes 0 truncated hit(s)

# CPU time: 0.21u 0.01s 00:00:00.22 Elapsed: 00:00:00.03
//
Query:       rdlD  [CLEN=66]
Accession:   RF01813
Description: rdlD antitoxin
Hit scores:
 rank     E-value  score  bias  sequence  start    end   mdl trunc   gc  description
 ----   --------- ------ -----  -------- ------ ------   --- ----- ----  -----------

   [No hits detected that satisfy reporting thresholds]


Hit alignments:

   [No hits detected that satisfy reporting thresholds]


Internal CM pipeline statistics summary:
----------------------------------------
Query model(s):                                                  1  (66 consensus positions)
Target sequences:                                                1  (8476306 residues searched)
Target sequences re-searched for truncated hits:                 1  (328 residues re-searched)
Windows   passing  local HMM SSV           filter:            5060  (0.05971); expected (0.06)
Windows   passing  local HMM Viterbi       filter:            1297  (0.01541); expected (0.02)
Windows   passing  local HMM Viterbi  bias filter:            1144  (0.01358); expected (0.02)
Windows   passing  local HMM Forward       filter:              27  (0.0003365); expected (0.0002)
Windows   passing  local HMM Forward  bias filter:              23  (0.0002857); expected (0.0002)
Windows   passing glocal HMM Forward       filter:               9  (0.0001212); expected (0.0002)
Windows   passing glocal HMM Forward  bias filter:               9  (0.0001212); expected (0.0002)
Envelopes passing glocal HMM envelope defn filter:               8  (7.468e-05); expected (0.0002)
Envelopes passing  local CM  CYK           filter:               3  (2.088e-05); expected (0.0001)
Total CM hits reported:                                          0  (0); includes 0 truncated hit(s)

# CPU time: 0.22u 0.00s 00:00:00.22 Elapsed: 00:00:00.04
//
Query:       OrzO-P  [CLEN=76]
Accession:   RF02083
Description: OrzO-P RNA antitoxin family
Hit scores:
 rank     E-value  score  bias  sequence  start    end   mdl trunc   gc  description
 ----   --------- ------ -----  -------- ------ ------   --- ----- ----  -----------

   [No hits detected that satisfy reporting thresholds]


Hit alignments:

   [No hits detected that satisfy reporting thresholds]


Internal CM pipeline statistics summary:
----------------------------------------
Query model(s):                                                  1  (76 consensus positions)
Target sequences:                                                1  (8476306 residues searched)
Target sequences re-searched for truncated hits:                 1  (380 residues re-searched)
Windows   passing  local HMM SSV           filter:            9541  (0.1299); expected (0.06)
Windows   passing  local HMM Viterbi       filter:            2932  (0.04103); expected (0.02)
Windows   passing  local HMM Viterbi  bias filter:            2397  (0.03362); expected (0.02)
Windows   passing  local HMM Forward       filter:             173  (0.002702); expected (0.0002)
Windows   passing  local HMM Forward  bias filter:             135  (0.002099); expected (0.0002)
Windows   passing glocal HMM Forward       filter:             103  (0.001651); expected (0.0002)
Windows   passing glocal HMM Forward  bias filter:             101  (0.001617); expected (0.0002)
Envelopes passing glocal HMM envelope defn filter:             100  (0.00108); expected (0.0002)
Envelopes passing  local CM  CYK           filter:              70  (0.0007053); expected (0.0001)
Total CM hits reported:                                          0  (0); includes 0 truncated hit(s)

# CPU time: 1.69u 0.01s 00:00:01.70 Elapsed: 00:00:00.17
//
Query:       ohsC_RNA  [CLEN=77]
Accession:   RF02495
Description: Oppression of Hydrophobic ORF by sRNA
Hit scores:
 rank     E-value  score  bias  sequence  start    end   mdl trunc   gc  description
 ----   --------- ------ -----  -------- ------ ------   --- ----- ----  -----------

   [No hits detected that satisfy reporting thresholds]


Hit alignments:

   [No hits detected that satisfy reporting thresholds]


Internal CM pipeline statistics summary:
----------------------------------------
Query model(s):                                                  1  (77 consensus positions)
Target sequences:                                                1  (8476306 residues searched)
Target sequences re-searched for truncated hits:                 1  (384 residues re-searched)
Windows   passing  local HMM SSV           filter:            8643  (0.119); expected (0.06)
Windows   passing  local HMM Viterbi       filter:            2342  (0.03299); expected (0.02)
Windows   passing  local HMM Viterbi  bias filter:            1921  (0.02709); expected (0.02)
Windows   passing  local HMM Forward       filter:             134  (0.002039); expected (0.0002)
Windows   passing  local HMM Forward  bias filter:             101  (0.001505); expected (0.0002)
Windows   passing glocal HMM Forward       filter:              68  (0.001073); expected (0.0002)
Windows   passing glocal HMM Forward  bias filter:              66  (0.001038); expected (0.0002)
Envelopes passing glocal HMM envelope defn filter:              66  (0.0007253); expected (0.0002)
Envelopes passing  local CM  CYK           filter:              25  (0.0002495); expected (0.0001)
Total CM hits reported:                                          0  (0); includes 0 truncated hit(s)

# CPU time: 0.89u 0.01s 00:00:00.90 Elapsed: 00:00:00.12
//
Query:       ToxI  [CLEN=34]
Accession:   RF02519
Description: ToxI antitoxin
Hit scores:
 rank     E-value  score  bias  sequence  start    end   mdl trunc   gc  description
 ----   --------- ------ -----  -------- ------ ------   --- ----- ----  -----------

   [No hits detected that satisfy reporting thresholds]


Hit alignments:

   [No hits detected that satisfy reporting thresholds]


Internal CM pipeline statistics summary:
----------------------------------------
Query model(s):                                                  1  (34 consensus positions)
Target sequences:                                                1  (8476306 residues searched)
Target sequences re-searched for truncated hits:                 1  (192 residues re-searched)
Windows   passing  local HMM SSV           filter:            7181  (0.05); expected (0.06)
Windows   passing  local HMM Viterbi       filter:            1179  (0.008228); expected (0.02)
Windows   passing  local HMM Viterbi  bias filter:            1050  (0.007311); expected (0.02)
Windows   passing  local HMM Forward       filter:              17  (0.000124); expected (0.0002)
Windows   passing  local HMM Forward  bias filter:              10  (7.338e-05); expected (0.0002)
Windows   passing glocal HMM Forward       filter:               7  (5.368e-05); expected (0.0002)
Windows   passing glocal HMM Forward  bias filter:               7  (5.368e-05); expected (0.0002)
Envelopes passing glocal HMM envelope defn filter:               7  (3.232e-05); expected (0.0002)
Envelopes passing  local CM  CYK           filter:               5  (2.359e-05); expected (0.0001)
Total CM hits reported:                                          0  (0); includes 0 truncated hit(s)

# CPU time: 0.12u 0.00s 00:00:00.12 Elapsed: 00:00:00.02
//
[ok]
