# cmsearch :: search CM(s) against a sequence database
# INFERNAL 1.1.4 (Dec 2020)
# Copyright (C) 2020 Howard Hughes Medical Institute.
# Freely distributed under the BSD open source license.
# - - - - - - - - - - - - - - - - - - - - - - - - - - - - - - - - - - - -
# query CM file:                         cms/ribozyme.cm
# target sequence database:              genomes/PS-64_plasmid.fas
# output directed to file:               sequences/PS-64_plasmid/ribozyme.out
# tabular output of hits:                sequences/PS-64_plasmid/ribozyme.tblout
# model-specific thresholding:           GA cutoffs
# Rfam pipeline mode:                    on [strict filtering]
# HMM-only mode for 0 basepair models:   no
# number of worker threads:              12
# - - - - - - - - - - - - - - - - - - - - - - - - - - - - - - - - - - - -

Query:       Hammerhead_3  [CLEN=54]
Accession:   RF00008
Description: Hammerhead ribozyme (type III)
Hit scores:
 rank     E-value  score  bias  sequence  start    end   mdl trunc   gc  description
 ----   --------- ------ -----  -------- ------ ------   --- ----- ----  -----------

   [No hits detected that satisfy reporting thresholds]


Hit alignments:

   [No hits detected that satisfy reporting thresholds]


Internal CM pipeline statistics summary:
----------------------------------------
Query model(s):                                                  1  (54 consensus positions)
Target sequences:                                                1  (168804 residues searched)
Target sequences re-searched for truncated hits:                 1  (872 residues re-searched)
Windows   passing  local HMM SSV           filter:              25  (0.03333); expected (0.06)
Windows   passing  local HMM Viterbi       filter:              11  (0.01445); expected (0.02)
Windows   passing  local HMM Viterbi  bias filter:              11  (0.01445); expected (0.02)
Windows   passing  local HMM Forward       filter:               2  (0.002281); expected (0.0002)
Windows   passing  local HMM Forward  bias filter:               2  (0.002281); expected (0.0002)
Windows   passing glocal HMM Forward       filter:               2  (0.002281); expected (0.0002)
Windows   passing glocal HMM Forward  bias filter:               2  (0.002281); expected (0.0002)
Envelopes passing glocal HMM envelope defn filter:               2  (0.0007072); expected (0.0002)
Envelopes passing  local CM  CYK           filter:               1  (0.0003418); expected (0.0001)
Total CM hits reported:                                          0  (0); includes 0 truncated hit(s)

# CPU time: 0.01u 0.01s 00:00:00.02 Elapsed: 00:00:00.01
//
Query:       RNaseP_nuc  [CLEN=303]
Accession:   RF00009
Description: Nuclear RNase P
Hit scores:
 rank     E-value  score  bias  sequence  start    end   mdl trunc   gc  description
 ----   --------- ------ -----  -------- ------ ------   --- ----- ----  -----------

   [No hits detected that satisfy reporting thresholds]


Hit alignments:

   [No hits detected that satisfy reporting thresholds]


Internal CM pipeline statistics summary:
----------------------------------------
Query model(s):                                                  1  (303 consensus positions)
Target sequences:                                                1  (168804 residues searched)
Target sequences re-searched for truncated hits:                 1  (4020 residues re-searched)
Windows   passing  local HMM SSV           filter:               9  (0.05616); expected (0.06)
Windows   passing  local HMM Viterbi       filter:               2  (0.01348); expected (0.02)
Windows   passing  local HMM Viterbi  bias filter:               2  (0.01348); expected (0.02)
Windows   passing  local HMM Forward       filter:               0  (0); expected (0.0002)
Windows   passing  local HMM Forward  bias filter:               0  (0); expected (0.0002)
Windows   passing glocal HMM Forward       filter:               0  (0); expected (0.0002)
Windows   passing glocal HMM Forward  bias filter:               0  (0); expected (0.0002)
Envelopes passing glocal HMM envelope defn filter:               0  (0); expected (0.0002)
Envelopes passing  local CM  CYK           filter:               0  (0); expected (0.0001)
Total CM hits reported:                                          0  (0); includes 0 truncated hit(s)

# CPU time: 0.03u 0.01s 00:00:00.04 Elapsed: 00:00:00.03
//
Query:       RNaseP_bact_a  [CLEN=367]
Accession:   RF00010
Description: Bacterial RNase P class A
Hit scores:
 rank     E-value  score  bias  sequence  start    end   mdl trunc   gc  description
 ----   --------- ------ -----  -------- ------ ------   --- ----- ----  -----------

   [No hits detected that satisfy reporting thresholds]


Hit alignments:

   [No hits detected that satisfy reporting thresholds]


Internal CM pipeline statistics summary:
----------------------------------------
Query model(s):                                                  1  (367 consensus positions)
Target sequences:                                                1  (168804 residues searched)
Target sequences re-searched for truncated hits:                 1  (2892 residues re-searched)
Windows   passing  local HMM SSV           filter:              16  (0.08021); expected (0.06)
Windows   passing  local HMM Viterbi       filter:               1  (0.004869); expected (0.02)
Windows   passing  local HMM Viterbi  bias filter:               1  (0.004869); expected (0.02)
Windows   passing  local HMM Forward       filter:               0  (0); expected (0.0002)
Windows   passing  local HMM Forward  bias filter:               0  (0); expected (0.0002)
Windows   passing glocal HMM Forward       filter:               0  (0); expected (0.0002)
Windows   passing glocal HMM Forward  bias filter:               0  (0); expected (0.0002)
Envelopes passing glocal HMM envelope defn filter:               0  (0); expected (0.0002)
Envelopes passing  local CM  CYK           filter:               0  (0); expected (0.0001)
Total CM hits reported:                                          0  (0); includes 0 truncated hit(s)

# CPU time: 0.02u 0.01s 00:00:00.03 Elapsed: 00:00:00.03
//
Query:       RNaseP_bact_b  [CLEN=366]
Accession:   RF00011
Description: Bacterial RNase P class B
Hit scores:
 rank     E-value  score  bias  sequence  start    end   mdl trunc   gc  description
 ----   --------- ------ -----  -------- ------ ------   --- ----- ----  -----------

   [No hits detected that satisfy reporting thresholds]


Hit alignments:

   [No hits detected that satisfy reporting thresholds]


Internal CM pipeline statistics summary:
----------------------------------------
Query model(s):                                                  1  (366 consensus positions)
Target sequences:                                                1  (168804 residues searched)
Target sequences re-searched for truncated hits:                 1  (1932 residues re-searched)
Windows   passing  local HMM SSV           filter:              45  (0.1527); expected (0.06)
Windows   passing  local HMM Viterbi       filter:               2  (0.00902); expected (0.02)
Windows   passing  local HMM Viterbi  bias filter:               0  (0); expected (0.02)
Windows   passing  local HMM Forward       filter:               0  (0); expected (0.0002)
Windows   passing  local HMM Forward  bias filter:               0  (0); expected (0.0002)
Windows   passing glocal HMM Forward       filter:               0  (0); expected (0.0002)
Windows   passing glocal HMM Forward  bias filter:               0  (0); expected (0.0002)
Envelopes passing glocal HMM envelope defn filter:               0  (0); expected (0.0002)
Envelopes passing  local CM  CYK           filter:               0  (0); expected (0.0001)
Total CM hits reported:                                          0  (0); includes 0 truncated hit(s)

# CPU time: 0.02u 0.00s 00:00:00.02 Elapsed: 00:00:00.02
//
Query:       RNase_MRP  [CLEN=266]
Accession:   RF00030
Description: RNase MRP
Hit scores:
 rank     E-value  score  bias  sequence  start    end   mdl trunc   gc  description
 ----   --------- ------ -----  -------- ------ ------   --- ----- ----  -----------

   [No hits detected that satisfy reporting thresholds]


Hit alignments:

   [No hits detected that satisfy reporting thresholds]


Internal CM pipeline statistics summary:
----------------------------------------
Query model(s):                                                  1  (266 consensus positions)
Target sequences:                                                1  (168804 residues searched)
Target sequences re-searched for truncated hits:                 1  (7472 residues re-searched)
Windows   passing  local HMM SSV           filter:               8  (0.09591); expected (0.06)
Windows   passing  local HMM Viterbi       filter:               0  (0); expected (0.02)
Windows   passing  local HMM Viterbi  bias filter:               0  (0); expected (0.02)
Windows   passing  local HMM Forward       filter:               0  (0); expected (0.0002)
Windows   passing  local HMM Forward  bias filter:               0  (0); expected (0.0002)
Windows   passing glocal HMM Forward       filter:               0  (0); expected (0.0002)
Windows   passing glocal HMM Forward  bias filter:               0  (0); expected (0.0002)
Envelopes passing glocal HMM envelope defn filter:               0  (0); expected (0.0002)
Envelopes passing  local CM  CYK           filter:               0  (0); expected (0.0001)
Total CM hits reported:                                          0  (0); includes 0 truncated hit(s)

# CPU time: 0.02u 0.01s 00:00:00.03 Elapsed: 00:00:00.01
//
Query:       HDV_ribozyme  [CLEN=91]
Accession:   RF00094
Description: Hepatitis delta virus ribozyme
Hit scores:
 rank     E-value  score  bias  sequence  start    end   mdl trunc   gc  description
 ----   --------- ------ -----  -------- ------ ------   --- ----- ----  -----------

   [No hits detected that satisfy reporting thresholds]


Hit alignments:

   [No hits detected that satisfy reporting thresholds]


Internal CM pipeline statistics summary:
----------------------------------------
Query model(s):                                                  1  (91 consensus positions)
Target sequences:                                                1  (168804 residues searched)
Target sequences re-searched for truncated hits:                 1  (460 residues re-searched)
Windows   passing  local HMM SSV           filter:               6  (0.004892); expected (0.06)
Windows   passing  local HMM Viterbi       filter:               1  (0.0008153); expected (0.02)
Windows   passing  local HMM Viterbi  bias filter:               1  (0.0008153); expected (0.02)
Windows   passing  local HMM Forward       filter:               0  (0); expected (0.0002)
Windows   passing  local HMM Forward  bias filter:               0  (0); expected (0.0002)
Windows   passing glocal HMM Forward       filter:               0  (0); expected (0.0002)
Windows   passing glocal HMM Forward  bias filter:               0  (0); expected (0.0002)
Envelopes passing glocal HMM envelope defn filter:               0  (0); expected (0.0002)
Envelopes passing  local CM  CYK           filter:               0  (0); expected (0.0001)
Total CM hits reported:                                          0  (0); includes 0 truncated hit(s)

# CPU time: 0.01u 0.00s 00:00:00.01 Elapsed: 00:00:00.00
//
Query:       Hammerhead_1  [CLEN=46]
Accession:   RF00163
Description: Hammerhead ribozyme (type I)
Hit scores:
 rank     E-value  score  bias  sequence  start    end   mdl trunc   gc  description
 ----   --------- ------ -----  -------- ------ ------   --- ----- ----  -----------

   [No hits detected that satisfy reporting thresholds]


Hit alignments:

   [No hits detected that satisfy reporting thresholds]


Internal CM pipeline statistics summary:
----------------------------------------
Query model(s):                                                  1  (46 consensus positions)
Target sequences:                                                1  (168804 residues searched)
Target sequences re-searched for truncated hits:                 1  (3812 residues re-searched)
Windows   passing  local HMM SSV           filter:              14  (0.06525); expected (0.06)
Windows   passing  local HMM Viterbi       filter:               5  (0.02669); expected (0.02)
Windows   passing  local HMM Viterbi  bias filter:               5  (0.02669); expected (0.02)
Windows   passing  local HMM Forward       filter:               0  (0); expected (0.0002)
Windows   passing  local HMM Forward  bias filter:               0  (0); expected (0.0002)
Windows   passing glocal HMM Forward       filter:               0  (0); expected (0.0002)
Windows   passing glocal HMM Forward  bias filter:               0  (0); expected (0.0002)
Envelopes passing glocal HMM envelope defn filter:               0  (0); expected (0.0002)
Envelopes passing  local CM  CYK           filter:               0  (0); expected (0.0001)
Total CM hits reported:                                          0  (0); includes 0 truncated hit(s)

# CPU time: 0.00u 0.00s 00:00:00.00 Elapsed: 00:00:00.00
//
Query:       Hairpin  [CLEN=52]
Accession:   RF00173
Description: Hairpin ribozyme
Hit scores:
 rank     E-value  score  bias  sequence  start    end   mdl trunc   gc  description
 ----   --------- ------ -----  -------- ------ ------   --- ----- ----  -----------

   [No hits detected that satisfy reporting thresholds]


Hit alignments:

   [No hits detected that satisfy reporting thresholds]


Internal CM pipeline statistics summary:
----------------------------------------
Query model(s):                                                  1  (52 consensus positions)
Target sequences:                                                1  (168804 residues searched)
Target sequences re-searched for truncated hits:                 1  (268 residues re-searched)
Windows   passing  local HMM SSV           filter:              90  (0.0439); expected (0.06)
Windows   passing  local HMM Viterbi       filter:              23  (0.0111); expected (0.02)
Windows   passing  local HMM Viterbi  bias filter:              17  (0.008186); expected (0.02)
Windows   passing  local HMM Forward       filter:               0  (0); expected (0.0002)
Windows   passing  local HMM Forward  bias filter:               0  (0); expected (0.0002)
Windows   passing glocal HMM Forward       filter:               0  (0); expected (0.0002)
Windows   passing glocal HMM Forward  bias filter:               0  (0); expected (0.0002)
Envelopes passing glocal HMM envelope defn filter:               0  (0); expected (0.0002)
Envelopes passing  local CM  CYK           filter:               0  (0); expected (0.0001)
Total CM hits reported:                                          0  (0); includes 0 truncated hit(s)

# CPU time: 0.01u 0.00s 00:00:00.01 Elapsed: 00:00:00.00
//
Query:       RNaseP_arch  [CLEN=303]
Accession:   RF00373
Description: Archaeal RNase P
Hit scores:
 rank     E-value  score  bias  sequence  start    end   mdl trunc   gc  description
 ----   --------- ------ -----  -------- ------ ------   --- ----- ----  -----------

   [No hits detected that satisfy reporting thresholds]


Hit alignments:

   [No hits detected that satisfy reporting thresholds]


Internal CM pipeline statistics summary:
----------------------------------------
Query model(s):                                                  1  (303 consensus positions)
Target sequences:                                                1  (168804 residues searched)
Target sequences re-searched for truncated hits:                 1  (2744 residues re-searched)
Windows   passing  local HMM SSV           filter:              13  (0.05777); expected (0.06)
Windows   passing  local HMM Viterbi       filter:               0  (0); expected (0.02)
Windows   passing  local HMM Viterbi  bias filter:               0  (0); expected (0.02)
Windows   passing  local HMM Forward       filter:               0  (0); expected (0.0002)
Windows   passing  local HMM Forward  bias filter:               0  (0); expected (0.0002)
Windows   passing glocal HMM Forward       filter:               0  (0); expected (0.0002)
Windows   passing glocal HMM Forward  bias filter:               0  (0); expected (0.0002)
Envelopes passing glocal HMM envelope defn filter:               0  (0); expected (0.0002)
Envelopes passing  local CM  CYK           filter:               0  (0); expected (0.0001)
Total CM hits reported:                                          0  (0); includes 0 truncated hit(s)

# CPU time: 0.02u 0.01s 00:00:00.03 Elapsed: 00:00:00.02
//
Query:       CoTC_ribozyme  [CLEN=191]
Accession:   RF00621
Description: Beta-globin co-transcriptional cleavage ribozyme
Hit scores:
 rank     E-value  score  bias  sequence  start    end   mdl trunc   gc  description
 ----   --------- ------ -----  -------- ------ ------   --- ----- ----  -----------

   [No hits detected that satisfy reporting thresholds]


Hit alignments:

   [No hits detected that satisfy reporting thresholds]


Internal CM pipeline statistics summary:
----------------------------------------
Query model(s):                                                  1  (191 consensus positions)
Target sequences:                                                1  (168804 residues searched)
Target sequences re-searched for truncated hits:                 1  (952 residues re-searched)
Windows   passing  local HMM SSV           filter:             128  (0.212); expected (0.06)
Windows   passing  local HMM Viterbi       filter:              19  (0.0337); expected (0.02)
Windows   passing  local HMM Viterbi  bias filter:               9  (0.01593); expected (0.02)
Windows   passing  local HMM Forward       filter:               0  (0); expected (0.0002)
Windows   passing  local HMM Forward  bias filter:               0  (0); expected (0.0002)
Windows   passing glocal HMM Forward       filter:               0  (0); expected (0.0002)
Windows   passing glocal HMM Forward  bias filter:               0  (0); expected (0.0002)
Envelopes passing glocal HMM envelope defn filter:               0  (0); expected (0.0002)
Envelopes passing  local CM  CYK           filter:               0  (0); expected (0.0001)
Total CM hits reported:                                          0  (0); includes 0 truncated hit(s)

# CPU time: 0.02u 0.00s 00:00:00.02 Elapsed: 00:00:00.02
//
Query:       CPEB3_ribozyme  [CLEN=78]
Accession:   RF00622
Description: Mammalian CPEB3 ribozyme
Hit scores:
 rank     E-value  score  bias  sequence  start    end   mdl trunc   gc  description
 ----   --------- ------ -----  -------- ------ ------   --- ----- ----  -----------

   [No hits detected that satisfy reporting thresholds]


Hit alignments:

   [No hits detected that satisfy reporting thresholds]


Internal CM pipeline statistics summary:
----------------------------------------
Query model(s):                                                  1  (78 consensus positions)
Target sequences:                                                1  (168804 residues searched)
Target sequences re-searched for truncated hits:                 1  (388 residues re-searched)
Windows   passing  local HMM SSV           filter:              97  (0.06754); expected (0.06)
Windows   passing  local HMM Viterbi       filter:              16  (0.01174); expected (0.02)
Windows   passing  local HMM Viterbi  bias filter:              16  (0.01174); expected (0.02)
Windows   passing  local HMM Forward       filter:               1  (0.001052); expected (0.0002)
Windows   passing  local HMM Forward  bias filter:               1  (0.001052); expected (0.0002)
Windows   passing glocal HMM Forward       filter:               1  (0.001052); expected (0.0002)
Windows   passing glocal HMM Forward  bias filter:               1  (0.001052); expected (0.0002)
Envelopes passing glocal HMM envelope defn filter:               1  (0.0009516); expected (0.0002)
Envelopes passing  local CM  CYK           filter:               0  (0); expected (0.0001)
Total CM hits reported:                                          0  (0); includes 0 truncated hit(s)

# CPU time: 0.01u 0.00s 00:00:00.01 Elapsed: 00:00:00.01
//
Query:       RNase_P  [CLEN=626]
Accession:   RF01577
Description: Plasmodium RNase_P
Hit scores:
 rank     E-value  score  bias  sequence  start    end   mdl trunc   gc  description
 ----   --------- ------ -----  -------- ------ ------   --- ----- ----  -----------

   [No hits detected that satisfy reporting thresholds]


Hit alignments:

   [No hits detected that satisfy reporting thresholds]


Internal CM pipeline statistics summary:
----------------------------------------
Query model(s):                                                  1  (626 consensus positions)
Target sequences:                                                1  (168804 residues searched)
Target sequences re-searched for truncated hits:                 1  (3128 residues re-searched)
Windows   passing  local HMM SSV           filter:             234  (0.9279); expected (0.06)
Windows   passing  local HMM Viterbi       filter:             168  (0.7701); expected (0.02)
Windows   passing  local HMM Viterbi  bias filter:               0  (0); expected (0.02)
Windows   passing  local HMM Forward       filter:               0  (0); expected (0.0002)
Windows   passing  local HMM Forward  bias filter:               0  (0); expected (0.0002)
Windows   passing glocal HMM Forward       filter:               0  (0); expected (0.0002)
Windows   passing glocal HMM Forward  bias filter:               0  (0); expected (0.0002)
Envelopes passing glocal HMM envelope defn filter:               0  (0); expected (0.0002)
Envelopes passing  local CM  CYK           filter:               0  (0); expected (0.0001)
Total CM hits reported:                                          0  (0); includes 0 truncated hit(s)

# CPU time: 0.10u 0.00s 00:00:00.10 Elapsed: 00:00:00.10
//
Query:       drz-agam-1  [CLEN=82]
Accession:   RF01787
Description: drz-agam-1 ribozyme
Hit scores:
 rank     E-value  score  bias  sequence  start    end   mdl trunc   gc  description
 ----   --------- ------ -----  -------- ------ ------   --- ----- ----  -----------

   [No hits detected that satisfy reporting thresholds]


Hit alignments:

   [No hits detected that satisfy reporting thresholds]


Internal CM pipeline statistics summary:
----------------------------------------
Query model(s):                                                  1  (82 consensus positions)
Target sequences:                                                1  (168804 residues searched)
Target sequences re-searched for truncated hits:                 1  (488 residues re-searched)
Windows   passing  local HMM SSV           filter:              66  (0.05526); expected (0.06)
Windows   passing  local HMM Viterbi       filter:              12  (0.01); expected (0.02)
Windows   passing  local HMM Viterbi  bias filter:              12  (0.01); expected (0.02)
Windows   passing  local HMM Forward       filter:               0  (0); expected (0.0002)
Windows   passing  local HMM Forward  bias filter:               0  (0); expected (0.0002)
Windows   passing glocal HMM Forward       filter:               0  (0); expected (0.0002)
Windows   passing glocal HMM Forward  bias filter:               0  (0); expected (0.0002)
Envelopes passing glocal HMM envelope defn filter:               0  (0); expected (0.0002)
Envelopes passing  local CM  CYK           filter:               0  (0); expected (0.0001)
Total CM hits reported:                                          0  (0); includes 0 truncated hit(s)

# CPU time: 0.01u 0.00s 00:00:00.01 Elapsed: 00:00:00.00
//
Query:       drz-agam-2-2  [CLEN=191]
Accession:   RF01788
Description: drz-agam-2-2 ribozyme
Hit scores:
 rank     E-value  score  bias  sequence  start    end   mdl trunc   gc  description
 ----   --------- ------ -----  -------- ------ ------   --- ----- ----  -----------

   [No hits detected that satisfy reporting thresholds]


Hit alignments:

   [No hits detected that satisfy reporting thresholds]


Internal CM pipeline statistics summary:
----------------------------------------
Query model(s):                                                  1  (191 consensus positions)
Target sequences:                                                1  (168804 residues searched)
Target sequences re-searched for truncated hits:                 1  (952 residues re-searched)
Windows   passing  local HMM SSV           filter:              45  (0.07411); expected (0.06)
Windows   passing  local HMM Viterbi       filter:               1  (0.001673); expected (0.02)
Windows   passing  local HMM Viterbi  bias filter:               0  (0); expected (0.02)
Windows   passing  local HMM Forward       filter:               0  (0); expected (0.0002)
Windows   passing  local HMM Forward  bias filter:               0  (0); expected (0.0002)
Windows   passing glocal HMM Forward       filter:               0  (0); expected (0.0002)
Windows   passing glocal HMM Forward  bias filter:               0  (0); expected (0.0002)
Envelopes passing glocal HMM envelope defn filter:               0  (0); expected (0.0002)
Envelopes passing  local CM  CYK           filter:               0  (0); expected (0.0001)
Total CM hits reported:                                          0  (0); includes 0 truncated hit(s)

# CPU time: 0.01u 0.00s 00:00:00.01 Elapsed: 00:00:00.01
//
Query:       GIR1  [CLEN=199]
Accession:   RF01807
Description: GIR1 branching ribozyme
Hit scores:
 rank     E-value  score  bias  sequence  start    end   mdl trunc   gc  description
 ----   --------- ------ -----  -------- ------ ------   --- ----- ----  -----------

   [No hits detected that satisfy reporting thresholds]


Hit alignments:

   [No hits detected that satisfy reporting thresholds]


Internal CM pipeline statistics summary:
----------------------------------------
Query model(s):                                                  1  (199 consensus positions)
Target sequences:                                                1  (168804 residues searched)
Target sequences re-searched for truncated hits:                 1  (1096 residues re-searched)
Windows   passing  local HMM SSV           filter:              70  (0.1355); expected (0.06)
Windows   passing  local HMM Viterbi       filter:               8  (0.01613); expected (0.02)
Windows   passing  local HMM Viterbi  bias filter:               6  (0.01139); expected (0.02)
Windows   passing  local HMM Forward       filter:               0  (0); expected (0.0002)
Windows   passing  local HMM Forward  bias filter:               0  (0); expected (0.0002)
Windows   passing glocal HMM Forward       filter:               0  (0); expected (0.0002)
Windows   passing glocal HMM Forward  bias filter:               0  (0); expected (0.0002)
Envelopes passing glocal HMM envelope defn filter:               0  (0); expected (0.0002)
Envelopes passing  local CM  CYK           filter:               0  (0); expected (0.0001)
Total CM hits reported:                                          0  (0); includes 0 truncated hit(s)

# CPU time: 0.02u 0.00s 00:00:00.02 Elapsed: 00:00:00.01
//
Query:       Vg1_ribozyme  [CLEN=142]
Accession:   RF01865
Description: Manganese dependent ribozyme in Vg1 mRNA
Hit scores:
 rank     E-value  score  bias  sequence  start    end   mdl trunc   gc  description
 ----   --------- ------ -----  -------- ------ ------   --- ----- ----  -----------

   [No hits detected that satisfy reporting thresholds]


Hit alignments:

   [No hits detected that satisfy reporting thresholds]


Internal CM pipeline statistics summary:
----------------------------------------
Query model(s):                                                  1  (142 consensus positions)
Target sequences:                                                1  (168804 residues searched)
Target sequences re-searched for truncated hits:                 1  (708 residues re-searched)
Windows   passing  local HMM SSV           filter:             124  (0.1564); expected (0.06)
Windows   passing  local HMM Viterbi       filter:              26  (0.0333); expected (0.02)
Windows   passing  local HMM Viterbi  bias filter:               4  (0.004967); expected (0.02)
Windows   passing  local HMM Forward       filter:               0  (0); expected (0.0002)
Windows   passing  local HMM Forward  bias filter:               0  (0); expected (0.0002)
Windows   passing glocal HMM Forward       filter:               0  (0); expected (0.0002)
Windows   passing glocal HMM Forward  bias filter:               0  (0); expected (0.0002)
Envelopes passing glocal HMM envelope defn filter:               0  (0); expected (0.0002)
Envelopes passing  local CM  CYK           filter:               0  (0); expected (0.0001)
Total CM hits reported:                                          0  (0); includes 0 truncated hit(s)

# CPU time: 0.02u 0.00s 00:00:00.02 Elapsed: 00:00:00.01
//
Query:       Hammerhead_HH9  [CLEN=77]
Accession:   RF02275
Description: Hammerhead ribozyme HH9
Hit scores:
 rank     E-value  score  bias  sequence  start    end   mdl trunc   gc  description
 ----   --------- ------ -----  -------- ------ ------   --- ----- ----  -----------

   [No hits detected that satisfy reporting thresholds]


Hit alignments:

   [No hits detected that satisfy reporting thresholds]


Internal CM pipeline statistics summary:
----------------------------------------
Query model(s):                                                  1  (77 consensus positions)
Target sequences:                                                1  (168804 residues searched)
Target sequences re-searched for truncated hits:                 1  (412 residues re-searched)
Windows   passing  local HMM SSV           filter:             132  (0.09746); expected (0.06)
Windows   passing  local HMM Viterbi       filter:              44  (0.03394); expected (0.02)
Windows   passing  local HMM Viterbi  bias filter:              42  (0.03248); expected (0.02)
Windows   passing  local HMM Forward       filter:               1  (0.001064); expected (0.0002)
Windows   passing  local HMM Forward  bias filter:               1  (0.001064); expected (0.0002)
Windows   passing glocal HMM Forward       filter:               0  (0); expected (0.0002)
Windows   passing glocal HMM Forward  bias filter:               0  (0); expected (0.0002)
Envelopes passing glocal HMM envelope defn filter:               0  (0); expected (0.0002)
Envelopes passing  local CM  CYK           filter:               0  (0); expected (0.0001)
Total CM hits reported:                                          0  (0); includes 0 truncated hit(s)

# CPU time: 0.01u 0.00s 00:00:00.01 Elapsed: 00:00:00.01
//
Query:       Hammerhead_II  [CLEN=67]
Accession:   RF02276
Description: Hammerhead ribozyme (type II)
Hit scores:
 rank     E-value  score  bias  sequence  start    end   mdl trunc   gc  description
 ----   --------- ------ -----  -------- ------ ------   --- ----- ----  -----------

   [No hits detected that satisfy reporting thresholds]


Hit alignments:

   [No hits detected that satisfy reporting thresholds]


Internal CM pipeline statistics summary:
----------------------------------------
Query model(s):                                                  1  (67 consensus positions)
Target sequences:                                                1  (168804 residues searched)
Target sequences re-searched for truncated hits:                 1  (496 residues re-searched)
Windows   passing  local HMM SSV           filter:              19  (0.01632); expected (0.06)
Windows   passing  local HMM Viterbi       filter:               5  (0.004276); expected (0.02)
Windows   passing  local HMM Viterbi  bias filter:               5  (0.004276); expected (0.02)
Windows   passing  local HMM Forward       filter:               0  (0); expected (0.0002)
Windows   passing  local HMM Forward  bias filter:               0  (0); expected (0.0002)
Windows   passing glocal HMM Forward       filter:               0  (0); expected (0.0002)
Windows   passing glocal HMM Forward  bias filter:               0  (0); expected (0.0002)
Envelopes passing glocal HMM envelope defn filter:               0  (0); expected (0.0002)
Envelopes passing  local CM  CYK           filter:               0  (0); expected (0.0001)
Total CM hits reported:                                          0  (0); includes 0 truncated hit(s)

# CPU time: 0.01u 0.00s 00:00:00.01 Elapsed: 00:00:00.00
//
Query:       Hammerhead_HH10  [CLEN=125]
Accession:   RF02277
Description: Hammerhead ribozyme HH10
Hit scores:
 rank     E-value  score  bias  sequence  start    end   mdl trunc   gc  description
 ----   --------- ------ -----  -------- ------ ------   --- ----- ----  -----------

   [No hits detected that satisfy reporting thresholds]


Hit alignments:

   [No hits detected that satisfy reporting thresholds]


Internal CM pipeline statistics summary:
----------------------------------------
Query model(s):                                                  1  (125 consensus positions)
Target sequences:                                                1  (168804 residues searched)
Target sequences re-searched for truncated hits:                 1  (624 residues re-searched)
Windows   passing  local HMM SSV           filter:              90  (0.09807); expected (0.06)
Windows   passing  local HMM Viterbi       filter:              13  (0.01477); expected (0.02)
Windows   passing  local HMM Viterbi  bias filter:              10  (0.01116); expected (0.02)
Windows   passing  local HMM Forward       filter:               0  (0); expected (0.0002)
Windows   passing  local HMM Forward  bias filter:               0  (0); expected (0.0002)
Windows   passing glocal HMM Forward       filter:               0  (0); expected (0.0002)
Windows   passing glocal HMM Forward  bias filter:               0  (0); expected (0.0002)
Envelopes passing glocal HMM envelope defn filter:               0  (0); expected (0.0002)
Envelopes passing  local CM  CYK           filter:               0  (0); expected (0.0001)
Total CM hits reported:                                          0  (0); includes 0 truncated hit(s)

# CPU time: 0.01u 0.00s 00:00:00.01 Elapsed: 00:00:00.00
//
Query:       RNaseP-T  [CLEN=208]
Accession:   RF02357
Description: RNaseP truncated form
Hit scores:
 rank     E-value  score  bias  sequence  start    end   mdl trunc   gc  description
 ----   --------- ------ -----  -------- ------ ------   --- ----- ----  -----------

   [No hits detected that satisfy reporting thresholds]


Hit alignments:

   [No hits detected that satisfy reporting thresholds]


Internal CM pipeline statistics summary:
----------------------------------------
Query model(s):                                                  1  (208 consensus positions)
Target sequences:                                                1  (168804 residues searched)
Target sequences re-searched for truncated hits:                 1  (1040 residues re-searched)
Windows   passing  local HMM SSV           filter:              16  (0.02905); expected (0.06)
Windows   passing  local HMM Viterbi       filter:               2  (0.00365); expected (0.02)
Windows   passing  local HMM Viterbi  bias filter:               2  (0.00365); expected (0.02)
Windows   passing  local HMM Forward       filter:               0  (0); expected (0.0002)
Windows   passing  local HMM Forward  bias filter:               0  (0); expected (0.0002)
Windows   passing glocal HMM Forward       filter:               0  (0); expected (0.0002)
Windows   passing glocal HMM Forward  bias filter:               0  (0); expected (0.0002)
Envelopes passing glocal HMM envelope defn filter:               0  (0); expected (0.0002)
Envelopes passing  local CM  CYK           filter:               0  (0); expected (0.0001)
Total CM hits reported:                                          0  (0); includes 0 truncated hit(s)

# CPU time: 0.02u 0.00s 00:00:00.02 Elapsed: 00:00:00.01
//
Query:       Gl_RNase_MRP  [CLEN=189]
Accession:   RF02472
Description: Giardia RNase MRP
Hit scores:
 rank     E-value  score  bias  sequence  start    end   mdl trunc   gc  description
 ----   --------- ------ -----  -------- ------ ------   --- ----- ----  -----------

   [No hits detected that satisfy reporting thresholds]


Hit alignments:

   [No hits detected that satisfy reporting thresholds]


Internal CM pipeline statistics summary:
----------------------------------------
Query model(s):                                                  1  (189 consensus positions)
Target sequences:                                                1  (168804 residues searched)
Target sequences re-searched for truncated hits:                 1  (944 residues re-searched)
Windows   passing  local HMM SSV           filter:              13  (0.02127); expected (0.06)
Windows   passing  local HMM Viterbi       filter:               0  (0); expected (0.02)
Windows   passing  local HMM Viterbi  bias filter:               0  (0); expected (0.02)
Windows   passing  local HMM Forward       filter:               0  (0); expected (0.0002)
Windows   passing  local HMM Forward  bias filter:               0  (0); expected (0.0002)
Windows   passing glocal HMM Forward       filter:               0  (0); expected (0.0002)
Windows   passing glocal HMM Forward  bias filter:               0  (0); expected (0.0002)
Envelopes passing glocal HMM envelope defn filter:               0  (0); expected (0.0002)
Envelopes passing  local CM  CYK           filter:               0  (0); expected (0.0001)
Total CM hits reported:                                          0  (0); includes 0 truncated hit(s)

# CPU time: 0.01u 0.00s 00:00:00.01 Elapsed: 00:00:00.01
//
Query:       Hatchet  [CLEN=133]
Accession:   RF02678
Description: Hatchet ribozyme
Hit scores:
 rank     E-value  score  bias  sequence  start    end   mdl trunc   gc  description
 ----   --------- ------ -----  -------- ------ ------   --- ----- ----  -----------

   [No hits detected that satisfy reporting thresholds]


Hit alignments:

   [No hits detected that satisfy reporting thresholds]


Internal CM pipeline statistics summary:
----------------------------------------
Query model(s):                                                  1  (133 consensus positions)
Target sequences:                                                1  (168804 residues searched)
Target sequences re-searched for truncated hits:                 1  (1300 residues re-searched)
Windows   passing  local HMM SSV           filter:             206  (0.451); expected (0.06)
Windows   passing  local HMM Viterbi       filter:              20  (0.05321); expected (0.02)
Windows   passing  local HMM Viterbi  bias filter:               0  (0); expected (0.02)
Windows   passing  local HMM Forward       filter:               0  (0); expected (0.0002)
Windows   passing  local HMM Forward  bias filter:               0  (0); expected (0.0002)
Windows   passing glocal HMM Forward       filter:               0  (0); expected (0.0002)
Windows   passing glocal HMM Forward  bias filter:               0  (0); expected (0.0002)
Envelopes passing glocal HMM envelope defn filter:               0  (0); expected (0.0002)
Envelopes passing  local CM  CYK           filter:               0  (0); expected (0.0001)
Total CM hits reported:                                          0  (0); includes 0 truncated hit(s)

# CPU time: 0.01u 0.01s 00:00:00.02 Elapsed: 00:00:00.01
//
Query:       Pistol  [CLEN=70]
Accession:   RF02679
Description: Pistol ribozyme
Hit scores:
 rank     E-value  score  bias  sequence  start    end   mdl trunc   gc  description
 ----   --------- ------ -----  -------- ------ ------   --- ----- ----  -----------

   [No hits detected that satisfy reporting thresholds]


Hit alignments:

   [No hits detected that satisfy reporting thresholds]


Internal CM pipeline statistics summary:
----------------------------------------
Query model(s):                                                  1  (70 consensus positions)
Target sequences:                                                1  (168804 residues searched)
Target sequences re-searched for truncated hits:                 1  (564 residues re-searched)
Windows   passing  local HMM SSV           filter:              69  (0.06761); expected (0.06)
Windows   passing  local HMM Viterbi       filter:              20  (0.01925); expected (0.02)
Windows   passing  local HMM Viterbi  bias filter:              20  (0.01925); expected (0.02)
Windows   passing  local HMM Forward       filter:               0  (0); expected (0.0002)
Windows   passing  local HMM Forward  bias filter:               0  (0); expected (0.0002)
Windows   passing glocal HMM Forward       filter:               0  (0); expected (0.0002)
Windows   passing glocal HMM Forward  bias filter:               0  (0); expected (0.0002)
Envelopes passing glocal HMM envelope defn filter:               0  (0); expected (0.0002)
Envelopes passing  local CM  CYK           filter:               0  (0); expected (0.0001)
Total CM hits reported:                                          0  (0); includes 0 truncated hit(s)

# CPU time: 0.01u 0.00s 00:00:00.01 Elapsed: 00:00:00.00
//
Query:       Twister-sister  [CLEN=83]
Accession:   RF02681
Description: Twister_sister_ribozyme
Hit scores:
 rank     E-value  score  bias  sequence  start    end   mdl trunc   gc  description
 ----   --------- ------ -----  -------- ------ ------   --- ----- ----  -----------

   [No hits detected that satisfy reporting thresholds]


Hit alignments:

   [No hits detected that satisfy reporting thresholds]


Internal CM pipeline statistics summary:
----------------------------------------
Query model(s):                                                  1  (83 consensus positions)
Target sequences:                                                1  (168804 residues searched)
Target sequences re-searched for truncated hits:                 1  (864 residues re-searched)
Windows   passing  local HMM SSV           filter:               6  (0.008693); expected (0.06)
Windows   passing  local HMM Viterbi       filter:               0  (0); expected (0.02)
Windows   passing  local HMM Viterbi  bias filter:               0  (0); expected (0.02)
Windows   passing  local HMM Forward       filter:               0  (0); expected (0.0002)
Windows   passing  local HMM Forward  bias filter:               0  (0); expected (0.0002)
Windows   passing glocal HMM Forward       filter:               0  (0); expected (0.0002)
Windows   passing glocal HMM Forward  bias filter:               0  (0); expected (0.0002)
Envelopes passing glocal HMM envelope defn filter:               0  (0); expected (0.0002)
Envelopes passing  local CM  CYK           filter:               0  (0); expected (0.0001)
Total CM hits reported:                                          0  (0); includes 0 truncated hit(s)

# CPU time: 0.01u 0.00s 00:00:00.01 Elapsed: 00:00:00.00
//
Query:       HDV-F-prausnitzii  [CLEN=74]
Accession:   RF02682
Description: HDV ribozyme from F. prausnitzii
Hit scores:
 rank     E-value  score  bias  sequence  start    end   mdl trunc   gc  description
 ----   --------- ------ -----  -------- ------ ------   --- ----- ----  -----------

   [No hits detected that satisfy reporting thresholds]


Hit alignments:

   [No hits detected that satisfy reporting thresholds]


Internal CM pipeline statistics summary:
----------------------------------------
Query model(s):                                                  1  (74 consensus positions)
Target sequences:                                                1  (168804 residues searched)
Target sequences re-searched for truncated hits:                 1  (592 residues re-searched)
Windows   passing  local HMM SSV           filter:              35  (0.03524); expected (0.06)
Windows   passing  local HMM Viterbi       filter:               2  (0.001978); expected (0.02)
Windows   passing  local HMM Viterbi  bias filter:               2  (0.001978); expected (0.02)
Windows   passing  local HMM Forward       filter:               0  (0); expected (0.0002)
Windows   passing  local HMM Forward  bias filter:               0  (0); expected (0.0002)
Windows   passing glocal HMM Forward       filter:               0  (0); expected (0.0002)
Windows   passing glocal HMM Forward  bias filter:               0  (0); expected (0.0002)
Envelopes passing glocal HMM envelope defn filter:               0  (0); expected (0.0002)
Envelopes passing  local CM  CYK           filter:               0  (0); expected (0.0001)
Total CM hits reported:                                          0  (0); includes 0 truncated hit(s)

# CPU time: 0.01u 0.00s 00:00:00.01 Elapsed: 00:00:00.00
//
Query:       Twister-P5  [CLEN=60]
Accession:   RF02684
Description: Type-P5 twister ribozyme
Hit scores:
 rank     E-value  score  bias  sequence  start    end   mdl trunc   gc  description
 ----   --------- ------ -----  -------- ------ ------   --- ----- ----  -----------

   [No hits detected that satisfy reporting thresholds]


Hit alignments:

   [No hits detected that satisfy reporting thresholds]


Internal CM pipeline statistics summary:
----------------------------------------
Query model(s):                                                  1  (60 consensus positions)
Target sequences:                                                1  (168804 residues searched)
Target sequences re-searched for truncated hits:                 1  (940 residues re-searched)
Windows   passing  local HMM SSV           filter:              14  (0.01909); expected (0.06)
Windows   passing  local HMM Viterbi       filter:               4  (0.006044); expected (0.02)
Windows   passing  local HMM Viterbi  bias filter:               4  (0.006044); expected (0.02)
Windows   passing  local HMM Forward       filter:               0  (0); expected (0.0002)
Windows   passing  local HMM Forward  bias filter:               0  (0); expected (0.0002)
Windows   passing glocal HMM Forward       filter:               0  (0); expected (0.0002)
Windows   passing glocal HMM Forward  bias filter:               0  (0); expected (0.0002)
Envelopes passing glocal HMM envelope defn filter:               0  (0); expected (0.0002)
Envelopes passing  local CM  CYK           filter:               0  (0); expected (0.0001)
Total CM hits reported:                                          0  (0); includes 0 truncated hit(s)

# CPU time: 0.01u 0.00s 00:00:00.01 Elapsed: 00:00:00.00
//
Query:       RAGATH-5  [CLEN=53]
Accession:   RF02685
Description: RAGATH-5 RNA
Hit scores:
 rank     E-value  score  bias  sequence  start    end   mdl trunc   gc  description
 ----   --------- ------ -----  -------- ------ ------   --- ----- ----  -----------

   [No hits detected that satisfy reporting thresholds]


Hit alignments:

   [No hits detected that satisfy reporting thresholds]


Internal CM pipeline statistics summary:
----------------------------------------
Query model(s):                                                  1  (53 consensus positions)
Target sequences:                                                1  (168804 residues searched)
Target sequences re-searched for truncated hits:                 1  (332 residues re-searched)
Windows   passing  local HMM SSV           filter:              37  (0.02131); expected (0.06)
Windows   passing  local HMM Viterbi       filter:               5  (0.002873); expected (0.02)
Windows   passing  local HMM Viterbi  bias filter:               4  (0.002288); expected (0.02)
Windows   passing  local HMM Forward       filter:               0  (0); expected (0.0002)
Windows   passing  local HMM Forward  bias filter:               0  (0); expected (0.0002)
Windows   passing glocal HMM Forward       filter:               0  (0); expected (0.0002)
Windows   passing glocal HMM Forward  bias filter:               0  (0); expected (0.0002)
Envelopes passing glocal HMM envelope defn filter:               0  (0); expected (0.0002)
Envelopes passing  local CM  CYK           filter:               0  (0); expected (0.0001)
Total CM hits reported:                                          0  (0); includes 0 truncated hit(s)

# CPU time: 0.00u 0.00s 00:00:00.00 Elapsed: 00:00:00.00
//
Query:       RAGATH-6  [CLEN=151]
Accession:   RF02686
Description: RAGATH-6 RNA
Hit scores:
 rank     E-value  score  bias  sequence  start    end   mdl trunc   gc  description
 ----   --------- ------ -----  -------- ------ ------   --- ----- ----  -----------

   [No hits detected that satisfy reporting thresholds]


Hit alignments:

   [No hits detected that satisfy reporting thresholds]


Internal CM pipeline statistics summary:
----------------------------------------
Query model(s):                                                  1  (151 consensus positions)
Target sequences:                                                1  (168804 residues searched)
Target sequences re-searched for truncated hits:                 1  (752 residues re-searched)
Windows   passing  local HMM SSV           filter:             178  (0.238); expected (0.06)
Windows   passing  local HMM Viterbi       filter:              15  (0.02193); expected (0.02)
Windows   passing  local HMM Viterbi  bias filter:               4  (0.005597); expected (0.02)
Windows   passing  local HMM Forward       filter:               1  (0.001734); expected (0.0002)
Windows   passing  local HMM Forward  bias filter:               1  (0.001734); expected (0.0002)
Windows   passing glocal HMM Forward       filter:               1  (0.001734); expected (0.0002)
Windows   passing glocal HMM Forward  bias filter:               1  (0.001734); expected (0.0002)
Envelopes passing glocal HMM envelope defn filter:               1  (0.000979); expected (0.0002)
Envelopes passing  local CM  CYK           filter:               1  (0.0007195); expected (0.0001)
Total CM hits reported:                                          0  (0); includes 0 truncated hit(s)

# CPU time: 0.04u 0.00s 00:00:00.04 Elapsed: 00:00:00.04
//
Query:       RAGATH-13  [CLEN=95]
Accession:   RF02688
Description: RAGATH-13 RNA
Hit scores:
 rank     E-value  score  bias  sequence  start    end   mdl trunc   gc  description
 ----   --------- ------ -----  -------- ------ ------   --- ----- ----  -----------

   [No hits detected that satisfy reporting thresholds]


Hit alignments:

   [No hits detected that satisfy reporting thresholds]


Internal CM pipeline statistics summary:
----------------------------------------
Query model(s):                                                  1  (95 consensus positions)
Target sequences:                                                1  (168804 residues searched)
Target sequences re-searched for truncated hits:                 1  (472 residues re-searched)
Windows   passing  local HMM SSV           filter:              61  (0.05069); expected (0.06)
Windows   passing  local HMM Viterbi       filter:              16  (0.01328); expected (0.02)
Windows   passing  local HMM Viterbi  bias filter:              16  (0.01328); expected (0.02)
Windows   passing  local HMM Forward       filter:               0  (0); expected (0.0002)
Windows   passing  local HMM Forward  bias filter:               0  (0); expected (0.0002)
Windows   passing glocal HMM Forward       filter:               0  (0); expected (0.0002)
Windows   passing glocal HMM Forward  bias filter:               0  (0); expected (0.0002)
Envelopes passing glocal HMM envelope defn filter:               0  (0); expected (0.0002)
Envelopes passing  local CM  CYK           filter:               0  (0); expected (0.0001)
Total CM hits reported:                                          0  (0); includes 0 truncated hit(s)

# CPU time: 0.01u 0.00s 00:00:00.01 Elapsed: 00:00:00.01
//
Query:       RAGATH-1-hammerhead  [CLEN=78]
Accession:   RF03152
Description: RAGATH-1 hammerhead ribozyme
Hit scores:
 rank     E-value  score  bias  sequence  start    end   mdl trunc   gc  description
 ----   --------- ------ -----  -------- ------ ------   --- ----- ----  -----------

   [No hits detected that satisfy reporting thresholds]


Hit alignments:

   [No hits detected that satisfy reporting thresholds]


Internal CM pipeline statistics summary:
----------------------------------------
Query model(s):                                                  1  (78 consensus positions)
Target sequences:                                                1  (168804 residues searched)
Target sequences re-searched for truncated hits:                 1  (904 residues re-searched)
Windows   passing  local HMM SSV           filter:              64  (0.09502); expected (0.06)
Windows   passing  local HMM Viterbi       filter:              20  (0.03081); expected (0.02)
Windows   passing  local HMM Viterbi  bias filter:              11  (0.01764); expected (0.02)
Windows   passing  local HMM Forward       filter:               0  (0); expected (0.0002)
Windows   passing  local HMM Forward  bias filter:               0  (0); expected (0.0002)
Windows   passing glocal HMM Forward       filter:               0  (0); expected (0.0002)
Windows   passing glocal HMM Forward  bias filter:               0  (0); expected (0.0002)
Envelopes passing glocal HMM envelope defn filter:               0  (0); expected (0.0002)
Envelopes passing  local CM  CYK           filter:               0  (0); expected (0.0001)
Total CM hits reported:                                          0  (0); includes 0 truncated hit(s)

# CPU time: 0.01u 0.01s 00:00:00.02 Elapsed: 00:00:00.00
//
Query:       twister-P3  [CLEN=73]
Accession:   RF03154
Description: type-P3 twister ribozyme
Hit scores:
 rank     E-value  score  bias  sequence  start    end   mdl trunc   gc  description
 ----   --------- ------ -----  -------- ------ ------   --- ----- ----  -----------

   [No hits detected that satisfy reporting thresholds]


Hit alignments:

   [No hits detected that satisfy reporting thresholds]


Internal CM pipeline statistics summary:
----------------------------------------
Query model(s):                                                  1  (73 consensus positions)
Target sequences:                                                1  (168804 residues searched)
Target sequences re-searched for truncated hits:                 1  (428 residues re-searched)
Windows   passing  local HMM SSV           filter:              88  (0.06386); expected (0.06)
Windows   passing  local HMM Viterbi       filter:              13  (0.009259); expected (0.02)
Windows   passing  local HMM Viterbi  bias filter:               9  (0.0065); expected (0.02)
Windows   passing  local HMM Forward       filter:               1  (0.00065); expected (0.0002)
Windows   passing  local HMM Forward  bias filter:               1  (0.00065); expected (0.0002)
Windows   passing glocal HMM Forward       filter:               1  (0.00065); expected (0.0002)
Windows   passing glocal HMM Forward  bias filter:               1  (0.00065); expected (0.0002)
Envelopes passing glocal HMM envelope defn filter:               1  (0.00052); expected (0.0002)
Envelopes passing  local CM  CYK           filter:               1  (0.000455); expected (0.0001)
Total CM hits reported:                                          0  (0); includes 0 truncated hit(s)

# CPU time: 0.02u 0.00s 00:00:00.02 Elapsed: 00:00:00.01
//
Query:       twister-P1  [CLEN=67]
Accession:   RF03160
Description: type-P1 twister ribozyme
Hit scores:
 rank     E-value  score  bias  sequence  start    end   mdl trunc   gc  description
 ----   --------- ------ -----  -------- ------ ------   --- ----- ----  -----------

   [No hits detected that satisfy reporting thresholds]


Hit alignments:

   [No hits detected that satisfy reporting thresholds]


Internal CM pipeline statistics summary:
----------------------------------------
Query model(s):                                                  1  (67 consensus positions)
Target sequences:                                                1  (168804 residues searched)
Target sequences re-searched for truncated hits:                 1  (984 residues re-searched)
Windows   passing  local HMM SSV           filter:              33  (0.04681); expected (0.06)
Windows   passing  local HMM Viterbi       filter:               8  (0.01164); expected (0.02)
Windows   passing  local HMM Viterbi  bias filter:               7  (0.01009); expected (0.02)
Windows   passing  local HMM Forward       filter:               0  (0); expected (0.0002)
Windows   passing  local HMM Forward  bias filter:               0  (0); expected (0.0002)
Windows   passing glocal HMM Forward       filter:               0  (0); expected (0.0002)
Windows   passing glocal HMM Forward  bias filter:               0  (0); expected (0.0002)
Envelopes passing glocal HMM envelope defn filter:               0  (0); expected (0.0002)
Envelopes passing  local CM  CYK           filter:               0  (0); expected (0.0001)
Total CM hits reported:                                          0  (0); includes 0 truncated hit(s)

# CPU time: 0.00u 0.00s 00:00:00.00 Elapsed: 00:00:00.00
//
Query:       Hovlinc  [CLEN=170]
Accession:   RF04188
Description: Hovlinc ribozyme (hominin vlincRNA-located)
Hit scores:
 rank     E-value  score  bias  sequence  start    end   mdl trunc   gc  description
 ----   --------- ------ -----  -------- ------ ------   --- ----- ----  -----------

   [No hits detected that satisfy reporting thresholds]


Hit alignments:

   [No hits detected that satisfy reporting thresholds]


Internal CM pipeline statistics summary:
----------------------------------------
Query model(s):                                                  1  (170 consensus positions)
Target sequences:                                                1  (168804 residues searched)
Target sequences re-searched for truncated hits:                 1  (848 residues re-searched)
Windows   passing  local HMM SSV           filter:             141  (0.209); expected (0.06)
Windows   passing  local HMM Viterbi       filter:              10  (0.01567); expected (0.02)
Windows   passing  local HMM Viterbi  bias filter:               5  (0.007397); expected (0.02)
Windows   passing  local HMM Forward       filter:               1  (0.001497); expected (0.0002)
Windows   passing  local HMM Forward  bias filter:               0  (0); expected (0.0002)
Windows   passing glocal HMM Forward       filter:               0  (0); expected (0.0002)
Windows   passing glocal HMM Forward  bias filter:               0  (0); expected (0.0002)
Envelopes passing glocal HMM envelope defn filter:               0  (0); expected (0.0002)
Envelopes passing  local CM  CYK           filter:               0  (0); expected (0.0001)
Total CM hits reported:                                          0  (0); includes 0 truncated hit(s)

# CPU time: 0.01u 0.00s 00:00:00.01 Elapsed: 00:00:00.01
//
Query:       Hairpin-meta1  [CLEN=118]
Accession:   RF04190
Description: Hairpin ribozyme 1 from viruses-like metatranscriptomes
Hit scores:
 rank     E-value  score  bias  sequence  start    end   mdl trunc   gc  description
 ----   --------- ------ -----  -------- ------ ------   --- ----- ----  -----------

   [No hits detected that satisfy reporting thresholds]


Hit alignments:

   [No hits detected that satisfy reporting thresholds]


Internal CM pipeline statistics summary:
----------------------------------------
Query model(s):                                                  1  (118 consensus positions)
Target sequences:                                                1  (168804 residues searched)
Target sequences re-searched for truncated hits:                 1  (1388 residues re-searched)
Windows   passing  local HMM SSV           filter:              48  (0.1059); expected (0.06)
Windows   passing  local HMM Viterbi       filter:              11  (0.02554); expected (0.02)
Windows   passing  local HMM Viterbi  bias filter:               9  (0.02092); expected (0.02)
Windows   passing  local HMM Forward       filter:               0  (0); expected (0.0002)
Windows   passing  local HMM Forward  bias filter:               0  (0); expected (0.0002)
Windows   passing glocal HMM Forward       filter:               0  (0); expected (0.0002)
Windows   passing glocal HMM Forward  bias filter:               0  (0); expected (0.0002)
Envelopes passing glocal HMM envelope defn filter:               0  (0); expected (0.0002)
Envelopes passing  local CM  CYK           filter:               0  (0); expected (0.0001)
Total CM hits reported:                                          0  (0); includes 0 truncated hit(s)

# CPU time: 0.01u 0.00s 00:00:00.01 Elapsed: 00:00:00.01
//
Query:       Hairpin-meta2  [CLEN=269]
Accession:   RF04191
Description: Hairpin ribozyme 2 from viruses-like metatranscriptomes
Hit scores:
 rank     E-value  score  bias  sequence  start    end   mdl trunc   gc  description
 ----   --------- ------ -----  -------- ------ ------   --- ----- ----  -----------

   [No hits detected that satisfy reporting thresholds]


Hit alignments:

   [No hits detected that satisfy reporting thresholds]


Internal CM pipeline statistics summary:
----------------------------------------
Query model(s):                                                  1  (269 consensus positions)
Target sequences:                                                1  (168804 residues searched)
Target sequences re-searched for truncated hits:                 1  (1448 residues re-searched)
Windows   passing  local HMM SSV           filter:              24  (0.05962); expected (0.06)
Windows   passing  local HMM Viterbi       filter:               2  (0.004993); expected (0.02)
Windows   passing  local HMM Viterbi  bias filter:               1  (0.002532); expected (0.02)
Windows   passing  local HMM Forward       filter:               0  (0); expected (0.0002)
Windows   passing  local HMM Forward  bias filter:               0  (0); expected (0.0002)
Windows   passing glocal HMM Forward       filter:               0  (0); expected (0.0002)
Windows   passing glocal HMM Forward  bias filter:               0  (0); expected (0.0002)
Envelopes passing glocal HMM envelope defn filter:               0  (0); expected (0.0002)
Envelopes passing  local CM  CYK           filter:               0  (0); expected (0.0001)
Total CM hits reported:                                          0  (0); includes 0 truncated hit(s)

# CPU time: 0.01u 0.00s 00:00:00.01 Elapsed: 00:00:00.01
//
[ok]
