# cmsearch :: search CM(s) against a sequence database
# INFERNAL 1.1.4 (Dec 2020)
# Copyright (C) 2020 Howard Hughes Medical Institute.
# Freely distributed under the BSD open source license.
# - - - - - - - - - - - - - - - - - - - - - - - - - - - - - - - - - - - -
# query CM file:                         cms/Intron.cm
# target sequence database:              genomes/PS-68.fas
# output directed to file:               sequences/PS-68/Intron.out
# tabular output of hits:                sequences/PS-68/Intron.tblout
# model-specific thresholding:           GA cutoffs
# Rfam pipeline mode:                    on [strict filtering]
# HMM-only mode for 0 basepair models:   no
# number of worker threads:              12
# - - - - - - - - - - - - - - - - - - - - - - - - - - - - - - - - - - - -

Query:       Intron_gpI  [CLEN=251]
Accession:   RF00028
Description: Group I catalytic intron
Hit scores:
 rank     E-value  score  bias  sequence  start    end   mdl trunc   gc  description
 ----   --------- ------ -----  -------- ------ ------   --- ----- ----  -----------

   [No hits detected that satisfy reporting thresholds]


Hit alignments:

   [No hits detected that satisfy reporting thresholds]


Internal CM pipeline statistics summary:
----------------------------------------
Query model(s):                                                  1  (251 consensus positions)
Target sequences:                                                1  (8248816 residues searched)
Target sequences re-searched for truncated hits:                 1  (5324 residues re-searched)
Windows   passing  local HMM SSV           filter:            1444  (0.2641); expected (0.06)
Windows   passing  local HMM Viterbi       filter:              96  (0.01973); expected (0.02)
Windows   passing  local HMM Viterbi  bias filter:              28  (0.005266); expected (0.02)
Windows   passing  local HMM Forward       filter:               9  (0.001901); expected (0.0002)
Windows   passing  local HMM Forward  bias filter:               6  (0.001316); expected (0.0002)
Windows   passing glocal HMM Forward       filter:               6  (0.001316); expected (0.0002)
Windows   passing glocal HMM Forward  bias filter:               6  (0.001316); expected (0.0002)
Envelopes passing glocal HMM envelope defn filter:               6  (0.0004166); expected (0.0002)
Envelopes passing  local CM  CYK           filter:               1  (7.39e-06); expected (0.0001)
Total CM hits reported:                                          0  (0); includes 0 truncated hit(s)

# CPU time: 3.12u 0.30s 00:00:03.42 Elapsed: 00:00:00.91
//
Query:       Intron_gpII  [CLEN=93]
Accession:   RF00029
Description: Group II catalytic intron
Hit scores:
 rank     E-value  score  bias  sequence  start    end   mdl trunc   gc  description
 ----   --------- ------ -----  -------- ------ ------   --- ----- ----  -----------

   [No hits detected that satisfy reporting thresholds]


Hit alignments:

   [No hits detected that satisfy reporting thresholds]


Internal CM pipeline statistics summary:
----------------------------------------
Query model(s):                                                  1  (93 consensus positions)
Target sequences:                                                1  (8248816 residues searched)
Target sequences re-searched for truncated hits:                 1  (2048 residues re-searched)
Windows   passing  local HMM SSV           filter:            1088  (0.06716); expected (0.06)
Windows   passing  local HMM Viterbi       filter:             216  (0.0147); expected (0.02)
Windows   passing  local HMM Viterbi  bias filter:             211  (0.01436); expected (0.02)
Windows   passing  local HMM Forward       filter:               1  (5.527e-05); expected (0.0002)
Windows   passing  local HMM Forward  bias filter:               1  (5.527e-05); expected (0.0002)
Windows   passing glocal HMM Forward       filter:               0  (0); expected (0.0002)
Windows   passing glocal HMM Forward  bias filter:               0  (0); expected (0.0002)
Envelopes passing glocal HMM envelope defn filter:               0  (0); expected (0.0002)
Envelopes passing  local CM  CYK           filter:               0  (0); expected (0.0001)
Total CM hits reported:                                          0  (0); includes 0 truncated hit(s)

# CPU time: 0.19u 0.01s 00:00:00.20 Elapsed: 00:00:00.02
//
Query:       group-II-D1D4-1  [CLEN=84]
Accession:   RF01998
Description: Group II catalytic intron D1-D4-1
Hit scores:
 rank     E-value  score  bias  sequence  start    end   mdl trunc   gc  description
 ----   --------- ------ -----  -------- ------ ------   --- ----- ----  -----------

   [No hits detected that satisfy reporting thresholds]


Hit alignments:

   [No hits detected that satisfy reporting thresholds]


Internal CM pipeline statistics summary:
----------------------------------------
Query model(s):                                                  1  (84 consensus positions)
Target sequences:                                                1  (8248816 residues searched)
Target sequences re-searched for truncated hits:                 1  (756 residues re-searched)
Windows   passing  local HMM SSV           filter:            3247  (0.08519); expected (0.06)
Windows   passing  local HMM Viterbi       filter:             725  (0.01964); expected (0.02)
Windows   passing  local HMM Viterbi  bias filter:             647  (0.01751); expected (0.02)
Windows   passing  local HMM Forward       filter:               7  (0.0001809); expected (0.0002)
Windows   passing  local HMM Forward  bias filter:               5  (0.0001253); expected (0.0002)
Windows   passing glocal HMM Forward       filter:               4  (9.976e-05); expected (0.0002)
Windows   passing glocal HMM Forward  bias filter:               4  (9.976e-05); expected (0.0002)
Envelopes passing glocal HMM envelope defn filter:               4  (5.891e-05); expected (0.0002)
Envelopes passing  local CM  CYK           filter:               2  (1.612e-05); expected (0.0001)
Total CM hits reported:                                          0  (0); includes 0 truncated hit(s)

# CPU time: 0.24u 0.01s 00:00:00.25 Elapsed: 00:00:00.04
//
Query:       group-II-D1D4-2  [CLEN=118]
Accession:   RF01999
Description: Group II catalytic intron D1-D4-2
Hit scores:
 rank     E-value  score  bias  sequence  start    end   mdl trunc   gc  description
 ----   --------- ------ -----  -------- ------ ------   --- ----- ----  -----------

   [No hits detected that satisfy reporting thresholds]


Hit alignments:

   [No hits detected that satisfy reporting thresholds]


Internal CM pipeline statistics summary:
----------------------------------------
Query model(s):                                                  1  (118 consensus positions)
Target sequences:                                                1  (8248816 residues searched)
Target sequences re-searched for truncated hits:                 1  (632 residues re-searched)
Windows   passing  local HMM SSV           filter:            3667  (0.08368); expected (0.06)
Windows   passing  local HMM Viterbi       filter:             659  (0.01519); expected (0.02)
Windows   passing  local HMM Viterbi  bias filter:             626  (0.0144); expected (0.02)
Windows   passing  local HMM Forward       filter:              21  (0.0005368); expected (0.0002)
Windows   passing  local HMM Forward  bias filter:              17  (0.0004217); expected (0.0002)
Windows   passing glocal HMM Forward       filter:              14  (0.0003254); expected (0.0002)
Windows   passing glocal HMM Forward  bias filter:              14  (0.0003254); expected (0.0002)
Envelopes passing glocal HMM envelope defn filter:              13  (0.0002068); expected (0.0002)
Envelopes passing  local CM  CYK           filter:               0  (0); expected (0.0001)
Total CM hits reported:                                          0  (0); includes 0 truncated hit(s)

# CPU time: 0.40u 0.00s 00:00:00.40 Elapsed: 00:00:00.05
//
Query:       group-II-D1D4-3  [CLEN=171]
Accession:   RF02001
Description: Group II catalytic intron D1-D4-3
Hit scores:
 rank     E-value  score  bias  sequence  start    end   mdl trunc   gc  description
 ----   --------- ------ -----  -------- ------ ------   --- ----- ----  -----------

   [No hits detected that satisfy reporting thresholds]


Hit alignments:

   [No hits detected that satisfy reporting thresholds]


Internal CM pipeline statistics summary:
----------------------------------------
Query model(s):                                                  1  (171 consensus positions)
Target sequences:                                                1  (8248816 residues searched)
Target sequences re-searched for truncated hits:                 1  (1268 residues re-searched)
Windows   passing  local HMM SSV           filter:            2564  (0.1126); expected (0.06)
Windows   passing  local HMM Viterbi       filter:             640  (0.02959); expected (0.02)
Windows   passing  local HMM Viterbi  bias filter:             383  (0.01762); expected (0.02)
Windows   passing  local HMM Forward       filter:              35  (0.001752); expected (0.0002)
Windows   passing  local HMM Forward  bias filter:              20  (0.0009756); expected (0.0002)
Windows   passing glocal HMM Forward       filter:              17  (0.0008322); expected (0.0002)
Windows   passing glocal HMM Forward  bias filter:              17  (0.0008322); expected (0.0002)
Envelopes passing glocal HMM envelope defn filter:              17  (0.0004585); expected (0.0002)
Envelopes passing  local CM  CYK           filter:               7  (0.0001268); expected (0.0001)
Total CM hits reported:                                          0  (0); includes 0 truncated hit(s)

# CPU time: 1.52u 0.13s 00:00:01.65 Elapsed: 00:00:00.29
//
Query:       group-II-D1D4-4  [CLEN=138]
Accession:   RF02003
Description: Group II catalytic intron D1-D4-4
Hit scores:
 rank     E-value  score  bias  sequence  start    end   mdl trunc   gc  description
 ----   --------- ------ -----  -------- ------ ------   --- ----- ----  -----------

   [No hits detected that satisfy reporting thresholds]


Hit alignments:

   [No hits detected that satisfy reporting thresholds]


Internal CM pipeline statistics summary:
----------------------------------------
Query model(s):                                                  1  (138 consensus positions)
Target sequences:                                                1  (8248816 residues searched)
Target sequences re-searched for truncated hits:                 1  (1460 residues re-searched)
Windows   passing  local HMM SSV           filter:            1521  (0.07245); expected (0.06)
Windows   passing  local HMM Viterbi       filter:             160  (0.007943); expected (0.02)
Windows   passing  local HMM Viterbi  bias filter:             139  (0.006883); expected (0.02)
Windows   passing  local HMM Forward       filter:               4  (0.0001921); expected (0.0002)
Windows   passing  local HMM Forward  bias filter:               2  (9.975e-05); expected (0.0002)
Windows   passing glocal HMM Forward       filter:               1  (5.127e-05); expected (0.0002)
Windows   passing glocal HMM Forward  bias filter:               1  (5.127e-05); expected (0.0002)
Envelopes passing glocal HMM envelope defn filter:               1  (1.588e-05); expected (0.0002)
Envelopes passing  local CM  CYK           filter:               1  (1.515e-05); expected (0.0001)
Total CM hits reported:                                          0  (0); includes 0 truncated hit(s)

# CPU time: 0.28u 0.02s 00:00:00.30 Elapsed: 00:00:00.06
//
Query:       group-II-D1D4-5  [CLEN=201]
Accession:   RF02004
Description: Group II catalytic intron D1-D4-5
Hit scores:
 rank     E-value  score  bias  sequence  start    end   mdl trunc   gc  description
 ----   --------- ------ -----  -------- ------ ------   --- ----- ----  -----------

   [No hits detected that satisfy reporting thresholds]


Hit alignments:

   [No hits detected that satisfy reporting thresholds]


Internal CM pipeline statistics summary:
----------------------------------------
Query model(s):                                                  1  (201 consensus positions)
Target sequences:                                                1  (8248816 residues searched)
Target sequences re-searched for truncated hits:                 1  (1116 residues re-searched)
Windows   passing  local HMM SSV           filter:            3009  (0.1211); expected (0.06)
Windows   passing  local HMM Viterbi       filter:             457  (0.01903); expected (0.02)
Windows   passing  local HMM Viterbi  bias filter:             289  (0.01203); expected (0.02)
Windows   passing  local HMM Forward       filter:              15  (0.0006535); expected (0.0002)
Windows   passing  local HMM Forward  bias filter:              11  (0.0004759); expected (0.0002)
Windows   passing glocal HMM Forward       filter:               7  (0.0002856); expected (0.0002)
Windows   passing glocal HMM Forward  bias filter:               7  (0.0002856); expected (0.0002)
Envelopes passing glocal HMM envelope defn filter:               7  (0.0001899); expected (0.0002)
Envelopes passing  local CM  CYK           filter:               1  (2.945e-05); expected (0.0001)
Total CM hits reported:                                          0  (0); includes 0 truncated hit(s)

# CPU time: 0.81u 0.03s 00:00:00.84 Elapsed: 00:00:00.21
//
Query:       group-II-D1D4-6  [CLEN=225]
Accession:   RF02005
Description: Group II catalytic intron D1-D4-6
Hit scores:
 rank     E-value  score  bias  sequence  start    end   mdl trunc   gc  description
 ----   --------- ------ -----  -------- ------ ------   --- ----- ----  -----------

   [No hits detected that satisfy reporting thresholds]


Hit alignments:

   [No hits detected that satisfy reporting thresholds]


Internal CM pipeline statistics summary:
----------------------------------------
Query model(s):                                                  1  (225 consensus positions)
Target sequences:                                                1  (8248816 residues searched)
Target sequences re-searched for truncated hits:                 1  (1460 residues re-searched)
Windows   passing  local HMM SSV           filter:            1182  (0.06034); expected (0.06)
Windows   passing  local HMM Viterbi       filter:             165  (0.008539); expected (0.02)
Windows   passing  local HMM Viterbi  bias filter:             140  (0.007214); expected (0.02)
Windows   passing  local HMM Forward       filter:              11  (0.0005926); expected (0.0002)
Windows   passing  local HMM Forward  bias filter:               7  (0.000352); expected (0.0002)
Windows   passing glocal HMM Forward       filter:               5  (0.0002539); expected (0.0002)
Windows   passing glocal HMM Forward  bias filter:               5  (0.0002539); expected (0.0002)
Envelopes passing glocal HMM envelope defn filter:               5  (0.0001538); expected (0.0002)
Envelopes passing  local CM  CYK           filter:               0  (0); expected (0.0001)
Total CM hits reported:                                          0  (0); includes 0 truncated hit(s)

# CPU time: 0.57u 0.04s 00:00:00.61 Elapsed: 00:00:00.11
//
Query:       group-II-D1D4-7  [CLEN=148]
Accession:   RF02012
Description: Group II catalytic intron D1-D4-7
Hit scores:
 rank     E-value  score  bias  sequence  start    end   mdl trunc   gc  description
 ----   --------- ------ -----  -------- ------ ------   --- ----- ----  -----------

   [No hits detected that satisfy reporting thresholds]


Hit alignments:

   [No hits detected that satisfy reporting thresholds]


Internal CM pipeline statistics summary:
----------------------------------------
Query model(s):                                                  1  (148 consensus positions)
Target sequences:                                                1  (8248816 residues searched)
Target sequences re-searched for truncated hits:                 1  (1040 residues re-searched)
Windows   passing  local HMM SSV           filter:            2619  (0.09415); expected (0.06)
Windows   passing  local HMM Viterbi       filter:             298  (0.01106); expected (0.02)
Windows   passing  local HMM Viterbi  bias filter:             268  (0.009936); expected (0.02)
Windows   passing  local HMM Forward       filter:              10  (0.0003732); expected (0.0002)
Windows   passing  local HMM Forward  bias filter:               9  (0.0003282); expected (0.0002)
Windows   passing glocal HMM Forward       filter:               7  (0.0002915); expected (0.0002)
Windows   passing glocal HMM Forward  bias filter:               7  (0.0002915); expected (0.0002)
Envelopes passing glocal HMM envelope defn filter:               6  (0.0001228); expected (0.0002)
Envelopes passing  local CM  CYK           filter:               2  (9.333e-06); expected (0.0001)
Total CM hits reported:                                          0  (0); includes 0 truncated hit(s)

# CPU time: 0.38u 0.00s 00:00:00.38 Elapsed: 00:00:00.06
//
[ok]
