# cmsearch :: search CM(s) against a sequence database
# INFERNAL 1.1.4 (Dec 2020)
# Copyright (C) 2020 Howard Hughes Medical Institute.
# Freely distributed under the BSD open source license.
# - - - - - - - - - - - - - - - - - - - - - - - - - - - - - - - - - - - -
# query CM file:                         cms/antitoxin.cm
# target sequence database:              genomes/PS-261.fas
# output directed to file:               sequences/PS-261/antitoxin.out
# tabular output of hits:                sequences/PS-261/antitoxin.tblout
# model-specific thresholding:           GA cutoffs
# Rfam pipeline mode:                    on [strict filtering]
# HMM-only mode for 0 basepair models:   no
# number of worker threads:              12
# - - - - - - - - - - - - - - - - - - - - - - - - - - - - - - - - - - - -

Query:       SIB_RNA  [CLEN=147]
Accession:   RF00113
Description: Short Intergenic Abundant RNA
Hit scores:
 rank     E-value  score  bias  sequence  start    end   mdl trunc   gc  description
 ----   --------- ------ -----  -------- ------ ------   --- ----- ----  -----------

   [No hits detected that satisfy reporting thresholds]


Hit alignments:

   [No hits detected that satisfy reporting thresholds]


Internal CM pipeline statistics summary:
----------------------------------------
Query model(s):                                                  1  (147 consensus positions)
Target sequences:                                                1  (8539844 residues searched)
Target sequences re-searched for truncated hits:                 1  (732 residues re-searched)
Windows   passing  local HMM SSV           filter:            5421  (0.1371); expected (0.06)
Windows   passing  local HMM Viterbi       filter:             936  (0.02441); expected (0.02)
Windows   passing  local HMM Viterbi  bias filter:             711  (0.01856); expected (0.02)
Windows   passing  local HMM Forward       filter:              68  (0.001808); expected (0.0002)
Windows   passing  local HMM Forward  bias filter:              51  (0.001342); expected (0.0002)
Windows   passing glocal HMM Forward       filter:              32  (0.0009275); expected (0.0002)
Windows   passing glocal HMM Forward  bias filter:              32  (0.0009275); expected (0.0002)
Envelopes passing glocal HMM envelope defn filter:              33  (0.0006672); expected (0.0002)
Envelopes passing  local CM  CYK           filter:               2  (2.283e-05); expected (0.0001)
Total CM hits reported:                                          0  (0); includes 0 truncated hit(s)

# CPU time: 1.27u 0.11s 00:00:01.38 Elapsed: 00:00:00.21
//
Query:       istR  [CLEN=130]
Accession:   RF01400
Description: istR Hfq binding RNA
Hit scores:
 rank     E-value  score  bias  sequence  start    end   mdl trunc   gc  description
 ----   --------- ------ -----  -------- ------ ------   --- ----- ----  -----------

   [No hits detected that satisfy reporting thresholds]


Hit alignments:

   [No hits detected that satisfy reporting thresholds]


Internal CM pipeline statistics summary:
----------------------------------------
Query model(s):                                                  1  (130 consensus positions)
Target sequences:                                                1  (8539844 residues searched)
Target sequences re-searched for truncated hits:                 1  (648 residues re-searched)
Windows   passing  local HMM SSV           filter:            2777  (0.06223); expected (0.06)
Windows   passing  local HMM Viterbi       filter:             390  (0.008959); expected (0.02)
Windows   passing  local HMM Viterbi  bias filter:             381  (0.008747); expected (0.02)
Windows   passing  local HMM Forward       filter:               9  (0.0002105); expected (0.0002)
Windows   passing  local HMM Forward  bias filter:               9  (0.0002105); expected (0.0002)
Windows   passing glocal HMM Forward       filter:               7  (0.0001659); expected (0.0002)
Windows   passing glocal HMM Forward  bias filter:               7  (0.0001659); expected (0.0002)
Envelopes passing glocal HMM envelope defn filter:               7  (0.0001256); expected (0.0002)
Envelopes passing  local CM  CYK           filter:               0  (0); expected (0.0001)
Total CM hits reported:                                          0  (0); includes 0 truncated hit(s)

# CPU time: 0.33u 0.03s 00:00:00.36 Elapsed: 00:00:00.06
//
Query:       RatA  [CLEN=90]
Accession:   RF01776
Description: RNA anti-toxin A
Hit scores:
 rank     E-value  score  bias  sequence  start    end   mdl trunc   gc  description
 ----   --------- ------ -----  -------- ------ ------   --- ----- ----  -----------

   [No hits detected that satisfy reporting thresholds]


Hit alignments:

   [No hits detected that satisfy reporting thresholds]


Internal CM pipeline statistics summary:
----------------------------------------
Query model(s):                                                  1  (90 consensus positions)
Target sequences:                                                1  (8539844 residues searched)
Target sequences re-searched for truncated hits:                 1  (448 residues re-searched)
Windows   passing  local HMM SSV           filter:           10230  (0.1631); expected (0.06)
Windows   passing  local HMM Viterbi       filter:            1817  (0.03022); expected (0.02)
Windows   passing  local HMM Viterbi  bias filter:            1050  (0.01735); expected (0.02)
Windows   passing  local HMM Forward       filter:              87  (0.001525); expected (0.0002)
Windows   passing  local HMM Forward  bias filter:              47  (0.0008351); expected (0.0002)
Windows   passing glocal HMM Forward       filter:              44  (0.0007999); expected (0.0002)
Windows   passing glocal HMM Forward  bias filter:              43  (0.0007845); expected (0.0002)
Envelopes passing glocal HMM envelope defn filter:              44  (0.000557); expected (0.0002)
Envelopes passing  local CM  CYK           filter:               8  (8.595e-05); expected (0.0001)
Total CM hits reported:                                          0  (0); includes 0 truncated hit(s)

# CPU time: 0.83u 0.05s 00:00:00.88 Elapsed: 00:00:00.11
//
Query:       sok  [CLEN=157]
Accession:   RF01794
Description: sok antitoxin (CssrC)
Hit scores:
 rank     E-value  score  bias  sequence  start    end   mdl trunc   gc  description
 ----   --------- ------ -----  -------- ------ ------   --- ----- ----  -----------

   [No hits detected that satisfy reporting thresholds]


Hit alignments:

   [No hits detected that satisfy reporting thresholds]


Internal CM pipeline statistics summary:
----------------------------------------
Query model(s):                                                  1  (157 consensus positions)
Target sequences:                                                1  (8539844 residues searched)
Target sequences re-searched for truncated hits:                 1  (1184 residues re-searched)
Windows   passing  local HMM SSV           filter:            2948  (0.1165); expected (0.06)
Windows   passing  local HMM Viterbi       filter:             528  (0.02148); expected (0.02)
Windows   passing  local HMM Viterbi  bias filter:             473  (0.01923); expected (0.02)
Windows   passing  local HMM Forward       filter:              19  (0.0008281); expected (0.0002)
Windows   passing  local HMM Forward  bias filter:              19  (0.0008281); expected (0.0002)
Windows   passing glocal HMM Forward       filter:              12  (0.0005467); expected (0.0002)
Windows   passing glocal HMM Forward  bias filter:              12  (0.0005467); expected (0.0002)
Envelopes passing glocal HMM envelope defn filter:              12  (0.0002607); expected (0.0002)
Envelopes passing  local CM  CYK           filter:               2  (1.873e-05); expected (0.0001)
Total CM hits reported:                                          0  (0); includes 0 truncated hit(s)

# CPU time: 0.81u 0.07s 00:00:00.88 Elapsed: 00:00:00.13
//
Query:       fstAT  [CLEN=94]
Accession:   RF01797
Description: Fst antitoxin sRNA
Hit scores:
 rank     E-value  score  bias  sequence  start    end   mdl trunc   gc  description
 ----   --------- ------ -----  -------- ------ ------   --- ----- ----  -----------

   [No hits detected that satisfy reporting thresholds]


Hit alignments:

   [No hits detected that satisfy reporting thresholds]


Internal CM pipeline statistics summary:
----------------------------------------
Query model(s):                                                  1  (94 consensus positions)
Target sequences:                                                1  (8539844 residues searched)
Target sequences re-searched for truncated hits:                 1  (496 residues re-searched)
Windows   passing  local HMM SSV           filter:            9598  (0.169); expected (0.06)
Windows   passing  local HMM Viterbi       filter:            1637  (0.02998); expected (0.02)
Windows   passing  local HMM Viterbi  bias filter:            1259  (0.02296); expected (0.02)
Windows   passing  local HMM Forward       filter:             106  (0.002164); expected (0.0002)
Windows   passing  local HMM Forward  bias filter:              77  (0.001573); expected (0.0002)
Windows   passing glocal HMM Forward       filter:              45  (0.0009353); expected (0.0002)
Windows   passing glocal HMM Forward  bias filter:              41  (0.0008439); expected (0.0002)
Envelopes passing glocal HMM envelope defn filter:              40  (0.0005391); expected (0.0002)
Envelopes passing  local CM  CYK           filter:               9  (9.988e-05); expected (0.0001)
Total CM hits reported:                                          0  (0); includes 0 truncated hit(s)

# CPU time: 0.78u 0.03s 00:00:00.81 Elapsed: 00:00:00.10
//
Query:       symR  [CLEN=77]
Accession:   RF01809
Description: SymR antitoxin
Hit scores:
 rank     E-value  score  bias  sequence  start    end   mdl trunc   gc  description
 ----   --------- ------ -----  -------- ------ ------   --- ----- ----  -----------

   [No hits detected that satisfy reporting thresholds]


Hit alignments:

   [No hits detected that satisfy reporting thresholds]


Internal CM pipeline statistics summary:
----------------------------------------
Query model(s):                                                  1  (77 consensus positions)
Target sequences:                                                1  (8539844 residues searched)
Target sequences re-searched for truncated hits:                 1  (384 residues re-searched)
Windows   passing  local HMM SSV           filter:            7069  (0.09629); expected (0.06)
Windows   passing  local HMM Viterbi       filter:            1656  (0.02294); expected (0.02)
Windows   passing  local HMM Viterbi  bias filter:            1551  (0.02148); expected (0.02)
Windows   passing  local HMM Forward       filter:              42  (0.0006259); expected (0.0002)
Windows   passing  local HMM Forward  bias filter:              38  (0.0005553); expected (0.0002)
Windows   passing glocal HMM Forward       filter:              26  (0.000378); expected (0.0002)
Windows   passing glocal HMM Forward  bias filter:              26  (0.000378); expected (0.0002)
Envelopes passing glocal HMM envelope defn filter:              26  (0.0002838); expected (0.0002)
Envelopes passing  local CM  CYK           filter:               2  (1.265e-05); expected (0.0001)
Total CM hits reported:                                          0  (0); includes 0 truncated hit(s)

# CPU time: 0.37u 0.02s 00:00:00.39 Elapsed: 00:00:00.05
//
Query:       PtaRNA1  [CLEN=72]
Accession:   RF01811
Description: Plasmid transferred anti-sense RNA
Hit scores:
 rank     E-value  score  bias  sequence  start    end   mdl trunc   gc  description
 ----   --------- ------ -----  -------- ------ ------   --- ----- ----  -----------

   [No hits detected that satisfy reporting thresholds]


Hit alignments:

   [No hits detected that satisfy reporting thresholds]


Internal CM pipeline statistics summary:
----------------------------------------
Query model(s):                                                  1  (72 consensus positions)
Target sequences:                                                1  (8539844 residues searched)
Target sequences re-searched for truncated hits:                 1  (360 residues re-searched)
Windows   passing  local HMM SSV           filter:            4761  (0.06083); expected (0.06)
Windows   passing  local HMM Viterbi       filter:            1324  (0.01714); expected (0.02)
Windows   passing  local HMM Viterbi  bias filter:            1250  (0.01619); expected (0.02)
Windows   passing  local HMM Forward       filter:              17  (0.0002342); expected (0.0002)
Windows   passing  local HMM Forward  bias filter:              12  (0.0001713); expected (0.0002)
Windows   passing glocal HMM Forward       filter:               7  (9.297e-05); expected (0.0002)
Windows   passing glocal HMM Forward  bias filter:               7  (9.297e-05); expected (0.0002)
Envelopes passing glocal HMM envelope defn filter:               7  (6.85e-05); expected (0.0002)
Envelopes passing  local CM  CYK           filter:               2  (1.628e-05); expected (0.0001)
Total CM hits reported:                                          0  (0); includes 0 truncated hit(s)

# CPU time: 0.21u 0.02s 00:00:00.23 Elapsed: 00:00:00.03
//
Query:       rdlD  [CLEN=66]
Accession:   RF01813
Description: rdlD antitoxin
Hit scores:
 rank     E-value  score  bias  sequence  start    end   mdl trunc   gc  description
 ----   --------- ------ -----  -------- ------ ------   --- ----- ----  -----------

   [No hits detected that satisfy reporting thresholds]


Hit alignments:

   [No hits detected that satisfy reporting thresholds]


Internal CM pipeline statistics summary:
----------------------------------------
Query model(s):                                                  1  (66 consensus positions)
Target sequences:                                                1  (8539844 residues searched)
Target sequences re-searched for truncated hits:                 1  (328 residues re-searched)
Windows   passing  local HMM SSV           filter:            5099  (0.05976); expected (0.06)
Windows   passing  local HMM Viterbi       filter:            1294  (0.01528); expected (0.02)
Windows   passing  local HMM Viterbi  bias filter:            1140  (0.01344); expected (0.02)
Windows   passing  local HMM Forward       filter:              25  (0.0003111); expected (0.0002)
Windows   passing  local HMM Forward  bias filter:              22  (0.0002749); expected (0.0002)
Windows   passing glocal HMM Forward       filter:               8  (0.0001089); expected (0.0002)
Windows   passing glocal HMM Forward  bias filter:               8  (0.0001089); expected (0.0002)
Envelopes passing glocal HMM envelope defn filter:               8  (7.33e-05); expected (0.0002)
Envelopes passing  local CM  CYK           filter:               2  (1.511e-05); expected (0.0001)
Total CM hits reported:                                          0  (0); includes 0 truncated hit(s)

# CPU time: 0.22u 0.00s 00:00:00.22 Elapsed: 00:00:00.03
//
Query:       OrzO-P  [CLEN=76]
Accession:   RF02083
Description: OrzO-P RNA antitoxin family
Hit scores:
 rank     E-value  score  bias  sequence  start    end   mdl trunc   gc  description
 ----   --------- ------ -----  -------- ------ ------   --- ----- ----  -----------

   [No hits detected that satisfy reporting thresholds]


Hit alignments:

   [No hits detected that satisfy reporting thresholds]


Internal CM pipeline statistics summary:
----------------------------------------
Query model(s):                                                  1  (76 consensus positions)
Target sequences:                                                1  (8539844 residues searched)
Target sequences re-searched for truncated hits:                 1  (380 residues re-searched)
Windows   passing  local HMM SSV           filter:            9593  (0.1296); expected (0.06)
Windows   passing  local HMM Viterbi       filter:            2947  (0.04094); expected (0.02)
Windows   passing  local HMM Viterbi  bias filter:            2404  (0.03348); expected (0.02)
Windows   passing  local HMM Forward       filter:             168  (0.002614); expected (0.0002)
Windows   passing  local HMM Forward  bias filter:             131  (0.00202); expected (0.0002)
Windows   passing glocal HMM Forward       filter:             101  (0.001597); expected (0.0002)
Windows   passing glocal HMM Forward  bias filter:              99  (0.001563); expected (0.0002)
Envelopes passing glocal HMM envelope defn filter:              98  (0.001051); expected (0.0002)
Envelopes passing  local CM  CYK           filter:              71  (0.0007127); expected (0.0001)
Total CM hits reported:                                          0  (0); includes 0 truncated hit(s)

# CPU time: 1.68u 0.07s 00:00:01.75 Elapsed: 00:00:00.18
//
Query:       ohsC_RNA  [CLEN=77]
Accession:   RF02495
Description: Oppression of Hydrophobic ORF by sRNA
Hit scores:
 rank     E-value  score  bias  sequence  start    end   mdl trunc   gc  description
 ----   --------- ------ -----  -------- ------ ------   --- ----- ----  -----------

   [No hits detected that satisfy reporting thresholds]


Hit alignments:

   [No hits detected that satisfy reporting thresholds]


Internal CM pipeline statistics summary:
----------------------------------------
Query model(s):                                                  1  (77 consensus positions)
Target sequences:                                                1  (8539844 residues searched)
Target sequences re-searched for truncated hits:                 1  (384 residues re-searched)
Windows   passing  local HMM SSV           filter:            8695  (0.1188); expected (0.06)
Windows   passing  local HMM Viterbi       filter:            2353  (0.03289); expected (0.02)
Windows   passing  local HMM Viterbi  bias filter:            1922  (0.0269); expected (0.02)
Windows   passing  local HMM Forward       filter:             134  (0.00202); expected (0.0002)
Windows   passing  local HMM Forward  bias filter:             100  (0.00148); expected (0.0002)
Windows   passing glocal HMM Forward       filter:              67  (0.001052); expected (0.0002)
Windows   passing glocal HMM Forward  bias filter:              65  (0.001017); expected (0.0002)
Envelopes passing glocal HMM envelope defn filter:              65  (0.0007084); expected (0.0002)
Envelopes passing  local CM  CYK           filter:              26  (0.0002585); expected (0.0001)
Total CM hits reported:                                          0  (0); includes 0 truncated hit(s)

# CPU time: 0.90u 0.02s 00:00:00.92 Elapsed: 00:00:00.13
//
Query:       ToxI  [CLEN=34]
Accession:   RF02519
Description: ToxI antitoxin
Hit scores:
 rank     E-value  score  bias  sequence  start    end   mdl trunc   gc  description
 ----   --------- ------ -----  -------- ------ ------   --- ----- ----  -----------

   [No hits detected that satisfy reporting thresholds]


Hit alignments:

   [No hits detected that satisfy reporting thresholds]


Internal CM pipeline statistics summary:
----------------------------------------
Query model(s):                                                  1  (34 consensus positions)
Target sequences:                                                1  (8539844 residues searched)
Target sequences re-searched for truncated hits:                 1  (192 residues re-searched)
Windows   passing  local HMM SSV           filter:            7219  (0.04989); expected (0.06)
Windows   passing  local HMM Viterbi       filter:            1179  (0.008166); expected (0.02)
Windows   passing  local HMM Viterbi  bias filter:            1053  (0.007278); expected (0.02)
Windows   passing  local HMM Forward       filter:              17  (0.0001231); expected (0.0002)
Windows   passing  local HMM Forward  bias filter:              10  (7.283e-05); expected (0.0002)
Windows   passing glocal HMM Forward       filter:               7  (5.328e-05); expected (0.0002)
Windows   passing glocal HMM Forward  bias filter:               7  (5.328e-05); expected (0.0002)
Envelopes passing glocal HMM envelope defn filter:               7  (3.208e-05); expected (0.0002)
Envelopes passing  local CM  CYK           filter:               5  (2.342e-05); expected (0.0001)
Total CM hits reported:                                          0  (0); includes 0 truncated hit(s)

# CPU time: 0.11u 0.00s 00:00:00.11 Elapsed: 00:00:00.02
//
[ok]
