# cmsearch :: search CM(s) against a sequence database
# INFERNAL 1.1.4 (Dec 2020)
# Copyright (C) 2020 Howard Hughes Medical Institute.
# Freely distributed under the BSD open source license.
# - - - - - - - - - - - - - - - - - - - - - - - - - - - - - - - - - - - -
# query CM file:                         cms/Intron.cm
# target sequence database:              genomes/PS-261.fas
# output directed to file:               sequences/PS-261/Intron.out
# tabular output of hits:                sequences/PS-261/Intron.tblout
# model-specific thresholding:           GA cutoffs
# Rfam pipeline mode:                    on [strict filtering]
# HMM-only mode for 0 basepair models:   no
# number of worker threads:              12
# - - - - - - - - - - - - - - - - - - - - - - - - - - - - - - - - - - - -

Query:       Intron_gpI  [CLEN=251]
Accession:   RF00028
Description: Group I catalytic intron
Hit scores:
 rank     E-value  score  bias  sequence  start    end   mdl trunc   gc  description
 ----   --------- ------ -----  -------- ------ ------   --- ----- ----  -----------

   [No hits detected that satisfy reporting thresholds]


Hit alignments:

   [No hits detected that satisfy reporting thresholds]


Internal CM pipeline statistics summary:
----------------------------------------
Query model(s):                                                  1  (251 consensus positions)
Target sequences:                                                1  (8539844 residues searched)
Target sequences re-searched for truncated hits:                 1  (5324 residues re-searched)
Windows   passing  local HMM SSV           filter:            1503  (0.2677); expected (0.06)
Windows   passing  local HMM Viterbi       filter:             106  (0.02078); expected (0.02)
Windows   passing  local HMM Viterbi  bias filter:              24  (0.004626); expected (0.02)
Windows   passing  local HMM Forward       filter:              10  (0.002108); expected (0.0002)
Windows   passing  local HMM Forward  bias filter:               6  (0.001271); expected (0.0002)
Windows   passing glocal HMM Forward       filter:               6  (0.001271); expected (0.0002)
Windows   passing glocal HMM Forward  bias filter:               6  (0.001271); expected (0.0002)
Envelopes passing glocal HMM envelope defn filter:               6  (0.0004027); expected (0.0002)
Envelopes passing  local CM  CYK           filter:               1  (7.139e-06); expected (0.0001)
Total CM hits reported:                                          0  (0); includes 0 truncated hit(s)

# CPU time: 3.48u 0.35s 00:00:03.83 Elapsed: 00:00:01.13
//
Query:       Intron_gpII  [CLEN=93]
Accession:   RF00029
Description: Group II catalytic intron
Hit scores:
 rank     E-value  score  bias  sequence  start    end   mdl trunc   gc  description
 ----   --------- ------ -----  -------- ------ ------   --- ----- ----  -----------

   [No hits detected that satisfy reporting thresholds]


Hit alignments:

   [No hits detected that satisfy reporting thresholds]


Internal CM pipeline statistics summary:
----------------------------------------
Query model(s):                                                  1  (93 consensus positions)
Target sequences:                                                1  (8539844 residues searched)
Target sequences re-searched for truncated hits:                 1  (2048 residues re-searched)
Windows   passing  local HMM SSV           filter:            1122  (0.06707); expected (0.06)
Windows   passing  local HMM Viterbi       filter:             228  (0.01501); expected (0.02)
Windows   passing  local HMM Viterbi  bias filter:             222  (0.01462); expected (0.02)
Windows   passing  local HMM Forward       filter:               1  (5.338e-05); expected (0.0002)
Windows   passing  local HMM Forward  bias filter:               1  (5.338e-05); expected (0.0002)
Windows   passing glocal HMM Forward       filter:               0  (0); expected (0.0002)
Windows   passing glocal HMM Forward  bias filter:               0  (0); expected (0.0002)
Envelopes passing glocal HMM envelope defn filter:               0  (0); expected (0.0002)
Envelopes passing  local CM  CYK           filter:               0  (0); expected (0.0001)
Total CM hits reported:                                          0  (0); includes 0 truncated hit(s)

# CPU time: 0.21u 0.00s 00:00:00.21 Elapsed: 00:00:00.03
//
Query:       group-II-D1D4-1  [CLEN=84]
Accession:   RF01998
Description: Group II catalytic intron D1-D4-1
Hit scores:
 rank     E-value  score  bias  sequence  start    end   mdl trunc   gc  description
 ----   --------- ------ -----  -------- ------ ------   --- ----- ----  -----------

   [No hits detected that satisfy reporting thresholds]


Hit alignments:

   [No hits detected that satisfy reporting thresholds]


Internal CM pipeline statistics summary:
----------------------------------------
Query model(s):                                                  1  (84 consensus positions)
Target sequences:                                                1  (8539844 residues searched)
Target sequences re-searched for truncated hits:                 1  (756 residues re-searched)
Windows   passing  local HMM SSV           filter:            3333  (0.08446); expected (0.06)
Windows   passing  local HMM Viterbi       filter:             753  (0.01966); expected (0.02)
Windows   passing  local HMM Viterbi  bias filter:             674  (0.01758); expected (0.02)
Windows   passing  local HMM Forward       filter:               7  (0.0001747); expected (0.0002)
Windows   passing  local HMM Forward  bias filter:               5  (0.0001211); expected (0.0002)
Windows   passing glocal HMM Forward       filter:               4  (9.636e-05); expected (0.0002)
Windows   passing glocal HMM Forward  bias filter:               4  (9.636e-05); expected (0.0002)
Envelopes passing glocal HMM envelope defn filter:               4  (5.69e-05); expected (0.0002)
Envelopes passing  local CM  CYK           filter:               2  (1.557e-05); expected (0.0001)
Total CM hits reported:                                          0  (0); includes 0 truncated hit(s)

# CPU time: 0.26u 0.01s 00:00:00.27 Elapsed: 00:00:00.04
//
Query:       group-II-D1D4-2  [CLEN=118]
Accession:   RF01999
Description: Group II catalytic intron D1-D4-2
Hit scores:
 rank     E-value  score  bias  sequence  start    end   mdl trunc   gc  description
 ----   --------- ------ -----  -------- ------ ------   --- ----- ----  -----------

   [No hits detected that satisfy reporting thresholds]


Hit alignments:

   [No hits detected that satisfy reporting thresholds]


Internal CM pipeline statistics summary:
----------------------------------------
Query model(s):                                                  1  (118 consensus positions)
Target sequences:                                                1  (8539844 residues searched)
Target sequences re-searched for truncated hits:                 1  (632 residues re-searched)
Windows   passing  local HMM SSV           filter:            3758  (0.08286); expected (0.06)
Windows   passing  local HMM Viterbi       filter:             666  (0.01481); expected (0.02)
Windows   passing  local HMM Viterbi  bias filter:             634  (0.01407); expected (0.02)
Windows   passing  local HMM Forward       filter:              21  (0.0005185); expected (0.0002)
Windows   passing  local HMM Forward  bias filter:              18  (0.0004385); expected (0.0002)
Windows   passing glocal HMM Forward       filter:              15  (0.0003454); expected (0.0002)
Windows   passing glocal HMM Forward  bias filter:              15  (0.0003454); expected (0.0002)
Envelopes passing glocal HMM envelope defn filter:              14  (0.0002158); expected (0.0002)
Envelopes passing  local CM  CYK           filter:               0  (0); expected (0.0001)
Total CM hits reported:                                          0  (0); includes 0 truncated hit(s)

# CPU time: 0.41u 0.02s 00:00:00.43 Elapsed: 00:00:00.06
//
Query:       group-II-D1D4-3  [CLEN=171]
Accession:   RF02001
Description: Group II catalytic intron D1-D4-3
Hit scores:
 rank     E-value  score  bias  sequence  start    end   mdl trunc   gc  description
 ----   --------- ------ -----  -------- ------ ------   --- ----- ----  -----------

   [No hits detected that satisfy reporting thresholds]


Hit alignments:

   [No hits detected that satisfy reporting thresholds]


Internal CM pipeline statistics summary:
----------------------------------------
Query model(s):                                                  1  (171 consensus positions)
Target sequences:                                                1  (8539844 residues searched)
Target sequences re-searched for truncated hits:                 1  (1268 residues re-searched)
Windows   passing  local HMM SSV           filter:            2673  (0.1132); expected (0.06)
Windows   passing  local HMM Viterbi       filter:             667  (0.02971); expected (0.02)
Windows   passing  local HMM Viterbi  bias filter:             387  (0.01714); expected (0.02)
Windows   passing  local HMM Forward       filter:              34  (0.00166); expected (0.0002)
Windows   passing  local HMM Forward  bias filter:              20  (0.0009453); expected (0.0002)
Windows   passing glocal HMM Forward       filter:              17  (0.0008068); expected (0.0002)
Windows   passing glocal HMM Forward  bias filter:              17  (0.0008068); expected (0.0002)
Envelopes passing glocal HMM envelope defn filter:              17  (0.000448); expected (0.0002)
Envelopes passing  local CM  CYK           filter:               7  (0.0001226); expected (0.0001)
Total CM hits reported:                                          0  (0); includes 0 truncated hit(s)

# CPU time: 1.55u 0.09s 00:00:01.64 Elapsed: 00:00:00.36
//
Query:       group-II-D1D4-4  [CLEN=138]
Accession:   RF02003
Description: Group II catalytic intron D1-D4-4
Hit scores:
 rank     E-value  score  bias  sequence  start    end   mdl trunc   gc  description
 ----   --------- ------ -----  -------- ------ ------   --- ----- ----  -----------

   [No hits detected that satisfy reporting thresholds]


Hit alignments:

   [No hits detected that satisfy reporting thresholds]


Internal CM pipeline statistics summary:
----------------------------------------
Query model(s):                                                  1  (138 consensus positions)
Target sequences:                                                1  (8539844 residues searched)
Target sequences re-searched for truncated hits:                 1  (1460 residues re-searched)
Windows   passing  local HMM SSV           filter:            1550  (0.0715); expected (0.06)
Windows   passing  local HMM Viterbi       filter:             160  (0.007727); expected (0.02)
Windows   passing  local HMM Viterbi  bias filter:             139  (0.006701); expected (0.02)
Windows   passing  local HMM Forward       filter:               2  (9.425e-05); expected (0.0002)
Windows   passing  local HMM Forward  bias filter:               1  (4.952e-05); expected (0.0002)
Windows   passing glocal HMM Forward       filter:               1  (4.952e-05); expected (0.0002)
Windows   passing glocal HMM Forward  bias filter:               1  (4.952e-05); expected (0.0002)
Envelopes passing glocal HMM envelope defn filter:               1  (1.534e-05); expected (0.0002)
Envelopes passing  local CM  CYK           filter:               1  (1.463e-05); expected (0.0001)
Total CM hits reported:                                          0  (0); includes 0 truncated hit(s)

# CPU time: 0.31u 0.00s 00:00:00.31 Elapsed: 00:00:00.06
//
Query:       group-II-D1D4-5  [CLEN=201]
Accession:   RF02004
Description: Group II catalytic intron D1-D4-5
Hit scores:
 rank     E-value  score  bias  sequence  start    end   mdl trunc   gc  description
 ----   --------- ------ -----  -------- ------ ------   --- ----- ----  -----------

   [No hits detected that satisfy reporting thresholds]


Hit alignments:

   [No hits detected that satisfy reporting thresholds]


Internal CM pipeline statistics summary:
----------------------------------------
Query model(s):                                                  1  (201 consensus positions)
Target sequences:                                                1  (8539844 residues searched)
Target sequences re-searched for truncated hits:                 1  (1116 residues re-searched)
Windows   passing  local HMM SSV           filter:            3133  (0.1218); expected (0.06)
Windows   passing  local HMM Viterbi       filter:             478  (0.01916); expected (0.02)
Windows   passing  local HMM Viterbi  bias filter:             297  (0.01187); expected (0.02)
Windows   passing  local HMM Forward       filter:              16  (0.0006703); expected (0.0002)
Windows   passing  local HMM Forward  bias filter:              12  (0.0004988); expected (0.0002)
Windows   passing glocal HMM Forward       filter:               7  (0.0002758); expected (0.0002)
Windows   passing glocal HMM Forward  bias filter:               7  (0.0002758); expected (0.0002)
Envelopes passing glocal HMM envelope defn filter:               7  (0.0001835); expected (0.0002)
Envelopes passing  local CM  CYK           filter:               1  (2.845e-05); expected (0.0001)
Total CM hits reported:                                          0  (0); includes 0 truncated hit(s)

# CPU time: 0.86u 0.02s 00:00:00.88 Elapsed: 00:00:00.23
//
Query:       group-II-D1D4-6  [CLEN=225]
Accession:   RF02005
Description: Group II catalytic intron D1-D4-6
Hit scores:
 rank     E-value  score  bias  sequence  start    end   mdl trunc   gc  description
 ----   --------- ------ -----  -------- ------ ------   --- ----- ----  -----------

   [No hits detected that satisfy reporting thresholds]


Hit alignments:

   [No hits detected that satisfy reporting thresholds]


Internal CM pipeline statistics summary:
----------------------------------------
Query model(s):                                                  1  (225 consensus positions)
Target sequences:                                                1  (8539844 residues searched)
Target sequences re-searched for truncated hits:                 1  (1460 residues re-searched)
Windows   passing  local HMM SSV           filter:            1226  (0.06052); expected (0.06)
Windows   passing  local HMM Viterbi       filter:             172  (0.008649); expected (0.02)
Windows   passing  local HMM Viterbi  bias filter:             145  (0.007271); expected (0.02)
Windows   passing  local HMM Forward       filter:               7  (0.0003778); expected (0.0002)
Windows   passing  local HMM Forward  bias filter:               4  (0.0001955); expected (0.0002)
Windows   passing glocal HMM Forward       filter:               4  (0.0001955); expected (0.0002)
Windows   passing glocal HMM Forward  bias filter:               4  (0.0001955); expected (0.0002)
Envelopes passing glocal HMM envelope defn filter:               4  (0.0001165); expected (0.0002)
Envelopes passing  local CM  CYK           filter:               0  (0); expected (0.0001)
Total CM hits reported:                                          0  (0); includes 0 truncated hit(s)

# CPU time: 0.51u 0.00s 00:00:00.51 Elapsed: 00:00:00.09
//
Query:       group-II-D1D4-7  [CLEN=148]
Accession:   RF02012
Description: Group II catalytic intron D1-D4-7
Hit scores:
 rank     E-value  score  bias  sequence  start    end   mdl trunc   gc  description
 ----   --------- ------ -----  -------- ------ ------   --- ----- ----  -----------

   [No hits detected that satisfy reporting thresholds]


Hit alignments:

   [No hits detected that satisfy reporting thresholds]


Internal CM pipeline statistics summary:
----------------------------------------
Query model(s):                                                  1  (148 consensus positions)
Target sequences:                                                1  (8539844 residues searched)
Target sequences re-searched for truncated hits:                 1  (1040 residues re-searched)
Windows   passing  local HMM SSV           filter:            2700  (0.09378); expected (0.06)
Windows   passing  local HMM Viterbi       filter:             310  (0.01109); expected (0.02)
Windows   passing  local HMM Viterbi  bias filter:             280  (0.009999); expected (0.02)
Windows   passing  local HMM Forward       filter:               9  (0.0003336); expected (0.0002)
Windows   passing  local HMM Forward  bias filter:               8  (0.0002901); expected (0.0002)
Windows   passing glocal HMM Forward       filter:               7  (0.0002547); expected (0.0002)
Windows   passing glocal HMM Forward  bias filter:               7  (0.0002547); expected (0.0002)
Envelopes passing glocal HMM envelope defn filter:               7  (0.0001353); expected (0.0002)
Envelopes passing  local CM  CYK           filter:               2  (9.015e-06); expected (0.0001)
Total CM hits reported:                                          0  (0); includes 0 truncated hit(s)

# CPU time: 0.41u 0.01s 00:00:00.42 Elapsed: 00:00:00.06
//
[ok]
