# cmsearch :: search CM(s) against a sequence database
# INFERNAL 1.1.4 (Dec 2020)
# Copyright (C) 2020 Howard Hughes Medical Institute.
# Freely distributed under the BSD open source license.
# - - - - - - - - - - - - - - - - - - - - - - - - - - - - - - - - - - - -
# query CM file:                         cms/antitoxin.cm
# target sequence database:              genomes/PS-194.fas
# output directed to file:               sequences/PS-194/antitoxin.out
# tabular output of hits:                sequences/PS-194/antitoxin.tblout
# model-specific thresholding:           GA cutoffs
# Rfam pipeline mode:                    on [strict filtering]
# HMM-only mode for 0 basepair models:   no
# number of worker threads:              12
# - - - - - - - - - - - - - - - - - - - - - - - - - - - - - - - - - - - -

Query:       SIB_RNA  [CLEN=147]
Accession:   RF00113
Description: Short Intergenic Abundant RNA
Hit scores:
 rank     E-value  score  bias  sequence  start    end   mdl trunc   gc  description
 ----   --------- ------ -----  -------- ------ ------   --- ----- ----  -----------

   [No hits detected that satisfy reporting thresholds]


Hit alignments:

   [No hits detected that satisfy reporting thresholds]


Internal CM pipeline statistics summary:
----------------------------------------
Query model(s):                                                  1  (147 consensus positions)
Target sequences:                                                1  (8803436 residues searched)
Target sequences re-searched for truncated hits:                 1  (732 residues re-searched)
Windows   passing  local HMM SSV           filter:            5662  (0.1391); expected (0.06)
Windows   passing  local HMM Viterbi       filter:             970  (0.02471); expected (0.02)
Windows   passing  local HMM Viterbi  bias filter:             702  (0.01783); expected (0.02)
Windows   passing  local HMM Forward       filter:              67  (0.001762); expected (0.0002)
Windows   passing  local HMM Forward  bias filter:              48  (0.001261); expected (0.0002)
Windows   passing glocal HMM Forward       filter:              34  (0.0009545); expected (0.0002)
Windows   passing glocal HMM Forward  bias filter:              32  (0.0008974); expected (0.0002)
Envelopes passing glocal HMM envelope defn filter:              34  (0.0006751); expected (0.0002)
Envelopes passing  local CM  CYK           filter:               5  (4.668e-05); expected (0.0001)
Total CM hits reported:                                          0  (0); includes 0 truncated hit(s)

# CPU time: 1.37u 0.10s 00:00:01.47 Elapsed: 00:00:00.22
//
Query:       istR  [CLEN=130]
Accession:   RF01400
Description: istR Hfq binding RNA
Hit scores:
 rank     E-value  score  bias  sequence  start    end   mdl trunc   gc  description
 ----   --------- ------ -----  -------- ------ ------   --- ----- ----  -----------

   [No hits detected that satisfy reporting thresholds]


Hit alignments:

   [No hits detected that satisfy reporting thresholds]


Internal CM pipeline statistics summary:
----------------------------------------
Query model(s):                                                  1  (130 consensus positions)
Target sequences:                                                1  (8803436 residues searched)
Target sequences re-searched for truncated hits:                 1  (648 residues re-searched)
Windows   passing  local HMM SSV           filter:            2819  (0.06136); expected (0.06)
Windows   passing  local HMM Viterbi       filter:             407  (0.00901); expected (0.02)
Windows   passing  local HMM Viterbi  bias filter:             400  (0.008851); expected (0.02)
Windows   passing  local HMM Forward       filter:               9  (0.0002164); expected (0.0002)
Windows   passing  local HMM Forward  bias filter:               9  (0.0002164); expected (0.0002)
Windows   passing glocal HMM Forward       filter:               8  (0.0001828); expected (0.0002)
Windows   passing glocal HMM Forward  bias filter:               8  (0.0001828); expected (0.0002)
Envelopes passing glocal HMM envelope defn filter:               8  (0.00014); expected (0.0002)
Envelopes passing  local CM  CYK           filter:               0  (0); expected (0.0001)
Total CM hits reported:                                          0  (0); includes 0 truncated hit(s)

# CPU time: 0.36u 0.01s 00:00:00.37 Elapsed: 00:00:00.05
//
Query:       RatA  [CLEN=90]
Accession:   RF01776
Description: RNA anti-toxin A
Hit scores:
 rank     E-value  score  bias  sequence  start    end   mdl trunc   gc  description
 ----   --------- ------ -----  -------- ------ ------   --- ----- ----  -----------

   [No hits detected that satisfy reporting thresholds]


Hit alignments:

   [No hits detected that satisfy reporting thresholds]


Internal CM pipeline statistics summary:
----------------------------------------
Query model(s):                                                  1  (90 consensus positions)
Target sequences:                                                1  (8803436 residues searched)
Target sequences re-searched for truncated hits:                 1  (448 residues re-searched)
Windows   passing  local HMM SSV           filter:           10596  (0.1639); expected (0.06)
Windows   passing  local HMM Viterbi       filter:            1924  (0.0311); expected (0.02)
Windows   passing  local HMM Viterbi  bias filter:            1102  (0.01761); expected (0.02)
Windows   passing  local HMM Forward       filter:              89  (0.001513); expected (0.0002)
Windows   passing  local HMM Forward  bias filter:              44  (0.0007611); expected (0.0002)
Windows   passing glocal HMM Forward       filter:              41  (0.000727); expected (0.0002)
Windows   passing glocal HMM Forward  bias filter:              41  (0.000727); expected (0.0002)
Envelopes passing glocal HMM envelope defn filter:              41  (0.0005); expected (0.0002)
Envelopes passing  local CM  CYK           filter:               6  (6.577e-05); expected (0.0001)
Total CM hits reported:                                          0  (0); includes 0 truncated hit(s)

# CPU time: 0.74u 0.01s 00:00:00.75 Elapsed: 00:00:00.09
//
Query:       sok  [CLEN=157]
Accession:   RF01794
Description: sok antitoxin (CssrC)
Hit scores:
 rank     E-value  score  bias  sequence  start    end   mdl trunc   gc  description
 ----   --------- ------ -----  -------- ------ ------   --- ----- ----  -----------

   [No hits detected that satisfy reporting thresholds]


Hit alignments:

   [No hits detected that satisfy reporting thresholds]


Internal CM pipeline statistics summary:
----------------------------------------
Query model(s):                                                  1  (157 consensus positions)
Target sequences:                                                1  (8803436 residues searched)
Target sequences re-searched for truncated hits:                 1  (1184 residues re-searched)
Windows   passing  local HMM SSV           filter:            3017  (0.1153); expected (0.06)
Windows   passing  local HMM Viterbi       filter:             538  (0.02121); expected (0.02)
Windows   passing  local HMM Viterbi  bias filter:             481  (0.01895); expected (0.02)
Windows   passing  local HMM Forward       filter:              20  (0.0008873); expected (0.0002)
Windows   passing  local HMM Forward  bias filter:              19  (0.0008474); expected (0.0002)
Windows   passing glocal HMM Forward       filter:              12  (0.0005013); expected (0.0002)
Windows   passing glocal HMM Forward  bias filter:              12  (0.0005013); expected (0.0002)
Envelopes passing glocal HMM envelope defn filter:              12  (0.0002516); expected (0.0002)
Envelopes passing  local CM  CYK           filter:               2  (1.817e-05); expected (0.0001)
Total CM hits reported:                                          0  (0); includes 0 truncated hit(s)

# CPU time: 0.73u 0.06s 00:00:00.79 Elapsed: 00:00:00.12
//
Query:       fstAT  [CLEN=94]
Accession:   RF01797
Description: Fst antitoxin sRNA
Hit scores:
 rank     E-value  score  bias  sequence  start    end   mdl trunc   gc  description
 ----   --------- ------ -----  -------- ------ ------   --- ----- ----  -----------

   [No hits detected that satisfy reporting thresholds]


Hit alignments:

   [No hits detected that satisfy reporting thresholds]


Internal CM pipeline statistics summary:
----------------------------------------
Query model(s):                                                  1  (94 consensus positions)
Target sequences:                                                1  (8803436 residues searched)
Target sequences re-searched for truncated hits:                 1  (496 residues re-searched)
Windows   passing  local HMM SSV           filter:           10072  (0.172); expected (0.06)
Windows   passing  local HMM Viterbi       filter:            1713  (0.03038); expected (0.02)
Windows   passing  local HMM Viterbi  bias filter:            1308  (0.02319); expected (0.02)
Windows   passing  local HMM Forward       filter:             112  (0.002193); expected (0.0002)
Windows   passing  local HMM Forward  bias filter:              78  (0.00154); expected (0.0002)
Windows   passing glocal HMM Forward       filter:              42  (0.0008299); expected (0.0002)
Windows   passing glocal HMM Forward  bias filter:              40  (0.0007806); expected (0.0002)
Envelopes passing glocal HMM envelope defn filter:              39  (0.0005207); expected (0.0002)
Envelopes passing  local CM  CYK           filter:               6  (6.145e-05); expected (0.0001)
Total CM hits reported:                                          0  (0); includes 0 truncated hit(s)

# CPU time: 0.76u 0.03s 00:00:00.79 Elapsed: 00:00:00.13
//
Query:       symR  [CLEN=77]
Accession:   RF01809
Description: SymR antitoxin
Hit scores:
 rank     E-value  score  bias  sequence  start    end   mdl trunc   gc  description
 ----   --------- ------ -----  -------- ------ ------   --- ----- ----  -----------

   [No hits detected that satisfy reporting thresholds]


Hit alignments:

   [No hits detected that satisfy reporting thresholds]


Internal CM pipeline statistics summary:
----------------------------------------
Query model(s):                                                  1  (77 consensus positions)
Target sequences:                                                1  (8803436 residues searched)
Target sequences re-searched for truncated hits:                 1  (384 residues re-searched)
Windows   passing  local HMM SSV           filter:            7304  (0.09669); expected (0.06)
Windows   passing  local HMM Viterbi       filter:            1705  (0.02295); expected (0.02)
Windows   passing  local HMM Viterbi  bias filter:            1587  (0.02137); expected (0.02)
Windows   passing  local HMM Forward       filter:              33  (0.000489); expected (0.0002)
Windows   passing  local HMM Forward  bias filter:              32  (0.0004679); expected (0.0002)
Windows   passing glocal HMM Forward       filter:              19  (0.0002578); expected (0.0002)
Windows   passing glocal HMM Forward  bias filter:              19  (0.0002578); expected (0.0002)
Envelopes passing glocal HMM envelope defn filter:              19  (0.0002085); expected (0.0002)
Envelopes passing  local CM  CYK           filter:               1  (8.746e-06); expected (0.0001)
Total CM hits reported:                                          0  (0); includes 0 truncated hit(s)

# CPU time: 0.33u 0.00s 00:00:00.33 Elapsed: 00:00:00.04
//
Query:       PtaRNA1  [CLEN=72]
Accession:   RF01811
Description: Plasmid transferred anti-sense RNA
Hit scores:
 rank     E-value  score  bias  sequence  start    end   mdl trunc   gc  description
 ----   --------- ------ -----  -------- ------ ------   --- ----- ----  -----------

   [No hits detected that satisfy reporting thresholds]


Hit alignments:

   [No hits detected that satisfy reporting thresholds]


Internal CM pipeline statistics summary:
----------------------------------------
Query model(s):                                                  1  (72 consensus positions)
Target sequences:                                                1  (8803436 residues searched)
Target sequences re-searched for truncated hits:                 1  (360 residues re-searched)
Windows   passing  local HMM SSV           filter:            4867  (0.06033); expected (0.06)
Windows   passing  local HMM Viterbi       filter:            1345  (0.01689); expected (0.02)
Windows   passing  local HMM Viterbi  bias filter:            1272  (0.01597); expected (0.02)
Windows   passing  local HMM Forward       filter:              13  (0.0001836); expected (0.0002)
Windows   passing  local HMM Forward  bias filter:              10  (0.0001465); expected (0.0002)
Windows   passing glocal HMM Forward       filter:               5  (6.418e-05); expected (0.0002)
Windows   passing glocal HMM Forward  bias filter:               5  (6.418e-05); expected (0.0002)
Envelopes passing glocal HMM envelope defn filter:               5  (5.123e-05); expected (0.0002)
Envelopes passing  local CM  CYK           filter:               1  (8.746e-06); expected (0.0001)
Total CM hits reported:                                          0  (0); includes 0 truncated hit(s)

# CPU time: 0.22u 0.00s 00:00:00.22 Elapsed: 00:00:00.03
//
Query:       rdlD  [CLEN=66]
Accession:   RF01813
Description: rdlD antitoxin
Hit scores:
 rank     E-value  score  bias  sequence  start    end   mdl trunc   gc  description
 ----   --------- ------ -----  -------- ------ ------   --- ----- ----  -----------

   [No hits detected that satisfy reporting thresholds]


Hit alignments:

   [No hits detected that satisfy reporting thresholds]


Internal CM pipeline statistics summary:
----------------------------------------
Query model(s):                                                  1  (66 consensus positions)
Target sequences:                                                1  (8803436 residues searched)
Target sequences re-searched for truncated hits:                 1  (328 residues re-searched)
Windows   passing  local HMM SSV           filter:            5207  (0.05923); expected (0.06)
Windows   passing  local HMM Viterbi       filter:            1307  (0.01502); expected (0.02)
Windows   passing  local HMM Viterbi  bias filter:            1145  (0.01314); expected (0.02)
Windows   passing  local HMM Forward       filter:              22  (0.0002597); expected (0.0002)
Windows   passing  local HMM Forward  bias filter:              19  (0.0002184); expected (0.0002)
Windows   passing glocal HMM Forward       filter:               6  (7.383e-05); expected (0.0002)
Windows   passing glocal HMM Forward  bias filter:               6  (7.383e-05); expected (0.0002)
Envelopes passing glocal HMM envelope defn filter:               6  (5.021e-05); expected (0.0002)
Envelopes passing  local CM  CYK           filter:               2  (1.431e-05); expected (0.0001)
Total CM hits reported:                                          0  (0); includes 0 truncated hit(s)

# CPU time: 0.19u 0.00s 00:00:00.19 Elapsed: 00:00:00.03
//
Query:       OrzO-P  [CLEN=76]
Accession:   RF02083
Description: OrzO-P RNA antitoxin family
Hit scores:
 rank     E-value  score  bias  sequence  start    end   mdl trunc   gc  description
 ----   --------- ------ -----  -------- ------ ------   --- ----- ----  -----------

   [No hits detected that satisfy reporting thresholds]


Hit alignments:

   [No hits detected that satisfy reporting thresholds]


Internal CM pipeline statistics summary:
----------------------------------------
Query model(s):                                                  1  (76 consensus positions)
Target sequences:                                                1  (8803436 residues searched)
Target sequences re-searched for truncated hits:                 1  (380 residues re-searched)
Windows   passing  local HMM SSV           filter:           10011  (0.1312); expected (0.06)
Windows   passing  local HMM Viterbi       filter:            3033  (0.04092); expected (0.02)
Windows   passing  local HMM Viterbi  bias filter:            2440  (0.03299); expected (0.02)
Windows   passing  local HMM Forward       filter:             171  (0.002581); expected (0.0002)
Windows   passing  local HMM Forward  bias filter:             135  (0.002027); expected (0.0002)
Windows   passing glocal HMM Forward       filter:             105  (0.001595); expected (0.0002)
Windows   passing glocal HMM Forward  bias filter:             100  (0.001518); expected (0.0002)
Envelopes passing glocal HMM envelope defn filter:              99  (0.001048); expected (0.0002)
Envelopes passing  local CM  CYK           filter:              70  (0.0006688); expected (0.0001)
Total CM hits reported:                                          0  (0); includes 0 truncated hit(s)

# CPU time: 1.66u 0.00s 00:00:01.66 Elapsed: 00:00:00.16
//
Query:       ohsC_RNA  [CLEN=77]
Accession:   RF02495
Description: Oppression of Hydrophobic ORF by sRNA
Hit scores:
 rank     E-value  score  bias  sequence  start    end   mdl trunc   gc  description
 ----   --------- ------ -----  -------- ------ ------   --- ----- ----  -----------

   [No hits detected that satisfy reporting thresholds]


Hit alignments:

   [No hits detected that satisfy reporting thresholds]


Internal CM pipeline statistics summary:
----------------------------------------
Query model(s):                                                  1  (77 consensus positions)
Target sequences:                                                1  (8803436 residues searched)
Target sequences re-searched for truncated hits:                 1  (384 residues re-searched)
Windows   passing  local HMM SSV           filter:            9206  (0.122); expected (0.06)
Windows   passing  local HMM Viterbi       filter:            2498  (0.03388); expected (0.02)
Windows   passing  local HMM Viterbi  bias filter:            2013  (0.02733); expected (0.02)
Windows   passing  local HMM Forward       filter:             140  (0.002104); expected (0.0002)
Windows   passing  local HMM Forward  bias filter:             105  (0.00157); expected (0.0002)
Windows   passing glocal HMM Forward       filter:              67  (0.001022); expected (0.0002)
Windows   passing glocal HMM Forward  bias filter:              66  (0.001001); expected (0.0002)
Envelopes passing glocal HMM envelope defn filter:              65  (0.0006867); expected (0.0002)
Envelopes passing  local CM  CYK           filter:              24  (0.0002247); expected (0.0001)
Total CM hits reported:                                          0  (0); includes 0 truncated hit(s)

# CPU time: 0.85u 0.00s 00:00:00.85 Elapsed: 00:00:00.10
//
Query:       ToxI  [CLEN=34]
Accession:   RF02519
Description: ToxI antitoxin
Hit scores:
 rank     E-value  score  bias  sequence  start    end   mdl trunc   gc  description
 ----   --------- ------ -----  -------- ------ ------   --- ----- ----  -----------

   [No hits detected that satisfy reporting thresholds]


Hit alignments:

   [No hits detected that satisfy reporting thresholds]


Internal CM pipeline statistics summary:
----------------------------------------
Query model(s):                                                  1  (34 consensus positions)
Target sequences:                                                1  (8803436 residues searched)
Target sequences re-searched for truncated hits:                 1  (192 residues re-searched)
Windows   passing  local HMM SSV           filter:            7610  (0.05103); expected (0.06)
Windows   passing  local HMM Viterbi       filter:            1246  (0.008368); expected (0.02)
Windows   passing  local HMM Viterbi  bias filter:            1105  (0.007403); expected (0.02)
Windows   passing  local HMM Forward       filter:              19  (0.0001334); expected (0.0002)
Windows   passing  local HMM Forward  bias filter:              14  (9.746e-05); expected (0.0002)
Windows   passing glocal HMM Forward       filter:               9  (6.531e-05); expected (0.0002)
Windows   passing glocal HMM Forward  bias filter:               9  (6.531e-05); expected (0.0002)
Envelopes passing glocal HMM envelope defn filter:               9  (3.783e-05); expected (0.0002)
Envelopes passing  local CM  CYK           filter:               7  (2.84e-05); expected (0.0001)
Total CM hits reported:                                          0  (0); includes 0 truncated hit(s)

# CPU time: 0.13u 0.00s 00:00:00.13 Elapsed: 00:00:00.02
//
[ok]
