# cmsearch :: search CM(s) against a sequence database
# INFERNAL 1.1.4 (Dec 2020)
# Copyright (C) 2020 Howard Hughes Medical Institute.
# Freely distributed under the BSD open source license.
# - - - - - - - - - - - - - - - - - - - - - - - - - - - - - - - - - - - -
# query CM file:                         cms/Intron.cm
# target sequence database:              genomes/PS-149.fas
# output directed to file:               sequences/PS-149/Intron.out
# tabular output of hits:                sequences/PS-149/Intron.tblout
# model-specific thresholding:           GA cutoffs
# Rfam pipeline mode:                    on [strict filtering]
# HMM-only mode for 0 basepair models:   no
# number of worker threads:              12
# - - - - - - - - - - - - - - - - - - - - - - - - - - - - - - - - - - - -

Query:       Intron_gpI  [CLEN=251]
Accession:   RF00028
Description: Group I catalytic intron
Hit scores:
 rank     E-value  score  bias  sequence  start    end   mdl trunc   gc  description
 ----   --------- ------ -----  -------- ------ ------   --- ----- ----  -----------

   [No hits detected that satisfy reporting thresholds]


Hit alignments:

   [No hits detected that satisfy reporting thresholds]


Internal CM pipeline statistics summary:
----------------------------------------
Query model(s):                                                  1  (251 consensus positions)
Target sequences:                                                1  (8204682 residues searched)
Target sequences re-searched for truncated hits:                 1  (5324 residues re-searched)
Windows   passing  local HMM SSV           filter:            1424  (0.2644); expected (0.06)
Windows   passing  local HMM Viterbi       filter:             114  (0.02365); expected (0.02)
Windows   passing  local HMM Viterbi  bias filter:              32  (0.006086); expected (0.02)
Windows   passing  local HMM Forward       filter:              11  (0.002305); expected (0.0002)
Windows   passing  local HMM Forward  bias filter:               5  (0.001117); expected (0.0002)
Windows   passing glocal HMM Forward       filter:               5  (0.001117); expected (0.0002)
Windows   passing glocal HMM Forward  bias filter:               5  (0.001117); expected (0.0002)
Envelopes passing glocal HMM envelope defn filter:               5  (0.0003465); expected (0.0002)
Envelopes passing  local CM  CYK           filter:               1  (7.43e-06); expected (0.0001)
Total CM hits reported:                                          0  (0); includes 0 truncated hit(s)

# CPU time: 2.57u 0.21s 00:00:02.78 Elapsed: 00:00:00.87
//
Query:       Intron_gpII  [CLEN=93]
Accession:   RF00029
Description: Group II catalytic intron
Hit scores:
 rank     E-value  score  bias  sequence  start    end   mdl trunc   gc  description
 ----   --------- ------ -----  -------- ------ ------   --- ----- ----  -----------

   [No hits detected that satisfy reporting thresholds]


Hit alignments:

   [No hits detected that satisfy reporting thresholds]


Internal CM pipeline statistics summary:
----------------------------------------
Query model(s):                                                  1  (93 consensus positions)
Target sequences:                                                1  (8204682 residues searched)
Target sequences re-searched for truncated hits:                 1  (2048 residues re-searched)
Windows   passing  local HMM SSV           filter:            1087  (0.06766); expected (0.06)
Windows   passing  local HMM Viterbi       filter:             216  (0.01497); expected (0.02)
Windows   passing  local HMM Viterbi  bias filter:             212  (0.01469); expected (0.02)
Windows   passing  local HMM Forward       filter:               1  (6.422e-05); expected (0.0002)
Windows   passing  local HMM Forward  bias filter:               1  (6.422e-05); expected (0.0002)
Windows   passing glocal HMM Forward       filter:               0  (0); expected (0.0002)
Windows   passing glocal HMM Forward  bias filter:               0  (0); expected (0.0002)
Envelopes passing glocal HMM envelope defn filter:               0  (0); expected (0.0002)
Envelopes passing  local CM  CYK           filter:               0  (0); expected (0.0001)
Total CM hits reported:                                          0  (0); includes 0 truncated hit(s)

# CPU time: 0.20u 0.00s 00:00:00.20 Elapsed: 00:00:00.03
//
Query:       group-II-D1D4-1  [CLEN=84]
Accession:   RF01998
Description: Group II catalytic intron D1-D4-1
Hit scores:
 rank     E-value  score  bias  sequence  start    end   mdl trunc   gc  description
 ----   --------- ------ -----  -------- ------ ------   --- ----- ----  -----------

   [No hits detected that satisfy reporting thresholds]


Hit alignments:

   [No hits detected that satisfy reporting thresholds]


Internal CM pipeline statistics summary:
----------------------------------------
Query model(s):                                                  1  (84 consensus positions)
Target sequences:                                                1  (8204682 residues searched)
Target sequences re-searched for truncated hits:                 1  (756 residues re-searched)
Windows   passing  local HMM SSV           filter:            3243  (0.0855); expected (0.06)
Windows   passing  local HMM Viterbi       filter:             738  (0.02013); expected (0.02)
Windows   passing  local HMM Viterbi  bias filter:             661  (0.018); expected (0.02)
Windows   passing  local HMM Forward       filter:               6  (0.0001528); expected (0.0002)
Windows   passing  local HMM Forward  bias filter:               5  (0.0001261); expected (0.0002)
Windows   passing glocal HMM Forward       filter:               4  (0.0001004); expected (0.0002)
Windows   passing glocal HMM Forward  bias filter:               4  (0.0001004); expected (0.0002)
Envelopes passing glocal HMM envelope defn filter:               4  (5.509e-05); expected (0.0002)
Envelopes passing  local CM  CYK           filter:               3  (2.279e-05); expected (0.0001)
Total CM hits reported:                                          0  (0); includes 0 truncated hit(s)

# CPU time: 0.25u 0.00s 00:00:00.25 Elapsed: 00:00:00.03
//
Query:       group-II-D1D4-2  [CLEN=118]
Accession:   RF01999
Description: Group II catalytic intron D1-D4-2
Hit scores:
 rank     E-value  score  bias  sequence  start    end   mdl trunc   gc  description
 ----   --------- ------ -----  -------- ------ ------   --- ----- ----  -----------

   [No hits detected that satisfy reporting thresholds]


Hit alignments:

   [No hits detected that satisfy reporting thresholds]


Internal CM pipeline statistics summary:
----------------------------------------
Query model(s):                                                  1  (118 consensus positions)
Target sequences:                                                1  (8204682 residues searched)
Target sequences re-searched for truncated hits:                 1  (632 residues re-searched)
Windows   passing  local HMM SSV           filter:            3634  (0.08344); expected (0.06)
Windows   passing  local HMM Viterbi       filter:             636  (0.01462); expected (0.02)
Windows   passing  local HMM Viterbi  bias filter:             605  (0.01388); expected (0.02)
Windows   passing  local HMM Forward       filter:              19  (0.0004686); expected (0.0002)
Windows   passing  local HMM Forward  bias filter:              17  (0.0004239); expected (0.0002)
Windows   passing glocal HMM Forward       filter:              14  (0.000327); expected (0.0002)
Windows   passing glocal HMM Forward  bias filter:              14  (0.000327); expected (0.0002)
Envelopes passing glocal HMM envelope defn filter:              13  (0.0002054); expected (0.0002)
Envelopes passing  local CM  CYK           filter:               0  (0); expected (0.0001)
Total CM hits reported:                                          0  (0); includes 0 truncated hit(s)

# CPU time: 0.35u 0.03s 00:00:00.38 Elapsed: 00:00:00.05
//
Query:       group-II-D1D4-3  [CLEN=171]
Accession:   RF02001
Description: Group II catalytic intron D1-D4-3
Hit scores:
 rank     E-value  score  bias  sequence  start    end   mdl trunc   gc  description
 ----   --------- ------ -----  -------- ------ ------   --- ----- ----  -----------

   [No hits detected that satisfy reporting thresholds]


Hit alignments:

   [No hits detected that satisfy reporting thresholds]


Internal CM pipeline statistics summary:
----------------------------------------
Query model(s):                                                  1  (171 consensus positions)
Target sequences:                                                1  (8204682 residues searched)
Target sequences re-searched for truncated hits:                 1  (1268 residues re-searched)
Windows   passing  local HMM SSV           filter:            2530  (0.111); expected (0.06)
Windows   passing  local HMM Viterbi       filter:             631  (0.02912); expected (0.02)
Windows   passing  local HMM Viterbi  bias filter:             374  (0.01728); expected (0.02)
Windows   passing  local HMM Forward       filter:              23  (0.001194); expected (0.0002)
Windows   passing  local HMM Forward  bias filter:              13  (0.0006826); expected (0.0002)
Windows   passing glocal HMM Forward       filter:              12  (0.0006233); expected (0.0002)
Windows   passing glocal HMM Forward  bias filter:              12  (0.0006233); expected (0.0002)
Envelopes passing glocal HMM envelope defn filter:              11  (0.0002993); expected (0.0002)
Envelopes passing  local CM  CYK           filter:               6  (0.0001021); expected (0.0001)
Total CM hits reported:                                          0  (0); includes 0 truncated hit(s)

# CPU time: 1.32u 0.07s 00:00:01.39 Elapsed: 00:00:00.33
//
Query:       group-II-D1D4-4  [CLEN=138]
Accession:   RF02003
Description: Group II catalytic intron D1-D4-4
Hit scores:
 rank     E-value  score  bias  sequence  start    end   mdl trunc   gc  description
 ----   --------- ------ -----  -------- ------ ------   --- ----- ----  -----------

   [No hits detected that satisfy reporting thresholds]


Hit alignments:

   [No hits detected that satisfy reporting thresholds]


Internal CM pipeline statistics summary:
----------------------------------------
Query model(s):                                                  1  (138 consensus positions)
Target sequences:                                                1  (8204682 residues searched)
Target sequences re-searched for truncated hits:                 1  (1460 residues re-searched)
Windows   passing  local HMM SSV           filter:            1522  (0.07294); expected (0.06)
Windows   passing  local HMM Viterbi       filter:             164  (0.008169); expected (0.02)
Windows   passing  local HMM Viterbi  bias filter:             141  (0.007043); expected (0.02)
Windows   passing  local HMM Forward       filter:               3  (0.0001444); expected (0.0002)
Windows   passing  local HMM Forward  bias filter:               1  (5.155e-05); expected (0.0002)
Windows   passing glocal HMM Forward       filter:               1  (5.155e-05); expected (0.0002)
Windows   passing glocal HMM Forward  bias filter:               1  (5.155e-05); expected (0.0002)
Envelopes passing glocal HMM envelope defn filter:               1  (1.596e-05); expected (0.0002)
Envelopes passing  local CM  CYK           filter:               1  (1.523e-05); expected (0.0001)
Total CM hits reported:                                          0  (0); includes 0 truncated hit(s)

# CPU time: 0.28u 0.00s 00:00:00.28 Elapsed: 00:00:00.05
//
Query:       group-II-D1D4-5  [CLEN=201]
Accession:   RF02004
Description: Group II catalytic intron D1-D4-5
Hit scores:
 rank     E-value  score  bias  sequence  start    end   mdl trunc   gc  description
 ----   --------- ------ -----  -------- ------ ------   --- ----- ----  -----------

   [No hits detected that satisfy reporting thresholds]


Hit alignments:

   [No hits detected that satisfy reporting thresholds]


Internal CM pipeline statistics summary:
----------------------------------------
Query model(s):                                                  1  (201 consensus positions)
Target sequences:                                                1  (8204682 residues searched)
Target sequences re-searched for truncated hits:                 1  (1116 residues re-searched)
Windows   passing  local HMM SSV           filter:            2983  (0.1203); expected (0.06)
Windows   passing  local HMM Viterbi       filter:             443  (0.01829); expected (0.02)
Windows   passing  local HMM Viterbi  bias filter:             273  (0.01125); expected (0.02)
Windows   passing  local HMM Forward       filter:              14  (0.0006024); expected (0.0002)
Windows   passing  local HMM Forward  bias filter:              12  (0.0005113); expected (0.0002)
Windows   passing glocal HMM Forward       filter:               8  (0.0003506); expected (0.0002)
Windows   passing glocal HMM Forward  bias filter:               8  (0.0003506); expected (0.0002)
Envelopes passing glocal HMM envelope defn filter:               8  (0.0002319); expected (0.0002)
Envelopes passing  local CM  CYK           filter:               1  (2.827e-05); expected (0.0001)
Total CM hits reported:                                          0  (0); includes 0 truncated hit(s)

# CPU time: 0.91u 0.03s 00:00:00.94 Elapsed: 00:00:00.22
//
Query:       group-II-D1D4-6  [CLEN=225]
Accession:   RF02005
Description: Group II catalytic intron D1-D4-6
Hit scores:
 rank     E-value  score  bias  sequence  start    end   mdl trunc   gc  description
 ----   --------- ------ -----  -------- ------ ------   --- ----- ----  -----------

   [No hits detected that satisfy reporting thresholds]


Hit alignments:

   [No hits detected that satisfy reporting thresholds]


Internal CM pipeline statistics summary:
----------------------------------------
Query model(s):                                                  1  (225 consensus positions)
Target sequences:                                                1  (8204682 residues searched)
Target sequences re-searched for truncated hits:                 1  (1460 residues re-searched)
Windows   passing  local HMM SSV           filter:            1172  (0.06011); expected (0.06)
Windows   passing  local HMM Viterbi       filter:             160  (0.008294); expected (0.02)
Windows   passing  local HMM Viterbi  bias filter:             129  (0.006707); expected (0.02)
Windows   passing  local HMM Forward       filter:               7  (0.0003958); expected (0.0002)
Windows   passing  local HMM Forward  bias filter:               5  (0.0002552); expected (0.0002)
Windows   passing glocal HMM Forward       filter:               4  (0.0002061); expected (0.0002)
Windows   passing glocal HMM Forward  bias filter:               4  (0.0002061); expected (0.0002)
Envelopes passing glocal HMM envelope defn filter:               4  (0.0001244); expected (0.0002)
Envelopes passing  local CM  CYK           filter:               0  (0); expected (0.0001)
Total CM hits reported:                                          0  (0); includes 0 truncated hit(s)

# CPU time: 0.54u 0.01s 00:00:00.55 Elapsed: 00:00:00.12
//
Query:       group-II-D1D4-7  [CLEN=148]
Accession:   RF02012
Description: Group II catalytic intron D1-D4-7
Hit scores:
 rank     E-value  score  bias  sequence  start    end   mdl trunc   gc  description
 ----   --------- ------ -----  -------- ------ ------   --- ----- ----  -----------

   [No hits detected that satisfy reporting thresholds]


Hit alignments:

   [No hits detected that satisfy reporting thresholds]


Internal CM pipeline statistics summary:
----------------------------------------
Query model(s):                                                  1  (148 consensus positions)
Target sequences:                                                1  (8204682 residues searched)
Target sequences re-searched for truncated hits:                 1  (1040 residues re-searched)
Windows   passing  local HMM SSV           filter:            2577  (0.09327); expected (0.06)
Windows   passing  local HMM Viterbi       filter:             296  (0.011); expected (0.02)
Windows   passing  local HMM Viterbi  bias filter:             264  (0.009809); expected (0.02)
Windows   passing  local HMM Forward       filter:               8  (0.0003111); expected (0.0002)
Windows   passing  local HMM Forward  bias filter:               7  (0.0002659); expected (0.0002)
Windows   passing glocal HMM Forward       filter:               6  (0.000229); expected (0.0002)
Windows   passing glocal HMM Forward  bias filter:               5  (0.0001944); expected (0.0002)
Envelopes passing glocal HMM envelope defn filter:               5  (0.0001021); expected (0.0002)
Envelopes passing  local CM  CYK           filter:               1  (5.606e-06); expected (0.0001)
Total CM hits reported:                                          0  (0); includes 0 truncated hit(s)

# CPU time: 0.37u 0.00s 00:00:00.37 Elapsed: 00:00:00.05
//
[ok]
