# cmsearch :: search CM(s) against a sequence database
# INFERNAL 1.1.4 (Dec 2020)
# Copyright (C) 2020 Howard Hughes Medical Institute.
# Freely distributed under the BSD open source license.
# - - - - - - - - - - - - - - - - - - - - - - - - - - - - - - - - - - - -
# query CM file:                         cms/antitoxin.cm
# target sequence database:              genomes/PS-96.fas
# output directed to file:               sequences/PS-96/antitoxin.out
# tabular output of hits:                sequences/PS-96/antitoxin.tblout
# model-specific thresholding:           GA cutoffs
# Rfam pipeline mode:                    on [strict filtering]
# HMM-only mode for 0 basepair models:   no
# number of worker threads:              12
# - - - - - - - - - - - - - - - - - - - - - - - - - - - - - - - - - - - -

Query:       SIB_RNA  [CLEN=147]
Accession:   RF00113
Description: Short Intergenic Abundant RNA
Hit scores:
 rank     E-value  score  bias  sequence  start    end   mdl trunc   gc  description
 ----   --------- ------ -----  -------- ------ ------   --- ----- ----  -----------

   [No hits detected that satisfy reporting thresholds]


Hit alignments:

   [No hits detected that satisfy reporting thresholds]


Internal CM pipeline statistics summary:
----------------------------------------
Query model(s):                                                  1  (147 consensus positions)
Target sequences:                                                1  (8332076 residues searched)
Target sequences re-searched for truncated hits:                 1  (732 residues re-searched)
Windows   passing  local HMM SSV           filter:            5243  (0.1359); expected (0.06)
Windows   passing  local HMM Viterbi       filter:             909  (0.02429); expected (0.02)
Windows   passing  local HMM Viterbi  bias filter:             689  (0.0184); expected (0.02)
Windows   passing  local HMM Forward       filter:              66  (0.001785); expected (0.0002)
Windows   passing  local HMM Forward  bias filter:              50  (0.001352); expected (0.0002)
Windows   passing glocal HMM Forward       filter:              31  (0.0009033); expected (0.0002)
Windows   passing glocal HMM Forward  bias filter:              31  (0.0009033); expected (0.0002)
Envelopes passing glocal HMM envelope defn filter:              33  (0.0006771); expected (0.0002)
Envelopes passing  local CM  CYK           filter:               4  (4.476e-05); expected (0.0001)
Total CM hits reported:                                          0  (0); includes 0 truncated hit(s)

# CPU time: 1.27u 0.13s 00:00:01.40 Elapsed: 00:00:00.22
//
Query:       istR  [CLEN=130]
Accession:   RF01400
Description: istR Hfq binding RNA
Hit scores:
 rank     E-value  score  bias  sequence  start    end   mdl trunc   gc  description
 ----   --------- ------ -----  -------- ------ ------   --- ----- ----  -----------

   [No hits detected that satisfy reporting thresholds]


Hit alignments:

   [No hits detected that satisfy reporting thresholds]


Internal CM pipeline statistics summary:
----------------------------------------
Query model(s):                                                  1  (130 consensus positions)
Target sequences:                                                1  (8332076 residues searched)
Target sequences re-searched for truncated hits:                 1  (648 residues re-searched)
Windows   passing  local HMM SSV           filter:            2756  (0.06335); expected (0.06)
Windows   passing  local HMM Viterbi       filter:             397  (0.009345); expected (0.02)
Windows   passing  local HMM Viterbi  bias filter:             388  (0.009128); expected (0.02)
Windows   passing  local HMM Forward       filter:               9  (0.0002293); expected (0.0002)
Windows   passing  local HMM Forward  bias filter:               9  (0.0002293); expected (0.0002)
Windows   passing glocal HMM Forward       filter:               6  (0.0001481); expected (0.0002)
Windows   passing glocal HMM Forward  bias filter:               6  (0.0001481); expected (0.0002)
Envelopes passing glocal HMM envelope defn filter:               6  (0.00011); expected (0.0002)
Envelopes passing  local CM  CYK           filter:               0  (0); expected (0.0001)
Total CM hits reported:                                          0  (0); includes 0 truncated hit(s)

# CPU time: 0.30u 0.00s 00:00:00.30 Elapsed: 00:00:00.05
//
Query:       RatA  [CLEN=90]
Accession:   RF01776
Description: RNA anti-toxin A
Hit scores:
 rank     E-value  score  bias  sequence  start    end   mdl trunc   gc  description
 ----   --------- ------ -----  -------- ------ ------   --- ----- ----  -----------

   [No hits detected that satisfy reporting thresholds]


Hit alignments:

   [No hits detected that satisfy reporting thresholds]


Internal CM pipeline statistics summary:
----------------------------------------
Query model(s):                                                  1  (90 consensus positions)
Target sequences:                                                1  (8332076 residues searched)
Target sequences re-searched for truncated hits:                 1  (448 residues re-searched)
Windows   passing  local HMM SSV           filter:            9946  (0.1625); expected (0.06)
Windows   passing  local HMM Viterbi       filter:            1757  (0.03003); expected (0.02)
Windows   passing  local HMM Viterbi  bias filter:            1032  (0.01743); expected (0.02)
Windows   passing  local HMM Forward       filter:              87  (0.001555); expected (0.0002)
Windows   passing  local HMM Forward  bias filter:              45  (0.0008124); expected (0.0002)
Windows   passing glocal HMM Forward       filter:              42  (0.0007762); expected (0.0002)
Windows   passing glocal HMM Forward  bias filter:              41  (0.0007605); expected (0.0002)
Envelopes passing glocal HMM envelope defn filter:              42  (0.0005487); expected (0.0002)
Envelopes passing  local CM  CYK           filter:               6  (6.481e-05); expected (0.0001)
Total CM hits reported:                                          0  (0); includes 0 truncated hit(s)

# CPU time: 0.77u 0.04s 00:00:00.81 Elapsed: 00:00:00.09
//
Query:       sok  [CLEN=157]
Accession:   RF01794
Description: sok antitoxin (CssrC)
Hit scores:
 rank     E-value  score  bias  sequence  start    end   mdl trunc   gc  description
 ----   --------- ------ -----  -------- ------ ------   --- ----- ----  -----------

   [No hits detected that satisfy reporting thresholds]


Hit alignments:

   [No hits detected that satisfy reporting thresholds]


Internal CM pipeline statistics summary:
----------------------------------------
Query model(s):                                                  1  (157 consensus positions)
Target sequences:                                                1  (8332076 residues searched)
Target sequences re-searched for truncated hits:                 1  (1184 residues re-searched)
Windows   passing  local HMM SSV           filter:            2889  (0.117); expected (0.06)
Windows   passing  local HMM Viterbi       filter:             515  (0.0215); expected (0.02)
Windows   passing  local HMM Viterbi  bias filter:             461  (0.01929); expected (0.02)
Windows   passing  local HMM Forward       filter:              21  (0.0009404); expected (0.0002)
Windows   passing  local HMM Forward  bias filter:              21  (0.0009404); expected (0.0002)
Windows   passing glocal HMM Forward       filter:              13  (0.0005987); expected (0.0002)
Windows   passing glocal HMM Forward  bias filter:              13  (0.0005987); expected (0.0002)
Envelopes passing glocal HMM envelope defn filter:              13  (0.0002868); expected (0.0002)
Envelopes passing  local CM  CYK           filter:               3  (2.712e-05); expected (0.0001)
Total CM hits reported:                                          0  (0); includes 0 truncated hit(s)

# CPU time: 0.86u 0.05s 00:00:00.91 Elapsed: 00:00:00.14
//
Query:       fstAT  [CLEN=94]
Accession:   RF01797
Description: Fst antitoxin sRNA
Hit scores:
 rank     E-value  score  bias  sequence  start    end   mdl trunc   gc  description
 ----   --------- ------ -----  -------- ------ ------   --- ----- ----  -----------

   [No hits detected that satisfy reporting thresholds]


Hit alignments:

   [No hits detected that satisfy reporting thresholds]


Internal CM pipeline statistics summary:
----------------------------------------
Query model(s):                                                  1  (94 consensus positions)
Target sequences:                                                1  (8332076 residues searched)
Target sequences re-searched for truncated hits:                 1  (496 residues re-searched)
Windows   passing  local HMM SSV           filter:            9350  (0.1688); expected (0.06)
Windows   passing  local HMM Viterbi       filter:            1594  (0.02988); expected (0.02)
Windows   passing  local HMM Viterbi  bias filter:            1231  (0.023); expected (0.02)
Windows   passing  local HMM Forward       filter:             102  (0.00213); expected (0.0002)
Windows   passing  local HMM Forward  bias filter:              77  (0.001611); expected (0.0002)
Windows   passing glocal HMM Forward       filter:              46  (0.0009622); expected (0.0002)
Windows   passing glocal HMM Forward  bias filter:              42  (0.0008685); expected (0.0002)
Envelopes passing glocal HMM envelope defn filter:              41  (0.0005656); expected (0.0002)
Envelopes passing  local CM  CYK           filter:              10  (0.0001141); expected (0.0001)
Total CM hits reported:                                          0  (0); includes 0 truncated hit(s)

# CPU time: 0.84u 0.02s 00:00:00.86 Elapsed: 00:00:00.12
//
Query:       symR  [CLEN=77]
Accession:   RF01809
Description: SymR antitoxin
Hit scores:
 rank     E-value  score  bias  sequence  start    end   mdl trunc   gc  description
 ----   --------- ------ -----  -------- ------ ------   --- ----- ----  -----------

   [No hits detected that satisfy reporting thresholds]


Hit alignments:

   [No hits detected that satisfy reporting thresholds]


Internal CM pipeline statistics summary:
----------------------------------------
Query model(s):                                                  1  (77 consensus positions)
Target sequences:                                                1  (8332076 residues searched)
Target sequences re-searched for truncated hits:                 1  (384 residues re-searched)
Windows   passing  local HMM SSV           filter:            6865  (0.09586); expected (0.06)
Windows   passing  local HMM Viterbi       filter:            1600  (0.0227); expected (0.02)
Windows   passing  local HMM Viterbi  bias filter:            1501  (0.02129); expected (0.02)
Windows   passing  local HMM Forward       filter:              40  (0.0006031); expected (0.0002)
Windows   passing  local HMM Forward  bias filter:              38  (0.0005669); expected (0.0002)
Windows   passing glocal HMM Forward       filter:              27  (0.0003989); expected (0.0002)
Windows   passing glocal HMM Forward  bias filter:              27  (0.0003989); expected (0.0002)
Envelopes passing glocal HMM envelope defn filter:              27  (0.0003062); expected (0.0002)
Envelopes passing  local CM  CYK           filter:               2  (1.296e-05); expected (0.0001)
Total CM hits reported:                                          0  (0); includes 0 truncated hit(s)

# CPU time: 0.39u 0.01s 00:00:00.40 Elapsed: 00:00:00.05
//
Query:       PtaRNA1  [CLEN=72]
Accession:   RF01811
Description: Plasmid transferred anti-sense RNA
Hit scores:
 rank     E-value  score  bias  sequence  start    end   mdl trunc   gc  description
 ----   --------- ------ -----  -------- ------ ------   --- ----- ----  -----------

   [No hits detected that satisfy reporting thresholds]


Hit alignments:

   [No hits detected that satisfy reporting thresholds]


Internal CM pipeline statistics summary:
----------------------------------------
Query model(s):                                                  1  (72 consensus positions)
Target sequences:                                                1  (8332076 residues searched)
Target sequences re-searched for truncated hits:                 1  (360 residues re-searched)
Windows   passing  local HMM SSV           filter:            4651  (0.06089); expected (0.06)
Windows   passing  local HMM Viterbi       filter:            1290  (0.01709); expected (0.02)
Windows   passing  local HMM Viterbi  bias filter:            1217  (0.01613); expected (0.02)
Windows   passing  local HMM Forward       filter:              17  (0.0002439); expected (0.0002)
Windows   passing  local HMM Forward  bias filter:              12  (0.0001757); expected (0.0002)
Windows   passing glocal HMM Forward       filter:               7  (9.529e-05); expected (0.0002)
Windows   passing glocal HMM Forward  bias filter:               7  (9.529e-05); expected (0.0002)
Envelopes passing glocal HMM envelope defn filter:               7  (7.021e-05); expected (0.0002)
Envelopes passing  local CM  CYK           filter:               2  (1.668e-05); expected (0.0001)
Total CM hits reported:                                          0  (0); includes 0 truncated hit(s)

# CPU time: 0.25u 0.00s 00:00:00.25 Elapsed: 00:00:00.03
//
Query:       rdlD  [CLEN=66]
Accession:   RF01813
Description: rdlD antitoxin
Hit scores:
 rank     E-value  score  bias  sequence  start    end   mdl trunc   gc  description
 ----   --------- ------ -----  -------- ------ ------   --- ----- ----  -----------

   [No hits detected that satisfy reporting thresholds]


Hit alignments:

   [No hits detected that satisfy reporting thresholds]


Internal CM pipeline statistics summary:
----------------------------------------
Query model(s):                                                  1  (66 consensus positions)
Target sequences:                                                1  (8332076 residues searched)
Target sequences re-searched for truncated hits:                 1  (328 residues re-searched)
Windows   passing  local HMM SSV           filter:            5000  (0.06001); expected (0.06)
Windows   passing  local HMM Viterbi       filter:            1286  (0.01554); expected (0.02)
Windows   passing  local HMM Viterbi  bias filter:            1134  (0.01369); expected (0.02)
Windows   passing  local HMM Forward       filter:              27  (0.0003423); expected (0.0002)
Windows   passing  local HMM Forward  bias filter:              23  (0.0002907); expected (0.0002)
Windows   passing glocal HMM Forward       filter:               9  (0.0001233); expected (0.0002)
Windows   passing glocal HMM Forward  bias filter:               9  (0.0001233); expected (0.0002)
Envelopes passing glocal HMM envelope defn filter:               8  (7.597e-05); expected (0.0002)
Envelopes passing  local CM  CYK           filter:               3  (2.124e-05); expected (0.0001)
Total CM hits reported:                                          0  (0); includes 0 truncated hit(s)

# CPU time: 0.23u 0.00s 00:00:00.23 Elapsed: 00:00:00.04
//
Query:       OrzO-P  [CLEN=76]
Accession:   RF02083
Description: OrzO-P RNA antitoxin family
Hit scores:
 rank     E-value  score  bias  sequence  start    end   mdl trunc   gc  description
 ----   --------- ------ -----  -------- ------ ------   --- ----- ----  -----------

   [No hits detected that satisfy reporting thresholds]


Hit alignments:

   [No hits detected that satisfy reporting thresholds]


Internal CM pipeline statistics summary:
----------------------------------------
Query model(s):                                                  1  (76 consensus positions)
Target sequences:                                                1  (8332076 residues searched)
Target sequences re-searched for truncated hits:                 1  (380 residues re-searched)
Windows   passing  local HMM SSV           filter:            9313  (0.129); expected (0.06)
Windows   passing  local HMM Viterbi       filter:            2878  (0.041); expected (0.02)
Windows   passing  local HMM Viterbi  bias filter:            2362  (0.03371); expected (0.02)
Windows   passing  local HMM Forward       filter:             169  (0.00269); expected (0.0002)
Windows   passing  local HMM Forward  bias filter:             133  (0.002112); expected (0.0002)
Windows   passing glocal HMM Forward       filter:             100  (0.001638); expected (0.0002)
Windows   passing glocal HMM Forward  bias filter:              98  (0.001603); expected (0.0002)
Envelopes passing glocal HMM envelope defn filter:              97  (0.001066); expected (0.0002)
Envelopes passing  local CM  CYK           filter:              67  (0.0006855); expected (0.0001)
Total CM hits reported:                                          0  (0); includes 0 truncated hit(s)

# CPU time: 1.67u 0.02s 00:00:01.69 Elapsed: 00:00:00.19
//
Query:       ohsC_RNA  [CLEN=77]
Accession:   RF02495
Description: Oppression of Hydrophobic ORF by sRNA
Hit scores:
 rank     E-value  score  bias  sequence  start    end   mdl trunc   gc  description
 ----   --------- ------ -----  -------- ------ ------   --- ----- ----  -----------

   [No hits detected that satisfy reporting thresholds]


Hit alignments:

   [No hits detected that satisfy reporting thresholds]


Internal CM pipeline statistics summary:
----------------------------------------
Query model(s):                                                  1  (77 consensus positions)
Target sequences:                                                1  (8332076 residues searched)
Target sequences re-searched for truncated hits:                 1  (384 residues re-searched)
Windows   passing  local HMM SSV           filter:            8409  (0.1178); expected (0.06)
Windows   passing  local HMM Viterbi       filter:            2270  (0.03249); expected (0.02)
Windows   passing  local HMM Viterbi  bias filter:            1869  (0.02677); expected (0.02)
Windows   passing  local HMM Forward       filter:             125  (0.001924); expected (0.0002)
Windows   passing  local HMM Forward  bias filter:              94  (0.001414); expected (0.0002)
Windows   passing glocal HMM Forward       filter:              66  (0.001031); expected (0.0002)
Windows   passing glocal HMM Forward  bias filter:              64  (0.0009948); expected (0.0002)
Envelopes passing glocal HMM envelope defn filter:              64  (0.0007136); expected (0.0002)
Envelopes passing  local CM  CYK           filter:              25  (0.0002538); expected (0.0001)
Total CM hits reported:                                          0  (0); includes 0 truncated hit(s)

# CPU time: 0.86u 0.00s 00:00:00.86 Elapsed: 00:00:00.12
//
Query:       ToxI  [CLEN=34]
Accession:   RF02519
Description: ToxI antitoxin
Hit scores:
 rank     E-value  score  bias  sequence  start    end   mdl trunc   gc  description
 ----   --------- ------ -----  -------- ------ ------   --- ----- ----  -----------

   [No hits detected that satisfy reporting thresholds]


Hit alignments:

   [No hits detected that satisfy reporting thresholds]


Internal CM pipeline statistics summary:
----------------------------------------
Query model(s):                                                  1  (34 consensus positions)
Target sequences:                                                1  (8332076 residues searched)
Target sequences re-searched for truncated hits:                 1  (192 residues re-searched)
Windows   passing  local HMM SSV           filter:            6976  (0.0494); expected (0.06)
Windows   passing  local HMM Viterbi       filter:            1135  (0.008042); expected (0.02)
Windows   passing  local HMM Viterbi  bias filter:            1018  (0.007209); expected (0.02)
Windows   passing  local HMM Forward       filter:              14  (0.0001065); expected (0.0002)
Windows   passing  local HMM Forward  bias filter:               9  (6.829e-05); expected (0.0002)
Windows   passing glocal HMM Forward       filter:               6  (4.825e-05); expected (0.0002)
Windows   passing glocal HMM Forward  bias filter:               6  (4.825e-05); expected (0.0002)
Envelopes passing glocal HMM envelope defn filter:               6  (2.844e-05); expected (0.0002)
Envelopes passing  local CM  CYK           filter:               4  (1.968e-05); expected (0.0001)
Total CM hits reported:                                          0  (0); includes 0 truncated hit(s)

# CPU time: 0.11u 0.00s 00:00:00.11 Elapsed: 00:00:00.02
//
[ok]
