# cmsearch :: search CM(s) against a sequence database
# INFERNAL 1.1.4 (Dec 2020)
# Copyright (C) 2020 Howard Hughes Medical Institute.
# Freely distributed under the BSD open source license.
# - - - - - - - - - - - - - - - - - - - - - - - - - - - - - - - - - - - -
# query CM file:                         cms/Intron.cm
# target sequence database:              genomes/PS-96.fas
# output directed to file:               sequences/PS-96/Intron.out
# tabular output of hits:                sequences/PS-96/Intron.tblout
# model-specific thresholding:           GA cutoffs
# Rfam pipeline mode:                    on [strict filtering]
# HMM-only mode for 0 basepair models:   no
# number of worker threads:              12
# - - - - - - - - - - - - - - - - - - - - - - - - - - - - - - - - - - - -

Query:       Intron_gpI  [CLEN=251]
Accession:   RF00028
Description: Group I catalytic intron
Hit scores:
 rank     E-value  score  bias  sequence  start    end   mdl trunc   gc  description
 ----   --------- ------ -----  -------- ------ ------   --- ----- ----  -----------

   [No hits detected that satisfy reporting thresholds]


Hit alignments:

   [No hits detected that satisfy reporting thresholds]


Internal CM pipeline statistics summary:
----------------------------------------
Query model(s):                                                  1  (251 consensus positions)
Target sequences:                                                1  (8332076 residues searched)
Target sequences re-searched for truncated hits:                 1  (5324 residues re-searched)
Windows   passing  local HMM SSV           filter:            1453  (0.2637); expected (0.06)
Windows   passing  local HMM Viterbi       filter:              96  (0.01943); expected (0.02)
Windows   passing  local HMM Viterbi  bias filter:              28  (0.005214); expected (0.02)
Windows   passing  local HMM Forward       filter:               9  (0.001882); expected (0.0002)
Windows   passing  local HMM Forward  bias filter:               6  (0.001303); expected (0.0002)
Windows   passing glocal HMM Forward       filter:               6  (0.001303); expected (0.0002)
Windows   passing glocal HMM Forward  bias filter:               6  (0.001303); expected (0.0002)
Envelopes passing glocal HMM envelope defn filter:               6  (0.0004125); expected (0.0002)
Envelopes passing  local CM  CYK           filter:               1  (7.316e-06); expected (0.0001)
Total CM hits reported:                                          0  (0); includes 0 truncated hit(s)

# CPU time: 3.15u 0.34s 00:00:03.49 Elapsed: 00:00:00.91
//
Query:       Intron_gpII  [CLEN=93]
Accession:   RF00029
Description: Group II catalytic intron
Hit scores:
 rank     E-value  score  bias  sequence  start    end   mdl trunc   gc  description
 ----   --------- ------ -----  -------- ------ ------   --- ----- ----  -----------

   [No hits detected that satisfy reporting thresholds]


Hit alignments:

   [No hits detected that satisfy reporting thresholds]


Internal CM pipeline statistics summary:
----------------------------------------
Query model(s):                                                  1  (93 consensus positions)
Target sequences:                                                1  (8332076 residues searched)
Target sequences re-searched for truncated hits:                 1  (2048 residues re-searched)
Windows   passing  local HMM SSV           filter:            1105  (0.06751); expected (0.06)
Windows   passing  local HMM Viterbi       filter:             217  (0.01467); expected (0.02)
Windows   passing  local HMM Viterbi  bias filter:             212  (0.01434); expected (0.02)
Windows   passing  local HMM Forward       filter:               1  (5.471e-05); expected (0.0002)
Windows   passing  local HMM Forward  bias filter:               1  (5.471e-05); expected (0.0002)
Windows   passing glocal HMM Forward       filter:               0  (0); expected (0.0002)
Windows   passing glocal HMM Forward  bias filter:               0  (0); expected (0.0002)
Envelopes passing glocal HMM envelope defn filter:               0  (0); expected (0.0002)
Envelopes passing  local CM  CYK           filter:               0  (0); expected (0.0001)
Total CM hits reported:                                          0  (0); includes 0 truncated hit(s)

# CPU time: 0.19u 0.00s 00:00:00.19 Elapsed: 00:00:00.03
//
Query:       group-II-D1D4-1  [CLEN=84]
Accession:   RF01998
Description: Group II catalytic intron D1-D4-1
Hit scores:
 rank     E-value  score  bias  sequence  start    end   mdl trunc   gc  description
 ----   --------- ------ -----  -------- ------ ------   --- ----- ----  -----------

   [No hits detected that satisfy reporting thresholds]


Hit alignments:

   [No hits detected that satisfy reporting thresholds]


Internal CM pipeline statistics summary:
----------------------------------------
Query model(s):                                                  1  (84 consensus positions)
Target sequences:                                                1  (8332076 residues searched)
Target sequences re-searched for truncated hits:                 1  (756 residues re-searched)
Windows   passing  local HMM SSV           filter:            3278  (0.08511); expected (0.06)
Windows   passing  local HMM Viterbi       filter:             730  (0.01959); expected (0.02)
Windows   passing  local HMM Viterbi  bias filter:             651  (0.01744); expected (0.02)
Windows   passing  local HMM Forward       filter:               7  (0.0001791); expected (0.0002)
Windows   passing  local HMM Forward  bias filter:               5  (0.0001241); expected (0.0002)
Windows   passing glocal HMM Forward       filter:               4  (9.877e-05); expected (0.0002)
Windows   passing glocal HMM Forward  bias filter:               4  (9.877e-05); expected (0.0002)
Envelopes passing glocal HMM envelope defn filter:               4  (5.832e-05); expected (0.0002)
Envelopes passing  local CM  CYK           filter:               2  (1.596e-05); expected (0.0001)
Total CM hits reported:                                          0  (0); includes 0 truncated hit(s)

# CPU time: 0.25u 0.01s 00:00:00.26 Elapsed: 00:00:00.04
//
Query:       group-II-D1D4-2  [CLEN=118]
Accession:   RF01999
Description: Group II catalytic intron D1-D4-2
Hit scores:
 rank     E-value  score  bias  sequence  start    end   mdl trunc   gc  description
 ----   --------- ------ -----  -------- ------ ------   --- ----- ----  -----------

   [No hits detected that satisfy reporting thresholds]


Hit alignments:

   [No hits detected that satisfy reporting thresholds]


Internal CM pipeline statistics summary:
----------------------------------------
Query model(s):                                                  1  (118 consensus positions)
Target sequences:                                                1  (8332076 residues searched)
Target sequences re-searched for truncated hits:                 1  (632 residues re-searched)
Windows   passing  local HMM SSV           filter:            3687  (0.0833); expected (0.06)
Windows   passing  local HMM Viterbi       filter:             663  (0.01513); expected (0.02)
Windows   passing  local HMM Viterbi  bias filter:             629  (0.01432); expected (0.02)
Windows   passing  local HMM Forward       filter:              22  (0.0005453); expected (0.0002)
Windows   passing  local HMM Forward  bias filter:              18  (0.0004314); expected (0.0002)
Windows   passing glocal HMM Forward       filter:              14  (0.0003221); expected (0.0002)
Windows   passing glocal HMM Forward  bias filter:              14  (0.0003221); expected (0.0002)
Envelopes passing glocal HMM envelope defn filter:              13  (0.0002047); expected (0.0002)
Envelopes passing  local CM  CYK           filter:               0  (0); expected (0.0001)
Total CM hits reported:                                          0  (0); includes 0 truncated hit(s)

# CPU time: 0.38u 0.02s 00:00:00.40 Elapsed: 00:00:00.05
//
Query:       group-II-D1D4-3  [CLEN=171]
Accession:   RF02001
Description: Group II catalytic intron D1-D4-3
Hit scores:
 rank     E-value  score  bias  sequence  start    end   mdl trunc   gc  description
 ----   --------- ------ -----  -------- ------ ------   --- ----- ----  -----------

   [No hits detected that satisfy reporting thresholds]


Hit alignments:

   [No hits detected that satisfy reporting thresholds]


Internal CM pipeline statistics summary:
----------------------------------------
Query model(s):                                                  1  (171 consensus positions)
Target sequences:                                                1  (8332076 residues searched)
Target sequences re-searched for truncated hits:                 1  (1268 residues re-searched)
Windows   passing  local HMM SSV           filter:            2593  (0.1126); expected (0.06)
Windows   passing  local HMM Viterbi       filter:             650  (0.02966); expected (0.02)
Windows   passing  local HMM Viterbi  bias filter:             388  (0.0176); expected (0.02)
Windows   passing  local HMM Forward       filter:              34  (0.001696); expected (0.0002)
Windows   passing  local HMM Forward  bias filter:              19  (0.0009228); expected (0.0002)
Windows   passing glocal HMM Forward       filter:              16  (0.0007808); expected (0.0002)
Windows   passing glocal HMM Forward  bias filter:              16  (0.0007808); expected (0.0002)
Envelopes passing glocal HMM envelope defn filter:              16  (0.0004319); expected (0.0002)
Envelopes passing  local CM  CYK           filter:               7  (0.0001255); expected (0.0001)
Total CM hits reported:                                          0  (0); includes 0 truncated hit(s)

# CPU time: 1.54u 0.10s 00:00:01.64 Elapsed: 00:00:00.36
//
Query:       group-II-D1D4-4  [CLEN=138]
Accession:   RF02003
Description: Group II catalytic intron D1-D4-4
Hit scores:
 rank     E-value  score  bias  sequence  start    end   mdl trunc   gc  description
 ----   --------- ------ -----  -------- ------ ------   --- ----- ----  -----------

   [No hits detected that satisfy reporting thresholds]


Hit alignments:

   [No hits detected that satisfy reporting thresholds]


Internal CM pipeline statistics summary:
----------------------------------------
Query model(s):                                                  1  (138 consensus positions)
Target sequences:                                                1  (8332076 residues searched)
Target sequences re-searched for truncated hits:                 1  (1460 residues re-searched)
Windows   passing  local HMM SSV           filter:            1534  (0.07234); expected (0.06)
Windows   passing  local HMM Viterbi       filter:             162  (0.008016); expected (0.02)
Windows   passing  local HMM Viterbi  bias filter:             141  (0.006966); expected (0.02)
Windows   passing  local HMM Forward       filter:               4  (0.0001902); expected (0.0002)
Windows   passing  local HMM Forward  bias filter:               2  (9.876e-05); expected (0.0002)
Windows   passing glocal HMM Forward       filter:               1  (5.076e-05); expected (0.0002)
Windows   passing glocal HMM Forward  bias filter:               1  (5.076e-05); expected (0.0002)
Envelopes passing glocal HMM envelope defn filter:               1  (1.572e-05); expected (0.0002)
Envelopes passing  local CM  CYK           filter:               1  (1.5e-05); expected (0.0001)
Total CM hits reported:                                          0  (0); includes 0 truncated hit(s)

# CPU time: 0.28u 0.00s 00:00:00.28 Elapsed: 00:00:00.06
//
Query:       group-II-D1D4-5  [CLEN=201]
Accession:   RF02004
Description: Group II catalytic intron D1-D4-5
Hit scores:
 rank     E-value  score  bias  sequence  start    end   mdl trunc   gc  description
 ----   --------- ------ -----  -------- ------ ------   --- ----- ----  -----------

   [No hits detected that satisfy reporting thresholds]


Hit alignments:

   [No hits detected that satisfy reporting thresholds]


Internal CM pipeline statistics summary:
----------------------------------------
Query model(s):                                                  1  (201 consensus positions)
Target sequences:                                                1  (8332076 residues searched)
Target sequences re-searched for truncated hits:                 1  (1116 residues re-searched)
Windows   passing  local HMM SSV           filter:            3041  (0.1212); expected (0.06)
Windows   passing  local HMM Viterbi       filter:             460  (0.01897); expected (0.02)
Windows   passing  local HMM Viterbi  bias filter:             291  (0.01199); expected (0.02)
Windows   passing  local HMM Forward       filter:              15  (0.0006469); expected (0.0002)
Windows   passing  local HMM Forward  bias filter:              11  (0.0004711); expected (0.0002)
Windows   passing glocal HMM Forward       filter:               7  (0.0002827); expected (0.0002)
Windows   passing glocal HMM Forward  bias filter:               7  (0.0002827); expected (0.0002)
Envelopes passing glocal HMM envelope defn filter:               7  (0.000188); expected (0.0002)
Envelopes passing  local CM  CYK           filter:               1  (2.916e-05); expected (0.0001)
Total CM hits reported:                                          0  (0); includes 0 truncated hit(s)

# CPU time: 0.81u 0.04s 00:00:00.85 Elapsed: 00:00:00.22
//
Query:       group-II-D1D4-6  [CLEN=225]
Accession:   RF02005
Description: Group II catalytic intron D1-D4-6
Hit scores:
 rank     E-value  score  bias  sequence  start    end   mdl trunc   gc  description
 ----   --------- ------ -----  -------- ------ ------   --- ----- ----  -----------

   [No hits detected that satisfy reporting thresholds]


Hit alignments:

   [No hits detected that satisfy reporting thresholds]


Internal CM pipeline statistics summary:
----------------------------------------
Query model(s):                                                  1  (225 consensus positions)
Target sequences:                                                1  (8332076 residues searched)
Target sequences re-searched for truncated hits:                 1  (1460 residues re-searched)
Windows   passing  local HMM SSV           filter:            1200  (0.06062); expected (0.06)
Windows   passing  local HMM Viterbi       filter:             166  (0.008483); expected (0.02)
Windows   passing  local HMM Viterbi  bias filter:             141  (0.007172); expected (0.02)
Windows   passing  local HMM Forward       filter:              11  (0.0005867); expected (0.0002)
Windows   passing  local HMM Forward  bias filter:               7  (0.0003485); expected (0.0002)
Windows   passing glocal HMM Forward       filter:               5  (0.0002514); expected (0.0002)
Windows   passing glocal HMM Forward  bias filter:               5  (0.0002514); expected (0.0002)
Envelopes passing glocal HMM envelope defn filter:               5  (0.0001523); expected (0.0002)
Envelopes passing  local CM  CYK           filter:               0  (0); expected (0.0001)
Total CM hits reported:                                          0  (0); includes 0 truncated hit(s)

# CPU time: 0.57u 0.03s 00:00:00.60 Elapsed: 00:00:00.11
//
Query:       group-II-D1D4-7  [CLEN=148]
Accession:   RF02012
Description: Group II catalytic intron D1-D4-7
Hit scores:
 rank     E-value  score  bias  sequence  start    end   mdl trunc   gc  description
 ----   --------- ------ -----  -------- ------ ------   --- ----- ----  -----------

   [No hits detected that satisfy reporting thresholds]


Hit alignments:

   [No hits detected that satisfy reporting thresholds]


Internal CM pipeline statistics summary:
----------------------------------------
Query model(s):                                                  1  (148 consensus positions)
Target sequences:                                                1  (8332076 residues searched)
Target sequences re-searched for truncated hits:                 1  (1040 residues re-searched)
Windows   passing  local HMM SSV           filter:            2655  (0.09447); expected (0.06)
Windows   passing  local HMM Viterbi       filter:             301  (0.01106); expected (0.02)
Windows   passing  local HMM Viterbi  bias filter:             271  (0.009942); expected (0.02)
Windows   passing  local HMM Forward       filter:              11  (0.0004032); expected (0.0002)
Windows   passing  local HMM Forward  bias filter:              10  (0.0003587); expected (0.0002)
Windows   passing glocal HMM Forward       filter:               7  (0.0002886); expected (0.0002)
Windows   passing glocal HMM Forward  bias filter:               7  (0.0002886); expected (0.0002)
Envelopes passing glocal HMM envelope defn filter:               6  (0.0001216); expected (0.0002)
Envelopes passing  local CM  CYK           filter:               2  (9.24e-06); expected (0.0001)
Total CM hits reported:                                          0  (0); includes 0 truncated hit(s)

# CPU time: 0.41u 0.01s 00:00:00.42 Elapsed: 00:00:00.06
//
[ok]
