# cmsearch :: search CM(s) against a sequence database
# INFERNAL 1.1.4 (Dec 2020)
# Copyright (C) 2020 Howard Hughes Medical Institute.
# Freely distributed under the BSD open source license.
# - - - - - - - - - - - - - - - - - - - - - - - - - - - - - - - - - - - -
# query CM file:                         cms/antitoxin.cm
# target sequence database:              genomes/PS-24.fas
# output directed to file:               sequences/PS-24/antitoxin.out
# tabular output of hits:                sequences/PS-24/antitoxin.tblout
# model-specific thresholding:           GA cutoffs
# Rfam pipeline mode:                    on [strict filtering]
# HMM-only mode for 0 basepair models:   no
# number of worker threads:              12
# - - - - - - - - - - - - - - - - - - - - - - - - - - - - - - - - - - - -

Query:       SIB_RNA  [CLEN=147]
Accession:   RF00113
Description: Short Intergenic Abundant RNA
Hit scores:
 rank     E-value  score  bias  sequence  start    end   mdl trunc   gc  description
 ----   --------- ------ -----  -------- ------ ------   --- ----- ----  -----------

   [No hits detected that satisfy reporting thresholds]


Hit alignments:

   [No hits detected that satisfy reporting thresholds]


Internal CM pipeline statistics summary:
----------------------------------------
Query model(s):                                                  1  (147 consensus positions)
Target sequences:                                                1  (8243744 residues searched)
Target sequences re-searched for truncated hits:                 1  (732 residues re-searched)
Windows   passing  local HMM SSV           filter:            5188  (0.1358); expected (0.06)
Windows   passing  local HMM Viterbi       filter:             893  (0.02422); expected (0.02)
Windows   passing  local HMM Viterbi  bias filter:             688  (0.01862); expected (0.02)
Windows   passing  local HMM Forward       filter:              63  (0.001794); expected (0.0002)
Windows   passing  local HMM Forward  bias filter:              46  (0.001311); expected (0.0002)
Windows   passing glocal HMM Forward       filter:              29  (0.000872); expected (0.0002)
Windows   passing glocal HMM Forward  bias filter:              28  (0.0008465); expected (0.0002)
Envelopes passing glocal HMM envelope defn filter:              30  (0.0006295); expected (0.0002)
Envelopes passing  local CM  CYK           filter:               4  (4.73e-05); expected (0.0001)
Total CM hits reported:                                          0  (0); includes 0 truncated hit(s)

# CPU time: 1.32u 0.08s 00:00:01.40 Elapsed: 00:00:00.25
//
Query:       istR  [CLEN=130]
Accession:   RF01400
Description: istR Hfq binding RNA
Hit scores:
 rank     E-value  score  bias  sequence  start    end   mdl trunc   gc  description
 ----   --------- ------ -----  -------- ------ ------   --- ----- ----  -----------

   [No hits detected that satisfy reporting thresholds]


Hit alignments:

   [No hits detected that satisfy reporting thresholds]


Internal CM pipeline statistics summary:
----------------------------------------
Query model(s):                                                  1  (130 consensus positions)
Target sequences:                                                1  (8243744 residues searched)
Target sequences re-searched for truncated hits:                 1  (648 residues re-searched)
Windows   passing  local HMM SSV           filter:            2741  (0.06367); expected (0.06)
Windows   passing  local HMM Viterbi       filter:             387  (0.009175); expected (0.02)
Windows   passing  local HMM Viterbi  bias filter:             380  (0.009004); expected (0.02)
Windows   passing  local HMM Forward       filter:               9  (0.0002151); expected (0.0002)
Windows   passing  local HMM Forward  bias filter:               9  (0.0002151); expected (0.0002)
Windows   passing glocal HMM Forward       filter:               7  (0.0001719); expected (0.0002)
Windows   passing glocal HMM Forward  bias filter:               7  (0.0001719); expected (0.0002)
Envelopes passing glocal HMM envelope defn filter:               7  (0.0001304); expected (0.0002)
Envelopes passing  local CM  CYK           filter:               0  (0); expected (0.0001)
Total CM hits reported:                                          0  (0); includes 0 truncated hit(s)

# CPU time: 0.31u 0.02s 00:00:00.33 Elapsed: 00:00:00.08
//
Query:       RatA  [CLEN=90]
Accession:   RF01776
Description: RNA anti-toxin A
Hit scores:
 rank     E-value  score  bias  sequence  start    end   mdl trunc   gc  description
 ----   --------- ------ -----  -------- ------ ------   --- ----- ----  -----------

   [No hits detected that satisfy reporting thresholds]


Hit alignments:

   [No hits detected that satisfy reporting thresholds]


Internal CM pipeline statistics summary:
----------------------------------------
Query model(s):                                                  1  (90 consensus positions)
Target sequences:                                                1  (8243744 residues searched)
Target sequences re-searched for truncated hits:                 1  (448 residues re-searched)
Windows   passing  local HMM SSV           filter:            9717  (0.1604); expected (0.06)
Windows   passing  local HMM Viterbi       filter:            1753  (0.03027); expected (0.02)
Windows   passing  local HMM Viterbi  bias filter:            1026  (0.01753); expected (0.02)
Windows   passing  local HMM Forward       filter:              80  (0.00142); expected (0.0002)
Windows   passing  local HMM Forward  bias filter:              39  (0.0006959); expected (0.0002)
Windows   passing glocal HMM Forward       filter:              37  (0.0006796); expected (0.0002)
Windows   passing glocal HMM Forward  bias filter:              37  (0.0006796); expected (0.0002)
Envelopes passing glocal HMM envelope defn filter:              38  (0.0005031); expected (0.0002)
Envelopes passing  local CM  CYK           filter:               6  (7.727e-05); expected (0.0001)
Total CM hits reported:                                          0  (0); includes 0 truncated hit(s)

# CPU time: 0.78u 0.04s 00:00:00.82 Elapsed: 00:00:00.11
//
Query:       sok  [CLEN=157]
Accession:   RF01794
Description: sok antitoxin (CssrC)
Hit scores:
 rank     E-value  score  bias  sequence  start    end   mdl trunc   gc  description
 ----   --------- ------ -----  -------- ------ ------   --- ----- ----  -----------

   [No hits detected that satisfy reporting thresholds]


Hit alignments:

   [No hits detected that satisfy reporting thresholds]


Internal CM pipeline statistics summary:
----------------------------------------
Query model(s):                                                  1  (157 consensus positions)
Target sequences:                                                1  (8243744 residues searched)
Target sequences re-searched for truncated hits:                 1  (1184 residues re-searched)
Windows   passing  local HMM SSV           filter:            2884  (0.1179); expected (0.06)
Windows   passing  local HMM Viterbi       filter:             534  (0.02247); expected (0.02)
Windows   passing  local HMM Viterbi  bias filter:             478  (0.02011); expected (0.02)
Windows   passing  local HMM Forward       filter:              21  (0.0009076); expected (0.0002)
Windows   passing  local HMM Forward  bias filter:              21  (0.0009076); expected (0.0002)
Windows   passing glocal HMM Forward       filter:              14  (0.0006391); expected (0.0002)
Windows   passing glocal HMM Forward  bias filter:              14  (0.0006391); expected (0.0002)
Envelopes passing glocal HMM envelope defn filter:              14  (0.0003183); expected (0.0002)
Envelopes passing  local CM  CYK           filter:               2  (1.941e-05); expected (0.0001)
Total CM hits reported:                                          0  (0); includes 0 truncated hit(s)

# CPU time: 0.88u 0.04s 00:00:00.92 Elapsed: 00:00:00.15
//
Query:       fstAT  [CLEN=94]
Accession:   RF01797
Description: Fst antitoxin sRNA
Hit scores:
 rank     E-value  score  bias  sequence  start    end   mdl trunc   gc  description
 ----   --------- ------ -----  -------- ------ ------   --- ----- ----  -----------

   [No hits detected that satisfy reporting thresholds]


Hit alignments:

   [No hits detected that satisfy reporting thresholds]


Internal CM pipeline statistics summary:
----------------------------------------
Query model(s):                                                  1  (94 consensus positions)
Target sequences:                                                1  (8243744 residues searched)
Target sequences re-searched for truncated hits:                 1  (496 residues re-searched)
Windows   passing  local HMM SSV           filter:            9287  (0.1692); expected (0.06)
Windows   passing  local HMM Viterbi       filter:            1562  (0.02955); expected (0.02)
Windows   passing  local HMM Viterbi  bias filter:            1219  (0.02299); expected (0.02)
Windows   passing  local HMM Forward       filter:              97  (0.002059); expected (0.0002)
Windows   passing  local HMM Forward  bias filter:              76  (0.001637); expected (0.0002)
Windows   passing glocal HMM Forward       filter:              45  (0.0009484); expected (0.0002)
Windows   passing glocal HMM Forward  bias filter:              42  (0.000879); expected (0.0002)
Envelopes passing glocal HMM envelope defn filter:              42  (0.000581); expected (0.0002)
Envelopes passing  local CM  CYK           filter:               9  (9.922e-05); expected (0.0001)
Total CM hits reported:                                          0  (0); includes 0 truncated hit(s)

# CPU time: 0.82u 0.01s 00:00:00.83 Elapsed: 00:00:00.11
//
Query:       symR  [CLEN=77]
Accession:   RF01809
Description: SymR antitoxin
Hit scores:
 rank     E-value  score  bias  sequence  start    end   mdl trunc   gc  description
 ----   --------- ------ -----  -------- ------ ------   --- ----- ----  -----------

   [No hits detected that satisfy reporting thresholds]


Hit alignments:

   [No hits detected that satisfy reporting thresholds]


Internal CM pipeline statistics summary:
----------------------------------------
Query model(s):                                                  1  (77 consensus positions)
Target sequences:                                                1  (8243744 residues searched)
Target sequences re-searched for truncated hits:                 1  (384 residues re-searched)
Windows   passing  local HMM SSV           filter:            6833  (0.09651); expected (0.06)
Windows   passing  local HMM Viterbi       filter:            1602  (0.02305); expected (0.02)
Windows   passing  local HMM Viterbi  bias filter:            1502  (0.02162); expected (0.02)
Windows   passing  local HMM Forward       filter:              36  (0.0005659); expected (0.0002)
Windows   passing  local HMM Forward  bias filter:              32  (0.0004928); expected (0.0002)
Windows   passing glocal HMM Forward       filter:              20  (0.0002901); expected (0.0002)
Windows   passing glocal HMM Forward  bias filter:              20  (0.0002901); expected (0.0002)
Envelopes passing glocal HMM envelope defn filter:              20  (0.000236); expected (0.0002)
Envelopes passing  local CM  CYK           filter:               0  (0); expected (0.0001)
Total CM hits reported:                                          0  (0); includes 0 truncated hit(s)

# CPU time: 0.32u 0.00s 00:00:00.32 Elapsed: 00:00:00.04
//
Query:       PtaRNA1  [CLEN=72]
Accession:   RF01811
Description: Plasmid transferred anti-sense RNA
Hit scores:
 rank     E-value  score  bias  sequence  start    end   mdl trunc   gc  description
 ----   --------- ------ -----  -------- ------ ------   --- ----- ----  -----------

   [No hits detected that satisfy reporting thresholds]


Hit alignments:

   [No hits detected that satisfy reporting thresholds]


Internal CM pipeline statistics summary:
----------------------------------------
Query model(s):                                                  1  (72 consensus positions)
Target sequences:                                                1  (8243744 residues searched)
Target sequences re-searched for truncated hits:                 1  (360 residues re-searched)
Windows   passing  local HMM SSV           filter:            4712  (0.06245); expected (0.06)
Windows   passing  local HMM Viterbi       filter:            1304  (0.01748); expected (0.02)
Windows   passing  local HMM Viterbi  bias filter:            1226  (0.01644); expected (0.02)
Windows   passing  local HMM Forward       filter:              19  (0.0002706); expected (0.0002)
Windows   passing  local HMM Forward  bias filter:              15  (0.0002301); expected (0.0002)
Windows   passing glocal HMM Forward       filter:               6  (8.163e-05); expected (0.0002)
Windows   passing glocal HMM Forward  bias filter:               6  (8.163e-05); expected (0.0002)
Envelopes passing glocal HMM envelope defn filter:               6  (6.247e-05); expected (0.0002)
Envelopes passing  local CM  CYK           filter:               2  (1.686e-05); expected (0.0001)
Total CM hits reported:                                          0  (0); includes 0 truncated hit(s)

# CPU time: 0.22u 0.01s 00:00:00.23 Elapsed: 00:00:00.04
//
Query:       rdlD  [CLEN=66]
Accession:   RF01813
Description: rdlD antitoxin
Hit scores:
 rank     E-value  score  bias  sequence  start    end   mdl trunc   gc  description
 ----   --------- ------ -----  -------- ------ ------   --- ----- ----  -----------

   [No hits detected that satisfy reporting thresholds]


Hit alignments:

   [No hits detected that satisfy reporting thresholds]


Internal CM pipeline statistics summary:
----------------------------------------
Query model(s):                                                  1  (66 consensus positions)
Target sequences:                                                1  (8243744 residues searched)
Target sequences re-searched for truncated hits:                 1  (328 residues re-searched)
Windows   passing  local HMM SSV           filter:            4887  (0.05925); expected (0.06)
Windows   passing  local HMM Viterbi       filter:            1237  (0.01511); expected (0.02)
Windows   passing  local HMM Viterbi  bias filter:            1087  (0.01326); expected (0.02)
Windows   passing  local HMM Forward       filter:              22  (0.0002842); expected (0.0002)
Windows   passing  local HMM Forward  bias filter:              19  (0.0002402); expected (0.0002)
Windows   passing glocal HMM Forward       filter:               6  (8.552e-05); expected (0.0002)
Windows   passing glocal HMM Forward  bias filter:               6  (8.552e-05); expected (0.0002)
Envelopes passing glocal HMM envelope defn filter:               5  (4.682e-05); expected (0.0002)
Envelopes passing  local CM  CYK           filter:               2  (1.516e-05); expected (0.0001)
Total CM hits reported:                                          0  (0); includes 0 truncated hit(s)

# CPU time: 0.20u 0.00s 00:00:00.20 Elapsed: 00:00:00.03
//
Query:       OrzO-P  [CLEN=76]
Accession:   RF02083
Description: OrzO-P RNA antitoxin family
Hit scores:
 rank     E-value  score  bias  sequence  start    end   mdl trunc   gc  description
 ----   --------- ------ -----  -------- ------ ------   --- ----- ----  -----------

   [No hits detected that satisfy reporting thresholds]


Hit alignments:

   [No hits detected that satisfy reporting thresholds]


Internal CM pipeline statistics summary:
----------------------------------------
Query model(s):                                                  1  (76 consensus positions)
Target sequences:                                                1  (8243744 residues searched)
Target sequences re-searched for truncated hits:                 1  (380 residues re-searched)
Windows   passing  local HMM SSV           filter:            9228  (0.1291); expected (0.06)
Windows   passing  local HMM Viterbi       filter:            2815  (0.04056); expected (0.02)
Windows   passing  local HMM Viterbi  bias filter:            2300  (0.03322); expected (0.02)
Windows   passing  local HMM Forward       filter:             148  (0.0024); expected (0.0002)
Windows   passing  local HMM Forward  bias filter:             121  (0.001949); expected (0.0002)
Windows   passing glocal HMM Forward       filter:              95  (0.001582); expected (0.0002)
Windows   passing glocal HMM Forward  bias filter:              92  (0.001524); expected (0.0002)
Envelopes passing glocal HMM envelope defn filter:              92  (0.001037); expected (0.0002)
Envelopes passing  local CM  CYK           filter:              67  (0.000676); expected (0.0001)
Total CM hits reported:                                          0  (0); includes 0 truncated hit(s)

# CPU time: 1.60u 0.01s 00:00:01.61 Elapsed: 00:00:00.19
//
Query:       ohsC_RNA  [CLEN=77]
Accession:   RF02495
Description: Oppression of Hydrophobic ORF by sRNA
Hit scores:
 rank     E-value  score  bias  sequence  start    end   mdl trunc   gc  description
 ----   --------- ------ -----  -------- ------ ------   --- ----- ----  -----------

   [No hits detected that satisfy reporting thresholds]


Hit alignments:

   [No hits detected that satisfy reporting thresholds]


Internal CM pipeline statistics summary:
----------------------------------------
Query model(s):                                                  1  (77 consensus positions)
Target sequences:                                                1  (8243744 residues searched)
Target sequences re-searched for truncated hits:                 1  (384 residues re-searched)
Windows   passing  local HMM SSV           filter:            8203  (0.1161); expected (0.06)
Windows   passing  local HMM Viterbi       filter:            2178  (0.03152); expected (0.02)
Windows   passing  local HMM Viterbi  bias filter:            1785  (0.02586); expected (0.02)
Windows   passing  local HMM Forward       filter:             115  (0.001781); expected (0.0002)
Windows   passing  local HMM Forward  bias filter:              92  (0.001413); expected (0.0002)
Windows   passing glocal HMM Forward       filter:              62  (0.0009851); expected (0.0002)
Windows   passing glocal HMM Forward  bias filter:              60  (0.0009487); expected (0.0002)
Envelopes passing glocal HMM envelope defn filter:              60  (0.0006694); expected (0.0002)
Envelopes passing  local CM  CYK           filter:              22  (0.000226); expected (0.0001)
Total CM hits reported:                                          0  (0); includes 0 truncated hit(s)

# CPU time: 0.80u 0.01s 00:00:00.81 Elapsed: 00:00:00.11
//
Query:       ToxI  [CLEN=34]
Accession:   RF02519
Description: ToxI antitoxin
Hit scores:
 rank     E-value  score  bias  sequence  start    end   mdl trunc   gc  description
 ----   --------- ------ -----  -------- ------ ------   --- ----- ----  -----------

   [No hits detected that satisfy reporting thresholds]


Hit alignments:

   [No hits detected that satisfy reporting thresholds]


Internal CM pipeline statistics summary:
----------------------------------------
Query model(s):                                                  1  (34 consensus positions)
Target sequences:                                                1  (8243744 residues searched)
Target sequences re-searched for truncated hits:                 1  (192 residues re-searched)
Windows   passing  local HMM SSV           filter:            6878  (0.0492); expected (0.06)
Windows   passing  local HMM Viterbi       filter:            1120  (0.008046); expected (0.02)
Windows   passing  local HMM Viterbi  bias filter:             994  (0.007142); expected (0.02)
Windows   passing  local HMM Forward       filter:              13  (0.0001044); expected (0.0002)
Windows   passing  local HMM Forward  bias filter:               8  (6.101e-05); expected (0.0002)
Windows   passing glocal HMM Forward       filter:               5  (4.076e-05); expected (0.0002)
Windows   passing glocal HMM Forward  bias filter:               5  (4.076e-05); expected (0.0002)
Envelopes passing glocal HMM envelope defn filter:               5  (2.45e-05); expected (0.0002)
Envelopes passing  local CM  CYK           filter:               2  (8.127e-06); expected (0.0001)
Total CM hits reported:                                          0  (0); includes 0 truncated hit(s)

# CPU time: 0.11u 0.01s 00:00:00.12 Elapsed: 00:00:00.02
//
[ok]
