# cmsearch :: search CM(s) against a sequence database
# INFERNAL 1.1.4 (Dec 2020)
# Copyright (C) 2020 Howard Hughes Medical Institute.
# Freely distributed under the BSD open source license.
# - - - - - - - - - - - - - - - - - - - - - - - - - - - - - - - - - - - -
# query CM file:                         cms/antitoxin.cm
# target sequence database:              genomes/PS-65.fas
# output directed to file:               sequences/PS-65/antitoxin.out
# tabular output of hits:                sequences/PS-65/antitoxin.tblout
# model-specific thresholding:           GA cutoffs
# Rfam pipeline mode:                    on [strict filtering]
# HMM-only mode for 0 basepair models:   no
# number of worker threads:              12
# - - - - - - - - - - - - - - - - - - - - - - - - - - - - - - - - - - - -

Query:       SIB_RNA  [CLEN=147]
Accession:   RF00113
Description: Short Intergenic Abundant RNA
Hit scores:
 rank     E-value  score  bias  sequence  start    end   mdl trunc   gc  description
 ----   --------- ------ -----  -------- ------ ------   --- ----- ----  -----------

   [No hits detected that satisfy reporting thresholds]


Hit alignments:

   [No hits detected that satisfy reporting thresholds]


Internal CM pipeline statistics summary:
----------------------------------------
Query model(s):                                                  1  (147 consensus positions)
Target sequences:                                                1  (8296510 residues searched)
Target sequences re-searched for truncated hits:                 1  (732 residues re-searched)
Windows   passing  local HMM SSV           filter:            5231  (0.1362); expected (0.06)
Windows   passing  local HMM Viterbi       filter:             910  (0.02449); expected (0.02)
Windows   passing  local HMM Viterbi  bias filter:             691  (0.01859); expected (0.02)
Windows   passing  local HMM Forward       filter:              67  (0.001841); expected (0.0002)
Windows   passing  local HMM Forward  bias filter:              51  (0.001399); expected (0.0002)
Windows   passing glocal HMM Forward       filter:              31  (0.0009072); expected (0.0002)
Windows   passing glocal HMM Forward  bias filter:              31  (0.0009072); expected (0.0002)
Envelopes passing glocal HMM envelope defn filter:              33  (0.00068); expected (0.0002)
Envelopes passing  local CM  CYK           filter:               4  (4.495e-05); expected (0.0001)
Total CM hits reported:                                          0  (0); includes 0 truncated hit(s)

# CPU time: 1.33u 0.13s 00:00:01.46 Elapsed: 00:00:00.28
//
Query:       istR  [CLEN=130]
Accession:   RF01400
Description: istR Hfq binding RNA
Hit scores:
 rank     E-value  score  bias  sequence  start    end   mdl trunc   gc  description
 ----   --------- ------ -----  -------- ------ ------   --- ----- ----  -----------

   [No hits detected that satisfy reporting thresholds]


Hit alignments:

   [No hits detected that satisfy reporting thresholds]


Internal CM pipeline statistics summary:
----------------------------------------
Query model(s):                                                  1  (130 consensus positions)
Target sequences:                                                1  (8296510 residues searched)
Target sequences re-searched for truncated hits:                 1  (648 residues re-searched)
Windows   passing  local HMM SSV           filter:            2753  (0.06354); expected (0.06)
Windows   passing  local HMM Viterbi       filter:             394  (0.00932); expected (0.02)
Windows   passing  local HMM Viterbi  bias filter:             385  (0.009102); expected (0.02)
Windows   passing  local HMM Forward       filter:               9  (0.0002303); expected (0.0002)
Windows   passing  local HMM Forward  bias filter:               9  (0.0002303); expected (0.0002)
Windows   passing glocal HMM Forward       filter:               6  (0.0001487); expected (0.0002)
Windows   passing glocal HMM Forward  bias filter:               6  (0.0001487); expected (0.0002)
Envelopes passing glocal HMM envelope defn filter:               6  (0.0001105); expected (0.0002)
Envelopes passing  local CM  CYK           filter:               0  (0); expected (0.0001)
Total CM hits reported:                                          0  (0); includes 0 truncated hit(s)

# CPU time: 0.34u 0.01s 00:00:00.35 Elapsed: 00:00:00.06
//
Query:       RatA  [CLEN=90]
Accession:   RF01776
Description: RNA anti-toxin A
Hit scores:
 rank     E-value  score  bias  sequence  start    end   mdl trunc   gc  description
 ----   --------- ------ -----  -------- ------ ------   --- ----- ----  -----------

   [No hits detected that satisfy reporting thresholds]


Hit alignments:

   [No hits detected that satisfy reporting thresholds]


Internal CM pipeline statistics summary:
----------------------------------------
Query model(s):                                                  1  (90 consensus positions)
Target sequences:                                                1  (8296510 residues searched)
Target sequences re-searched for truncated hits:                 1  (448 residues re-searched)
Windows   passing  local HMM SSV           filter:            9904  (0.1625); expected (0.06)
Windows   passing  local HMM Viterbi       filter:            1741  (0.02988); expected (0.02)
Windows   passing  local HMM Viterbi  bias filter:            1027  (0.01741); expected (0.02)
Windows   passing  local HMM Forward       filter:              84  (0.001506); expected (0.0002)
Windows   passing  local HMM Forward  bias filter:              43  (0.0007797); expected (0.0002)
Windows   passing glocal HMM Forward       filter:              40  (0.0007434); expected (0.0002)
Windows   passing glocal HMM Forward  bias filter:              39  (0.0007276); expected (0.0002)
Envelopes passing glocal HMM envelope defn filter:              40  (0.0005254); expected (0.0002)
Envelopes passing  local CM  CYK           filter:               5  (5.388e-05); expected (0.0001)
Total CM hits reported:                                          0  (0); includes 0 truncated hit(s)

# CPU time: 0.76u 0.05s 00:00:00.81 Elapsed: 00:00:00.10
//
Query:       sok  [CLEN=157]
Accession:   RF01794
Description: sok antitoxin (CssrC)
Hit scores:
 rank     E-value  score  bias  sequence  start    end   mdl trunc   gc  description
 ----   --------- ------ -----  -------- ------ ------   --- ----- ----  -----------

   [No hits detected that satisfy reporting thresholds]


Hit alignments:

   [No hits detected that satisfy reporting thresholds]


Internal CM pipeline statistics summary:
----------------------------------------
Query model(s):                                                  1  (157 consensus positions)
Target sequences:                                                1  (8296510 residues searched)
Target sequences re-searched for truncated hits:                 1  (1184 residues re-searched)
Windows   passing  local HMM SSV           filter:            2866  (0.1166); expected (0.06)
Windows   passing  local HMM Viterbi       filter:             508  (0.02132); expected (0.02)
Windows   passing  local HMM Viterbi  bias filter:             458  (0.01926); expected (0.02)
Windows   passing  local HMM Forward       filter:              21  (0.0009445); expected (0.0002)
Windows   passing  local HMM Forward  bias filter:              21  (0.0009445); expected (0.0002)
Windows   passing glocal HMM Forward       filter:              13  (0.0006013); expected (0.0002)
Windows   passing glocal HMM Forward  bias filter:              13  (0.0006013); expected (0.0002)
Envelopes passing glocal HMM envelope defn filter:              13  (0.000288); expected (0.0002)
Envelopes passing  local CM  CYK           filter:               3  (2.724e-05); expected (0.0001)
Total CM hits reported:                                          0  (0); includes 0 truncated hit(s)

# CPU time: 0.80u 0.06s 00:00:00.86 Elapsed: 00:00:00.17
//
Query:       fstAT  [CLEN=94]
Accession:   RF01797
Description: Fst antitoxin sRNA
Hit scores:
 rank     E-value  score  bias  sequence  start    end   mdl trunc   gc  description
 ----   --------- ------ -----  -------- ------ ------   --- ----- ----  -----------

   [No hits detected that satisfy reporting thresholds]


Hit alignments:

   [No hits detected that satisfy reporting thresholds]


Internal CM pipeline statistics summary:
----------------------------------------
Query model(s):                                                  1  (94 consensus positions)
Target sequences:                                                1  (8296510 residues searched)
Target sequences re-searched for truncated hits:                 1  (496 residues re-searched)
Windows   passing  local HMM SSV           filter:            9280  (0.1682); expected (0.06)
Windows   passing  local HMM Viterbi       filter:            1576  (0.02971); expected (0.02)
Windows   passing  local HMM Viterbi  bias filter:            1216  (0.02282); expected (0.02)
Windows   passing  local HMM Forward       filter:             100  (0.002094); expected (0.0002)
Windows   passing  local HMM Forward  bias filter:              75  (0.001573); expected (0.0002)
Windows   passing glocal HMM Forward       filter:              45  (0.0009493); expected (0.0002)
Windows   passing glocal HMM Forward  bias filter:              41  (0.0008551); expected (0.0002)
Envelopes passing glocal HMM envelope defn filter:              40  (0.0005566); expected (0.0002)
Envelopes passing  local CM  CYK           filter:               9  (0.0001028); expected (0.0001)
Total CM hits reported:                                          0  (0); includes 0 truncated hit(s)

# CPU time: 0.80u 0.02s 00:00:00.82 Elapsed: 00:00:00.11
//
Query:       symR  [CLEN=77]
Accession:   RF01809
Description: SymR antitoxin
Hit scores:
 rank     E-value  score  bias  sequence  start    end   mdl trunc   gc  description
 ----   --------- ------ -----  -------- ------ ------   --- ----- ----  -----------

   [No hits detected that satisfy reporting thresholds]


Hit alignments:

   [No hits detected that satisfy reporting thresholds]


Internal CM pipeline statistics summary:
----------------------------------------
Query model(s):                                                  1  (77 consensus positions)
Target sequences:                                                1  (8296510 residues searched)
Target sequences re-searched for truncated hits:                 1  (384 residues re-searched)
Windows   passing  local HMM SSV           filter:            6823  (0.09571); expected (0.06)
Windows   passing  local HMM Viterbi       filter:            1588  (0.02262); expected (0.02)
Windows   passing  local HMM Viterbi  bias filter:            1489  (0.0212); expected (0.02)
Windows   passing  local HMM Forward       filter:              38  (0.0005806); expected (0.0002)
Windows   passing  local HMM Forward  bias filter:              36  (0.0005443); expected (0.0002)
Windows   passing glocal HMM Forward       filter:              27  (0.0004006); expected (0.0002)
Windows   passing glocal HMM Forward  bias filter:              27  (0.0004006); expected (0.0002)
Envelopes passing glocal HMM envelope defn filter:              27  (0.0003075); expected (0.0002)
Envelopes passing  local CM  CYK           filter:               2  (1.302e-05); expected (0.0001)
Total CM hits reported:                                          0  (0); includes 0 truncated hit(s)

# CPU time: 0.38u 0.00s 00:00:00.38 Elapsed: 00:00:00.05
//
Query:       PtaRNA1  [CLEN=72]
Accession:   RF01811
Description: Plasmid transferred anti-sense RNA
Hit scores:
 rank     E-value  score  bias  sequence  start    end   mdl trunc   gc  description
 ----   --------- ------ -----  -------- ------ ------   --- ----- ----  -----------

   [No hits detected that satisfy reporting thresholds]


Hit alignments:

   [No hits detected that satisfy reporting thresholds]


Internal CM pipeline statistics summary:
----------------------------------------
Query model(s):                                                  1  (72 consensus positions)
Target sequences:                                                1  (8296510 residues searched)
Target sequences re-searched for truncated hits:                 1  (360 residues re-searched)
Windows   passing  local HMM SSV           filter:            4639  (0.06102); expected (0.06)
Windows   passing  local HMM Viterbi       filter:            1289  (0.01718); expected (0.02)
Windows   passing  local HMM Viterbi  bias filter:            1216  (0.01621); expected (0.02)
Windows   passing  local HMM Forward       filter:              17  (0.0002449); expected (0.0002)
Windows   passing  local HMM Forward  bias filter:              12  (0.0001765); expected (0.0002)
Windows   passing glocal HMM Forward       filter:               7  (9.57e-05); expected (0.0002)
Windows   passing glocal HMM Forward  bias filter:               7  (9.57e-05); expected (0.0002)
Envelopes passing glocal HMM envelope defn filter:               7  (7.051e-05); expected (0.0002)
Envelopes passing  local CM  CYK           filter:               2  (1.675e-05); expected (0.0001)
Total CM hits reported:                                          0  (0); includes 0 truncated hit(s)

# CPU time: 0.26u 0.01s 00:00:00.27 Elapsed: 00:00:00.04
//
Query:       rdlD  [CLEN=66]
Accession:   RF01813
Description: rdlD antitoxin
Hit scores:
 rank     E-value  score  bias  sequence  start    end   mdl trunc   gc  description
 ----   --------- ------ -----  -------- ------ ------   --- ----- ----  -----------

   [No hits detected that satisfy reporting thresholds]


Hit alignments:

   [No hits detected that satisfy reporting thresholds]


Internal CM pipeline statistics summary:
----------------------------------------
Query model(s):                                                  1  (66 consensus positions)
Target sequences:                                                1  (8296510 residues searched)
Target sequences re-searched for truncated hits:                 1  (328 residues re-searched)
Windows   passing  local HMM SSV           filter:            4972  (0.05994); expected (0.06)
Windows   passing  local HMM Viterbi       filter:            1277  (0.01551); expected (0.02)
Windows   passing  local HMM Viterbi  bias filter:            1124  (0.01363); expected (0.02)
Windows   passing  local HMM Forward       filter:              27  (0.0003437); expected (0.0002)
Windows   passing  local HMM Forward  bias filter:              23  (0.0002919); expected (0.0002)
Windows   passing glocal HMM Forward       filter:               9  (0.0001238); expected (0.0002)
Windows   passing glocal HMM Forward  bias filter:               9  (0.0001238); expected (0.0002)
Envelopes passing glocal HMM envelope defn filter:               8  (7.629e-05); expected (0.0002)
Envelopes passing  local CM  CYK           filter:               3  (2.133e-05); expected (0.0001)
Total CM hits reported:                                          0  (0); includes 0 truncated hit(s)

# CPU time: 0.25u 0.00s 00:00:00.25 Elapsed: 00:00:00.05
//
Query:       OrzO-P  [CLEN=76]
Accession:   RF02083
Description: OrzO-P RNA antitoxin family
Hit scores:
 rank     E-value  score  bias  sequence  start    end   mdl trunc   gc  description
 ----   --------- ------ -----  -------- ------ ------   --- ----- ----  -----------

   [No hits detected that satisfy reporting thresholds]


Hit alignments:

   [No hits detected that satisfy reporting thresholds]


Internal CM pipeline statistics summary:
----------------------------------------
Query model(s):                                                  1  (76 consensus positions)
Target sequences:                                                1  (8296510 residues searched)
Target sequences re-searched for truncated hits:                 1  (380 residues re-searched)
Windows   passing  local HMM SSV           filter:            9270  (0.129); expected (0.06)
Windows   passing  local HMM Viterbi       filter:            2856  (0.04088); expected (0.02)
Windows   passing  local HMM Viterbi  bias filter:            2346  (0.03364); expected (0.02)
Windows   passing  local HMM Forward       filter:             171  (0.002739); expected (0.0002)
Windows   passing  local HMM Forward  bias filter:             134  (0.002145); expected (0.0002)
Windows   passing glocal HMM Forward       filter:             100  (0.001645); expected (0.0002)
Windows   passing glocal HMM Forward  bias filter:              98  (0.00161); expected (0.0002)
Envelopes passing glocal HMM envelope defn filter:              97  (0.001071); expected (0.0002)
Envelopes passing  local CM  CYK           filter:              67  (0.0006885); expected (0.0001)
Total CM hits reported:                                          0  (0); includes 0 truncated hit(s)

# CPU time: 1.71u 0.03s 00:00:01.74 Elapsed: 00:00:00.21
//
Query:       ohsC_RNA  [CLEN=77]
Accession:   RF02495
Description: Oppression of Hydrophobic ORF by sRNA
Hit scores:
 rank     E-value  score  bias  sequence  start    end   mdl trunc   gc  description
 ----   --------- ------ -----  -------- ------ ------   --- ----- ----  -----------

   [No hits detected that satisfy reporting thresholds]


Hit alignments:

   [No hits detected that satisfy reporting thresholds]


Internal CM pipeline statistics summary:
----------------------------------------
Query model(s):                                                  1  (77 consensus positions)
Target sequences:                                                1  (8296510 residues searched)
Target sequences re-searched for truncated hits:                 1  (384 residues re-searched)
Windows   passing  local HMM SSV           filter:            8349  (0.1174); expected (0.06)
Windows   passing  local HMM Viterbi       filter:            2255  (0.03237); expected (0.02)
Windows   passing  local HMM Viterbi  bias filter:            1858  (0.02669); expected (0.02)
Windows   passing  local HMM Forward       filter:             125  (0.001938); expected (0.0002)
Windows   passing  local HMM Forward  bias filter:              94  (0.001422); expected (0.0002)
Windows   passing glocal HMM Forward       filter:              66  (0.001037); expected (0.0002)
Windows   passing glocal HMM Forward  bias filter:              64  (0.001); expected (0.0002)
Envelopes passing glocal HMM envelope defn filter:              64  (0.0007164); expected (0.0002)
Envelopes passing  local CM  CYK           filter:              25  (0.0002552); expected (0.0001)
Total CM hits reported:                                          0  (0); includes 0 truncated hit(s)

# CPU time: 0.95u 0.00s 00:00:00.95 Elapsed: 00:00:00.15
//
Query:       ToxI  [CLEN=34]
Accession:   RF02519
Description: ToxI antitoxin
Hit scores:
 rank     E-value  score  bias  sequence  start    end   mdl trunc   gc  description
 ----   --------- ------ -----  -------- ------ ------   --- ----- ----  -----------

   [No hits detected that satisfy reporting thresholds]


Hit alignments:

   [No hits detected that satisfy reporting thresholds]


Internal CM pipeline statistics summary:
----------------------------------------
Query model(s):                                                  1  (34 consensus positions)
Target sequences:                                                1  (8296510 residues searched)
Target sequences re-searched for truncated hits:                 1  (192 residues re-searched)
Windows   passing  local HMM SSV           filter:            6937  (0.04935); expected (0.06)
Windows   passing  local HMM Viterbi       filter:            1117  (0.007959); expected (0.02)
Windows   passing  local HMM Viterbi  bias filter:            1004  (0.00715); expected (0.02)
Windows   passing  local HMM Forward       filter:              14  (0.0001069); expected (0.0002)
Windows   passing  local HMM Forward  bias filter:               9  (6.858e-05); expected (0.0002)
Windows   passing glocal HMM Forward       filter:               6  (4.845e-05); expected (0.0002)
Windows   passing glocal HMM Forward  bias filter:               6  (4.845e-05); expected (0.0002)
Envelopes passing glocal HMM envelope defn filter:               6  (2.857e-05); expected (0.0002)
Envelopes passing  local CM  CYK           filter:               4  (1.977e-05); expected (0.0001)
Total CM hits reported:                                          0  (0); includes 0 truncated hit(s)

# CPU time: 0.13u 0.00s 00:00:00.13 Elapsed: 00:00:00.03
//
[ok]
