# cmsearch :: search CM(s) against a sequence database
# INFERNAL 1.1.4 (Dec 2020)
# Copyright (C) 2020 Howard Hughes Medical Institute.
# Freely distributed under the BSD open source license.
# - - - - - - - - - - - - - - - - - - - - - - - - - - - - - - - - - - - -
# query CM file:                         cms/Intron.cm
# target sequence database:              genomes/PS-65.fas
# output directed to file:               sequences/PS-65/Intron.out
# tabular output of hits:                sequences/PS-65/Intron.tblout
# model-specific thresholding:           GA cutoffs
# Rfam pipeline mode:                    on [strict filtering]
# HMM-only mode for 0 basepair models:   no
# number of worker threads:              12
# - - - - - - - - - - - - - - - - - - - - - - - - - - - - - - - - - - - -

Query:       Intron_gpI  [CLEN=251]
Accession:   RF00028
Description: Group I catalytic intron
Hit scores:
 rank     E-value  score  bias  sequence  start    end   mdl trunc   gc  description
 ----   --------- ------ -----  -------- ------ ------   --- ----- ----  -----------

   [No hits detected that satisfy reporting thresholds]


Hit alignments:

   [No hits detected that satisfy reporting thresholds]


Internal CM pipeline statistics summary:
----------------------------------------
Query model(s):                                                  1  (251 consensus positions)
Target sequences:                                                1  (8296510 residues searched)
Target sequences re-searched for truncated hits:                 1  (5324 residues re-searched)
Windows   passing  local HMM SSV           filter:            1438  (0.2633); expected (0.06)
Windows   passing  local HMM Viterbi       filter:              92  (0.01897); expected (0.02)
Windows   passing  local HMM Viterbi  bias filter:              28  (0.005236); expected (0.02)
Windows   passing  local HMM Forward       filter:               9  (0.00189); expected (0.0002)
Windows   passing  local HMM Forward  bias filter:               6  (0.001308); expected (0.0002)
Windows   passing glocal HMM Forward       filter:               6  (0.001308); expected (0.0002)
Windows   passing glocal HMM Forward  bias filter:               6  (0.001308); expected (0.0002)
Envelopes passing glocal HMM envelope defn filter:               6  (0.0004142); expected (0.0002)
Envelopes passing  local CM  CYK           filter:               1  (7.348e-06); expected (0.0001)
Total CM hits reported:                                          0  (0); includes 0 truncated hit(s)

# CPU time: 3.42u 0.41s 00:00:03.83 Elapsed: 00:00:00.97
//
Query:       Intron_gpII  [CLEN=93]
Accession:   RF00029
Description: Group II catalytic intron
Hit scores:
 rank     E-value  score  bias  sequence  start    end   mdl trunc   gc  description
 ----   --------- ------ -----  -------- ------ ------   --- ----- ----  -----------

   [No hits detected that satisfy reporting thresholds]


Hit alignments:

   [No hits detected that satisfy reporting thresholds]


Internal CM pipeline statistics summary:
----------------------------------------
Query model(s):                                                  1  (93 consensus positions)
Target sequences:                                                1  (8296510 residues searched)
Target sequences re-searched for truncated hits:                 1  (2048 residues re-searched)
Windows   passing  local HMM SSV           filter:            1102  (0.06766); expected (0.06)
Windows   passing  local HMM Viterbi       filter:             214  (0.01454); expected (0.02)
Windows   passing  local HMM Viterbi  bias filter:             209  (0.0142); expected (0.02)
Windows   passing  local HMM Forward       filter:               1  (5.495e-05); expected (0.0002)
Windows   passing  local HMM Forward  bias filter:               1  (5.495e-05); expected (0.0002)
Windows   passing glocal HMM Forward       filter:               0  (0); expected (0.0002)
Windows   passing glocal HMM Forward  bias filter:               0  (0); expected (0.0002)
Envelopes passing glocal HMM envelope defn filter:               0  (0); expected (0.0002)
Envelopes passing  local CM  CYK           filter:               0  (0); expected (0.0001)
Total CM hits reported:                                          0  (0); includes 0 truncated hit(s)

# CPU time: 0.20u 0.00s 00:00:00.20 Elapsed: 00:00:00.02
//
Query:       group-II-D1D4-1  [CLEN=84]
Accession:   RF01998
Description: Group II catalytic intron D1-D4-1
Hit scores:
 rank     E-value  score  bias  sequence  start    end   mdl trunc   gc  description
 ----   --------- ------ -----  -------- ------ ------   --- ----- ----  -----------

   [No hits detected that satisfy reporting thresholds]


Hit alignments:

   [No hits detected that satisfy reporting thresholds]


Internal CM pipeline statistics summary:
----------------------------------------
Query model(s):                                                  1  (84 consensus positions)
Target sequences:                                                1  (8296510 residues searched)
Target sequences re-searched for truncated hits:                 1  (756 residues re-searched)
Windows   passing  local HMM SSV           filter:            3272  (0.08534); expected (0.06)
Windows   passing  local HMM Viterbi       filter:             734  (0.01976); expected (0.02)
Windows   passing  local HMM Viterbi  bias filter:             656  (0.01765); expected (0.02)
Windows   passing  local HMM Forward       filter:               8  (0.0002086); expected (0.0002)
Windows   passing  local HMM Forward  bias filter:               5  (0.0001246); expected (0.0002)
Windows   passing glocal HMM Forward       filter:               4  (9.919e-05); expected (0.0002)
Windows   passing glocal HMM Forward  bias filter:               4  (9.919e-05); expected (0.0002)
Envelopes passing glocal HMM envelope defn filter:               4  (5.857e-05); expected (0.0002)
Envelopes passing  local CM  CYK           filter:               2  (1.603e-05); expected (0.0001)
Total CM hits reported:                                          0  (0); includes 0 truncated hit(s)

# CPU time: 0.25u 0.00s 00:00:00.25 Elapsed: 00:00:00.04
//
Query:       group-II-D1D4-2  [CLEN=118]
Accession:   RF01999
Description: Group II catalytic intron D1-D4-2
Hit scores:
 rank     E-value  score  bias  sequence  start    end   mdl trunc   gc  description
 ----   --------- ------ -----  -------- ------ ------   --- ----- ----  -----------

   [No hits detected that satisfy reporting thresholds]


Hit alignments:

   [No hits detected that satisfy reporting thresholds]


Internal CM pipeline statistics summary:
----------------------------------------
Query model(s):                                                  1  (118 consensus positions)
Target sequences:                                                1  (8296510 residues searched)
Target sequences re-searched for truncated hits:                 1  (632 residues re-searched)
Windows   passing  local HMM SSV           filter:            3697  (0.0839); expected (0.06)
Windows   passing  local HMM Viterbi       filter:             665  (0.01526); expected (0.02)
Windows   passing  local HMM Viterbi  bias filter:             634  (0.01452); expected (0.02)
Windows   passing  local HMM Forward       filter:              24  (0.0006008); expected (0.0002)
Windows   passing  local HMM Forward  bias filter:              20  (0.0004864); expected (0.0002)
Windows   passing glocal HMM Forward       filter:              16  (0.0003906); expected (0.0002)
Windows   passing glocal HMM Forward  bias filter:              16  (0.0003906); expected (0.0002)
Envelopes passing glocal HMM envelope defn filter:              15  (0.0002359); expected (0.0002)
Envelopes passing  local CM  CYK           filter:               0  (0); expected (0.0001)
Total CM hits reported:                                          0  (0); includes 0 truncated hit(s)

# CPU time: 0.48u 0.01s 00:00:00.49 Elapsed: 00:00:00.07
//
Query:       group-II-D1D4-3  [CLEN=171]
Accession:   RF02001
Description: Group II catalytic intron D1-D4-3
Hit scores:
 rank     E-value  score  bias  sequence  start    end   mdl trunc   gc  description
 ----   --------- ------ -----  -------- ------ ------   --- ----- ----  -----------

   [No hits detected that satisfy reporting thresholds]


Hit alignments:

   [No hits detected that satisfy reporting thresholds]


Internal CM pipeline statistics summary:
----------------------------------------
Query model(s):                                                  1  (171 consensus positions)
Target sequences:                                                1  (8296510 residues searched)
Target sequences re-searched for truncated hits:                 1  (1268 residues re-searched)
Windows   passing  local HMM SSV           filter:            2587  (0.1129); expected (0.06)
Windows   passing  local HMM Viterbi       filter:             651  (0.02982); expected (0.02)
Windows   passing  local HMM Viterbi  bias filter:             389  (0.01772); expected (0.02)
Windows   passing  local HMM Forward       filter:              34  (0.001704); expected (0.0002)
Windows   passing  local HMM Forward  bias filter:              19  (0.0009268); expected (0.0002)
Windows   passing glocal HMM Forward       filter:              16  (0.0007842); expected (0.0002)
Windows   passing glocal HMM Forward  bias filter:              16  (0.0007842); expected (0.0002)
Envelopes passing glocal HMM envelope defn filter:              16  (0.0004337); expected (0.0002)
Envelopes passing  local CM  CYK           filter:               7  (0.0001261); expected (0.0001)
Total CM hits reported:                                          0  (0); includes 0 truncated hit(s)

# CPU time: 1.52u 0.13s 00:00:01.65 Elapsed: 00:00:00.36
//
Query:       group-II-D1D4-4  [CLEN=138]
Accession:   RF02003
Description: Group II catalytic intron D1-D4-4
Hit scores:
 rank     E-value  score  bias  sequence  start    end   mdl trunc   gc  description
 ----   --------- ------ -----  -------- ------ ------   --- ----- ----  -----------

   [No hits detected that satisfy reporting thresholds]


Hit alignments:

   [No hits detected that satisfy reporting thresholds]


Internal CM pipeline statistics summary:
----------------------------------------
Query model(s):                                                  1  (138 consensus positions)
Target sequences:                                                1  (8296510 residues searched)
Target sequences re-searched for truncated hits:                 1  (1460 residues re-searched)
Windows   passing  local HMM SSV           filter:            1530  (0.0725); expected (0.06)
Windows   passing  local HMM Viterbi       filter:             159  (0.007893); expected (0.02)
Windows   passing  local HMM Viterbi  bias filter:             137  (0.0068); expected (0.02)
Windows   passing  local HMM Forward       filter:               4  (0.000191); expected (0.0002)
Windows   passing  local HMM Forward  bias filter:               2  (9.918e-05); expected (0.0002)
Windows   passing glocal HMM Forward       filter:               1  (5.098e-05); expected (0.0002)
Windows   passing glocal HMM Forward  bias filter:               1  (5.098e-05); expected (0.0002)
Envelopes passing glocal HMM envelope defn filter:               1  (1.579e-05); expected (0.0002)
Envelopes passing  local CM  CYK           filter:               1  (1.506e-05); expected (0.0001)
Total CM hits reported:                                          0  (0); includes 0 truncated hit(s)

# CPU time: 0.28u 0.00s 00:00:00.28 Elapsed: 00:00:00.05
//
Query:       group-II-D1D4-5  [CLEN=201]
Accession:   RF02004
Description: Group II catalytic intron D1-D4-5
Hit scores:
 rank     E-value  score  bias  sequence  start    end   mdl trunc   gc  description
 ----   --------- ------ -----  -------- ------ ------   --- ----- ----  -----------

   [No hits detected that satisfy reporting thresholds]


Hit alignments:

   [No hits detected that satisfy reporting thresholds]


Internal CM pipeline statistics summary:
----------------------------------------
Query model(s):                                                  1  (201 consensus positions)
Target sequences:                                                1  (8296510 residues searched)
Target sequences re-searched for truncated hits:                 1  (1116 residues re-searched)
Windows   passing  local HMM SSV           filter:            3034  (0.1213); expected (0.06)
Windows   passing  local HMM Viterbi       filter:             458  (0.01897); expected (0.02)
Windows   passing  local HMM Viterbi  bias filter:             288  (0.01192); expected (0.02)
Windows   passing  local HMM Forward       filter:              15  (0.0006497); expected (0.0002)
Windows   passing  local HMM Forward  bias filter:              11  (0.0004731); expected (0.0002)
Windows   passing glocal HMM Forward       filter:               7  (0.0002839); expected (0.0002)
Windows   passing glocal HMM Forward  bias filter:               7  (0.0002839); expected (0.0002)
Envelopes passing glocal HMM envelope defn filter:               7  (0.0001888); expected (0.0002)
Envelopes passing  local CM  CYK           filter:               1  (2.929e-05); expected (0.0001)
Total CM hits reported:                                          0  (0); includes 0 truncated hit(s)

# CPU time: 0.84u 0.01s 00:00:00.85 Elapsed: 00:00:00.22
//
Query:       group-II-D1D4-6  [CLEN=225]
Accession:   RF02005
Description: Group II catalytic intron D1-D4-6
Hit scores:
 rank     E-value  score  bias  sequence  start    end   mdl trunc   gc  description
 ----   --------- ------ -----  -------- ------ ------   --- ----- ----  -----------

   [No hits detected that satisfy reporting thresholds]


Hit alignments:

   [No hits detected that satisfy reporting thresholds]


Internal CM pipeline statistics summary:
----------------------------------------
Query model(s):                                                  1  (225 consensus positions)
Target sequences:                                                1  (8296510 residues searched)
Target sequences re-searched for truncated hits:                 1  (1460 residues re-searched)
Windows   passing  local HMM SSV           filter:            1191  (0.06045); expected (0.06)
Windows   passing  local HMM Viterbi       filter:             163  (0.008381); expected (0.02)
Windows   passing  local HMM Viterbi  bias filter:             138  (0.007065); expected (0.02)
Windows   passing  local HMM Forward       filter:              10  (0.000538); expected (0.0002)
Windows   passing  local HMM Forward  bias filter:               6  (0.0002987); expected (0.0002)
Windows   passing glocal HMM Forward       filter:               4  (0.0002013); expected (0.0002)
Windows   passing glocal HMM Forward  bias filter:               4  (0.0002013); expected (0.0002)
Envelopes passing glocal HMM envelope defn filter:               4  (0.0001199); expected (0.0002)
Envelopes passing  local CM  CYK           filter:               0  (0); expected (0.0001)
Total CM hits reported:                                          0  (0); includes 0 truncated hit(s)

# CPU time: 0.51u 0.01s 00:00:00.52 Elapsed: 00:00:00.09
//
Query:       group-II-D1D4-7  [CLEN=148]
Accession:   RF02012
Description: Group II catalytic intron D1-D4-7
Hit scores:
 rank     E-value  score  bias  sequence  start    end   mdl trunc   gc  description
 ----   --------- ------ -----  -------- ------ ------   --- ----- ----  -----------

   [No hits detected that satisfy reporting thresholds]


Hit alignments:

   [No hits detected that satisfy reporting thresholds]


Internal CM pipeline statistics summary:
----------------------------------------
Query model(s):                                                  1  (148 consensus positions)
Target sequences:                                                1  (8296510 residues searched)
Target sequences re-searched for truncated hits:                 1  (1040 residues re-searched)
Windows   passing  local HMM SSV           filter:            2635  (0.0941); expected (0.06)
Windows   passing  local HMM Viterbi       filter:             300  (0.0111); expected (0.02)
Windows   passing  local HMM Viterbi  bias filter:             269  (0.009941); expected (0.02)
Windows   passing  local HMM Forward       filter:              10  (0.0003711); expected (0.0002)
Windows   passing  local HMM Forward  bias filter:               9  (0.0003264); expected (0.0002)
Windows   passing glocal HMM Forward       filter:               7  (0.0002898); expected (0.0002)
Windows   passing glocal HMM Forward  bias filter:               7  (0.0002898); expected (0.0002)
Envelopes passing glocal HMM envelope defn filter:               6  (0.0001221); expected (0.0002)
Envelopes passing  local CM  CYK           filter:               2  (9.28e-06); expected (0.0001)
Total CM hits reported:                                          0  (0); includes 0 truncated hit(s)

# CPU time: 0.43u 0.00s 00:00:00.43 Elapsed: 00:00:00.07
//
[ok]
