# cmsearch :: search CM(s) against a sequence database
# INFERNAL 1.1.4 (Dec 2020)
# Copyright (C) 2020 Howard Hughes Medical Institute.
# Freely distributed under the BSD open source license.
# - - - - - - - - - - - - - - - - - - - - - - - - - - - - - - - - - - - -
# query CM file:                         cms/antitoxin.cm
# target sequence database:              genomes/PS-217.fas
# output directed to file:               sequences/PS-217/antitoxin.out
# tabular output of hits:                sequences/PS-217/antitoxin.tblout
# model-specific thresholding:           GA cutoffs
# Rfam pipeline mode:                    on [strict filtering]
# HMM-only mode for 0 basepair models:   no
# number of worker threads:              12
# - - - - - - - - - - - - - - - - - - - - - - - - - - - - - - - - - - - -

Query:       SIB_RNA  [CLEN=147]
Accession:   RF00113
Description: Short Intergenic Abundant RNA
Hit scores:
 rank     E-value  score  bias  sequence  start    end   mdl trunc   gc  description
 ----   --------- ------ -----  -------- ------ ------   --- ----- ----  -----------

   [No hits detected that satisfy reporting thresholds]


Hit alignments:

   [No hits detected that satisfy reporting thresholds]


Internal CM pipeline statistics summary:
----------------------------------------
Query model(s):                                                  1  (147 consensus positions)
Target sequences:                                                1  (8320812 residues searched)
Target sequences re-searched for truncated hits:                 1  (732 residues re-searched)
Windows   passing  local HMM SSV           filter:            5196  (0.1348); expected (0.06)
Windows   passing  local HMM Viterbi       filter:             886  (0.02382); expected (0.02)
Windows   passing  local HMM Viterbi  bias filter:             672  (0.01805); expected (0.02)
Windows   passing  local HMM Forward       filter:              62  (0.00173); expected (0.0002)
Windows   passing  local HMM Forward  bias filter:              46  (0.00127); expected (0.0002)
Windows   passing glocal HMM Forward       filter:              29  (0.0008217); expected (0.0002)
Windows   passing glocal HMM Forward  bias filter:              28  (0.0007965); expected (0.0002)
Envelopes passing glocal HMM envelope defn filter:              30  (0.0006198); expected (0.0002)
Envelopes passing  local CM  CYK           filter:               3  (4.302e-05); expected (0.0001)
Total CM hits reported:                                          0  (0); includes 0 truncated hit(s)

# CPU time: 1.12u 0.09s 00:00:01.21 Elapsed: 00:00:00.20
//
Query:       istR  [CLEN=130]
Accession:   RF01400
Description: istR Hfq binding RNA
Hit scores:
 rank     E-value  score  bias  sequence  start    end   mdl trunc   gc  description
 ----   --------- ------ -----  -------- ------ ------   --- ----- ----  -----------

   [No hits detected that satisfy reporting thresholds]


Hit alignments:

   [No hits detected that satisfy reporting thresholds]


Internal CM pipeline statistics summary:
----------------------------------------
Query model(s):                                                  1  (130 consensus positions)
Target sequences:                                                1  (8320812 residues searched)
Target sequences re-searched for truncated hits:                 1  (648 residues re-searched)
Windows   passing  local HMM SSV           filter:            2773  (0.06381); expected (0.06)
Windows   passing  local HMM Viterbi       filter:             387  (0.009097); expected (0.02)
Windows   passing  local HMM Viterbi  bias filter:             380  (0.008947); expected (0.02)
Windows   passing  local HMM Forward       filter:               8  (0.0002069); expected (0.0002)
Windows   passing  local HMM Forward  bias filter:               8  (0.0002069); expected (0.0002)
Windows   passing glocal HMM Forward       filter:               7  (0.0001714); expected (0.0002)
Windows   passing glocal HMM Forward  bias filter:               7  (0.0001714); expected (0.0002)
Envelopes passing glocal HMM envelope defn filter:               6  (0.0001103); expected (0.0002)
Envelopes passing  local CM  CYK           filter:               0  (0); expected (0.0001)
Total CM hits reported:                                          0  (0); includes 0 truncated hit(s)

# CPU time: 0.30u 0.01s 00:00:00.31 Elapsed: 00:00:00.04
//
Query:       RatA  [CLEN=90]
Accession:   RF01776
Description: RNA anti-toxin A
Hit scores:
 rank     E-value  score  bias  sequence  start    end   mdl trunc   gc  description
 ----   --------- ------ -----  -------- ------ ------   --- ----- ----  -----------

   [No hits detected that satisfy reporting thresholds]


Hit alignments:

   [No hits detected that satisfy reporting thresholds]


Internal CM pipeline statistics summary:
----------------------------------------
Query model(s):                                                  1  (90 consensus positions)
Target sequences:                                                1  (8320812 residues searched)
Target sequences re-searched for truncated hits:                 1  (448 residues re-searched)
Windows   passing  local HMM SSV           filter:            9898  (0.1619); expected (0.06)
Windows   passing  local HMM Viterbi       filter:            1784  (0.03049); expected (0.02)
Windows   passing  local HMM Viterbi  bias filter:            1050  (0.01777); expected (0.02)
Windows   passing  local HMM Forward       filter:              90  (0.001597); expected (0.0002)
Windows   passing  local HMM Forward  bias filter:              48  (0.0008249); expected (0.0002)
Windows   passing glocal HMM Forward       filter:              45  (0.0008048); expected (0.0002)
Windows   passing glocal HMM Forward  bias filter:              44  (0.0007891); expected (0.0002)
Envelopes passing glocal HMM envelope defn filter:              45  (0.0005783); expected (0.0002)
Envelopes passing  local CM  CYK           filter:              11  (0.0001281); expected (0.0001)
Total CM hits reported:                                          0  (0); includes 0 truncated hit(s)

# CPU time: 0.85u 0.03s 00:00:00.88 Elapsed: 00:00:00.11
//
Query:       sok  [CLEN=157]
Accession:   RF01794
Description: sok antitoxin (CssrC)
Hit scores:
 rank     E-value  score  bias  sequence  start    end   mdl trunc   gc  description
 ----   --------- ------ -----  -------- ------ ------   --- ----- ----  -----------

   [No hits detected that satisfy reporting thresholds]


Hit alignments:

   [No hits detected that satisfy reporting thresholds]


Internal CM pipeline statistics summary:
----------------------------------------
Query model(s):                                                  1  (157 consensus positions)
Target sequences:                                                1  (8320812 residues searched)
Target sequences re-searched for truncated hits:                 1  (1184 residues re-searched)
Windows   passing  local HMM SSV           filter:            2916  (0.1178); expected (0.06)
Windows   passing  local HMM Viterbi       filter:             538  (0.02245); expected (0.02)
Windows   passing  local HMM Viterbi  bias filter:             484  (0.02021); expected (0.02)
Windows   passing  local HMM Forward       filter:              20  (0.000857); expected (0.0002)
Windows   passing  local HMM Forward  bias filter:              19  (0.0008148); expected (0.0002)
Windows   passing glocal HMM Forward       filter:              12  (0.0005147); expected (0.0002)
Windows   passing glocal HMM Forward  bias filter:              12  (0.0005147); expected (0.0002)
Envelopes passing glocal HMM envelope defn filter:              13  (0.0002901); expected (0.0002)
Envelopes passing  local CM  CYK           filter:               2  (1.911e-05); expected (0.0001)
Total CM hits reported:                                          0  (0); includes 0 truncated hit(s)

# CPU time: 0.77u 0.05s 00:00:00.82 Elapsed: 00:00:00.17
//
Query:       fstAT  [CLEN=94]
Accession:   RF01797
Description: Fst antitoxin sRNA
Hit scores:
 rank     E-value  score  bias  sequence  start    end   mdl trunc   gc  description
 ----   --------- ------ -----  -------- ------ ------   --- ----- ----  -----------

   [No hits detected that satisfy reporting thresholds]


Hit alignments:

   [No hits detected that satisfy reporting thresholds]


Internal CM pipeline statistics summary:
----------------------------------------
Query model(s):                                                  1  (94 consensus positions)
Target sequences:                                                1  (8320812 residues searched)
Target sequences re-searched for truncated hits:                 1  (496 residues re-searched)
Windows   passing  local HMM SSV           filter:            9371  (0.1692); expected (0.06)
Windows   passing  local HMM Viterbi       filter:            1621  (0.03048); expected (0.02)
Windows   passing  local HMM Viterbi  bias filter:            1250  (0.02342); expected (0.02)
Windows   passing  local HMM Forward       filter:             103  (0.002149); expected (0.0002)
Windows   passing  local HMM Forward  bias filter:              74  (0.001567); expected (0.0002)
Windows   passing glocal HMM Forward       filter:              46  (0.0009401); expected (0.0002)
Windows   passing glocal HMM Forward  bias filter:              44  (0.0008948); expected (0.0002)
Envelopes passing glocal HMM envelope defn filter:              43  (0.0005901); expected (0.0002)
Envelopes passing  local CM  CYK           filter:               9  (0.0001048); expected (0.0001)
Total CM hits reported:                                          0  (0); includes 0 truncated hit(s)

# CPU time: 0.76u 0.03s 00:00:00.79 Elapsed: 00:00:00.11
//
Query:       symR  [CLEN=77]
Accession:   RF01809
Description: SymR antitoxin
Hit scores:
 rank     E-value  score  bias  sequence  start    end   mdl trunc   gc  description
 ----   --------- ------ -----  -------- ------ ------   --- ----- ----  -----------

   [No hits detected that satisfy reporting thresholds]


Hit alignments:

   [No hits detected that satisfy reporting thresholds]


Internal CM pipeline statistics summary:
----------------------------------------
Query model(s):                                                  1  (77 consensus positions)
Target sequences:                                                1  (8320812 residues searched)
Target sequences re-searched for truncated hits:                 1  (384 residues re-searched)
Windows   passing  local HMM SSV           filter:            6857  (0.09591); expected (0.06)
Windows   passing  local HMM Viterbi       filter:            1593  (0.02266); expected (0.02)
Windows   passing  local HMM Viterbi  bias filter:            1487  (0.02115); expected (0.02)
Windows   passing  local HMM Forward       filter:              36  (0.0005544); expected (0.0002)
Windows   passing  local HMM Forward  bias filter:              32  (0.0004829); expected (0.0002)
Windows   passing glocal HMM Forward       filter:              24  (0.0003466); expected (0.0002)
Windows   passing glocal HMM Forward  bias filter:              24  (0.0003466); expected (0.0002)
Envelopes passing glocal HMM envelope defn filter:              23  (0.0002635); expected (0.0002)
Envelopes passing  local CM  CYK           filter:               1  (9.253e-06); expected (0.0001)
Total CM hits reported:                                          0  (0); includes 0 truncated hit(s)

# CPU time: 0.32u 0.01s 00:00:00.33 Elapsed: 00:00:00.04
//
Query:       PtaRNA1  [CLEN=72]
Accession:   RF01811
Description: Plasmid transferred anti-sense RNA
Hit scores:
 rank     E-value  score  bias  sequence  start    end   mdl trunc   gc  description
 ----   --------- ------ -----  -------- ------ ------   --- ----- ----  -----------

   [No hits detected that satisfy reporting thresholds]


Hit alignments:

   [No hits detected that satisfy reporting thresholds]


Internal CM pipeline statistics summary:
----------------------------------------
Query model(s):                                                  1  (72 consensus positions)
Target sequences:                                                1  (8320812 residues searched)
Target sequences re-searched for truncated hits:                 1  (360 residues re-searched)
Windows   passing  local HMM SSV           filter:            4666  (0.06125); expected (0.06)
Windows   passing  local HMM Viterbi       filter:            1269  (0.01685); expected (0.02)
Windows   passing  local HMM Viterbi  bias filter:            1185  (0.01572); expected (0.02)
Windows   passing  local HMM Forward       filter:              15  (0.0002173); expected (0.0002)
Windows   passing  local HMM Forward  bias filter:              13  (0.0001914); expected (0.0002)
Windows   passing glocal HMM Forward       filter:               7  (9.121e-05); expected (0.0002)
Windows   passing glocal HMM Forward  bias filter:               7  (9.121e-05); expected (0.0002)
Envelopes passing glocal HMM envelope defn filter:               7  (6.646e-05); expected (0.0002)
Envelopes passing  local CM  CYK           filter:               3  (2.62e-05); expected (0.0001)
Total CM hits reported:                                          0  (0); includes 0 truncated hit(s)

# CPU time: 0.22u 0.01s 00:00:00.23 Elapsed: 00:00:00.03
//
Query:       rdlD  [CLEN=66]
Accession:   RF01813
Description: rdlD antitoxin
Hit scores:
 rank     E-value  score  bias  sequence  start    end   mdl trunc   gc  description
 ----   --------- ------ -----  -------- ------ ------   --- ----- ----  -----------

   [No hits detected that satisfy reporting thresholds]


Hit alignments:

   [No hits detected that satisfy reporting thresholds]


Internal CM pipeline statistics summary:
----------------------------------------
Query model(s):                                                  1  (66 consensus positions)
Target sequences:                                                1  (8320812 residues searched)
Target sequences re-searched for truncated hits:                 1  (328 residues re-searched)
Windows   passing  local HMM SSV           filter:            4993  (0.06004); expected (0.06)
Windows   passing  local HMM Viterbi       filter:            1273  (0.01547); expected (0.02)
Windows   passing  local HMM Viterbi  bias filter:            1118  (0.01356); expected (0.02)
Windows   passing  local HMM Forward       filter:              28  (0.0003554); expected (0.0002)
Windows   passing  local HMM Forward  bias filter:              26  (0.0003259); expected (0.0002)
Windows   passing glocal HMM Forward       filter:              10  (0.0001347); expected (0.0002)
Windows   passing glocal HMM Forward  bias filter:              10  (0.0001347); expected (0.0002)
Envelopes passing glocal HMM envelope defn filter:               9  (8.016e-05); expected (0.0002)
Envelopes passing  local CM  CYK           filter:               2  (1.502e-05); expected (0.0001)
Total CM hits reported:                                          0  (0); includes 0 truncated hit(s)

# CPU time: 0.22u 0.00s 00:00:00.22 Elapsed: 00:00:00.03
//
Query:       OrzO-P  [CLEN=76]
Accession:   RF02083
Description: OrzO-P RNA antitoxin family
Hit scores:
 rank     E-value  score  bias  sequence  start    end   mdl trunc   gc  description
 ----   --------- ------ -----  -------- ------ ------   --- ----- ----  -----------

   [No hits detected that satisfy reporting thresholds]


Hit alignments:

   [No hits detected that satisfy reporting thresholds]


Internal CM pipeline statistics summary:
----------------------------------------
Query model(s):                                                  1  (76 consensus positions)
Target sequences:                                                1  (8320812 residues searched)
Target sequences re-searched for truncated hits:                 1  (380 residues re-searched)
Windows   passing  local HMM SSV           filter:            9206  (0.1276); expected (0.06)
Windows   passing  local HMM Viterbi       filter:            2825  (0.04025); expected (0.02)
Windows   passing  local HMM Viterbi  bias filter:            2314  (0.03304); expected (0.02)
Windows   passing  local HMM Forward       filter:             151  (0.002397); expected (0.0002)
Windows   passing  local HMM Forward  bias filter:             119  (0.001877); expected (0.0002)
Windows   passing glocal HMM Forward       filter:              97  (0.00156); expected (0.0002)
Windows   passing glocal HMM Forward  bias filter:              95  (0.001525); expected (0.0002)
Envelopes passing glocal HMM envelope defn filter:              94  (0.00104); expected (0.0002)
Envelopes passing  local CM  CYK           filter:              71  (0.0007138); expected (0.0001)
Total CM hits reported:                                          0  (0); includes 0 truncated hit(s)

# CPU time: 1.65u 0.01s 00:00:01.66 Elapsed: 00:00:00.16
//
Query:       ohsC_RNA  [CLEN=77]
Accession:   RF02495
Description: Oppression of Hydrophobic ORF by sRNA
Hit scores:
 rank     E-value  score  bias  sequence  start    end   mdl trunc   gc  description
 ----   --------- ------ -----  -------- ------ ------   --- ----- ----  -----------

   [No hits detected that satisfy reporting thresholds]


Hit alignments:

   [No hits detected that satisfy reporting thresholds]


Internal CM pipeline statistics summary:
----------------------------------------
Query model(s):                                                  1  (77 consensus positions)
Target sequences:                                                1  (8320812 residues searched)
Target sequences re-searched for truncated hits:                 1  (384 residues re-searched)
Windows   passing  local HMM SSV           filter:            8372  (0.1173); expected (0.06)
Windows   passing  local HMM Viterbi       filter:            2289  (0.0327); expected (0.02)
Windows   passing  local HMM Viterbi  bias filter:            1875  (0.02678); expected (0.02)
Windows   passing  local HMM Forward       filter:             118  (0.001782); expected (0.0002)
Windows   passing  local HMM Forward  bias filter:              83  (0.00125); expected (0.0002)
Windows   passing glocal HMM Forward       filter:              62  (0.0009811); expected (0.0002)
Windows   passing glocal HMM Forward  bias filter:              61  (0.0009588); expected (0.0002)
Envelopes passing glocal HMM envelope defn filter:              60  (0.0006647); expected (0.0002)
Envelopes passing  local CM  CYK           filter:              24  (0.0002412); expected (0.0001)
Total CM hits reported:                                          0  (0); includes 0 truncated hit(s)

# CPU time: 0.84u 0.00s 00:00:00.84 Elapsed: 00:00:00.10
//
Query:       ToxI  [CLEN=34]
Accession:   RF02519
Description: ToxI antitoxin
Hit scores:
 rank     E-value  score  bias  sequence  start    end   mdl trunc   gc  description
 ----   --------- ------ -----  -------- ------ ------   --- ----- ----  -----------

   [No hits detected that satisfy reporting thresholds]


Hit alignments:

   [No hits detected that satisfy reporting thresholds]


Internal CM pipeline statistics summary:
----------------------------------------
Query model(s):                                                  1  (34 consensus positions)
Target sequences:                                                1  (8320812 residues searched)
Target sequences re-searched for truncated hits:                 1  (192 residues re-searched)
Windows   passing  local HMM SSV           filter:            7006  (0.0497); expected (0.06)
Windows   passing  local HMM Viterbi       filter:            1159  (0.00823); expected (0.02)
Windows   passing  local HMM Viterbi  bias filter:            1040  (0.007375); expected (0.02)
Windows   passing  local HMM Forward       filter:              13  (9.999e-05); expected (0.0002)
Windows   passing  local HMM Forward  bias filter:               9  (6.838e-05); expected (0.0002)
Windows   passing glocal HMM Forward       filter:               7  (5.504e-05); expected (0.0002)
Windows   passing glocal HMM Forward  bias filter:               7  (5.504e-05); expected (0.0002)
Envelopes passing glocal HMM envelope defn filter:               7  (3.197e-05); expected (0.0002)
Envelopes passing  local CM  CYK           filter:               5  (2.295e-05); expected (0.0001)
Total CM hits reported:                                          0  (0); includes 0 truncated hit(s)

# CPU time: 0.12u 0.00s 00:00:00.12 Elapsed: 00:00:00.02
//
[ok]
