# cmsearch :: search CM(s) against a sequence database
# INFERNAL 1.1.4 (Dec 2020)
# Copyright (C) 2020 Howard Hughes Medical Institute.
# Freely distributed under the BSD open source license.
# - - - - - - - - - - - - - - - - - - - - - - - - - - - - - - - - - - - -
# query CM file:                         cms/Intron.cm
# target sequence database:              genomes/PS-217.fas
# output directed to file:               sequences/PS-217/Intron.out
# tabular output of hits:                sequences/PS-217/Intron.tblout
# model-specific thresholding:           GA cutoffs
# Rfam pipeline mode:                    on [strict filtering]
# HMM-only mode for 0 basepair models:   no
# number of worker threads:              12
# - - - - - - - - - - - - - - - - - - - - - - - - - - - - - - - - - - - -

Query:       Intron_gpI  [CLEN=251]
Accession:   RF00028
Description: Group I catalytic intron
Hit scores:
 rank     E-value  score  bias  sequence  start    end   mdl trunc   gc  description
 ----   --------- ------ -----  -------- ------ ------   --- ----- ----  -----------

   [No hits detected that satisfy reporting thresholds]


Hit alignments:

   [No hits detected that satisfy reporting thresholds]


Internal CM pipeline statistics summary:
----------------------------------------
Query model(s):                                                  1  (251 consensus positions)
Target sequences:                                                1  (8320812 residues searched)
Target sequences re-searched for truncated hits:                 1  (5324 residues re-searched)
Windows   passing  local HMM SSV           filter:            1427  (0.2612); expected (0.06)
Windows   passing  local HMM Viterbi       filter:              97  (0.01921); expected (0.02)
Windows   passing  local HMM Viterbi  bias filter:              33  (0.006311); expected (0.02)
Windows   passing  local HMM Forward       filter:              11  (0.002323); expected (0.0002)
Windows   passing  local HMM Forward  bias filter:               6  (0.001421); expected (0.0002)
Windows   passing glocal HMM Forward       filter:               6  (0.001421); expected (0.0002)
Windows   passing glocal HMM Forward  bias filter:               6  (0.001421); expected (0.0002)
Envelopes passing glocal HMM envelope defn filter:               6  (0.0004146); expected (0.0002)
Envelopes passing  local CM  CYK           filter:               1  (7.326e-06); expected (0.0001)
Total CM hits reported:                                          0  (0); includes 0 truncated hit(s)

# CPU time: 3.14u 0.39s 00:00:03.53 Elapsed: 00:00:00.91
//
Query:       Intron_gpII  [CLEN=93]
Accession:   RF00029
Description: Group II catalytic intron
Hit scores:
 rank     E-value  score  bias  sequence  start    end   mdl trunc   gc  description
 ----   --------- ------ -----  -------- ------ ------   --- ----- ----  -----------

   [No hits detected that satisfy reporting thresholds]


Hit alignments:

   [No hits detected that satisfy reporting thresholds]


Internal CM pipeline statistics summary:
----------------------------------------
Query model(s):                                                  1  (93 consensus positions)
Target sequences:                                                1  (8320812 residues searched)
Target sequences re-searched for truncated hits:                 1  (2048 residues re-searched)
Windows   passing  local HMM SSV           filter:            1111  (0.06807); expected (0.06)
Windows   passing  local HMM Viterbi       filter:             228  (0.01568); expected (0.02)
Windows   passing  local HMM Viterbi  bias filter:             225  (0.01547); expected (0.02)
Windows   passing  local HMM Forward       filter:               0  (0); expected (0.0002)
Windows   passing  local HMM Forward  bias filter:               0  (0); expected (0.0002)
Windows   passing glocal HMM Forward       filter:               0  (0); expected (0.0002)
Windows   passing glocal HMM Forward  bias filter:               0  (0); expected (0.0002)
Envelopes passing glocal HMM envelope defn filter:               0  (0); expected (0.0002)
Envelopes passing  local CM  CYK           filter:               0  (0); expected (0.0001)
Total CM hits reported:                                          0  (0); includes 0 truncated hit(s)

# CPU time: 0.19u 0.01s 00:00:00.20 Elapsed: 00:00:00.02
//
Query:       group-II-D1D4-1  [CLEN=84]
Accession:   RF01998
Description: Group II catalytic intron D1-D4-1
Hit scores:
 rank     E-value  score  bias  sequence  start    end   mdl trunc   gc  description
 ----   --------- ------ -----  -------- ------ ------   --- ----- ----  -----------

   [No hits detected that satisfy reporting thresholds]


Hit alignments:

   [No hits detected that satisfy reporting thresholds]


Internal CM pipeline statistics summary:
----------------------------------------
Query model(s):                                                  1  (84 consensus positions)
Target sequences:                                                1  (8320812 residues searched)
Target sequences re-searched for truncated hits:                 1  (756 residues re-searched)
Windows   passing  local HMM SSV           filter:            3283  (0.08542); expected (0.06)
Windows   passing  local HMM Viterbi       filter:             744  (0.02006); expected (0.02)
Windows   passing  local HMM Viterbi  bias filter:             657  (0.01767); expected (0.02)
Windows   passing  local HMM Forward       filter:               7  (0.0001769); expected (0.0002)
Windows   passing  local HMM Forward  bias filter:               6  (0.0001506); expected (0.0002)
Windows   passing glocal HMM Forward       filter:               5  (0.0001252); expected (0.0002)
Windows   passing glocal HMM Forward  bias filter:               5  (0.0001252); expected (0.0002)
Envelopes passing glocal HMM envelope defn filter:               5  (7.126e-05); expected (0.0002)
Envelopes passing  local CM  CYK           filter:               4  (3.112e-05); expected (0.0001)
Total CM hits reported:                                          0  (0); includes 0 truncated hit(s)

# CPU time: 0.27u 0.00s 00:00:00.27 Elapsed: 00:00:00.03
//
Query:       group-II-D1D4-2  [CLEN=118]
Accession:   RF01999
Description: Group II catalytic intron D1-D4-2
Hit scores:
 rank     E-value  score  bias  sequence  start    end   mdl trunc   gc  description
 ----   --------- ------ -----  -------- ------ ------   --- ----- ----  -----------

   [No hits detected that satisfy reporting thresholds]


Hit alignments:

   [No hits detected that satisfy reporting thresholds]


Internal CM pipeline statistics summary:
----------------------------------------
Query model(s):                                                  1  (118 consensus positions)
Target sequences:                                                1  (8320812 residues searched)
Target sequences re-searched for truncated hits:                 1  (632 residues re-searched)
Windows   passing  local HMM SSV           filter:            3721  (0.08425); expected (0.06)
Windows   passing  local HMM Viterbi       filter:             666  (0.01519); expected (0.02)
Windows   passing  local HMM Viterbi  bias filter:             634  (0.01445); expected (0.02)
Windows   passing  local HMM Forward       filter:              18  (0.0004677); expected (0.0002)
Windows   passing  local HMM Forward  bias filter:              14  (0.0003535); expected (0.0002)
Windows   passing glocal HMM Forward       filter:              12  (0.000296); expected (0.0002)
Windows   passing glocal HMM Forward  bias filter:              12  (0.000296); expected (0.0002)
Envelopes passing glocal HMM envelope defn filter:              11  (0.0001703); expected (0.0002)
Envelopes passing  local CM  CYK           filter:               0  (0); expected (0.0001)
Total CM hits reported:                                          0  (0); includes 0 truncated hit(s)

# CPU time: 0.36u 0.01s 00:00:00.37 Elapsed: 00:00:00.04
//
Query:       group-II-D1D4-3  [CLEN=171]
Accession:   RF02001
Description: Group II catalytic intron D1-D4-3
Hit scores:
 rank     E-value  score  bias  sequence  start    end   mdl trunc   gc  description
 ----   --------- ------ -----  -------- ------ ------   --- ----- ----  -----------

   [No hits detected that satisfy reporting thresholds]


Hit alignments:

   [No hits detected that satisfy reporting thresholds]


Internal CM pipeline statistics summary:
----------------------------------------
Query model(s):                                                  1  (171 consensus positions)
Target sequences:                                                1  (8320812 residues searched)
Target sequences re-searched for truncated hits:                 1  (1268 residues re-searched)
Windows   passing  local HMM SSV           filter:            2610  (0.1133); expected (0.06)
Windows   passing  local HMM Viterbi       filter:             660  (0.03004); expected (0.02)
Windows   passing  local HMM Viterbi  bias filter:             387  (0.01753); expected (0.02)
Windows   passing  local HMM Forward       filter:              28  (0.001391); expected (0.0002)
Windows   passing  local HMM Forward  bias filter:              16  (0.0007891); expected (0.0002)
Windows   passing glocal HMM Forward       filter:              14  (0.0006893); expected (0.0002)
Windows   passing glocal HMM Forward  bias filter:              14  (0.0006893); expected (0.0002)
Envelopes passing glocal HMM envelope defn filter:              12  (0.0003347); expected (0.0002)
Envelopes passing  local CM  CYK           filter:               5  (0.0001084); expected (0.0001)
Total CM hits reported:                                          0  (0); includes 0 truncated hit(s)

# CPU time: 1.20u 0.13s 00:00:01.33 Elapsed: 00:00:00.22
//
Query:       group-II-D1D4-4  [CLEN=138]
Accession:   RF02003
Description: Group II catalytic intron D1-D4-4
Hit scores:
 rank     E-value  score  bias  sequence  start    end   mdl trunc   gc  description
 ----   --------- ------ -----  -------- ------ ------   --- ----- ----  -----------

   [No hits detected that satisfy reporting thresholds]


Hit alignments:

   [No hits detected that satisfy reporting thresholds]


Internal CM pipeline statistics summary:
----------------------------------------
Query model(s):                                                  1  (138 consensus positions)
Target sequences:                                                1  (8320812 residues searched)
Target sequences re-searched for truncated hits:                 1  (1460 residues re-searched)
Windows   passing  local HMM SSV           filter:            1553  (0.0735); expected (0.06)
Windows   passing  local HMM Viterbi       filter:             169  (0.00831); expected (0.02)
Windows   passing  local HMM Viterbi  bias filter:             144  (0.007061); expected (0.02)
Windows   passing  local HMM Forward       filter:               3  (0.0001464); expected (0.0002)
Windows   passing  local HMM Forward  bias filter:               2  (0.0001005); expected (0.0002)
Windows   passing glocal HMM Forward       filter:               1  (5.083e-05); expected (0.0002)
Windows   passing glocal HMM Forward  bias filter:               1  (5.083e-05); expected (0.0002)
Envelopes passing glocal HMM envelope defn filter:               1  (1.574e-05); expected (0.0002)
Envelopes passing  local CM  CYK           filter:               1  (1.502e-05); expected (0.0001)
Total CM hits reported:                                          0  (0); includes 0 truncated hit(s)

# CPU time: 0.28u 0.00s 00:00:00.28 Elapsed: 00:00:00.06
//
Query:       group-II-D1D4-5  [CLEN=201]
Accession:   RF02004
Description: Group II catalytic intron D1-D4-5
Hit scores:
 rank     E-value  score  bias  sequence  start    end   mdl trunc   gc  description
 ----   --------- ------ -----  -------- ------ ------   --- ----- ----  -----------

   [No hits detected that satisfy reporting thresholds]


Hit alignments:

   [No hits detected that satisfy reporting thresholds]


Internal CM pipeline statistics summary:
----------------------------------------
Query model(s):                                                  1  (201 consensus positions)
Target sequences:                                                1  (8320812 residues searched)
Target sequences re-searched for truncated hits:                 1  (1116 residues re-searched)
Windows   passing  local HMM SSV           filter:            3053  (0.1218); expected (0.06)
Windows   passing  local HMM Viterbi       filter:             468  (0.01935); expected (0.02)
Windows   passing  local HMM Viterbi  bias filter:             292  (0.01205); expected (0.02)
Windows   passing  local HMM Forward       filter:              15  (0.0006704); expected (0.0002)
Windows   passing  local HMM Forward  bias filter:              10  (0.0004286); expected (0.0002)
Windows   passing glocal HMM Forward       filter:               7  (0.0002803); expected (0.0002)
Windows   passing glocal HMM Forward  bias filter:               7  (0.0002803); expected (0.0002)
Envelopes passing glocal HMM envelope defn filter:               7  (0.0001962); expected (0.0002)
Envelopes passing  local CM  CYK           filter:               1  (1.742e-05); expected (0.0001)
Total CM hits reported:                                          0  (0); includes 0 truncated hit(s)

# CPU time: 0.75u 0.05s 00:00:00.80 Elapsed: 00:00:00.16
//
Query:       group-II-D1D4-6  [CLEN=225]
Accession:   RF02005
Description: Group II catalytic intron D1-D4-6
Hit scores:
 rank     E-value  score  bias  sequence  start    end   mdl trunc   gc  description
 ----   --------- ------ -----  -------- ------ ------   --- ----- ----  -----------

   [No hits detected that satisfy reporting thresholds]


Hit alignments:

   [No hits detected that satisfy reporting thresholds]


Internal CM pipeline statistics summary:
----------------------------------------
Query model(s):                                                  1  (225 consensus positions)
Target sequences:                                                1  (8320812 residues searched)
Target sequences re-searched for truncated hits:                 1  (1460 residues re-searched)
Windows   passing  local HMM SSV           filter:            1194  (0.06026); expected (0.06)
Windows   passing  local HMM Viterbi       filter:             165  (0.008431); expected (0.02)
Windows   passing  local HMM Viterbi  bias filter:             128  (0.00656); expected (0.02)
Windows   passing  local HMM Forward       filter:               5  (0.0002485); expected (0.0002)
Windows   passing  local HMM Forward  bias filter:               3  (0.0001491); expected (0.0002)
Windows   passing glocal HMM Forward       filter:               2  (0.0001007); expected (0.0002)
Windows   passing glocal HMM Forward  bias filter:               2  (0.0001007); expected (0.0002)
Envelopes passing glocal HMM envelope defn filter:               2  (5.611e-05); expected (0.0002)
Envelopes passing  local CM  CYK           filter:               0  (0); expected (0.0001)
Total CM hits reported:                                          0  (0); includes 0 truncated hit(s)

# CPU time: 0.39u 0.00s 00:00:00.39 Elapsed: 00:00:00.06
//
Query:       group-II-D1D4-7  [CLEN=148]
Accession:   RF02012
Description: Group II catalytic intron D1-D4-7
Hit scores:
 rank     E-value  score  bias  sequence  start    end   mdl trunc   gc  description
 ----   --------- ------ -----  -------- ------ ------   --- ----- ----  -----------

   [No hits detected that satisfy reporting thresholds]


Hit alignments:

   [No hits detected that satisfy reporting thresholds]


Internal CM pipeline statistics summary:
----------------------------------------
Query model(s):                                                  1  (148 consensus positions)
Target sequences:                                                1  (8320812 residues searched)
Target sequences re-searched for truncated hits:                 1  (1040 residues re-searched)
Windows   passing  local HMM SSV           filter:            2639  (0.09402); expected (0.06)
Windows   passing  local HMM Viterbi       filter:             296  (0.01078); expected (0.02)
Windows   passing  local HMM Viterbi  bias filter:             263  (0.00957); expected (0.02)
Windows   passing  local HMM Forward       filter:               9  (0.0003182); expected (0.0002)
Windows   passing  local HMM Forward  bias filter:               9  (0.0003182); expected (0.0002)
Windows   passing glocal HMM Forward       filter:               7  (0.000248); expected (0.0002)
Windows   passing glocal HMM Forward  bias filter:               6  (0.0002139); expected (0.0002)
Envelopes passing glocal HMM envelope defn filter:               6  (0.0001188); expected (0.0002)
Envelopes passing  local CM  CYK           filter:               2  (9.253e-06); expected (0.0001)
Total CM hits reported:                                          0  (0); includes 0 truncated hit(s)

# CPU time: 0.39u 0.00s 00:00:00.39 Elapsed: 00:00:00.05
//
[ok]
