# cmsearch :: search CM(s) against a sequence database
# INFERNAL 1.1.4 (Dec 2020)
# Copyright (C) 2020 Howard Hughes Medical Institute.
# Freely distributed under the BSD open source license.
# - - - - - - - - - - - - - - - - - - - - - - - - - - - - - - - - - - - -
# query CM file:                         cms/Intron.cm
# target sequence database:              genomes/PS-109.fas
# output directed to file:               sequences/PS-109/Intron.out
# tabular output of hits:                sequences/PS-109/Intron.tblout
# model-specific thresholding:           GA cutoffs
# Rfam pipeline mode:                    on [strict filtering]
# HMM-only mode for 0 basepair models:   no
# number of worker threads:              12
# - - - - - - - - - - - - - - - - - - - - - - - - - - - - - - - - - - - -

Query:       Intron_gpI  [CLEN=251]
Accession:   RF00028
Description: Group I catalytic intron
Hit scores:
 rank     E-value  score  bias  sequence  start    end   mdl trunc   gc  description
 ----   --------- ------ -----  -------- ------ ------   --- ----- ----  -----------

   [No hits detected that satisfy reporting thresholds]


Hit alignments:

   [No hits detected that satisfy reporting thresholds]


Internal CM pipeline statistics summary:
----------------------------------------
Query model(s):                                                  1  (251 consensus positions)
Target sequences:                                                1  (8290068 residues searched)
Target sequences re-searched for truncated hits:                 1  (5324 residues re-searched)
Windows   passing  local HMM SSV           filter:            1443  (0.2636); expected (0.06)
Windows   passing  local HMM Viterbi       filter:             110  (0.02249); expected (0.02)
Windows   passing  local HMM Viterbi  bias filter:              35  (0.006738); expected (0.02)
Windows   passing  local HMM Forward       filter:              13  (0.002804); expected (0.0002)
Windows   passing  local HMM Forward  bias filter:              10  (0.002253); expected (0.0002)
Windows   passing glocal HMM Forward       filter:              10  (0.002253); expected (0.0002)
Windows   passing glocal HMM Forward  bias filter:              10  (0.002253); expected (0.0002)
Envelopes passing glocal HMM envelope defn filter:              10  (0.0006354); expected (0.0002)
Envelopes passing  local CM  CYK           filter:               1  (7.353e-06); expected (0.0001)
Total CM hits reported:                                          0  (0); includes 0 truncated hit(s)

# CPU time: 4.98u 0.53s 00:00:05.51 Elapsed: 00:00:01.02
//
Query:       Intron_gpII  [CLEN=93]
Accession:   RF00029
Description: Group II catalytic intron
Hit scores:
 rank     E-value  score  bias  sequence  start    end   mdl trunc   gc  description
 ----   --------- ------ -----  -------- ------ ------   --- ----- ----  -----------

   [No hits detected that satisfy reporting thresholds]


Hit alignments:

   [No hits detected that satisfy reporting thresholds]


Internal CM pipeline statistics summary:
----------------------------------------
Query model(s):                                                  1  (93 consensus positions)
Target sequences:                                                1  (8290068 residues searched)
Target sequences re-searched for truncated hits:                 1  (2048 residues re-searched)
Windows   passing  local HMM SSV           filter:            1078  (0.06555); expected (0.06)
Windows   passing  local HMM Viterbi       filter:             200  (0.01369); expected (0.02)
Windows   passing  local HMM Viterbi  bias filter:             198  (0.01355); expected (0.02)
Windows   passing  local HMM Forward       filter:               0  (0); expected (0.0002)
Windows   passing  local HMM Forward  bias filter:               0  (0); expected (0.0002)
Windows   passing glocal HMM Forward       filter:               0  (0); expected (0.0002)
Windows   passing glocal HMM Forward  bias filter:               0  (0); expected (0.0002)
Envelopes passing glocal HMM envelope defn filter:               0  (0); expected (0.0002)
Envelopes passing  local CM  CYK           filter:               0  (0); expected (0.0001)
Total CM hits reported:                                          0  (0); includes 0 truncated hit(s)

# CPU time: 0.19u 0.00s 00:00:00.19 Elapsed: 00:00:00.02
//
Query:       group-II-D1D4-1  [CLEN=84]
Accession:   RF01998
Description: Group II catalytic intron D1-D4-1
Hit scores:
 rank     E-value  score  bias  sequence  start    end   mdl trunc   gc  description
 ----   --------- ------ -----  -------- ------ ------   --- ----- ----  -----------

   [No hits detected that satisfy reporting thresholds]


Hit alignments:

   [No hits detected that satisfy reporting thresholds]


Internal CM pipeline statistics summary:
----------------------------------------
Query model(s):                                                  1  (84 consensus positions)
Target sequences:                                                1  (8290068 residues searched)
Target sequences re-searched for truncated hits:                 1  (756 residues re-searched)
Windows   passing  local HMM SSV           filter:            3234  (0.08464); expected (0.06)
Windows   passing  local HMM Viterbi       filter:             768  (0.02072); expected (0.02)
Windows   passing  local HMM Viterbi  bias filter:             684  (0.01846); expected (0.02)
Windows   passing  local HMM Forward       filter:               8  (0.000199); expected (0.0002)
Windows   passing  local HMM Forward  bias filter:               5  (0.000124); expected (0.0002)
Windows   passing glocal HMM Forward       filter:               4  (9.854e-05); expected (0.0002)
Windows   passing glocal HMM Forward  bias filter:               4  (9.854e-05); expected (0.0002)
Envelopes passing glocal HMM envelope defn filter:               4  (5.777e-05); expected (0.0002)
Envelopes passing  local CM  CYK           filter:               3  (2.521e-05); expected (0.0001)
Total CM hits reported:                                          0  (0); includes 0 truncated hit(s)

# CPU time: 0.25u 0.00s 00:00:00.25 Elapsed: 00:00:00.03
//
Query:       group-II-D1D4-2  [CLEN=118]
Accession:   RF01999
Description: Group II catalytic intron D1-D4-2
Hit scores:
 rank     E-value  score  bias  sequence  start    end   mdl trunc   gc  description
 ----   --------- ------ -----  -------- ------ ------   --- ----- ----  -----------

   [No hits detected that satisfy reporting thresholds]


Hit alignments:

   [No hits detected that satisfy reporting thresholds]


Internal CM pipeline statistics summary:
----------------------------------------
Query model(s):                                                  1  (118 consensus positions)
Target sequences:                                                1  (8290068 residues searched)
Target sequences re-searched for truncated hits:                 1  (632 residues re-searched)
Windows   passing  local HMM SSV           filter:            3601  (0.08166); expected (0.06)
Windows   passing  local HMM Viterbi       filter:             607  (0.01393); expected (0.02)
Windows   passing  local HMM Viterbi  bias filter:             570  (0.01305); expected (0.02)
Windows   passing  local HMM Forward       filter:              24  (0.0006271); expected (0.0002)
Windows   passing  local HMM Forward  bias filter:              19  (0.0004901); expected (0.0002)
Windows   passing glocal HMM Forward       filter:              14  (0.0003534); expected (0.0002)
Windows   passing glocal HMM Forward  bias filter:              14  (0.0003534); expected (0.0002)
Envelopes passing glocal HMM envelope defn filter:              13  (0.0001984); expected (0.0002)
Envelopes passing  local CM  CYK           filter:               1  (1.411e-05); expected (0.0001)
Total CM hits reported:                                          0  (0); includes 0 truncated hit(s)

# CPU time: 0.37u 0.01s 00:00:00.38 Elapsed: 00:00:00.05
//
Query:       group-II-D1D4-3  [CLEN=171]
Accession:   RF02001
Description: Group II catalytic intron D1-D4-3
Hit scores:
 rank     E-value  score  bias  sequence  start    end   mdl trunc   gc  description
 ----   --------- ------ -----  -------- ------ ------   --- ----- ----  -----------

   [No hits detected that satisfy reporting thresholds]


Hit alignments:

   [No hits detected that satisfy reporting thresholds]


Internal CM pipeline statistics summary:
----------------------------------------
Query model(s):                                                  1  (171 consensus positions)
Target sequences:                                                1  (8290068 residues searched)
Target sequences re-searched for truncated hits:                 1  (1268 residues re-searched)
Windows   passing  local HMM SSV           filter:            2530  (0.1101); expected (0.06)
Windows   passing  local HMM Viterbi       filter:             635  (0.02923); expected (0.02)
Windows   passing  local HMM Viterbi  bias filter:             363  (0.01667); expected (0.02)
Windows   passing  local HMM Forward       filter:              30  (0.001525); expected (0.0002)
Windows   passing  local HMM Forward  bias filter:              19  (0.0009411); expected (0.0002)
Windows   passing glocal HMM Forward       filter:              15  (0.0007198); expected (0.0002)
Windows   passing glocal HMM Forward  bias filter:              13  (0.0006268); expected (0.0002)
Envelopes passing glocal HMM envelope defn filter:              13  (0.0003494); expected (0.0002)
Envelopes passing  local CM  CYK           filter:               6  (0.0001193); expected (0.0001)
Total CM hits reported:                                          0  (0); includes 0 truncated hit(s)

# CPU time: 1.41u 0.07s 00:00:01.48 Elapsed: 00:00:00.32
//
Query:       group-II-D1D4-4  [CLEN=138]
Accession:   RF02003
Description: Group II catalytic intron D1-D4-4
Hit scores:
 rank     E-value  score  bias  sequence  start    end   mdl trunc   gc  description
 ----   --------- ------ -----  -------- ------ ------   --- ----- ----  -----------

   [No hits detected that satisfy reporting thresholds]


Hit alignments:

   [No hits detected that satisfy reporting thresholds]


Internal CM pipeline statistics summary:
----------------------------------------
Query model(s):                                                  1  (138 consensus positions)
Target sequences:                                                1  (8290068 residues searched)
Target sequences re-searched for truncated hits:                 1  (1460 residues re-searched)
Windows   passing  local HMM SSV           filter:            1508  (0.07167); expected (0.06)
Windows   passing  local HMM Viterbi       filter:             163  (0.007973); expected (0.02)
Windows   passing  local HMM Viterbi  bias filter:             137  (0.006696); expected (0.02)
Windows   passing  local HMM Forward       filter:               3  (0.0001889); expected (0.0002)
Windows   passing  local HMM Forward  bias filter:               2  (0.0001008); expected (0.0002)
Windows   passing glocal HMM Forward       filter:               1  (5.102e-05); expected (0.0002)
Windows   passing glocal HMM Forward  bias filter:               1  (5.102e-05); expected (0.0002)
Envelopes passing glocal HMM envelope defn filter:               1  (1.58e-05); expected (0.0002)
Envelopes passing  local CM  CYK           filter:               1  (1.508e-05); expected (0.0001)
Total CM hits reported:                                          0  (0); includes 0 truncated hit(s)

# CPU time: 0.28u 0.00s 00:00:00.28 Elapsed: 00:00:00.06
//
Query:       group-II-D1D4-5  [CLEN=201]
Accession:   RF02004
Description: Group II catalytic intron D1-D4-5
Hit scores:
 rank     E-value  score  bias  sequence  start    end   mdl trunc   gc  description
 ----   --------- ------ -----  -------- ------ ------   --- ----- ----  -----------

   [No hits detected that satisfy reporting thresholds]


Hit alignments:

   [No hits detected that satisfy reporting thresholds]


Internal CM pipeline statistics summary:
----------------------------------------
Query model(s):                                                  1  (201 consensus positions)
Target sequences:                                                1  (8290068 residues searched)
Target sequences re-searched for truncated hits:                 1  (1116 residues re-searched)
Windows   passing  local HMM SSV           filter:            2992  (0.12); expected (0.06)
Windows   passing  local HMM Viterbi       filter:             454  (0.01874); expected (0.02)
Windows   passing  local HMM Viterbi  bias filter:             272  (0.01127); expected (0.02)
Windows   passing  local HMM Forward       filter:              15  (0.0006491); expected (0.0002)
Windows   passing  local HMM Forward  bias filter:              13  (0.0005688); expected (0.0002)
Windows   passing glocal HMM Forward       filter:              10  (0.0004315); expected (0.0002)
Windows   passing glocal HMM Forward  bias filter:              10  (0.0004315); expected (0.0002)
Envelopes passing glocal HMM envelope defn filter:              10  (0.0002751); expected (0.0002)
Envelopes passing  local CM  CYK           filter:               3  (6.513e-05); expected (0.0001)
Total CM hits reported:                                          0  (0); includes 0 truncated hit(s)

# CPU time: 1.09u 0.06s 00:00:01.15 Elapsed: 00:00:00.24
//
Query:       group-II-D1D4-6  [CLEN=225]
Accession:   RF02005
Description: Group II catalytic intron D1-D4-6
Hit scores:
 rank     E-value  score  bias  sequence  start    end   mdl trunc   gc  description
 ----   --------- ------ -----  -------- ------ ------   --- ----- ----  -----------

   [No hits detected that satisfy reporting thresholds]


Hit alignments:

   [No hits detected that satisfy reporting thresholds]


Internal CM pipeline statistics summary:
----------------------------------------
Query model(s):                                                  1  (225 consensus positions)
Target sequences:                                                1  (8290068 residues searched)
Target sequences re-searched for truncated hits:                 1  (1460 residues re-searched)
Windows   passing  local HMM SSV           filter:            1151  (0.05868); expected (0.06)
Windows   passing  local HMM Viterbi       filter:             160  (0.008243); expected (0.02)
Windows   passing  local HMM Viterbi  bias filter:             132  (0.006827); expected (0.02)
Windows   passing  local HMM Forward       filter:               7  (0.0003915); expected (0.0002)
Windows   passing  local HMM Forward  bias filter:               5  (0.0002523); expected (0.0002)
Windows   passing glocal HMM Forward       filter:               4  (0.0002037); expected (0.0002)
Windows   passing glocal HMM Forward  bias filter:               4  (0.0002037); expected (0.0002)
Envelopes passing glocal HMM envelope defn filter:               4  (0.0001158); expected (0.0002)
Envelopes passing  local CM  CYK           filter:               0  (0); expected (0.0001)
Total CM hits reported:                                          0  (0); includes 0 truncated hit(s)

# CPU time: 0.52u 0.01s 00:00:00.53 Elapsed: 00:00:00.12
//
Query:       group-II-D1D4-7  [CLEN=148]
Accession:   RF02012
Description: Group II catalytic intron D1-D4-7
Hit scores:
 rank     E-value  score  bias  sequence  start    end   mdl trunc   gc  description
 ----   --------- ------ -----  -------- ------ ------   --- ----- ----  -----------

   [No hits detected that satisfy reporting thresholds]


Hit alignments:

   [No hits detected that satisfy reporting thresholds]


Internal CM pipeline statistics summary:
----------------------------------------
Query model(s):                                                  1  (148 consensus positions)
Target sequences:                                                1  (8290068 residues searched)
Target sequences re-searched for truncated hits:                 1  (1040 residues re-searched)
Windows   passing  local HMM SSV           filter:            2500  (0.08966); expected (0.06)
Windows   passing  local HMM Viterbi       filter:             269  (0.009968); expected (0.02)
Windows   passing  local HMM Viterbi  bias filter:             249  (0.009206); expected (0.02)
Windows   passing  local HMM Forward       filter:               8  (0.0003089); expected (0.0002)
Windows   passing  local HMM Forward  bias filter:               7  (0.0002641); expected (0.0002)
Windows   passing glocal HMM Forward       filter:               6  (0.0002276); expected (0.0002)
Windows   passing glocal HMM Forward  bias filter:               6  (0.0002276); expected (0.0002)
Envelopes passing glocal HMM envelope defn filter:               6  (0.0001206); expected (0.0002)
Envelopes passing  local CM  CYK           filter:               1  (5.548e-06); expected (0.0001)
Total CM hits reported:                                          0  (0); includes 0 truncated hit(s)

# CPU time: 0.37u 0.01s 00:00:00.38 Elapsed: 00:00:00.05
//
[ok]
