# cmsearch :: search CM(s) against a sequence database
# INFERNAL 1.1.4 (Dec 2020)
# Copyright (C) 2020 Howard Hughes Medical Institute.
# Freely distributed under the BSD open source license.
# - - - - - - - - - - - - - - - - - - - - - - - - - - - - - - - - - - - -
# query CM file:                         cms/antitoxin.cm
# target sequence database:              genomes/PS-15.fas
# output directed to file:               sequences/PS-15/antitoxin.out
# tabular output of hits:                sequences/PS-15/antitoxin.tblout
# model-specific thresholding:           GA cutoffs
# Rfam pipeline mode:                    on [strict filtering]
# HMM-only mode for 0 basepair models:   no
# number of worker threads:              12
# - - - - - - - - - - - - - - - - - - - - - - - - - - - - - - - - - - - -

Query:       SIB_RNA  [CLEN=147]
Accession:   RF00113
Description: Short Intergenic Abundant RNA
Hit scores:
 rank     E-value  score  bias  sequence  start    end   mdl trunc   gc  description
 ----   --------- ------ -----  -------- ------ ------   --- ----- ----  -----------

   [No hits detected that satisfy reporting thresholds]


Hit alignments:

   [No hits detected that satisfy reporting thresholds]


Internal CM pipeline statistics summary:
----------------------------------------
Query model(s):                                                  1  (147 consensus positions)
Target sequences:                                                1  (8202594 residues searched)
Target sequences re-searched for truncated hits:                 1  (732 residues re-searched)
Windows   passing  local HMM SSV           filter:            5098  (0.1344); expected (0.06)
Windows   passing  local HMM Viterbi       filter:             883  (0.02411); expected (0.02)
Windows   passing  local HMM Viterbi  bias filter:             667  (0.01817); expected (0.02)
Windows   passing  local HMM Forward       filter:              62  (0.001726); expected (0.0002)
Windows   passing  local HMM Forward  bias filter:              47  (0.001305); expected (0.0002)
Windows   passing glocal HMM Forward       filter:              32  (0.0009274); expected (0.0002)
Windows   passing glocal HMM Forward  bias filter:              31  (0.0008857); expected (0.0002)
Envelopes passing glocal HMM envelope defn filter:              33  (0.000704); expected (0.0002)
Envelopes passing  local CM  CYK           filter:               3  (4.193e-05); expected (0.0001)
Total CM hits reported:                                          0  (0); includes 0 truncated hit(s)

# CPU time: 1.38u 0.12s 00:00:01.50 Elapsed: 00:00:00.26
//
Query:       istR  [CLEN=130]
Accession:   RF01400
Description: istR Hfq binding RNA
Hit scores:
 rank     E-value  score  bias  sequence  start    end   mdl trunc   gc  description
 ----   --------- ------ -----  -------- ------ ------   --- ----- ----  -----------

   [No hits detected that satisfy reporting thresholds]


Hit alignments:

   [No hits detected that satisfy reporting thresholds]


Internal CM pipeline statistics summary:
----------------------------------------
Query model(s):                                                  1  (130 consensus positions)
Target sequences:                                                1  (8202594 residues searched)
Target sequences re-searched for truncated hits:                 1  (648 residues re-searched)
Windows   passing  local HMM SSV           filter:            2723  (0.0636); expected (0.06)
Windows   passing  local HMM Viterbi       filter:             390  (0.009314); expected (0.02)
Windows   passing  local HMM Viterbi  bias filter:             381  (0.009094); expected (0.02)
Windows   passing  local HMM Forward       filter:               8  (0.0001961); expected (0.0002)
Windows   passing  local HMM Forward  bias filter:               8  (0.0001961); expected (0.0002)
Windows   passing glocal HMM Forward       filter:               7  (0.0001727); expected (0.0002)
Windows   passing glocal HMM Forward  bias filter:               7  (0.0001727); expected (0.0002)
Envelopes passing glocal HMM envelope defn filter:               7  (0.0001298); expected (0.0002)
Envelopes passing  local CM  CYK           filter:               0  (0); expected (0.0001)
Total CM hits reported:                                          0  (0); includes 0 truncated hit(s)

# CPU time: 0.32u 0.01s 00:00:00.33 Elapsed: 00:00:00.05
//
Query:       RatA  [CLEN=90]
Accession:   RF01776
Description: RNA anti-toxin A
Hit scores:
 rank     E-value  score  bias  sequence  start    end   mdl trunc   gc  description
 ----   --------- ------ -----  -------- ------ ------   --- ----- ----  -----------

   [No hits detected that satisfy reporting thresholds]


Hit alignments:

   [No hits detected that satisfy reporting thresholds]


Internal CM pipeline statistics summary:
----------------------------------------
Query model(s):                                                  1  (90 consensus positions)
Target sequences:                                                1  (8202594 residues searched)
Target sequences re-searched for truncated hits:                 1  (448 residues re-searched)
Windows   passing  local HMM SSV           filter:            9669  (0.1603); expected (0.06)
Windows   passing  local HMM Viterbi       filter:            1759  (0.03032); expected (0.02)
Windows   passing  local HMM Viterbi  bias filter:            1023  (0.01755); expected (0.02)
Windows   passing  local HMM Forward       filter:              89  (0.001637); expected (0.0002)
Windows   passing  local HMM Forward  bias filter:              54  (0.000979); expected (0.0002)
Windows   passing glocal HMM Forward       filter:              50  (0.0009466); expected (0.0002)
Windows   passing glocal HMM Forward  bias filter:              50  (0.0009466); expected (0.0002)
Envelopes passing glocal HMM envelope defn filter:              51  (0.0006639); expected (0.0002)
Envelopes passing  local CM  CYK           filter:               9  (0.0001087); expected (0.0001)
Total CM hits reported:                                          0  (0); includes 0 truncated hit(s)

# CPU time: 0.87u 0.02s 00:00:00.89 Elapsed: 00:00:00.11
//
Query:       sok  [CLEN=157]
Accession:   RF01794
Description: sok antitoxin (CssrC)
Hit scores:
 rank     E-value  score  bias  sequence  start    end   mdl trunc   gc  description
 ----   --------- ------ -----  -------- ------ ------   --- ----- ----  -----------

   [No hits detected that satisfy reporting thresholds]


Hit alignments:

   [No hits detected that satisfy reporting thresholds]


Internal CM pipeline statistics summary:
----------------------------------------
Query model(s):                                                  1  (157 consensus positions)
Target sequences:                                                1  (8202594 residues searched)
Target sequences re-searched for truncated hits:                 1  (1184 residues re-searched)
Windows   passing  local HMM SSV           filter:            2814  (0.1153); expected (0.06)
Windows   passing  local HMM Viterbi       filter:             532  (0.02253); expected (0.02)
Windows   passing  local HMM Viterbi  bias filter:             477  (0.02024); expected (0.02)
Windows   passing  local HMM Forward       filter:              16  (0.0006953); expected (0.0002)
Windows   passing  local HMM Forward  bias filter:              16  (0.0006953); expected (0.0002)
Windows   passing glocal HMM Forward       filter:              10  (0.0004773); expected (0.0002)
Windows   passing glocal HMM Forward  bias filter:              10  (0.0004773); expected (0.0002)
Envelopes passing glocal HMM envelope defn filter:              10  (0.000236); expected (0.0002)
Envelopes passing  local CM  CYK           filter:               2  (1.865e-05); expected (0.0001)
Total CM hits reported:                                          0  (0); includes 0 truncated hit(s)

# CPU time: 0.71u 0.03s 00:00:00.74 Elapsed: 00:00:00.11
//
Query:       fstAT  [CLEN=94]
Accession:   RF01797
Description: Fst antitoxin sRNA
Hit scores:
 rank     E-value  score  bias  sequence  start    end   mdl trunc   gc  description
 ----   --------- ------ -----  -------- ------ ------   --- ----- ----  -----------

   [No hits detected that satisfy reporting thresholds]


Hit alignments:

   [No hits detected that satisfy reporting thresholds]


Internal CM pipeline statistics summary:
----------------------------------------
Query model(s):                                                  1  (94 consensus positions)
Target sequences:                                                1  (8202594 residues searched)
Target sequences re-searched for truncated hits:                 1  (496 residues re-searched)
Windows   passing  local HMM SSV           filter:            9218  (0.169); expected (0.06)
Windows   passing  local HMM Viterbi       filter:            1563  (0.02972); expected (0.02)
Windows   passing  local HMM Viterbi  bias filter:            1229  (0.02332); expected (0.02)
Windows   passing  local HMM Forward       filter:             103  (0.002135); expected (0.0002)
Windows   passing  local HMM Forward  bias filter:              75  (0.0016); expected (0.0002)
Windows   passing glocal HMM Forward       filter:              43  (0.00098); expected (0.0002)
Windows   passing glocal HMM Forward  bias filter:              38  (0.000841); expected (0.0002)
Envelopes passing glocal HMM envelope defn filter:              37  (0.000531); expected (0.0002)
Envelopes passing  local CM  CYK           filter:               9  (0.0001051); expected (0.0001)
Total CM hits reported:                                          0  (0); includes 0 truncated hit(s)

# CPU time: 0.88u 0.03s 00:00:00.91 Elapsed: 00:00:00.12
//
Query:       symR  [CLEN=77]
Accession:   RF01809
Description: SymR antitoxin
Hit scores:
 rank     E-value  score  bias  sequence  start    end   mdl trunc   gc  description
 ----   --------- ------ -----  -------- ------ ------   --- ----- ----  -----------

   [No hits detected that satisfy reporting thresholds]


Hit alignments:

   [No hits detected that satisfy reporting thresholds]


Internal CM pipeline statistics summary:
----------------------------------------
Query model(s):                                                  1  (77 consensus positions)
Target sequences:                                                1  (8202594 residues searched)
Target sequences re-searched for truncated hits:                 1  (384 residues re-searched)
Windows   passing  local HMM SSV           filter:            6737  (0.09563); expected (0.06)
Windows   passing  local HMM Viterbi       filter:            1592  (0.02296); expected (0.02)
Windows   passing  local HMM Viterbi  bias filter:            1489  (0.0215); expected (0.02)
Windows   passing  local HMM Forward       filter:              41  (0.0006327); expected (0.0002)
Windows   passing  local HMM Forward  bias filter:              37  (0.0005665); expected (0.0002)
Windows   passing glocal HMM Forward       filter:              18  (0.0002773); expected (0.0002)
Windows   passing glocal HMM Forward  bias filter:              18  (0.0002773); expected (0.0002)
Envelopes passing glocal HMM envelope defn filter:              18  (0.0002022); expected (0.0002)
Envelopes passing  local CM  CYK           filter:               1  (8.777e-06); expected (0.0001)
Total CM hits reported:                                          0  (0); includes 0 truncated hit(s)

# CPU time: 0.31u 0.01s 00:00:00.32 Elapsed: 00:00:00.04
//
Query:       PtaRNA1  [CLEN=72]
Accession:   RF01811
Description: Plasmid transferred anti-sense RNA
Hit scores:
 rank     E-value  score  bias  sequence  start    end   mdl trunc   gc  description
 ----   --------- ------ -----  -------- ------ ------   --- ----- ----  -----------

   [No hits detected that satisfy reporting thresholds]


Hit alignments:

   [No hits detected that satisfy reporting thresholds]


Internal CM pipeline statistics summary:
----------------------------------------
Query model(s):                                                  1  (72 consensus positions)
Target sequences:                                                1  (8202594 residues searched)
Target sequences re-searched for truncated hits:                 1  (360 residues re-searched)
Windows   passing  local HMM SSV           filter:            4594  (0.06115); expected (0.06)
Windows   passing  local HMM Viterbi       filter:            1277  (0.01721); expected (0.02)
Windows   passing  local HMM Viterbi  bias filter:            1202  (0.0162); expected (0.02)
Windows   passing  local HMM Forward       filter:              16  (0.0002364); expected (0.0002)
Windows   passing  local HMM Forward  bias filter:              12  (0.0001837); expected (0.0002)
Windows   passing glocal HMM Forward       filter:               5  (7.522e-05); expected (0.0002)
Windows   passing glocal HMM Forward  bias filter:               5  (7.522e-05); expected (0.0002)
Envelopes passing glocal HMM envelope defn filter:               5  (4.718e-05); expected (0.0002)
Envelopes passing  local CM  CYK           filter:               1  (7.558e-06); expected (0.0001)
Total CM hits reported:                                          0  (0); includes 0 truncated hit(s)

# CPU time: 0.20u 0.01s 00:00:00.21 Elapsed: 00:00:00.03
//
Query:       rdlD  [CLEN=66]
Accession:   RF01813
Description: rdlD antitoxin
Hit scores:
 rank     E-value  score  bias  sequence  start    end   mdl trunc   gc  description
 ----   --------- ------ -----  -------- ------ ------   --- ----- ----  -----------

   [No hits detected that satisfy reporting thresholds]


Hit alignments:

   [No hits detected that satisfy reporting thresholds]


Internal CM pipeline statistics summary:
----------------------------------------
Query model(s):                                                  1  (66 consensus positions)
Target sequences:                                                1  (8202594 residues searched)
Target sequences re-searched for truncated hits:                 1  (328 residues re-searched)
Windows   passing  local HMM SSV           filter:            4857  (0.05924); expected (0.06)
Windows   passing  local HMM Viterbi       filter:            1215  (0.01495); expected (0.02)
Windows   passing  local HMM Viterbi  bias filter:            1069  (0.01314); expected (0.02)
Windows   passing  local HMM Forward       filter:              23  (0.0003003); expected (0.0002)
Windows   passing  local HMM Forward  bias filter:              21  (0.0002736); expected (0.0002)
Windows   passing glocal HMM Forward       filter:               7  (9.814e-05); expected (0.0002)
Windows   passing glocal HMM Forward  bias filter:               7  (9.814e-05); expected (0.0002)
Envelopes passing glocal HMM envelope defn filter:               6  (5.401e-05); expected (0.0002)
Envelopes passing  local CM  CYK           filter:               2  (1.536e-05); expected (0.0001)
Total CM hits reported:                                          0  (0); includes 0 truncated hit(s)

# CPU time: 0.21u 0.00s 00:00:00.21 Elapsed: 00:00:00.03
//
Query:       OrzO-P  [CLEN=76]
Accession:   RF02083
Description: OrzO-P RNA antitoxin family
Hit scores:
 rank     E-value  score  bias  sequence  start    end   mdl trunc   gc  description
 ----   --------- ------ -----  -------- ------ ------   --- ----- ----  -----------

   [No hits detected that satisfy reporting thresholds]


Hit alignments:

   [No hits detected that satisfy reporting thresholds]


Internal CM pipeline statistics summary:
----------------------------------------
Query model(s):                                                  1  (76 consensus positions)
Target sequences:                                                1  (8202594 residues searched)
Target sequences re-searched for truncated hits:                 1  (380 residues re-searched)
Windows   passing  local HMM SSV           filter:            9136  (0.1285); expected (0.06)
Windows   passing  local HMM Viterbi       filter:            2781  (0.04017); expected (0.02)
Windows   passing  local HMM Viterbi  bias filter:            2270  (0.03283); expected (0.02)
Windows   passing  local HMM Forward       filter:             153  (0.002424); expected (0.0002)
Windows   passing  local HMM Forward  bias filter:             121  (0.0019); expected (0.0002)
Windows   passing glocal HMM Forward       filter:              98  (0.001596); expected (0.0002)
Windows   passing glocal HMM Forward  bias filter:              95  (0.001544); expected (0.0002)
Envelopes passing glocal HMM envelope defn filter:              94  (0.001071); expected (0.0002)
Envelopes passing  local CM  CYK           filter:              67  (0.000686); expected (0.0001)
Total CM hits reported:                                          0  (0); includes 0 truncated hit(s)

# CPU time: 1.63u 0.04s 00:00:01.67 Elapsed: 00:00:00.17
//
Query:       ohsC_RNA  [CLEN=77]
Accession:   RF02495
Description: Oppression of Hydrophobic ORF by sRNA
Hit scores:
 rank     E-value  score  bias  sequence  start    end   mdl trunc   gc  description
 ----   --------- ------ -----  -------- ------ ------   --- ----- ----  -----------

   [No hits detected that satisfy reporting thresholds]


Hit alignments:

   [No hits detected that satisfy reporting thresholds]


Internal CM pipeline statistics summary:
----------------------------------------
Query model(s):                                                  1  (77 consensus positions)
Target sequences:                                                1  (8202594 residues searched)
Target sequences re-searched for truncated hits:                 1  (384 residues re-searched)
Windows   passing  local HMM SSV           filter:            8210  (0.1167); expected (0.06)
Windows   passing  local HMM Viterbi       filter:            2213  (0.03225); expected (0.02)
Windows   passing  local HMM Viterbi  bias filter:            1825  (0.0266); expected (0.02)
Windows   passing  local HMM Forward       filter:             127  (0.001981); expected (0.0002)
Windows   passing  local HMM Forward  bias filter:             101  (0.001576); expected (0.0002)
Windows   passing glocal HMM Forward       filter:              67  (0.001094); expected (0.0002)
Windows   passing glocal HMM Forward  bias filter:              66  (0.001072); expected (0.0002)
Envelopes passing glocal HMM envelope defn filter:              65  (0.0007321); expected (0.0002)
Envelopes passing  local CM  CYK           filter:              27  (0.0002839); expected (0.0001)
Total CM hits reported:                                          0  (0); includes 0 truncated hit(s)

# CPU time: 0.93u 0.02s 00:00:00.95 Elapsed: 00:00:00.12
//
Query:       ToxI  [CLEN=34]
Accession:   RF02519
Description: ToxI antitoxin
Hit scores:
 rank     E-value  score  bias  sequence  start    end   mdl trunc   gc  description
 ----   --------- ------ -----  -------- ------ ------   --- ----- ----  -----------

   [No hits detected that satisfy reporting thresholds]


Hit alignments:

   [No hits detected that satisfy reporting thresholds]


Internal CM pipeline statistics summary:
----------------------------------------
Query model(s):                                                  1  (34 consensus positions)
Target sequences:                                                1  (8202594 residues searched)
Target sequences re-searched for truncated hits:                 1  (192 residues re-searched)
Windows   passing  local HMM SSV           filter:            6875  (0.04945); expected (0.06)
Windows   passing  local HMM Viterbi       filter:            1127  (0.008122); expected (0.02)
Windows   passing  local HMM Viterbi  bias filter:            1010  (0.007275); expected (0.02)
Windows   passing  local HMM Forward       filter:              16  (0.0001273); expected (0.0002)
Windows   passing  local HMM Forward  bias filter:              12  (9.521e-05); expected (0.0002)
Windows   passing glocal HMM Forward       filter:               7  (5.718e-05); expected (0.0002)
Windows   passing glocal HMM Forward  bias filter:               7  (5.718e-05); expected (0.0002)
Envelopes passing glocal HMM envelope defn filter:               7  (3.462e-05); expected (0.0002)
Envelopes passing  local CM  CYK           filter:               4  (1.999e-05); expected (0.0001)
Total CM hits reported:                                          0  (0); includes 0 truncated hit(s)

# CPU time: 0.11u 0.00s 00:00:00.11 Elapsed: 00:00:00.02
//
[ok]
