# cmsearch :: search CM(s) against a sequence database
# INFERNAL 1.1.4 (Dec 2020)
# Copyright (C) 2020 Howard Hughes Medical Institute.
# Freely distributed under the BSD open source license.
# - - - - - - - - - - - - - - - - - - - - - - - - - - - - - - - - - - - -
# query CM file:                         cms/Intron.cm
# target sequence database:              genomes/PS-15.fas
# output directed to file:               sequences/PS-15/Intron.out
# tabular output of hits:                sequences/PS-15/Intron.tblout
# model-specific thresholding:           GA cutoffs
# Rfam pipeline mode:                    on [strict filtering]
# HMM-only mode for 0 basepair models:   no
# number of worker threads:              12
# - - - - - - - - - - - - - - - - - - - - - - - - - - - - - - - - - - - -

Query:       Intron_gpI  [CLEN=251]
Accession:   RF00028
Description: Group I catalytic intron
Hit scores:
 rank     E-value  score  bias  sequence  start    end   mdl trunc   gc  description
 ----   --------- ------ -----  -------- ------ ------   --- ----- ----  -----------

   [No hits detected that satisfy reporting thresholds]


Hit alignments:

   [No hits detected that satisfy reporting thresholds]


Internal CM pipeline statistics summary:
----------------------------------------
Query model(s):                                                  1  (251 consensus positions)
Target sequences:                                                1  (8202594 residues searched)
Target sequences re-searched for truncated hits:                 1  (5324 residues re-searched)
Windows   passing  local HMM SSV           filter:            1400  (0.2582); expected (0.06)
Windows   passing  local HMM Viterbi       filter:             103  (0.021); expected (0.02)
Windows   passing  local HMM Viterbi  bias filter:              28  (0.005395); expected (0.02)
Windows   passing  local HMM Forward       filter:               9  (0.001975); expected (0.0002)
Windows   passing  local HMM Forward  bias filter:               5  (0.0009929); expected (0.0002)
Windows   passing glocal HMM Forward       filter:               5  (0.0009929); expected (0.0002)
Windows   passing glocal HMM Forward  bias filter:               5  (0.0009929); expected (0.0002)
Envelopes passing glocal HMM envelope defn filter:               5  (0.0003393); expected (0.0002)
Envelopes passing  local CM  CYK           filter:               1  (7.432e-06); expected (0.0001)
Total CM hits reported:                                          0  (0); includes 0 truncated hit(s)

# CPU time: 3.28u 0.39s 00:00:03.67 Elapsed: 00:00:01.05
//
Query:       Intron_gpII  [CLEN=93]
Accession:   RF00029
Description: Group II catalytic intron
Hit scores:
 rank     E-value  score  bias  sequence  start    end   mdl trunc   gc  description
 ----   --------- ------ -----  -------- ------ ------   --- ----- ----  -----------

   [No hits detected that satisfy reporting thresholds]


Hit alignments:

   [No hits detected that satisfy reporting thresholds]


Internal CM pipeline statistics summary:
----------------------------------------
Query model(s):                                                  1  (93 consensus positions)
Target sequences:                                                1  (8202594 residues searched)
Target sequences re-searched for truncated hits:                 1  (2048 residues re-searched)
Windows   passing  local HMM SSV           filter:            1077  (0.06649); expected (0.06)
Windows   passing  local HMM Viterbi       filter:             217  (0.01495); expected (0.02)
Windows   passing  local HMM Viterbi  bias filter:             215  (0.01481); expected (0.02)
Windows   passing  local HMM Forward       filter:               1  (5.558e-05); expected (0.0002)
Windows   passing  local HMM Forward  bias filter:               1  (5.558e-05); expected (0.0002)
Windows   passing glocal HMM Forward       filter:               0  (0); expected (0.0002)
Windows   passing glocal HMM Forward  bias filter:               0  (0); expected (0.0002)
Envelopes passing glocal HMM envelope defn filter:               0  (0); expected (0.0002)
Envelopes passing  local CM  CYK           filter:               0  (0); expected (0.0001)
Total CM hits reported:                                          0  (0); includes 0 truncated hit(s)

# CPU time: 0.19u 0.01s 00:00:00.20 Elapsed: 00:00:00.03
//
Query:       group-II-D1D4-1  [CLEN=84]
Accession:   RF01998
Description: Group II catalytic intron D1-D4-1
Hit scores:
 rank     E-value  score  bias  sequence  start    end   mdl trunc   gc  description
 ----   --------- ------ -----  -------- ------ ------   --- ----- ----  -----------

   [No hits detected that satisfy reporting thresholds]


Hit alignments:

   [No hits detected that satisfy reporting thresholds]


Internal CM pipeline statistics summary:
----------------------------------------
Query model(s):                                                  1  (84 consensus positions)
Target sequences:                                                1  (8202594 residues searched)
Target sequences re-searched for truncated hits:                 1  (756 residues re-searched)
Windows   passing  local HMM SSV           filter:            3260  (0.08598); expected (0.06)
Windows   passing  local HMM Viterbi       filter:             740  (0.02018); expected (0.02)
Windows   passing  local HMM Viterbi  bias filter:             660  (0.01796); expected (0.02)
Windows   passing  local HMM Forward       filter:               7  (0.0001802); expected (0.0002)
Windows   passing  local HMM Forward  bias filter:               6  (0.0001535); expected (0.0002)
Windows   passing glocal HMM Forward       filter:               5  (0.0001278); expected (0.0002)
Windows   passing glocal HMM Forward  bias filter:               5  (0.0001278); expected (0.0002)
Envelopes passing glocal HMM envelope defn filter:               5  (6.583e-05); expected (0.0002)
Envelopes passing  local CM  CYK           filter:               3  (2.28e-05); expected (0.0001)
Total CM hits reported:                                          0  (0); includes 0 truncated hit(s)

# CPU time: 0.28u 0.00s 00:00:00.28 Elapsed: 00:00:00.04
//
Query:       group-II-D1D4-2  [CLEN=118]
Accession:   RF01999
Description: Group II catalytic intron D1-D4-2
Hit scores:
 rank     E-value  score  bias  sequence  start    end   mdl trunc   gc  description
 ----   --------- ------ -----  -------- ------ ------   --- ----- ----  -----------

   [No hits detected that satisfy reporting thresholds]


Hit alignments:

   [No hits detected that satisfy reporting thresholds]


Internal CM pipeline statistics summary:
----------------------------------------
Query model(s):                                                  1  (118 consensus positions)
Target sequences:                                                1  (8202594 residues searched)
Target sequences re-searched for truncated hits:                 1  (632 residues re-searched)
Windows   passing  local HMM SSV           filter:            3647  (0.08381); expected (0.06)
Windows   passing  local HMM Viterbi       filter:             632  (0.01456); expected (0.02)
Windows   passing  local HMM Viterbi  bias filter:             595  (0.0137); expected (0.02)
Windows   passing  local HMM Forward       filter:              18  (0.0004506); expected (0.0002)
Windows   passing  local HMM Forward  bias filter:              15  (0.0003723); expected (0.0002)
Windows   passing glocal HMM Forward       filter:              10  (0.0002263); expected (0.0002)
Windows   passing glocal HMM Forward  bias filter:              10  (0.0002263); expected (0.0002)
Envelopes passing glocal HMM envelope defn filter:              10  (0.000157); expected (0.0002)
Envelopes passing  local CM  CYK           filter:               1  (1.426e-05); expected (0.0001)
Total CM hits reported:                                          0  (0); includes 0 truncated hit(s)

# CPU time: 0.41u 0.01s 00:00:00.42 Elapsed: 00:00:00.06
//
Query:       group-II-D1D4-3  [CLEN=171]
Accession:   RF02001
Description: Group II catalytic intron D1-D4-3
Hit scores:
 rank     E-value  score  bias  sequence  start    end   mdl trunc   gc  description
 ----   --------- ------ -----  -------- ------ ------   --- ----- ----  -----------

   [No hits detected that satisfy reporting thresholds]


Hit alignments:

   [No hits detected that satisfy reporting thresholds]


Internal CM pipeline statistics summary:
----------------------------------------
Query model(s):                                                  1  (171 consensus positions)
Target sequences:                                                1  (8202594 residues searched)
Target sequences re-searched for truncated hits:                 1  (1268 residues re-searched)
Windows   passing  local HMM SSV           filter:            2546  (0.1118); expected (0.06)
Windows   passing  local HMM Viterbi       filter:             650  (0.03017); expected (0.02)
Windows   passing  local HMM Viterbi  bias filter:             375  (0.01735); expected (0.02)
Windows   passing  local HMM Forward       filter:              27  (0.001415); expected (0.0002)
Windows   passing  local HMM Forward  bias filter:              19  (0.0009884); expected (0.0002)
Windows   passing glocal HMM Forward       filter:              17  (0.0008775); expected (0.0002)
Windows   passing glocal HMM Forward  bias filter:              16  (0.0008183); expected (0.0002)
Envelopes passing glocal HMM envelope defn filter:              16  (0.0004322); expected (0.0002)
Envelopes passing  local CM  CYK           filter:               7  (0.0001277); expected (0.0001)
Total CM hits reported:                                          0  (0); includes 0 truncated hit(s)

# CPU time: 1.65u 0.13s 00:00:01.77 Elapsed: 00:00:00.35
//
Query:       group-II-D1D4-4  [CLEN=138]
Accession:   RF02003
Description: Group II catalytic intron D1-D4-4
Hit scores:
 rank     E-value  score  bias  sequence  start    end   mdl trunc   gc  description
 ----   --------- ------ -----  -------- ------ ------   --- ----- ----  -----------

   [No hits detected that satisfy reporting thresholds]


Hit alignments:

   [No hits detected that satisfy reporting thresholds]


Internal CM pipeline statistics summary:
----------------------------------------
Query model(s):                                                  1  (138 consensus positions)
Target sequences:                                                1  (8202594 residues searched)
Target sequences re-searched for truncated hits:                 1  (1460 residues re-searched)
Windows   passing  local HMM SSV           filter:            1525  (0.07309); expected (0.06)
Windows   passing  local HMM Viterbi       filter:             165  (0.008244); expected (0.02)
Windows   passing  local HMM Viterbi  bias filter:             140  (0.006998); expected (0.02)
Windows   passing  local HMM Forward       filter:               1  (5.156e-05); expected (0.0002)
Windows   passing  local HMM Forward  bias filter:               1  (5.156e-05); expected (0.0002)
Windows   passing glocal HMM Forward       filter:               1  (5.156e-05); expected (0.0002)
Windows   passing glocal HMM Forward  bias filter:               1  (5.156e-05); expected (0.0002)
Envelopes passing glocal HMM envelope defn filter:               1  (1.597e-05); expected (0.0002)
Envelopes passing  local CM  CYK           filter:               1  (1.524e-05); expected (0.0001)
Total CM hits reported:                                          0  (0); includes 0 truncated hit(s)

# CPU time: 0.29u 0.00s 00:00:00.28 Elapsed: 00:00:00.06
//
Query:       group-II-D1D4-5  [CLEN=201]
Accession:   RF02004
Description: Group II catalytic intron D1-D4-5
Hit scores:
 rank     E-value  score  bias  sequence  start    end   mdl trunc   gc  description
 ----   --------- ------ -----  -------- ------ ------   --- ----- ----  -----------

   [No hits detected that satisfy reporting thresholds]


Hit alignments:

   [No hits detected that satisfy reporting thresholds]


Internal CM pipeline statistics summary:
----------------------------------------
Query model(s):                                                  1  (201 consensus positions)
Target sequences:                                                1  (8202594 residues searched)
Target sequences re-searched for truncated hits:                 1  (1116 residues re-searched)
Windows   passing  local HMM SSV           filter:            2995  (0.1211); expected (0.06)
Windows   passing  local HMM Viterbi       filter:             459  (0.0191); expected (0.02)
Windows   passing  local HMM Viterbi  bias filter:             283  (0.01173); expected (0.02)
Windows   passing  local HMM Forward       filter:              14  (0.0006153); expected (0.0002)
Windows   passing  local HMM Forward  bias filter:              12  (0.0005146); expected (0.0002)
Windows   passing glocal HMM Forward       filter:               9  (0.0003937); expected (0.0002)
Windows   passing glocal HMM Forward  bias filter:               9  (0.0003937); expected (0.0002)
Envelopes passing glocal HMM envelope defn filter:               9  (0.0002545); expected (0.0002)
Envelopes passing  local CM  CYK           filter:               1  (2.718e-05); expected (0.0001)
Total CM hits reported:                                          0  (0); includes 0 truncated hit(s)

# CPU time: 1.02u 0.06s 00:00:01.08 Elapsed: 00:00:00.24
//
Query:       group-II-D1D4-6  [CLEN=225]
Accession:   RF02005
Description: Group II catalytic intron D1-D4-6
Hit scores:
 rank     E-value  score  bias  sequence  start    end   mdl trunc   gc  description
 ----   --------- ------ -----  -------- ------ ------   --- ----- ----  -----------

   [No hits detected that satisfy reporting thresholds]


Hit alignments:

   [No hits detected that satisfy reporting thresholds]


Internal CM pipeline statistics summary:
----------------------------------------
Query model(s):                                                  1  (225 consensus positions)
Target sequences:                                                1  (8202594 residues searched)
Target sequences re-searched for truncated hits:                 1  (1460 residues re-searched)
Windows   passing  local HMM SSV           filter:            1204  (0.06176); expected (0.06)
Windows   passing  local HMM Viterbi       filter:             166  (0.008637); expected (0.02)
Windows   passing  local HMM Viterbi  bias filter:             136  (0.007117); expected (0.02)
Windows   passing  local HMM Forward       filter:               7  (0.0003899); expected (0.0002)
Windows   passing  local HMM Forward  bias filter:               4  (0.0002001); expected (0.0002)
Windows   passing glocal HMM Forward       filter:               3  (0.000151); expected (0.0002)
Windows   passing glocal HMM Forward  bias filter:               3  (0.000151); expected (0.0002)
Envelopes passing glocal HMM envelope defn filter:               3  (8.837e-05); expected (0.0002)
Envelopes passing  local CM  CYK           filter:               0  (0); expected (0.0001)
Total CM hits reported:                                          0  (0); includes 0 truncated hit(s)

# CPU time: 0.51u 0.02s 00:00:00.53 Elapsed: 00:00:00.09
//
Query:       group-II-D1D4-7  [CLEN=148]
Accession:   RF02012
Description: Group II catalytic intron D1-D4-7
Hit scores:
 rank     E-value  score  bias  sequence  start    end   mdl trunc   gc  description
 ----   --------- ------ -----  -------- ------ ------   --- ----- ----  -----------

   [No hits detected that satisfy reporting thresholds]


Hit alignments:

   [No hits detected that satisfy reporting thresholds]


Internal CM pipeline statistics summary:
----------------------------------------
Query model(s):                                                  1  (148 consensus positions)
Target sequences:                                                1  (8202594 residues searched)
Target sequences re-searched for truncated hits:                 1  (1040 residues re-searched)
Windows   passing  local HMM SSV           filter:            2638  (0.09537); expected (0.06)
Windows   passing  local HMM Viterbi       filter:             298  (0.01114); expected (0.02)
Windows   passing  local HMM Viterbi  bias filter:             265  (0.009932); expected (0.02)
Windows   passing  local HMM Forward       filter:               9  (0.0003481); expected (0.0002)
Windows   passing  local HMM Forward  bias filter:               6  (0.0002164); expected (0.0002)
Windows   passing glocal HMM Forward       filter:               5  (0.0001794); expected (0.0002)
Windows   passing glocal HMM Forward  bias filter:               4  (0.0001448); expected (0.0002)
Envelopes passing glocal HMM envelope defn filter:               4  (8.179e-05); expected (0.0002)
Envelopes passing  local CM  CYK           filter:               1  (5.607e-06); expected (0.0001)
Total CM hits reported:                                          0  (0); includes 0 truncated hit(s)

# CPU time: 0.40u 0.00s 00:00:00.40 Elapsed: 00:00:00.06
//
[ok]
