# cmsearch :: search CM(s) against a sequence database
# INFERNAL 1.1.4 (Dec 2020)
# Copyright (C) 2020 Howard Hughes Medical Institute.
# Freely distributed under the BSD open source license.
# - - - - - - - - - - - - - - - - - - - - - - - - - - - - - - - - - - - -
# query CM file:                         cms/Intron.cm
# target sequence database:              genomes/PS-95.fas
# output directed to file:               sequences/PS-95/Intron.out
# tabular output of hits:                sequences/PS-95/Intron.tblout
# model-specific thresholding:           GA cutoffs
# Rfam pipeline mode:                    on [strict filtering]
# HMM-only mode for 0 basepair models:   no
# number of worker threads:              12
# - - - - - - - - - - - - - - - - - - - - - - - - - - - - - - - - - - - -

Query:       Intron_gpI  [CLEN=251]
Accession:   RF00028
Description: Group I catalytic intron
Hit scores:
 rank     E-value  score  bias  sequence  start    end   mdl trunc   gc  description
 ----   --------- ------ -----  -------- ------ ------   --- ----- ----  -----------

   [No hits detected that satisfy reporting thresholds]


Hit alignments:

   [No hits detected that satisfy reporting thresholds]


Internal CM pipeline statistics summary:
----------------------------------------
Query model(s):                                                  1  (251 consensus positions)
Target sequences:                                                1  (8360004 residues searched)
Target sequences re-searched for truncated hits:                 1  (5324 residues re-searched)
Windows   passing  local HMM SSV           filter:            1441  (0.262); expected (0.06)
Windows   passing  local HMM Viterbi       filter:             104  (0.02112); expected (0.02)
Windows   passing  local HMM Viterbi  bias filter:              29  (0.005449); expected (0.02)
Windows   passing  local HMM Forward       filter:               9  (0.001872); expected (0.0002)
Windows   passing  local HMM Forward  bias filter:               4  (0.0009245); expected (0.0002)
Windows   passing glocal HMM Forward       filter:               4  (0.0009245); expected (0.0002)
Windows   passing glocal HMM Forward  bias filter:               4  (0.0009245); expected (0.0002)
Envelopes passing glocal HMM envelope defn filter:               4  (0.000284); expected (0.0002)
Envelopes passing  local CM  CYK           filter:               1  (7.292e-06); expected (0.0001)
Total CM hits reported:                                          0  (0); includes 0 truncated hit(s)

# CPU time: 2.45u 0.16s 00:00:02.61 Elapsed: 00:00:00.87
//
Query:       Intron_gpII  [CLEN=93]
Accession:   RF00029
Description: Group II catalytic intron
Hit scores:
 rank     E-value  score  bias  sequence  start    end   mdl trunc   gc  description
 ----   --------- ------ -----  -------- ------ ------   --- ----- ----  -----------

   [No hits detected that satisfy reporting thresholds]


Hit alignments:

   [No hits detected that satisfy reporting thresholds]


Internal CM pipeline statistics summary:
----------------------------------------
Query model(s):                                                  1  (93 consensus positions)
Target sequences:                                                1  (8360004 residues searched)
Target sequences re-searched for truncated hits:                 1  (2048 residues re-searched)
Windows   passing  local HMM SSV           filter:            1123  (0.06802); expected (0.06)
Windows   passing  local HMM Viterbi       filter:             224  (0.01514); expected (0.02)
Windows   passing  local HMM Viterbi  bias filter:             221  (0.01494); expected (0.02)
Windows   passing  local HMM Forward       filter:               1  (5.453e-05); expected (0.0002)
Windows   passing  local HMM Forward  bias filter:               1  (5.453e-05); expected (0.0002)
Windows   passing glocal HMM Forward       filter:               0  (0); expected (0.0002)
Windows   passing glocal HMM Forward  bias filter:               0  (0); expected (0.0002)
Envelopes passing glocal HMM envelope defn filter:               0  (0); expected (0.0002)
Envelopes passing  local CM  CYK           filter:               0  (0); expected (0.0001)
Total CM hits reported:                                          0  (0); includes 0 truncated hit(s)

# CPU time: 0.19u 0.00s 00:00:00.19 Elapsed: 00:00:00.02
//
Query:       group-II-D1D4-1  [CLEN=84]
Accession:   RF01998
Description: Group II catalytic intron D1-D4-1
Hit scores:
 rank     E-value  score  bias  sequence  start    end   mdl trunc   gc  description
 ----   --------- ------ -----  -------- ------ ------   --- ----- ----  -----------

   [No hits detected that satisfy reporting thresholds]


Hit alignments:

   [No hits detected that satisfy reporting thresholds]


Internal CM pipeline statistics summary:
----------------------------------------
Query model(s):                                                  1  (84 consensus positions)
Target sequences:                                                1  (8360004 residues searched)
Target sequences re-searched for truncated hits:                 1  (756 residues re-searched)
Windows   passing  local HMM SSV           filter:            3290  (0.08528); expected (0.06)
Windows   passing  local HMM Viterbi       filter:             741  (0.01981); expected (0.02)
Windows   passing  local HMM Viterbi  bias filter:             663  (0.01775); expected (0.02)
Windows   passing  local HMM Forward       filter:               6  (0.00015); expected (0.0002)
Windows   passing  local HMM Forward  bias filter:               5  (0.0001238); expected (0.0002)
Windows   passing glocal HMM Forward       filter:               4  (9.856e-05); expected (0.0002)
Windows   passing glocal HMM Forward  bias filter:               4  (9.856e-05); expected (0.0002)
Envelopes passing glocal HMM envelope defn filter:               4  (5.406e-05); expected (0.0002)
Envelopes passing  local CM  CYK           filter:               3  (2.237e-05); expected (0.0001)
Total CM hits reported:                                          0  (0); includes 0 truncated hit(s)

# CPU time: 0.29u 0.00s 00:00:00.28 Elapsed: 00:00:00.03
//
Query:       group-II-D1D4-2  [CLEN=118]
Accession:   RF01999
Description: Group II catalytic intron D1-D4-2
Hit scores:
 rank     E-value  score  bias  sequence  start    end   mdl trunc   gc  description
 ----   --------- ------ -----  -------- ------ ------   --- ----- ----  -----------

   [No hits detected that satisfy reporting thresholds]


Hit alignments:

   [No hits detected that satisfy reporting thresholds]


Internal CM pipeline statistics summary:
----------------------------------------
Query model(s):                                                  1  (118 consensus positions)
Target sequences:                                                1  (8360004 residues searched)
Target sequences re-searched for truncated hits:                 1  (632 residues re-searched)
Windows   passing  local HMM SSV           filter:            3725  (0.08396); expected (0.06)
Windows   passing  local HMM Viterbi       filter:             652  (0.0148); expected (0.02)
Windows   passing  local HMM Viterbi  bias filter:             619  (0.01405); expected (0.02)
Windows   passing  local HMM Forward       filter:              17  (0.0004319); expected (0.0002)
Windows   passing  local HMM Forward  bias filter:              14  (0.0003573); expected (0.0002)
Windows   passing glocal HMM Forward       filter:              12  (0.0002844); expected (0.0002)
Windows   passing glocal HMM Forward  bias filter:              12  (0.0002844); expected (0.0002)
Envelopes passing glocal HMM envelope defn filter:              12  (0.0001874); expected (0.0002)
Envelopes passing  local CM  CYK           filter:               0  (0); expected (0.0001)
Total CM hits reported:                                          0  (0); includes 0 truncated hit(s)

# CPU time: 0.45u 0.01s 00:00:00.46 Elapsed: 00:00:00.07
//
Query:       group-II-D1D4-3  [CLEN=171]
Accession:   RF02001
Description: Group II catalytic intron D1-D4-3
Hit scores:
 rank     E-value  score  bias  sequence  start    end   mdl trunc   gc  description
 ----   --------- ------ -----  -------- ------ ------   --- ----- ----  -----------

   [No hits detected that satisfy reporting thresholds]


Hit alignments:

   [No hits detected that satisfy reporting thresholds]


Internal CM pipeline statistics summary:
----------------------------------------
Query model(s):                                                  1  (171 consensus positions)
Target sequences:                                                1  (8360004 residues searched)
Target sequences re-searched for truncated hits:                 1  (1268 residues re-searched)
Windows   passing  local HMM SSV           filter:            2564  (0.1105); expected (0.06)
Windows   passing  local HMM Viterbi       filter:             638  (0.02892); expected (0.02)
Windows   passing  local HMM Viterbi  bias filter:             377  (0.01699); expected (0.02)
Windows   passing  local HMM Forward       filter:              27  (0.00135); expected (0.0002)
Windows   passing  local HMM Forward  bias filter:              18  (0.0008984); expected (0.0002)
Windows   passing glocal HMM Forward       filter:              16  (0.000799); expected (0.0002)
Windows   passing glocal HMM Forward  bias filter:              16  (0.000799); expected (0.0002)
Envelopes passing glocal HMM envelope defn filter:              16  (0.0004282); expected (0.0002)
Envelopes passing  local CM  CYK           filter:               8  (0.000152); expected (0.0001)
Total CM hits reported:                                          0  (0); includes 0 truncated hit(s)

# CPU time: 1.68u 0.09s 00:00:01.77 Elapsed: 00:00:00.40
//
Query:       group-II-D1D4-4  [CLEN=138]
Accession:   RF02003
Description: Group II catalytic intron D1-D4-4
Hit scores:
 rank     E-value  score  bias  sequence  start    end   mdl trunc   gc  description
 ----   --------- ------ -----  -------- ------ ------   --- ----- ----  -----------

   [No hits detected that satisfy reporting thresholds]


Hit alignments:

   [No hits detected that satisfy reporting thresholds]


Internal CM pipeline statistics summary:
----------------------------------------
Query model(s):                                                  1  (138 consensus positions)
Target sequences:                                                1  (8360004 residues searched)
Target sequences re-searched for truncated hits:                 1  (1460 residues re-searched)
Windows   passing  local HMM SSV           filter:            1577  (0.07425); expected (0.06)
Windows   passing  local HMM Viterbi       filter:             156  (0.007766); expected (0.02)
Windows   passing  local HMM Viterbi  bias filter:             128  (0.006331); expected (0.02)
Windows   passing  local HMM Forward       filter:               1  (5.059e-05); expected (0.0002)
Windows   passing  local HMM Forward  bias filter:               1  (5.059e-05); expected (0.0002)
Windows   passing glocal HMM Forward       filter:               1  (5.059e-05); expected (0.0002)
Windows   passing glocal HMM Forward  bias filter:               1  (5.059e-05); expected (0.0002)
Envelopes passing glocal HMM envelope defn filter:               1  (1.567e-05); expected (0.0002)
Envelopes passing  local CM  CYK           filter:               1  (1.495e-05); expected (0.0001)
Total CM hits reported:                                          0  (0); includes 0 truncated hit(s)

# CPU time: 0.28u 0.01s 00:00:00.29 Elapsed: 00:00:00.06
//
Query:       group-II-D1D4-5  [CLEN=201]
Accession:   RF02004
Description: Group II catalytic intron D1-D4-5
Hit scores:
 rank     E-value  score  bias  sequence  start    end   mdl trunc   gc  description
 ----   --------- ------ -----  -------- ------ ------   --- ----- ----  -----------

   [No hits detected that satisfy reporting thresholds]


Hit alignments:

   [No hits detected that satisfy reporting thresholds]


Internal CM pipeline statistics summary:
----------------------------------------
Query model(s):                                                  1  (201 consensus positions)
Target sequences:                                                1  (8360004 residues searched)
Target sequences re-searched for truncated hits:                 1  (1116 residues re-searched)
Windows   passing  local HMM SSV           filter:            3042  (0.1207); expected (0.06)
Windows   passing  local HMM Viterbi       filter:             465  (0.01897); expected (0.02)
Windows   passing  local HMM Viterbi  bias filter:             287  (0.01166); expected (0.02)
Windows   passing  local HMM Forward       filter:              18  (0.0007632); expected (0.0002)
Windows   passing  local HMM Forward  bias filter:              14  (0.0006003); expected (0.0002)
Windows   passing glocal HMM Forward       filter:              11  (0.0004658); expected (0.0002)
Windows   passing glocal HMM Forward  bias filter:              10  (0.0004261); expected (0.0002)
Envelopes passing glocal HMM envelope defn filter:              10  (0.0002736); expected (0.0002)
Envelopes passing  local CM  CYK           filter:               1  (1.734e-05); expected (0.0001)
Total CM hits reported:                                          0  (0); includes 0 truncated hit(s)

# CPU time: 1.06u 0.02s 00:00:01.08 Elapsed: 00:00:00.18
//
Query:       group-II-D1D4-6  [CLEN=225]
Accession:   RF02005
Description: Group II catalytic intron D1-D4-6
Hit scores:
 rank     E-value  score  bias  sequence  start    end   mdl trunc   gc  description
 ----   --------- ------ -----  -------- ------ ------   --- ----- ----  -----------

   [No hits detected that satisfy reporting thresholds]


Hit alignments:

   [No hits detected that satisfy reporting thresholds]


Internal CM pipeline statistics summary:
----------------------------------------
Query model(s):                                                  1  (225 consensus positions)
Target sequences:                                                1  (8360004 residues searched)
Target sequences re-searched for truncated hits:                 1  (1460 residues re-searched)
Windows   passing  local HMM SSV           filter:            1198  (0.06042); expected (0.06)
Windows   passing  local HMM Viterbi       filter:             165  (0.008378); expected (0.02)
Windows   passing  local HMM Viterbi  bias filter:             132  (0.006718); expected (0.02)
Windows   passing  local HMM Forward       filter:               5  (0.0002864); expected (0.0002)
Windows   passing  local HMM Forward  bias filter:               2  (0.0001002); expected (0.0002)
Windows   passing glocal HMM Forward       filter:               2  (0.0001002); expected (0.0002)
Windows   passing glocal HMM Forward  bias filter:               2  (0.0001002); expected (0.0002)
Envelopes passing glocal HMM envelope defn filter:               2  (5.585e-05); expected (0.0002)
Envelopes passing  local CM  CYK           filter:               0  (0); expected (0.0001)
Total CM hits reported:                                          0  (0); includes 0 truncated hit(s)

# CPU time: 0.41u 0.00s 00:00:00.41 Elapsed: 00:00:00.07
//
Query:       group-II-D1D4-7  [CLEN=148]
Accession:   RF02012
Description: Group II catalytic intron D1-D4-7
Hit scores:
 rank     E-value  score  bias  sequence  start    end   mdl trunc   gc  description
 ----   --------- ------ -----  -------- ------ ------   --- ----- ----  -----------

   [No hits detected that satisfy reporting thresholds]


Hit alignments:

   [No hits detected that satisfy reporting thresholds]


Internal CM pipeline statistics summary:
----------------------------------------
Query model(s):                                                  1  (148 consensus positions)
Target sequences:                                                1  (8360004 residues searched)
Target sequences re-searched for truncated hits:                 1  (1040 residues re-searched)
Windows   passing  local HMM SSV           filter:            2640  (0.09349); expected (0.06)
Windows   passing  local HMM Viterbi       filter:             297  (0.01086); expected (0.02)
Windows   passing  local HMM Viterbi  bias filter:             269  (0.009847); expected (0.02)
Windows   passing  local HMM Forward       filter:               9  (0.0003308); expected (0.0002)
Windows   passing  local HMM Forward  bias filter:               8  (0.0002864); expected (0.0002)
Windows   passing glocal HMM Forward       filter:               7  (0.0002864); expected (0.0002)
Windows   passing glocal HMM Forward  bias filter:               6  (0.0002525); expected (0.0002)
Envelopes passing glocal HMM envelope defn filter:               5  (0.000102); expected (0.0002)
Envelopes passing  local CM  CYK           filter:               2  (9.209e-06); expected (0.0001)
Total CM hits reported:                                          0  (0); includes 0 truncated hit(s)

# CPU time: 0.41u 0.01s 00:00:00.42 Elapsed: 00:00:00.06
//
[ok]
