# cmsearch :: search CM(s) against a sequence database
# INFERNAL 1.1.4 (Dec 2020)
# Copyright (C) 2020 Howard Hughes Medical Institute.
# Freely distributed under the BSD open source license.
# - - - - - - - - - - - - - - - - - - - - - - - - - - - - - - - - - - - -
# query CM file:                         cms/antitoxin.cm
# target sequence database:              genomes/PS-131.fas
# output directed to file:               sequences/PS-131/antitoxin.out
# tabular output of hits:                sequences/PS-131/antitoxin.tblout
# model-specific thresholding:           GA cutoffs
# Rfam pipeline mode:                    on [strict filtering]
# HMM-only mode for 0 basepair models:   no
# number of worker threads:              12
# - - - - - - - - - - - - - - - - - - - - - - - - - - - - - - - - - - - -

Query:       SIB_RNA  [CLEN=147]
Accession:   RF00113
Description: Short Intergenic Abundant RNA
Hit scores:
 rank     E-value  score  bias  sequence  start    end   mdl trunc   gc  description
 ----   --------- ------ -----  -------- ------ ------   --- ----- ----  -----------

   [No hits detected that satisfy reporting thresholds]


Hit alignments:

   [No hits detected that satisfy reporting thresholds]


Internal CM pipeline statistics summary:
----------------------------------------
Query model(s):                                                  1  (147 consensus positions)
Target sequences:                                                1  (8287514 residues searched)
Target sequences re-searched for truncated hits:                 1  (732 residues re-searched)
Windows   passing  local HMM SSV           filter:            5129  (0.1336); expected (0.06)
Windows   passing  local HMM Viterbi       filter:             886  (0.02409); expected (0.02)
Windows   passing  local HMM Viterbi  bias filter:             658  (0.01789); expected (0.02)
Windows   passing  local HMM Forward       filter:              59  (0.001646); expected (0.0002)
Windows   passing  local HMM Forward  bias filter:              44  (0.001184); expected (0.0002)
Windows   passing glocal HMM Forward       filter:              31  (0.0009206); expected (0.0002)
Windows   passing glocal HMM Forward  bias filter:              31  (0.0009206); expected (0.0002)
Envelopes passing glocal HMM envelope defn filter:              32  (0.0006736); expected (0.0002)
Envelopes passing  local CM  CYK           filter:               3  (2.92e-05); expected (0.0001)
Total CM hits reported:                                          0  (0); includes 0 truncated hit(s)

# CPU time: 1.30u 0.12s 00:00:01.42 Elapsed: 00:00:00.24
//
Query:       istR  [CLEN=130]
Accession:   RF01400
Description: istR Hfq binding RNA
Hit scores:
 rank     E-value  score  bias  sequence  start    end   mdl trunc   gc  description
 ----   --------- ------ -----  -------- ------ ------   --- ----- ----  -----------

   [No hits detected that satisfy reporting thresholds]


Hit alignments:

   [No hits detected that satisfy reporting thresholds]


Internal CM pipeline statistics summary:
----------------------------------------
Query model(s):                                                  1  (130 consensus positions)
Target sequences:                                                1  (8287514 residues searched)
Target sequences re-searched for truncated hits:                 1  (648 residues re-searched)
Windows   passing  local HMM SSV           filter:            2675  (0.06181); expected (0.06)
Windows   passing  local HMM Viterbi       filter:             389  (0.009131); expected (0.02)
Windows   passing  local HMM Viterbi  bias filter:             382  (0.008966); expected (0.02)
Windows   passing  local HMM Forward       filter:               9  (0.0002425); expected (0.0002)
Windows   passing  local HMM Forward  bias filter:               9  (0.0002425); expected (0.0002)
Windows   passing glocal HMM Forward       filter:               6  (0.0001479); expected (0.0002)
Windows   passing glocal HMM Forward  bias filter:               6  (0.0001479); expected (0.0002)
Envelopes passing glocal HMM envelope defn filter:               6  (0.0001094); expected (0.0002)
Envelopes passing  local CM  CYK           filter:               0  (0); expected (0.0001)
Total CM hits reported:                                          0  (0); includes 0 truncated hit(s)

# CPU time: 0.31u 0.01s 00:00:00.32 Elapsed: 00:00:00.04
//
Query:       RatA  [CLEN=90]
Accession:   RF01776
Description: RNA anti-toxin A
Hit scores:
 rank     E-value  score  bias  sequence  start    end   mdl trunc   gc  description
 ----   --------- ------ -----  -------- ------ ------   --- ----- ----  -----------

   [No hits detected that satisfy reporting thresholds]


Hit alignments:

   [No hits detected that satisfy reporting thresholds]


Internal CM pipeline statistics summary:
----------------------------------------
Query model(s):                                                  1  (90 consensus positions)
Target sequences:                                                1  (8287514 residues searched)
Target sequences re-searched for truncated hits:                 1  (448 residues re-searched)
Windows   passing  local HMM SSV           filter:            9846  (0.1616); expected (0.06)
Windows   passing  local HMM Viterbi       filter:            1807  (0.03099); expected (0.02)
Windows   passing  local HMM Viterbi  bias filter:            1041  (0.01771); expected (0.02)
Windows   passing  local HMM Forward       filter:              75  (0.001369); expected (0.0002)
Windows   passing  local HMM Forward  bias filter:              43  (0.0007938); expected (0.0002)
Windows   passing glocal HMM Forward       filter:              42  (0.0007737); expected (0.0002)
Windows   passing glocal HMM Forward  bias filter:              41  (0.0007574); expected (0.0002)
Envelopes passing glocal HMM envelope defn filter:              41  (0.0005361); expected (0.0002)
Envelopes passing  local CM  CYK           filter:               7  (8.482e-05); expected (0.0001)
Total CM hits reported:                                          0  (0); includes 0 truncated hit(s)

# CPU time: 0.70u 0.01s 00:00:00.71 Elapsed: 00:00:00.08
//
Query:       sok  [CLEN=157]
Accession:   RF01794
Description: sok antitoxin (CssrC)
Hit scores:
 rank     E-value  score  bias  sequence  start    end   mdl trunc   gc  description
 ----   --------- ------ -----  -------- ------ ------   --- ----- ----  -----------

   [No hits detected that satisfy reporting thresholds]


Hit alignments:

   [No hits detected that satisfy reporting thresholds]


Internal CM pipeline statistics summary:
----------------------------------------
Query model(s):                                                  1  (157 consensus positions)
Target sequences:                                                1  (8287514 residues searched)
Target sequences re-searched for truncated hits:                 1  (1184 residues re-searched)
Windows   passing  local HMM SSV           filter:            2843  (0.1155); expected (0.06)
Windows   passing  local HMM Viterbi       filter:             536  (0.02235); expected (0.02)
Windows   passing  local HMM Viterbi  bias filter:             481  (0.02005); expected (0.02)
Windows   passing  local HMM Forward       filter:              18  (0.0007563); expected (0.0002)
Windows   passing  local HMM Forward  bias filter:              18  (0.0007563); expected (0.0002)
Windows   passing glocal HMM Forward       filter:              13  (0.0005708); expected (0.0002)
Windows   passing glocal HMM Forward  bias filter:              12  (0.000533); expected (0.0002)
Envelopes passing glocal HMM envelope defn filter:              12  (0.0002945); expected (0.0002)
Envelopes passing  local CM  CYK           filter:               2  (1.098e-05); expected (0.0001)
Total CM hits reported:                                          0  (0); includes 0 truncated hit(s)

# CPU time: 0.83u 0.04s 00:00:00.87 Elapsed: 00:00:00.12
//
Query:       fstAT  [CLEN=94]
Accession:   RF01797
Description: Fst antitoxin sRNA
Hit scores:
 rank     E-value  score  bias  sequence  start    end   mdl trunc   gc  description
 ----   --------- ------ -----  -------- ------ ------   --- ----- ----  -----------

   [No hits detected that satisfy reporting thresholds]


Hit alignments:

   [No hits detected that satisfy reporting thresholds]


Internal CM pipeline statistics summary:
----------------------------------------
Query model(s):                                                  1  (94 consensus positions)
Target sequences:                                                1  (8287514 residues searched)
Target sequences re-searched for truncated hits:                 1  (496 residues re-searched)
Windows   passing  local HMM SSV           filter:            9262  (0.1681); expected (0.06)
Windows   passing  local HMM Viterbi       filter:            1592  (0.02994); expected (0.02)
Windows   passing  local HMM Viterbi  bias filter:            1209  (0.02265); expected (0.02)
Windows   passing  local HMM Forward       filter:             112  (0.002344); expected (0.0002)
Windows   passing  local HMM Forward  bias filter:              78  (0.00167); expected (0.0002)
Windows   passing glocal HMM Forward       filter:              45  (0.0009528); expected (0.0002)
Windows   passing glocal HMM Forward  bias filter:              41  (0.0008662); expected (0.0002)
Envelopes passing glocal HMM envelope defn filter:              41  (0.0005626); expected (0.0002)
Envelopes passing  local CM  CYK           filter:               8  (9.508e-05); expected (0.0001)
Total CM hits reported:                                          0  (0); includes 0 truncated hit(s)

# CPU time: 0.87u 0.02s 00:00:00.89 Elapsed: 00:00:00.10
//
Query:       symR  [CLEN=77]
Accession:   RF01809
Description: SymR antitoxin
Hit scores:
 rank     E-value  score  bias  sequence  start    end   mdl trunc   gc  description
 ----   --------- ------ -----  -------- ------ ------   --- ----- ----  -----------

   [No hits detected that satisfy reporting thresholds]


Hit alignments:

   [No hits detected that satisfy reporting thresholds]


Internal CM pipeline statistics summary:
----------------------------------------
Query model(s):                                                  1  (77 consensus positions)
Target sequences:                                                1  (8287514 residues searched)
Target sequences re-searched for truncated hits:                 1  (384 residues re-searched)
Windows   passing  local HMM SSV           filter:            6821  (0.09576); expected (0.06)
Windows   passing  local HMM Viterbi       filter:            1615  (0.0231); expected (0.02)
Windows   passing  local HMM Viterbi  bias filter:            1507  (0.02157); expected (0.02)
Windows   passing  local HMM Forward       filter:              32  (0.0005068); expected (0.0002)
Windows   passing  local HMM Forward  bias filter:              30  (0.0004704); expected (0.0002)
Windows   passing glocal HMM Forward       filter:              15  (0.0002173); expected (0.0002)
Windows   passing glocal HMM Forward  bias filter:              15  (0.0002173); expected (0.0002)
Envelopes passing glocal HMM envelope defn filter:              15  (0.0001676); expected (0.0002)
Envelopes passing  local CM  CYK           filter:               1  (8.808e-06); expected (0.0001)
Total CM hits reported:                                          0  (0); includes 0 truncated hit(s)

# CPU time: 0.31u 0.00s 00:00:00.31 Elapsed: 00:00:00.04
//
Query:       PtaRNA1  [CLEN=72]
Accession:   RF01811
Description: Plasmid transferred anti-sense RNA
Hit scores:
 rank     E-value  score  bias  sequence  start    end   mdl trunc   gc  description
 ----   --------- ------ -----  -------- ------ ------   --- ----- ----  -----------

   [No hits detected that satisfy reporting thresholds]


Hit alignments:

   [No hits detected that satisfy reporting thresholds]


Internal CM pipeline statistics summary:
----------------------------------------
Query model(s):                                                  1  (72 consensus positions)
Target sequences:                                                1  (8287514 residues searched)
Target sequences re-searched for truncated hits:                 1  (360 residues re-searched)
Windows   passing  local HMM SSV           filter:            4547  (0.05985); expected (0.06)
Windows   passing  local HMM Viterbi       filter:            1289  (0.0172); expected (0.02)
Windows   passing  local HMM Viterbi  bias filter:            1206  (0.01608); expected (0.02)
Windows   passing  local HMM Forward       filter:              15  (0.0002194); expected (0.0002)
Windows   passing  local HMM Forward  bias filter:              13  (0.0001935); expected (0.0002)
Windows   passing glocal HMM Forward       filter:               7  (9.303e-05); expected (0.0002)
Windows   passing glocal HMM Forward  bias filter:               7  (9.303e-05); expected (0.0002)
Envelopes passing glocal HMM envelope defn filter:               7  (6.347e-05); expected (0.0002)
Envelopes passing  local CM  CYK           filter:               3  (2.498e-05); expected (0.0001)
Total CM hits reported:                                          0  (0); includes 0 truncated hit(s)

# CPU time: 0.24u 0.00s 00:00:00.24 Elapsed: 00:00:00.04
//
Query:       rdlD  [CLEN=66]
Accession:   RF01813
Description: rdlD antitoxin
Hit scores:
 rank     E-value  score  bias  sequence  start    end   mdl trunc   gc  description
 ----   --------- ------ -----  -------- ------ ------   --- ----- ----  -----------

   [No hits detected that satisfy reporting thresholds]


Hit alignments:

   [No hits detected that satisfy reporting thresholds]


Internal CM pipeline statistics summary:
----------------------------------------
Query model(s):                                                  1  (66 consensus positions)
Target sequences:                                                1  (8287514 residues searched)
Target sequences re-searched for truncated hits:                 1  (328 residues re-searched)
Windows   passing  local HMM SSV           filter:            4816  (0.05811); expected (0.06)
Windows   passing  local HMM Viterbi       filter:            1215  (0.01476); expected (0.02)
Windows   passing  local HMM Viterbi  bias filter:            1064  (0.01291); expected (0.02)
Windows   passing  local HMM Forward       filter:              11  (0.0001473); expected (0.0002)
Windows   passing  local HMM Forward  bias filter:               9  (0.0001209); expected (0.0002)
Windows   passing glocal HMM Forward       filter:               5  (7.348e-05); expected (0.0002)
Windows   passing glocal HMM Forward  bias filter:               5  (7.348e-05); expected (0.0002)
Envelopes passing glocal HMM envelope defn filter:               5  (4.573e-05); expected (0.0002)
Envelopes passing  local CM  CYK           filter:               2  (1.508e-05); expected (0.0001)
Total CM hits reported:                                          0  (0); includes 0 truncated hit(s)

# CPU time: 0.20u 0.01s 00:00:00.21 Elapsed: 00:00:00.03
//
Query:       OrzO-P  [CLEN=76]
Accession:   RF02083
Description: OrzO-P RNA antitoxin family
Hit scores:
 rank     E-value  score  bias  sequence  start    end   mdl trunc   gc  description
 ----   --------- ------ -----  -------- ------ ------   --- ----- ----  -----------

   [No hits detected that satisfy reporting thresholds]


Hit alignments:

   [No hits detected that satisfy reporting thresholds]


Internal CM pipeline statistics summary:
----------------------------------------
Query model(s):                                                  1  (76 consensus positions)
Target sequences:                                                1  (8287514 residues searched)
Target sequences re-searched for truncated hits:                 1  (380 residues re-searched)
Windows   passing  local HMM SSV           filter:            9254  (0.1288); expected (0.06)
Windows   passing  local HMM Viterbi       filter:            2836  (0.0406); expected (0.02)
Windows   passing  local HMM Viterbi  bias filter:            2341  (0.0336); expected (0.02)
Windows   passing  local HMM Forward       filter:             168  (0.002611); expected (0.0002)
Windows   passing  local HMM Forward  bias filter:             133  (0.002078); expected (0.0002)
Windows   passing glocal HMM Forward       filter:             109  (0.001758); expected (0.0002)
Windows   passing glocal HMM Forward  bias filter:             105  (0.001684); expected (0.0002)
Envelopes passing glocal HMM envelope defn filter:             104  (0.001159); expected (0.0002)
Envelopes passing  local CM  CYK           filter:              75  (0.0007599); expected (0.0001)
Total CM hits reported:                                          0  (0); includes 0 truncated hit(s)

# CPU time: 1.75u 0.01s 00:00:01.76 Elapsed: 00:00:00.19
//
Query:       ohsC_RNA  [CLEN=77]
Accession:   RF02495
Description: Oppression of Hydrophobic ORF by sRNA
Hit scores:
 rank     E-value  score  bias  sequence  start    end   mdl trunc   gc  description
 ----   --------- ------ -----  -------- ------ ------   --- ----- ----  -----------

   [No hits detected that satisfy reporting thresholds]


Hit alignments:

   [No hits detected that satisfy reporting thresholds]


Internal CM pipeline statistics summary:
----------------------------------------
Query model(s):                                                  1  (77 consensus positions)
Target sequences:                                                1  (8287514 residues searched)
Target sequences re-searched for truncated hits:                 1  (384 residues re-searched)
Windows   passing  local HMM SSV           filter:            8245  (0.1161); expected (0.06)
Windows   passing  local HMM Viterbi       filter:            2223  (0.03193); expected (0.02)
Windows   passing  local HMM Viterbi  bias filter:            1818  (0.02613); expected (0.02)
Windows   passing  local HMM Forward       filter:             117  (0.001785); expected (0.0002)
Windows   passing  local HMM Forward  bias filter:              89  (0.001363); expected (0.0002)
Windows   passing glocal HMM Forward       filter:              60  (0.0009835); expected (0.0002)
Windows   passing glocal HMM Forward  bias filter:              59  (0.000961); expected (0.0002)
Envelopes passing glocal HMM envelope defn filter:              59  (0.0006616); expected (0.0002)
Envelopes passing  local CM  CYK           filter:              24  (0.000242); expected (0.0001)
Total CM hits reported:                                          0  (0); includes 0 truncated hit(s)

# CPU time: 0.80u 0.01s 00:00:00.81 Elapsed: 00:00:00.09
//
Query:       ToxI  [CLEN=34]
Accession:   RF02519
Description: ToxI antitoxin
Hit scores:
 rank     E-value  score  bias  sequence  start    end   mdl trunc   gc  description
 ----   --------- ------ -----  -------- ------ ------   --- ----- ----  -----------

   [No hits detected that satisfy reporting thresholds]


Hit alignments:

   [No hits detected that satisfy reporting thresholds]


Internal CM pipeline statistics summary:
----------------------------------------
Query model(s):                                                  1  (34 consensus positions)
Target sequences:                                                1  (8287514 residues searched)
Target sequences re-searched for truncated hits:                 1  (192 residues re-searched)
Windows   passing  local HMM SSV           filter:            6887  (0.04902); expected (0.06)
Windows   passing  local HMM Viterbi       filter:            1116  (0.007944); expected (0.02)
Windows   passing  local HMM Viterbi  bias filter:            1005  (0.007148); expected (0.02)
Windows   passing  local HMM Forward       filter:              13  (0.0001012); expected (0.0002)
Windows   passing  local HMM Forward  bias filter:               9  (6.95e-05); expected (0.0002)
Windows   passing glocal HMM Forward       filter:               6  (4.935e-05); expected (0.0002)
Windows   passing glocal HMM Forward  bias filter:               6  (4.935e-05); expected (0.0002)
Envelopes passing glocal HMM envelope defn filter:               6  (3.173e-05); expected (0.0002)
Envelopes passing  local CM  CYK           filter:               4  (2.039e-05); expected (0.0001)
Total CM hits reported:                                          0  (0); includes 0 truncated hit(s)

# CPU time: 0.13u 0.00s 00:00:00.13 Elapsed: 00:00:00.02
//
[ok]
