# cmsearch :: search CM(s) against a sequence database
# INFERNAL 1.1.4 (Dec 2020)
# Copyright (C) 2020 Howard Hughes Medical Institute.
# Freely distributed under the BSD open source license.
# - - - - - - - - - - - - - - - - - - - - - - - - - - - - - - - - - - - -
# query CM file:                         cms/ribozyme.cm
# target sequence database:              genomes/PS-24_plasmid1.fas
# output directed to file:               sequences/PS-24_plasmid1/ribozyme.out
# tabular output of hits:                sequences/PS-24_plasmid1/ribozyme.tblout
# model-specific thresholding:           GA cutoffs
# Rfam pipeline mode:                    on [strict filtering]
# HMM-only mode for 0 basepair models:   no
# number of worker threads:              12
# - - - - - - - - - - - - - - - - - - - - - - - - - - - - - - - - - - - -

Query:       Hammerhead_3  [CLEN=54]
Accession:   RF00008
Description: Hammerhead ribozyme (type III)
Hit scores:
 rank     E-value  score  bias  sequence  start    end   mdl trunc   gc  description
 ----   --------- ------ -----  -------- ------ ------   --- ----- ----  -----------

   [No hits detected that satisfy reporting thresholds]


Hit alignments:

   [No hits detected that satisfy reporting thresholds]


Internal CM pipeline statistics summary:
----------------------------------------
Query model(s):                                                  1  (54 consensus positions)
Target sequences:                                                1  (172402 residues searched)
Target sequences re-searched for truncated hits:                 1  (872 residues re-searched)
Windows   passing  local HMM SSV           filter:              24  (0.03107); expected (0.06)
Windows   passing  local HMM Viterbi       filter:              10  (0.01279); expected (0.02)
Windows   passing  local HMM Viterbi  bias filter:              10  (0.01279); expected (0.02)
Windows   passing  local HMM Forward       filter:               2  (0.002233); expected (0.0002)
Windows   passing  local HMM Forward  bias filter:               2  (0.002233); expected (0.0002)
Windows   passing glocal HMM Forward       filter:               2  (0.002233); expected (0.0002)
Windows   passing glocal HMM Forward  bias filter:               2  (0.002233); expected (0.0002)
Envelopes passing glocal HMM envelope defn filter:               2  (0.0006925); expected (0.0002)
Envelopes passing  local CM  CYK           filter:               1  (0.0003347); expected (0.0001)
Total CM hits reported:                                          0  (0); includes 0 truncated hit(s)

# CPU time: 0.02u 0.00s 00:00:00.02 Elapsed: 00:00:00.01
//
Query:       RNaseP_nuc  [CLEN=303]
Accession:   RF00009
Description: Nuclear RNase P
Hit scores:
 rank     E-value  score  bias  sequence  start    end   mdl trunc   gc  description
 ----   --------- ------ -----  -------- ------ ------   --- ----- ----  -----------

   [No hits detected that satisfy reporting thresholds]


Hit alignments:

   [No hits detected that satisfy reporting thresholds]


Internal CM pipeline statistics summary:
----------------------------------------
Query model(s):                                                  1  (303 consensus positions)
Target sequences:                                                1  (172402 residues searched)
Target sequences re-searched for truncated hits:                 1  (4020 residues re-searched)
Windows   passing  local HMM SSV           filter:               8  (0.05026); expected (0.06)
Windows   passing  local HMM Viterbi       filter:               2  (0.01321); expected (0.02)
Windows   passing  local HMM Viterbi  bias filter:               2  (0.01321); expected (0.02)
Windows   passing  local HMM Forward       filter:               0  (0); expected (0.0002)
Windows   passing  local HMM Forward  bias filter:               0  (0); expected (0.0002)
Windows   passing glocal HMM Forward       filter:               0  (0); expected (0.0002)
Windows   passing glocal HMM Forward  bias filter:               0  (0); expected (0.0002)
Envelopes passing glocal HMM envelope defn filter:               0  (0); expected (0.0002)
Envelopes passing  local CM  CYK           filter:               0  (0); expected (0.0001)
Total CM hits reported:                                          0  (0); includes 0 truncated hit(s)

# CPU time: 0.02u 0.01s 00:00:00.03 Elapsed: 00:00:00.03
//
Query:       RNaseP_bact_a  [CLEN=367]
Accession:   RF00010
Description: Bacterial RNase P class A
Hit scores:
 rank     E-value  score  bias  sequence  start    end   mdl trunc   gc  description
 ----   --------- ------ -----  -------- ------ ------   --- ----- ----  -----------

   [No hits detected that satisfy reporting thresholds]


Hit alignments:

   [No hits detected that satisfy reporting thresholds]


Internal CM pipeline statistics summary:
----------------------------------------
Query model(s):                                                  1  (367 consensus positions)
Target sequences:                                                1  (172402 residues searched)
Target sequences re-searched for truncated hits:                 1  (2892 residues re-searched)
Windows   passing  local HMM SSV           filter:              15  (0.07429); expected (0.06)
Windows   passing  local HMM Viterbi       filter:               1  (0.004769); expected (0.02)
Windows   passing  local HMM Viterbi  bias filter:               1  (0.004769); expected (0.02)
Windows   passing  local HMM Forward       filter:               0  (0); expected (0.0002)
Windows   passing  local HMM Forward  bias filter:               0  (0); expected (0.0002)
Windows   passing glocal HMM Forward       filter:               0  (0); expected (0.0002)
Windows   passing glocal HMM Forward  bias filter:               0  (0); expected (0.0002)
Envelopes passing glocal HMM envelope defn filter:               0  (0); expected (0.0002)
Envelopes passing  local CM  CYK           filter:               0  (0); expected (0.0001)
Total CM hits reported:                                          0  (0); includes 0 truncated hit(s)

# CPU time: 0.02u 0.01s 00:00:00.03 Elapsed: 00:00:00.03
//
Query:       RNaseP_bact_b  [CLEN=366]
Accession:   RF00011
Description: Bacterial RNase P class B
Hit scores:
 rank     E-value  score  bias  sequence  start    end   mdl trunc   gc  description
 ----   --------- ------ -----  -------- ------ ------   --- ----- ----  -----------

   [No hits detected that satisfy reporting thresholds]


Hit alignments:

   [No hits detected that satisfy reporting thresholds]


Internal CM pipeline statistics summary:
----------------------------------------
Query model(s):                                                  1  (366 consensus positions)
Target sequences:                                                1  (172402 residues searched)
Target sequences re-searched for truncated hits:                 1  (1932 residues re-searched)
Windows   passing  local HMM SSV           filter:              41  (0.1362); expected (0.06)
Windows   passing  local HMM Viterbi       filter:               0  (0); expected (0.02)
Windows   passing  local HMM Viterbi  bias filter:               0  (0); expected (0.02)
Windows   passing  local HMM Forward       filter:               0  (0); expected (0.0002)
Windows   passing  local HMM Forward  bias filter:               0  (0); expected (0.0002)
Windows   passing glocal HMM Forward       filter:               0  (0); expected (0.0002)
Windows   passing glocal HMM Forward  bias filter:               0  (0); expected (0.0002)
Envelopes passing glocal HMM envelope defn filter:               0  (0); expected (0.0002)
Envelopes passing  local CM  CYK           filter:               0  (0); expected (0.0001)
Total CM hits reported:                                          0  (0); includes 0 truncated hit(s)

# CPU time: 0.01u 0.01s 00:00:00.02 Elapsed: 00:00:00.02
//
Query:       RNase_MRP  [CLEN=266]
Accession:   RF00030
Description: RNase MRP
Hit scores:
 rank     E-value  score  bias  sequence  start    end   mdl trunc   gc  description
 ----   --------- ------ -----  -------- ------ ------   --- ----- ----  -----------

   [No hits detected that satisfy reporting thresholds]


Hit alignments:

   [No hits detected that satisfy reporting thresholds]


Internal CM pipeline statistics summary:
----------------------------------------
Query model(s):                                                  1  (266 consensus positions)
Target sequences:                                                1  (172402 residues searched)
Target sequences re-searched for truncated hits:                 1  (7472 residues re-searched)
Windows   passing  local HMM SSV           filter:               8  (0.09434); expected (0.06)
Windows   passing  local HMM Viterbi       filter:               0  (0); expected (0.02)
Windows   passing  local HMM Viterbi  bias filter:               0  (0); expected (0.02)
Windows   passing  local HMM Forward       filter:               0  (0); expected (0.0002)
Windows   passing  local HMM Forward  bias filter:               0  (0); expected (0.0002)
Windows   passing glocal HMM Forward       filter:               0  (0); expected (0.0002)
Windows   passing glocal HMM Forward  bias filter:               0  (0); expected (0.0002)
Envelopes passing glocal HMM envelope defn filter:               0  (0); expected (0.0002)
Envelopes passing  local CM  CYK           filter:               0  (0); expected (0.0001)
Total CM hits reported:                                          0  (0); includes 0 truncated hit(s)

# CPU time: 0.02u 0.00s 00:00:00.02 Elapsed: 00:00:00.02
//
Query:       HDV_ribozyme  [CLEN=91]
Accession:   RF00094
Description: Hepatitis delta virus ribozyme
Hit scores:
 rank     E-value  score  bias  sequence  start    end   mdl trunc   gc  description
 ----   --------- ------ -----  -------- ------ ------   --- ----- ----  -----------

   [No hits detected that satisfy reporting thresholds]


Hit alignments:

   [No hits detected that satisfy reporting thresholds]


Internal CM pipeline statistics summary:
----------------------------------------
Query model(s):                                                  1  (91 consensus positions)
Target sequences:                                                1  (172402 residues searched)
Target sequences re-searched for truncated hits:                 1  (460 residues re-searched)
Windows   passing  local HMM SSV           filter:               6  (0.00479); expected (0.06)
Windows   passing  local HMM Viterbi       filter:               2  (0.001602); expected (0.02)
Windows   passing  local HMM Viterbi  bias filter:               2  (0.001602); expected (0.02)
Windows   passing  local HMM Forward       filter:               0  (0); expected (0.0002)
Windows   passing  local HMM Forward  bias filter:               0  (0); expected (0.0002)
Windows   passing glocal HMM Forward       filter:               0  (0); expected (0.0002)
Windows   passing glocal HMM Forward  bias filter:               0  (0); expected (0.0002)
Envelopes passing glocal HMM envelope defn filter:               0  (0); expected (0.0002)
Envelopes passing  local CM  CYK           filter:               0  (0); expected (0.0001)
Total CM hits reported:                                          0  (0); includes 0 truncated hit(s)

# CPU time: 0.01u 0.00s 00:00:00.01 Elapsed: 00:00:00.00
//
Query:       Hammerhead_1  [CLEN=46]
Accession:   RF00163
Description: Hammerhead ribozyme (type I)
Hit scores:
 rank     E-value  score  bias  sequence  start    end   mdl trunc   gc  description
 ----   --------- ------ -----  -------- ------ ------   --- ----- ----  -----------

   [No hits detected that satisfy reporting thresholds]


Hit alignments:

   [No hits detected that satisfy reporting thresholds]


Internal CM pipeline statistics summary:
----------------------------------------
Query model(s):                                                  1  (46 consensus positions)
Target sequences:                                                1  (172402 residues searched)
Target sequences re-searched for truncated hits:                 1  (3812 residues re-searched)
Windows   passing  local HMM SSV           filter:              12  (0.05619); expected (0.06)
Windows   passing  local HMM Viterbi       filter:               5  (0.02614); expected (0.02)
Windows   passing  local HMM Viterbi  bias filter:               5  (0.02614); expected (0.02)
Windows   passing  local HMM Forward       filter:               0  (0); expected (0.0002)
Windows   passing  local HMM Forward  bias filter:               0  (0); expected (0.0002)
Windows   passing glocal HMM Forward       filter:               0  (0); expected (0.0002)
Windows   passing glocal HMM Forward  bias filter:               0  (0); expected (0.0002)
Envelopes passing glocal HMM envelope defn filter:               0  (0); expected (0.0002)
Envelopes passing  local CM  CYK           filter:               0  (0); expected (0.0001)
Total CM hits reported:                                          0  (0); includes 0 truncated hit(s)

# CPU time: 0.01u 0.00s 00:00:00.01 Elapsed: 00:00:00.00
//
Query:       Hairpin  [CLEN=52]
Accession:   RF00173
Description: Hairpin ribozyme
Hit scores:
 rank     E-value  score  bias  sequence  start    end   mdl trunc   gc  description
 ----   --------- ------ -----  -------- ------ ------   --- ----- ----  -----------

   [No hits detected that satisfy reporting thresholds]


Hit alignments:

   [No hits detected that satisfy reporting thresholds]


Internal CM pipeline statistics summary:
----------------------------------------
Query model(s):                                                  1  (52 consensus positions)
Target sequences:                                                1  (172402 residues searched)
Target sequences re-searched for truncated hits:                 1  (268 residues re-searched)
Windows   passing  local HMM SSV           filter:              94  (0.04492); expected (0.06)
Windows   passing  local HMM Viterbi       filter:              24  (0.01138); expected (0.02)
Windows   passing  local HMM Viterbi  bias filter:              18  (0.008542); expected (0.02)
Windows   passing  local HMM Forward       filter:               0  (0); expected (0.0002)
Windows   passing  local HMM Forward  bias filter:               0  (0); expected (0.0002)
Windows   passing glocal HMM Forward       filter:               0  (0); expected (0.0002)
Windows   passing glocal HMM Forward  bias filter:               0  (0); expected (0.0002)
Envelopes passing glocal HMM envelope defn filter:               0  (0); expected (0.0002)
Envelopes passing  local CM  CYK           filter:               0  (0); expected (0.0001)
Total CM hits reported:                                          0  (0); includes 0 truncated hit(s)

# CPU time: 0.01u 0.00s 00:00:00.01 Elapsed: 00:00:00.00
//
Query:       RNaseP_arch  [CLEN=303]
Accession:   RF00373
Description: Archaeal RNase P
Hit scores:
 rank     E-value  score  bias  sequence  start    end   mdl trunc   gc  description
 ----   --------- ------ -----  -------- ------ ------   --- ----- ----  -----------

   [No hits detected that satisfy reporting thresholds]


Hit alignments:

   [No hits detected that satisfy reporting thresholds]


Internal CM pipeline statistics summary:
----------------------------------------
Query model(s):                                                  1  (303 consensus positions)
Target sequences:                                                1  (172402 residues searched)
Target sequences re-searched for truncated hits:                 1  (2744 residues re-searched)
Windows   passing  local HMM SSV           filter:              10  (0.04355); expected (0.06)
Windows   passing  local HMM Viterbi       filter:               0  (0); expected (0.02)
Windows   passing  local HMM Viterbi  bias filter:               0  (0); expected (0.02)
Windows   passing  local HMM Forward       filter:               0  (0); expected (0.0002)
Windows   passing  local HMM Forward  bias filter:               0  (0); expected (0.0002)
Windows   passing glocal HMM Forward       filter:               0  (0); expected (0.0002)
Windows   passing glocal HMM Forward  bias filter:               0  (0); expected (0.0002)
Envelopes passing glocal HMM envelope defn filter:               0  (0); expected (0.0002)
Envelopes passing  local CM  CYK           filter:               0  (0); expected (0.0001)
Total CM hits reported:                                          0  (0); includes 0 truncated hit(s)

# CPU time: 0.02u 0.00s 00:00:00.02 Elapsed: 00:00:00.02
//
Query:       CoTC_ribozyme  [CLEN=191]
Accession:   RF00621
Description: Beta-globin co-transcriptional cleavage ribozyme
Hit scores:
 rank     E-value  score  bias  sequence  start    end   mdl trunc   gc  description
 ----   --------- ------ -----  -------- ------ ------   --- ----- ----  -----------

   [No hits detected that satisfy reporting thresholds]


Hit alignments:

   [No hits detected that satisfy reporting thresholds]


Internal CM pipeline statistics summary:
----------------------------------------
Query model(s):                                                  1  (191 consensus positions)
Target sequences:                                                1  (172402 residues searched)
Target sequences re-searched for truncated hits:                 1  (952 residues re-searched)
Windows   passing  local HMM SSV           filter:             134  (0.2178); expected (0.06)
Windows   passing  local HMM Viterbi       filter:              15  (0.02547); expected (0.02)
Windows   passing  local HMM Viterbi  bias filter:               7  (0.01142); expected (0.02)
Windows   passing  local HMM Forward       filter:               0  (0); expected (0.0002)
Windows   passing  local HMM Forward  bias filter:               0  (0); expected (0.0002)
Windows   passing glocal HMM Forward       filter:               0  (0); expected (0.0002)
Windows   passing glocal HMM Forward  bias filter:               0  (0); expected (0.0002)
Envelopes passing glocal HMM envelope defn filter:               0  (0); expected (0.0002)
Envelopes passing  local CM  CYK           filter:               0  (0); expected (0.0001)
Total CM hits reported:                                          0  (0); includes 0 truncated hit(s)

# CPU time: 0.02u 0.00s 00:00:00.02 Elapsed: 00:00:00.01
//
Query:       CPEB3_ribozyme  [CLEN=78]
Accession:   RF00622
Description: Mammalian CPEB3 ribozyme
Hit scores:
 rank     E-value  score  bias  sequence  start    end   mdl trunc   gc  description
 ----   --------- ------ -----  -------- ------ ------   --- ----- ----  -----------

   [No hits detected that satisfy reporting thresholds]


Hit alignments:

   [No hits detected that satisfy reporting thresholds]


Internal CM pipeline statistics summary:
----------------------------------------
Query model(s):                                                  1  (78 consensus positions)
Target sequences:                                                1  (172402 residues searched)
Target sequences re-searched for truncated hits:                 1  (388 residues re-searched)
Windows   passing  local HMM SSV           filter:              94  (0.06367); expected (0.06)
Windows   passing  local HMM Viterbi       filter:              17  (0.01162); expected (0.02)
Windows   passing  local HMM Viterbi  bias filter:              17  (0.01162); expected (0.02)
Windows   passing  local HMM Forward       filter:               1  (0.00103); expected (0.0002)
Windows   passing  local HMM Forward  bias filter:               1  (0.00103); expected (0.0002)
Windows   passing glocal HMM Forward       filter:               1  (0.00103); expected (0.0002)
Windows   passing glocal HMM Forward  bias filter:               1  (0.00103); expected (0.0002)
Envelopes passing glocal HMM envelope defn filter:               1  (0.0005614); expected (0.0002)
Envelopes passing  local CM  CYK           filter:               0  (0); expected (0.0001)
Total CM hits reported:                                          0  (0); includes 0 truncated hit(s)

# CPU time: 0.01u 0.00s 00:00:00.01 Elapsed: 00:00:00.01
//
Query:       RNase_P  [CLEN=626]
Accession:   RF01577
Description: Plasmodium RNase_P
Hit scores:
 rank     E-value  score  bias  sequence  start    end   mdl trunc   gc  description
 ----   --------- ------ -----  -------- ------ ------   --- ----- ----  -----------

   [No hits detected that satisfy reporting thresholds]


Hit alignments:

   [No hits detected that satisfy reporting thresholds]


Internal CM pipeline statistics summary:
----------------------------------------
Query model(s):                                                  1  (626 consensus positions)
Target sequences:                                                1  (172402 residues searched)
Target sequences re-searched for truncated hits:                 1  (3128 residues re-searched)
Windows   passing  local HMM SSV           filter:             241  (0.9316); expected (0.06)
Windows   passing  local HMM Viterbi       filter:             174  (0.7858); expected (0.02)
Windows   passing  local HMM Viterbi  bias filter:               0  (0); expected (0.02)
Windows   passing  local HMM Forward       filter:               0  (0); expected (0.0002)
Windows   passing  local HMM Forward  bias filter:               0  (0); expected (0.0002)
Windows   passing glocal HMM Forward       filter:               0  (0); expected (0.0002)
Windows   passing glocal HMM Forward  bias filter:               0  (0); expected (0.0002)
Envelopes passing glocal HMM envelope defn filter:               0  (0); expected (0.0002)
Envelopes passing  local CM  CYK           filter:               0  (0); expected (0.0001)
Total CM hits reported:                                          0  (0); includes 0 truncated hit(s)

# CPU time: 0.09u 0.00s 00:00:00.09 Elapsed: 00:00:00.10
//
Query:       drz-agam-1  [CLEN=82]
Accession:   RF01787
Description: drz-agam-1 ribozyme
Hit scores:
 rank     E-value  score  bias  sequence  start    end   mdl trunc   gc  description
 ----   --------- ------ -----  -------- ------ ------   --- ----- ----  -----------

   [No hits detected that satisfy reporting thresholds]


Hit alignments:

   [No hits detected that satisfy reporting thresholds]


Internal CM pipeline statistics summary:
----------------------------------------
Query model(s):                                                  1  (82 consensus positions)
Target sequences:                                                1  (172402 residues searched)
Target sequences re-searched for truncated hits:                 1  (488 residues re-searched)
Windows   passing  local HMM SSV           filter:              68  (0.05576); expected (0.06)
Windows   passing  local HMM Viterbi       filter:              11  (0.008988); expected (0.02)
Windows   passing  local HMM Viterbi  bias filter:              11  (0.008988); expected (0.02)
Windows   passing  local HMM Forward       filter:               0  (0); expected (0.0002)
Windows   passing  local HMM Forward  bias filter:               0  (0); expected (0.0002)
Windows   passing glocal HMM Forward       filter:               0  (0); expected (0.0002)
Windows   passing glocal HMM Forward  bias filter:               0  (0); expected (0.0002)
Envelopes passing glocal HMM envelope defn filter:               0  (0); expected (0.0002)
Envelopes passing  local CM  CYK           filter:               0  (0); expected (0.0001)
Total CM hits reported:                                          0  (0); includes 0 truncated hit(s)

# CPU time: 0.00u 0.01s 00:00:00.01 Elapsed: 00:00:00.00
//
Query:       drz-agam-2-2  [CLEN=191]
Accession:   RF01788
Description: drz-agam-2-2 ribozyme
Hit scores:
 rank     E-value  score  bias  sequence  start    end   mdl trunc   gc  description
 ----   --------- ------ -----  -------- ------ ------   --- ----- ----  -----------

   [No hits detected that satisfy reporting thresholds]


Hit alignments:

   [No hits detected that satisfy reporting thresholds]


Internal CM pipeline statistics summary:
----------------------------------------
Query model(s):                                                  1  (191 consensus positions)
Target sequences:                                                1  (172402 residues searched)
Target sequences re-searched for truncated hits:                 1  (952 residues re-searched)
Windows   passing  local HMM SSV           filter:              47  (0.07601); expected (0.06)
Windows   passing  local HMM Viterbi       filter:               5  (0.00792); expected (0.02)
Windows   passing  local HMM Viterbi  bias filter:               3  (0.004944); expected (0.02)
Windows   passing  local HMM Forward       filter:               0  (0); expected (0.0002)
Windows   passing  local HMM Forward  bias filter:               0  (0); expected (0.0002)
Windows   passing glocal HMM Forward       filter:               0  (0); expected (0.0002)
Windows   passing glocal HMM Forward  bias filter:               0  (0); expected (0.0002)
Envelopes passing glocal HMM envelope defn filter:               0  (0); expected (0.0002)
Envelopes passing  local CM  CYK           filter:               0  (0); expected (0.0001)
Total CM hits reported:                                          0  (0); includes 0 truncated hit(s)

# CPU time: 0.02u 0.00s 00:00:00.02 Elapsed: 00:00:00.01
//
Query:       GIR1  [CLEN=199]
Accession:   RF01807
Description: GIR1 branching ribozyme
Hit scores:
 rank     E-value  score  bias  sequence  start    end   mdl trunc   gc  description
 ----   --------- ------ -----  -------- ------ ------   --- ----- ----  -----------

   [No hits detected that satisfy reporting thresholds]


Hit alignments:

   [No hits detected that satisfy reporting thresholds]


Internal CM pipeline statistics summary:
----------------------------------------
Query model(s):                                                  1  (199 consensus positions)
Target sequences:                                                1  (172402 residues searched)
Target sequences re-searched for truncated hits:                 1  (1096 residues re-searched)
Windows   passing  local HMM SSV           filter:              76  (0.142); expected (0.06)
Windows   passing  local HMM Viterbi       filter:              11  (0.0205); expected (0.02)
Windows   passing  local HMM Viterbi  bias filter:               8  (0.01487); expected (0.02)
Windows   passing  local HMM Forward       filter:               0  (0); expected (0.0002)
Windows   passing  local HMM Forward  bias filter:               0  (0); expected (0.0002)
Windows   passing glocal HMM Forward       filter:               0  (0); expected (0.0002)
Windows   passing glocal HMM Forward  bias filter:               0  (0); expected (0.0002)
Envelopes passing glocal HMM envelope defn filter:               0  (0); expected (0.0002)
Envelopes passing  local CM  CYK           filter:               0  (0); expected (0.0001)
Total CM hits reported:                                          0  (0); includes 0 truncated hit(s)

# CPU time: 0.02u 0.00s 00:00:00.02 Elapsed: 00:00:00.01
//
Query:       Vg1_ribozyme  [CLEN=142]
Accession:   RF01865
Description: Manganese dependent ribozyme in Vg1 mRNA
Hit scores:
 rank     E-value  score  bias  sequence  start    end   mdl trunc   gc  description
 ----   --------- ------ -----  -------- ------ ------   --- ----- ----  -----------

   [No hits detected that satisfy reporting thresholds]


Hit alignments:

   [No hits detected that satisfy reporting thresholds]


Internal CM pipeline statistics summary:
----------------------------------------
Query model(s):                                                  1  (142 consensus positions)
Target sequences:                                                1  (172402 residues searched)
Target sequences re-searched for truncated hits:                 1  (708 residues re-searched)
Windows   passing  local HMM SSV           filter:             129  (0.1585); expected (0.06)
Windows   passing  local HMM Viterbi       filter:              26  (0.03255); expected (0.02)
Windows   passing  local HMM Viterbi  bias filter:               5  (0.006077); expected (0.02)
Windows   passing  local HMM Forward       filter:               0  (0); expected (0.0002)
Windows   passing  local HMM Forward  bias filter:               0  (0); expected (0.0002)
Windows   passing glocal HMM Forward       filter:               0  (0); expected (0.0002)
Windows   passing glocal HMM Forward  bias filter:               0  (0); expected (0.0002)
Envelopes passing glocal HMM envelope defn filter:               0  (0); expected (0.0002)
Envelopes passing  local CM  CYK           filter:               0  (0); expected (0.0001)
Total CM hits reported:                                          0  (0); includes 0 truncated hit(s)

# CPU time: 0.01u 0.01s 00:00:00.02 Elapsed: 00:00:00.01
//
Query:       Hammerhead_HH9  [CLEN=77]
Accession:   RF02275
Description: Hammerhead ribozyme HH9
Hit scores:
 rank     E-value  score  bias  sequence  start    end   mdl trunc   gc  description
 ----   --------- ------ -----  -------- ------ ------   --- ----- ----  -----------

   [No hits detected that satisfy reporting thresholds]


Hit alignments:

   [No hits detected that satisfy reporting thresholds]


Internal CM pipeline statistics summary:
----------------------------------------
Query model(s):                                                  1  (77 consensus positions)
Target sequences:                                                1  (172402 residues searched)
Target sequences re-searched for truncated hits:                 1  (412 residues re-searched)
Windows   passing  local HMM SSV           filter:             135  (0.09747); expected (0.06)
Windows   passing  local HMM Viterbi       filter:              42  (0.03168); expected (0.02)
Windows   passing  local HMM Viterbi  bias filter:              40  (0.03025); expected (0.02)
Windows   passing  local HMM Forward       filter:               1  (0.001042); expected (0.0002)
Windows   passing  local HMM Forward  bias filter:               1  (0.001042); expected (0.0002)
Windows   passing glocal HMM Forward       filter:               0  (0); expected (0.0002)
Windows   passing glocal HMM Forward  bias filter:               0  (0); expected (0.0002)
Envelopes passing glocal HMM envelope defn filter:               0  (0); expected (0.0002)
Envelopes passing  local CM  CYK           filter:               0  (0); expected (0.0001)
Total CM hits reported:                                          0  (0); includes 0 truncated hit(s)

# CPU time: 0.01u 0.00s 00:00:00.01 Elapsed: 00:00:00.00
//
Query:       Hammerhead_II  [CLEN=67]
Accession:   RF02276
Description: Hammerhead ribozyme (type II)
Hit scores:
 rank     E-value  score  bias  sequence  start    end   mdl trunc   gc  description
 ----   --------- ------ -----  -------- ------ ------   --- ----- ----  -----------

   [No hits detected that satisfy reporting thresholds]


Hit alignments:

   [No hits detected that satisfy reporting thresholds]


Internal CM pipeline statistics summary:
----------------------------------------
Query model(s):                                                  1  (67 consensus positions)
Target sequences:                                                1  (172402 residues searched)
Target sequences re-searched for truncated hits:                 1  (496 residues re-searched)
Windows   passing  local HMM SSV           filter:              17  (0.01429); expected (0.06)
Windows   passing  local HMM Viterbi       filter:               4  (0.003412); expected (0.02)
Windows   passing  local HMM Viterbi  bias filter:               4  (0.003412); expected (0.02)
Windows   passing  local HMM Forward       filter:               0  (0); expected (0.0002)
Windows   passing  local HMM Forward  bias filter:               0  (0); expected (0.0002)
Windows   passing glocal HMM Forward       filter:               0  (0); expected (0.0002)
Windows   passing glocal HMM Forward  bias filter:               0  (0); expected (0.0002)
Envelopes passing glocal HMM envelope defn filter:               0  (0); expected (0.0002)
Envelopes passing  local CM  CYK           filter:               0  (0); expected (0.0001)
Total CM hits reported:                                          0  (0); includes 0 truncated hit(s)

# CPU time: 0.01u 0.00s 00:00:00.01 Elapsed: 00:00:00.00
//
Query:       Hammerhead_HH10  [CLEN=125]
Accession:   RF02277
Description: Hammerhead ribozyme HH10
Hit scores:
 rank     E-value  score  bias  sequence  start    end   mdl trunc   gc  description
 ----   --------- ------ -----  -------- ------ ------   --- ----- ----  -----------

   [No hits detected that satisfy reporting thresholds]


Hit alignments:

   [No hits detected that satisfy reporting thresholds]


Internal CM pipeline statistics summary:
----------------------------------------
Query model(s):                                                  1  (125 consensus positions)
Target sequences:                                                1  (172402 residues searched)
Target sequences re-searched for truncated hits:                 1  (624 residues re-searched)
Windows   passing  local HMM SSV           filter:              93  (0.09952); expected (0.06)
Windows   passing  local HMM Viterbi       filter:              15  (0.01641); expected (0.02)
Windows   passing  local HMM Viterbi  bias filter:              10  (0.01106); expected (0.02)
Windows   passing  local HMM Forward       filter:               1  (0.001063); expected (0.0002)
Windows   passing  local HMM Forward  bias filter:               0  (0); expected (0.0002)
Windows   passing glocal HMM Forward       filter:               0  (0); expected (0.0002)
Windows   passing glocal HMM Forward  bias filter:               0  (0); expected (0.0002)
Envelopes passing glocal HMM envelope defn filter:               0  (0); expected (0.0002)
Envelopes passing  local CM  CYK           filter:               0  (0); expected (0.0001)
Total CM hits reported:                                          0  (0); includes 0 truncated hit(s)

# CPU time: 0.01u 0.00s 00:00:00.01 Elapsed: 00:00:00.01
//
Query:       RNaseP-T  [CLEN=208]
Accession:   RF02357
Description: RNaseP truncated form
Hit scores:
 rank     E-value  score  bias  sequence  start    end   mdl trunc   gc  description
 ----   --------- ------ -----  -------- ------ ------   --- ----- ----  -----------

   [No hits detected that satisfy reporting thresholds]


Hit alignments:

   [No hits detected that satisfy reporting thresholds]


Internal CM pipeline statistics summary:
----------------------------------------
Query model(s):                                                  1  (208 consensus positions)
Target sequences:                                                1  (172402 residues searched)
Target sequences re-searched for truncated hits:                 1  (1040 residues re-searched)
Windows   passing  local HMM SSV           filter:              23  (0.03975); expected (0.06)
Windows   passing  local HMM Viterbi       filter:               0  (0); expected (0.02)
Windows   passing  local HMM Viterbi  bias filter:               0  (0); expected (0.02)
Windows   passing  local HMM Forward       filter:               0  (0); expected (0.0002)
Windows   passing  local HMM Forward  bias filter:               0  (0); expected (0.0002)
Windows   passing glocal HMM Forward       filter:               0  (0); expected (0.0002)
Windows   passing glocal HMM Forward  bias filter:               0  (0); expected (0.0002)
Envelopes passing glocal HMM envelope defn filter:               0  (0); expected (0.0002)
Envelopes passing  local CM  CYK           filter:               0  (0); expected (0.0001)
Total CM hits reported:                                          0  (0); includes 0 truncated hit(s)

# CPU time: 0.02u 0.00s 00:00:00.02 Elapsed: 00:00:00.01
//
Query:       Gl_RNase_MRP  [CLEN=189]
Accession:   RF02472
Description: Giardia RNase MRP
Hit scores:
 rank     E-value  score  bias  sequence  start    end   mdl trunc   gc  description
 ----   --------- ------ -----  -------- ------ ------   --- ----- ----  -----------

   [No hits detected that satisfy reporting thresholds]


Hit alignments:

   [No hits detected that satisfy reporting thresholds]


Internal CM pipeline statistics summary:
----------------------------------------
Query model(s):                                                  1  (189 consensus positions)
Target sequences:                                                1  (172402 residues searched)
Target sequences re-searched for truncated hits:                 1  (944 residues re-searched)
Windows   passing  local HMM SSV           filter:              12  (0.01922); expected (0.06)
Windows   passing  local HMM Viterbi       filter:               1  (0.001621); expected (0.02)
Windows   passing  local HMM Viterbi  bias filter:               1  (0.001621); expected (0.02)
Windows   passing  local HMM Forward       filter:               0  (0); expected (0.0002)
Windows   passing  local HMM Forward  bias filter:               0  (0); expected (0.0002)
Windows   passing glocal HMM Forward       filter:               0  (0); expected (0.0002)
Windows   passing glocal HMM Forward  bias filter:               0  (0); expected (0.0002)
Envelopes passing glocal HMM envelope defn filter:               0  (0); expected (0.0002)
Envelopes passing  local CM  CYK           filter:               0  (0); expected (0.0001)
Total CM hits reported:                                          0  (0); includes 0 truncated hit(s)

# CPU time: 0.01u 0.00s 00:00:00.01 Elapsed: 00:00:00.01
//
Query:       Hatchet  [CLEN=133]
Accession:   RF02678
Description: Hatchet ribozyme
Hit scores:
 rank     E-value  score  bias  sequence  start    end   mdl trunc   gc  description
 ----   --------- ------ -----  -------- ------ ------   --- ----- ----  -----------

   [No hits detected that satisfy reporting thresholds]


Hit alignments:

   [No hits detected that satisfy reporting thresholds]


Internal CM pipeline statistics summary:
----------------------------------------
Query model(s):                                                  1  (133 consensus positions)
Target sequences:                                                1  (172402 residues searched)
Target sequences re-searched for truncated hits:                 1  (1300 residues re-searched)
Windows   passing  local HMM SSV           filter:             218  (0.4615); expected (0.06)
Windows   passing  local HMM Viterbi       filter:              24  (0.06125); expected (0.02)
Windows   passing  local HMM Viterbi  bias filter:               1  (0.001543); expected (0.02)
Windows   passing  local HMM Forward       filter:               1  (0.001543); expected (0.0002)
Windows   passing  local HMM Forward  bias filter:               0  (0); expected (0.0002)
Windows   passing glocal HMM Forward       filter:               0  (0); expected (0.0002)
Windows   passing glocal HMM Forward  bias filter:               0  (0); expected (0.0002)
Envelopes passing glocal HMM envelope defn filter:               0  (0); expected (0.0002)
Envelopes passing  local CM  CYK           filter:               0  (0); expected (0.0001)
Total CM hits reported:                                          0  (0); includes 0 truncated hit(s)

# CPU time: 0.01u 0.00s 00:00:00.01 Elapsed: 00:00:00.01
//
Query:       Pistol  [CLEN=70]
Accession:   RF02679
Description: Pistol ribozyme
Hit scores:
 rank     E-value  score  bias  sequence  start    end   mdl trunc   gc  description
 ----   --------- ------ -----  -------- ------ ------   --- ----- ----  -----------

   [No hits detected that satisfy reporting thresholds]


Hit alignments:

   [No hits detected that satisfy reporting thresholds]


Internal CM pipeline statistics summary:
----------------------------------------
Query model(s):                                                  1  (70 consensus positions)
Target sequences:                                                1  (172402 residues searched)
Target sequences re-searched for truncated hits:                 1  (564 residues re-searched)
Windows   passing  local HMM SSV           filter:              66  (0.0629); expected (0.06)
Windows   passing  local HMM Viterbi       filter:              20  (0.0186); expected (0.02)
Windows   passing  local HMM Viterbi  bias filter:              20  (0.0186); expected (0.02)
Windows   passing  local HMM Forward       filter:               0  (0); expected (0.0002)
Windows   passing  local HMM Forward  bias filter:               0  (0); expected (0.0002)
Windows   passing glocal HMM Forward       filter:               0  (0); expected (0.0002)
Windows   passing glocal HMM Forward  bias filter:               0  (0); expected (0.0002)
Envelopes passing glocal HMM envelope defn filter:               0  (0); expected (0.0002)
Envelopes passing  local CM  CYK           filter:               0  (0); expected (0.0001)
Total CM hits reported:                                          0  (0); includes 0 truncated hit(s)

# CPU time: 0.01u 0.00s 00:00:00.01 Elapsed: 00:00:00.00
//
Query:       Twister-sister  [CLEN=83]
Accession:   RF02681
Description: Twister_sister_ribozyme
Hit scores:
 rank     E-value  score  bias  sequence  start    end   mdl trunc   gc  description
 ----   --------- ------ -----  -------- ------ ------   --- ----- ----  -----------

   [No hits detected that satisfy reporting thresholds]


Hit alignments:

   [No hits detected that satisfy reporting thresholds]


Internal CM pipeline statistics summary:
----------------------------------------
Query model(s):                                                  1  (83 consensus positions)
Target sequences:                                                1  (172402 residues searched)
Target sequences re-searched for truncated hits:                 1  (864 residues re-searched)
Windows   passing  local HMM SSV           filter:               6  (0.008242); expected (0.06)
Windows   passing  local HMM Viterbi       filter:               1  (0.001339); expected (0.02)
Windows   passing  local HMM Viterbi  bias filter:               1  (0.001339); expected (0.02)
Windows   passing  local HMM Forward       filter:               0  (0); expected (0.0002)
Windows   passing  local HMM Forward  bias filter:               0  (0); expected (0.0002)
Windows   passing glocal HMM Forward       filter:               0  (0); expected (0.0002)
Windows   passing glocal HMM Forward  bias filter:               0  (0); expected (0.0002)
Envelopes passing glocal HMM envelope defn filter:               0  (0); expected (0.0002)
Envelopes passing  local CM  CYK           filter:               0  (0); expected (0.0001)
Total CM hits reported:                                          0  (0); includes 0 truncated hit(s)

# CPU time: 0.01u 0.00s 00:00:00.01 Elapsed: 00:00:00.00
//
Query:       HDV-F-prausnitzii  [CLEN=74]
Accession:   RF02682
Description: HDV ribozyme from F. prausnitzii
Hit scores:
 rank     E-value  score  bias  sequence  start    end   mdl trunc   gc  description
 ----   --------- ------ -----  -------- ------ ------   --- ----- ----  -----------

   [No hits detected that satisfy reporting thresholds]


Hit alignments:

   [No hits detected that satisfy reporting thresholds]


Internal CM pipeline statistics summary:
----------------------------------------
Query model(s):                                                  1  (74 consensus positions)
Target sequences:                                                1  (172402 residues searched)
Target sequences re-searched for truncated hits:                 1  (592 residues re-searched)
Windows   passing  local HMM SSV           filter:              33  (0.03145); expected (0.06)
Windows   passing  local HMM Viterbi       filter:               4  (0.003856); expected (0.02)
Windows   passing  local HMM Viterbi  bias filter:               4  (0.003856); expected (0.02)
Windows   passing  local HMM Forward       filter:               0  (0); expected (0.0002)
Windows   passing  local HMM Forward  bias filter:               0  (0); expected (0.0002)
Windows   passing glocal HMM Forward       filter:               0  (0); expected (0.0002)
Windows   passing glocal HMM Forward  bias filter:               0  (0); expected (0.0002)
Envelopes passing glocal HMM envelope defn filter:               0  (0); expected (0.0002)
Envelopes passing  local CM  CYK           filter:               0  (0); expected (0.0001)
Total CM hits reported:                                          0  (0); includes 0 truncated hit(s)

# CPU time: 0.01u 0.00s 00:00:00.01 Elapsed: 00:00:00.00
//
Query:       Twister-P5  [CLEN=60]
Accession:   RF02684
Description: Type-P5 twister ribozyme
Hit scores:
 rank     E-value  score  bias  sequence  start    end   mdl trunc   gc  description
 ----   --------- ------ -----  -------- ------ ------   --- ----- ----  -----------

   [No hits detected that satisfy reporting thresholds]


Hit alignments:

   [No hits detected that satisfy reporting thresholds]


Internal CM pipeline statistics summary:
----------------------------------------
Query model(s):                                                  1  (60 consensus positions)
Target sequences:                                                1  (172402 residues searched)
Target sequences re-searched for truncated hits:                 1  (940 residues re-searched)
Windows   passing  local HMM SSV           filter:              13  (0.01724); expected (0.06)
Windows   passing  local HMM Viterbi       filter:               3  (0.004511); expected (0.02)
Windows   passing  local HMM Viterbi  bias filter:               3  (0.004511); expected (0.02)
Windows   passing  local HMM Forward       filter:               0  (0); expected (0.0002)
Windows   passing  local HMM Forward  bias filter:               0  (0); expected (0.0002)
Windows   passing glocal HMM Forward       filter:               0  (0); expected (0.0002)
Windows   passing glocal HMM Forward  bias filter:               0  (0); expected (0.0002)
Envelopes passing glocal HMM envelope defn filter:               0  (0); expected (0.0002)
Envelopes passing  local CM  CYK           filter:               0  (0); expected (0.0001)
Total CM hits reported:                                          0  (0); includes 0 truncated hit(s)

# CPU time: 0.01u 0.00s 00:00:00.01 Elapsed: 00:00:00.00
//
Query:       RAGATH-5  [CLEN=53]
Accession:   RF02685
Description: RAGATH-5 RNA
Hit scores:
 rank     E-value  score  bias  sequence  start    end   mdl trunc   gc  description
 ----   --------- ------ -----  -------- ------ ------   --- ----- ----  -----------

   [No hits detected that satisfy reporting thresholds]


Hit alignments:

   [No hits detected that satisfy reporting thresholds]


Internal CM pipeline statistics summary:
----------------------------------------
Query model(s):                                                  1  (53 consensus positions)
Target sequences:                                                1  (172402 residues searched)
Target sequences re-searched for truncated hits:                 1  (332 residues re-searched)
Windows   passing  local HMM SSV           filter:              39  (0.02201); expected (0.06)
Windows   passing  local HMM Viterbi       filter:               8  (0.004516); expected (0.02)
Windows   passing  local HMM Viterbi  bias filter:               8  (0.004516); expected (0.02)
Windows   passing  local HMM Forward       filter:               0  (0); expected (0.0002)
Windows   passing  local HMM Forward  bias filter:               0  (0); expected (0.0002)
Windows   passing glocal HMM Forward       filter:               0  (0); expected (0.0002)
Windows   passing glocal HMM Forward  bias filter:               0  (0); expected (0.0002)
Envelopes passing glocal HMM envelope defn filter:               0  (0); expected (0.0002)
Envelopes passing  local CM  CYK           filter:               0  (0); expected (0.0001)
Total CM hits reported:                                          0  (0); includes 0 truncated hit(s)

# CPU time: 0.01u 0.00s 00:00:00.01 Elapsed: 00:00:00.00
//
Query:       RAGATH-6  [CLEN=151]
Accession:   RF02686
Description: RAGATH-6 RNA
Hit scores:
 rank     E-value  score  bias  sequence  start    end   mdl trunc   gc  description
 ----   --------- ------ -----  -------- ------ ------   --- ----- ----  -----------

   [No hits detected that satisfy reporting thresholds]


Hit alignments:

   [No hits detected that satisfy reporting thresholds]


Internal CM pipeline statistics summary:
----------------------------------------
Query model(s):                                                  1  (151 consensus positions)
Target sequences:                                                1  (172402 residues searched)
Target sequences re-searched for truncated hits:                 1  (752 residues re-searched)
Windows   passing  local HMM SSV           filter:             168  (0.2205); expected (0.06)
Windows   passing  local HMM Viterbi       filter:              16  (0.02181); expected (0.02)
Windows   passing  local HMM Viterbi  bias filter:               3  (0.004193); expected (0.02)
Windows   passing  local HMM Forward       filter:               1  (0.001698); expected (0.0002)
Windows   passing  local HMM Forward  bias filter:               1  (0.001698); expected (0.0002)
Windows   passing glocal HMM Forward       filter:               1  (0.001698); expected (0.0002)
Windows   passing glocal HMM Forward  bias filter:               1  (0.001698); expected (0.0002)
Envelopes passing glocal HMM envelope defn filter:               1  (0.0009587); expected (0.0002)
Envelopes passing  local CM  CYK           filter:               1  (0.0007046); expected (0.0001)
Total CM hits reported:                                          0  (0); includes 0 truncated hit(s)

# CPU time: 0.04u 0.00s 00:00:00.04 Elapsed: 00:00:00.03
//
Query:       RAGATH-13  [CLEN=95]
Accession:   RF02688
Description: RAGATH-13 RNA
Hit scores:
 rank     E-value  score  bias  sequence  start    end   mdl trunc   gc  description
 ----   --------- ------ -----  -------- ------ ------   --- ----- ----  -----------

   [No hits detected that satisfy reporting thresholds]


Hit alignments:

   [No hits detected that satisfy reporting thresholds]


Internal CM pipeline statistics summary:
----------------------------------------
Query model(s):                                                  1  (95 consensus positions)
Target sequences:                                                1  (172402 residues searched)
Target sequences re-searched for truncated hits:                 1  (472 residues re-searched)
Windows   passing  local HMM SSV           filter:              69  (0.05622); expected (0.06)
Windows   passing  local HMM Viterbi       filter:              16  (0.01299); expected (0.02)
Windows   passing  local HMM Viterbi  bias filter:              15  (0.01217); expected (0.02)
Windows   passing  local HMM Forward       filter:               0  (0); expected (0.0002)
Windows   passing  local HMM Forward  bias filter:               0  (0); expected (0.0002)
Windows   passing glocal HMM Forward       filter:               0  (0); expected (0.0002)
Windows   passing glocal HMM Forward  bias filter:               0  (0); expected (0.0002)
Envelopes passing glocal HMM envelope defn filter:               0  (0); expected (0.0002)
Envelopes passing  local CM  CYK           filter:               0  (0); expected (0.0001)
Total CM hits reported:                                          0  (0); includes 0 truncated hit(s)

# CPU time: 0.02u 0.00s 00:00:00.02 Elapsed: 00:00:00.01
//
Query:       RAGATH-1-hammerhead  [CLEN=78]
Accession:   RF03152
Description: RAGATH-1 hammerhead ribozyme
Hit scores:
 rank     E-value  score  bias  sequence  start    end   mdl trunc   gc  description
 ----   --------- ------ -----  -------- ------ ------   --- ----- ----  -----------

   [No hits detected that satisfy reporting thresholds]


Hit alignments:

   [No hits detected that satisfy reporting thresholds]


Internal CM pipeline statistics summary:
----------------------------------------
Query model(s):                                                  1  (78 consensus positions)
Target sequences:                                                1  (172402 residues searched)
Target sequences re-searched for truncated hits:                 1  (904 residues re-searched)
Windows   passing  local HMM SSV           filter:              71  (0.1025); expected (0.06)
Windows   passing  local HMM Viterbi       filter:              26  (0.03841); expected (0.02)
Windows   passing  local HMM Viterbi  bias filter:              14  (0.02208); expected (0.02)
Windows   passing  local HMM Forward       filter:               0  (0); expected (0.0002)
Windows   passing  local HMM Forward  bias filter:               0  (0); expected (0.0002)
Windows   passing glocal HMM Forward       filter:               0  (0); expected (0.0002)
Windows   passing glocal HMM Forward  bias filter:               0  (0); expected (0.0002)
Envelopes passing glocal HMM envelope defn filter:               0  (0); expected (0.0002)
Envelopes passing  local CM  CYK           filter:               0  (0); expected (0.0001)
Total CM hits reported:                                          0  (0); includes 0 truncated hit(s)

# CPU time: 0.00u 0.00s 00:00:00.00 Elapsed: 00:00:00.00
//
Query:       twister-P3  [CLEN=73]
Accession:   RF03154
Description: type-P3 twister ribozyme
Hit scores:
 rank     E-value  score  bias  sequence  start    end   mdl trunc   gc  description
 ----   --------- ------ -----  -------- ------ ------   --- ----- ----  -----------

   [No hits detected that satisfy reporting thresholds]


Hit alignments:

   [No hits detected that satisfy reporting thresholds]


Internal CM pipeline statistics summary:
----------------------------------------
Query model(s):                                                  1  (73 consensus positions)
Target sequences:                                                1  (172402 residues searched)
Target sequences re-searched for truncated hits:                 1  (428 residues re-searched)
Windows   passing  local HMM SSV           filter:              77  (0.05527); expected (0.06)
Windows   passing  local HMM Viterbi       filter:              14  (0.00979); expected (0.02)
Windows   passing  local HMM Viterbi  bias filter:              12  (0.008453); expected (0.02)
Windows   passing  local HMM Forward       filter:               1  (0.0006365); expected (0.0002)
Windows   passing  local HMM Forward  bias filter:               1  (0.0006365); expected (0.0002)
Windows   passing glocal HMM Forward       filter:               1  (0.0006365); expected (0.0002)
Windows   passing glocal HMM Forward  bias filter:               1  (0.0006365); expected (0.0002)
Envelopes passing glocal HMM envelope defn filter:               1  (0.0005092); expected (0.0002)
Envelopes passing  local CM  CYK           filter:               1  (0.0004455); expected (0.0001)
Total CM hits reported:                                          0  (0); includes 0 truncated hit(s)

# CPU time: 0.01u 0.00s 00:00:00.01 Elapsed: 00:00:00.01
//
Query:       twister-P1  [CLEN=67]
Accession:   RF03160
Description: type-P1 twister ribozyme
Hit scores:
 rank     E-value  score  bias  sequence  start    end   mdl trunc   gc  description
 ----   --------- ------ -----  -------- ------ ------   --- ----- ----  -----------

   [No hits detected that satisfy reporting thresholds]


Hit alignments:

   [No hits detected that satisfy reporting thresholds]


Internal CM pipeline statistics summary:
----------------------------------------
Query model(s):                                                  1  (67 consensus positions)
Target sequences:                                                1  (172402 residues searched)
Target sequences re-searched for truncated hits:                 1  (984 residues re-searched)
Windows   passing  local HMM SSV           filter:              33  (0.04594); expected (0.06)
Windows   passing  local HMM Viterbi       filter:              10  (0.0142); expected (0.02)
Windows   passing  local HMM Viterbi  bias filter:               9  (0.01269); expected (0.02)
Windows   passing  local HMM Forward       filter:               0  (0); expected (0.0002)
Windows   passing  local HMM Forward  bias filter:               0  (0); expected (0.0002)
Windows   passing glocal HMM Forward       filter:               0  (0); expected (0.0002)
Windows   passing glocal HMM Forward  bias filter:               0  (0); expected (0.0002)
Envelopes passing glocal HMM envelope defn filter:               0  (0); expected (0.0002)
Envelopes passing  local CM  CYK           filter:               0  (0); expected (0.0001)
Total CM hits reported:                                          0  (0); includes 0 truncated hit(s)

# CPU time: 0.01u 0.00s 00:00:00.01 Elapsed: 00:00:00.00
//
Query:       Hovlinc  [CLEN=170]
Accession:   RF04188
Description: Hovlinc ribozyme (hominin vlincRNA-located)
Hit scores:
 rank     E-value  score  bias  sequence  start    end   mdl trunc   gc  description
 ----   --------- ------ -----  -------- ------ ------   --- ----- ----  -----------

   [No hits detected that satisfy reporting thresholds]


Hit alignments:

   [No hits detected that satisfy reporting thresholds]


Internal CM pipeline statistics summary:
----------------------------------------
Query model(s):                                                  1  (170 consensus positions)
Target sequences:                                                1  (172402 residues searched)
Target sequences re-searched for truncated hits:                 1  (848 residues re-searched)
Windows   passing  local HMM SSV           filter:             150  (0.2158); expected (0.06)
Windows   passing  local HMM Viterbi       filter:              15  (0.02188); expected (0.02)
Windows   passing  local HMM Viterbi  bias filter:               6  (0.008271); expected (0.02)
Windows   passing  local HMM Forward       filter:               0  (0); expected (0.0002)
Windows   passing  local HMM Forward  bias filter:               0  (0); expected (0.0002)
Windows   passing glocal HMM Forward       filter:               0  (0); expected (0.0002)
Windows   passing glocal HMM Forward  bias filter:               0  (0); expected (0.0002)
Envelopes passing glocal HMM envelope defn filter:               0  (0); expected (0.0002)
Envelopes passing  local CM  CYK           filter:               0  (0); expected (0.0001)
Total CM hits reported:                                          0  (0); includes 0 truncated hit(s)

# CPU time: 0.02u 0.00s 00:00:00.02 Elapsed: 00:00:00.01
//
Query:       Hairpin-meta1  [CLEN=118]
Accession:   RF04190
Description: Hairpin ribozyme 1 from viruses-like metatranscriptomes
Hit scores:
 rank     E-value  score  bias  sequence  start    end   mdl trunc   gc  description
 ----   --------- ------ -----  -------- ------ ------   --- ----- ----  -----------

   [No hits detected that satisfy reporting thresholds]


Hit alignments:

   [No hits detected that satisfy reporting thresholds]


Internal CM pipeline statistics summary:
----------------------------------------
Query model(s):                                                  1  (118 consensus positions)
Target sequences:                                                1  (172402 residues searched)
Target sequences re-searched for truncated hits:                 1  (1388 residues re-searched)
Windows   passing  local HMM SSV           filter:              47  (0.1041); expected (0.06)
Windows   passing  local HMM Viterbi       filter:              11  (0.02513); expected (0.02)
Windows   passing  local HMM Viterbi  bias filter:               9  (0.02062); expected (0.02)
Windows   passing  local HMM Forward       filter:               0  (0); expected (0.0002)
Windows   passing  local HMM Forward  bias filter:               0  (0); expected (0.0002)
Windows   passing glocal HMM Forward       filter:               0  (0); expected (0.0002)
Windows   passing glocal HMM Forward  bias filter:               0  (0); expected (0.0002)
Envelopes passing glocal HMM envelope defn filter:               0  (0); expected (0.0002)
Envelopes passing  local CM  CYK           filter:               0  (0); expected (0.0001)
Total CM hits reported:                                          0  (0); includes 0 truncated hit(s)

# CPU time: 0.01u 0.00s 00:00:00.01 Elapsed: 00:00:00.01
//
Query:       Hairpin-meta2  [CLEN=269]
Accession:   RF04191
Description: Hairpin ribozyme 2 from viruses-like metatranscriptomes
Hit scores:
 rank     E-value  score  bias  sequence  start    end   mdl trunc   gc  description
 ----   --------- ------ -----  -------- ------ ------   --- ----- ----  -----------

   [No hits detected that satisfy reporting thresholds]


Hit alignments:

   [No hits detected that satisfy reporting thresholds]


Internal CM pipeline statistics summary:
----------------------------------------
Query model(s):                                                  1  (269 consensus positions)
Target sequences:                                                1  (172402 residues searched)
Target sequences re-searched for truncated hits:                 1  (1448 residues re-searched)
Windows   passing  local HMM SSV           filter:              22  (0.05351); expected (0.06)
Windows   passing  local HMM Viterbi       filter:               3  (0.007374); expected (0.02)
Windows   passing  local HMM Viterbi  bias filter:               1  (0.002479); expected (0.02)
Windows   passing  local HMM Forward       filter:               0  (0); expected (0.0002)
Windows   passing  local HMM Forward  bias filter:               0  (0); expected (0.0002)
Windows   passing glocal HMM Forward       filter:               0  (0); expected (0.0002)
Windows   passing glocal HMM Forward  bias filter:               0  (0); expected (0.0002)
Envelopes passing glocal HMM envelope defn filter:               0  (0); expected (0.0002)
Envelopes passing  local CM  CYK           filter:               0  (0); expected (0.0001)
Total CM hits reported:                                          0  (0); includes 0 truncated hit(s)

# CPU time: 0.02u 0.00s 00:00:00.02 Elapsed: 00:00:00.01
//
[ok]
