# cmsearch :: search CM(s) against a sequence database
# INFERNAL 1.1.4 (Dec 2020)
# Copyright (C) 2020 Howard Hughes Medical Institute.
# Freely distributed under the BSD open source license.
# - - - - - - - - - - - - - - - - - - - - - - - - - - - - - - - - - - - -
# query CM file:                         cms/antitoxin.cm
# target sequence database:              genomes/PS-209.fas
# output directed to file:               sequences/PS-209/antitoxin.out
# tabular output of hits:                sequences/PS-209/antitoxin.tblout
# model-specific thresholding:           GA cutoffs
# Rfam pipeline mode:                    on [strict filtering]
# HMM-only mode for 0 basepair models:   no
# number of worker threads:              12
# - - - - - - - - - - - - - - - - - - - - - - - - - - - - - - - - - - - -

Query:       SIB_RNA  [CLEN=147]
Accession:   RF00113
Description: Short Intergenic Abundant RNA
Hit scores:
 rank     E-value  score  bias  sequence  start    end   mdl trunc   gc  description
 ----   --------- ------ -----  -------- ------ ------   --- ----- ----  -----------

   [No hits detected that satisfy reporting thresholds]


Hit alignments:

   [No hits detected that satisfy reporting thresholds]


Internal CM pipeline statistics summary:
----------------------------------------
Query model(s):                                                  1  (147 consensus positions)
Target sequences:                                                1  (8202968 residues searched)
Target sequences re-searched for truncated hits:                 1  (732 residues re-searched)
Windows   passing  local HMM SSV           filter:            5150  (0.1356); expected (0.06)
Windows   passing  local HMM Viterbi       filter:             911  (0.02486); expected (0.02)
Windows   passing  local HMM Viterbi  bias filter:             682  (0.0186); expected (0.02)
Windows   passing  local HMM Forward       filter:              65  (0.001815); expected (0.0002)
Windows   passing  local HMM Forward  bias filter:              50  (0.001389); expected (0.0002)
Windows   passing glocal HMM Forward       filter:              34  (0.001014); expected (0.0002)
Windows   passing glocal HMM Forward  bias filter:              33  (0.0009726); expected (0.0002)
Envelopes passing glocal HMM envelope defn filter:              35  (0.000737); expected (0.0002)
Envelopes passing  local CM  CYK           filter:               4  (4.803e-05); expected (0.0001)
Total CM hits reported:                                          0  (0); includes 0 truncated hit(s)

# CPU time: 1.46u 0.11s 00:00:01.57 Elapsed: 00:00:00.28
//
Query:       istR  [CLEN=130]
Accession:   RF01400
Description: istR Hfq binding RNA
Hit scores:
 rank     E-value  score  bias  sequence  start    end   mdl trunc   gc  description
 ----   --------- ------ -----  -------- ------ ------   --- ----- ----  -----------

   [No hits detected that satisfy reporting thresholds]


Hit alignments:

   [No hits detected that satisfy reporting thresholds]


Internal CM pipeline statistics summary:
----------------------------------------
Query model(s):                                                  1  (130 consensus positions)
Target sequences:                                                1  (8202968 residues searched)
Target sequences re-searched for truncated hits:                 1  (648 residues re-searched)
Windows   passing  local HMM SSV           filter:            2697  (0.06293); expected (0.06)
Windows   passing  local HMM Viterbi       filter:             393  (0.009371); expected (0.02)
Windows   passing  local HMM Viterbi  bias filter:             384  (0.009148); expected (0.02)
Windows   passing  local HMM Forward       filter:              10  (0.0002693); expected (0.0002)
Windows   passing  local HMM Forward  bias filter:              10  (0.0002693); expected (0.0002)
Windows   passing glocal HMM Forward       filter:               7  (0.0001737); expected (0.0002)
Windows   passing glocal HMM Forward  bias filter:               7  (0.0001737); expected (0.0002)
Envelopes passing glocal HMM envelope defn filter:               7  (0.0001301); expected (0.0002)
Envelopes passing  local CM  CYK           filter:               0  (0); expected (0.0001)
Total CM hits reported:                                          0  (0); includes 0 truncated hit(s)

# CPU time: 0.37u 0.01s 00:00:00.38 Elapsed: 00:00:00.06
//
Query:       RatA  [CLEN=90]
Accession:   RF01776
Description: RNA anti-toxin A
Hit scores:
 rank     E-value  score  bias  sequence  start    end   mdl trunc   gc  description
 ----   --------- ------ -----  -------- ------ ------   --- ----- ----  -----------

   [No hits detected that satisfy reporting thresholds]


Hit alignments:

   [No hits detected that satisfy reporting thresholds]


Internal CM pipeline statistics summary:
----------------------------------------
Query model(s):                                                  1  (90 consensus positions)
Target sequences:                                                1  (8202968 residues searched)
Target sequences re-searched for truncated hits:                 1  (448 residues re-searched)
Windows   passing  local HMM SSV           filter:            9703  (0.161); expected (0.06)
Windows   passing  local HMM Viterbi       filter:            1774  (0.03075); expected (0.02)
Windows   passing  local HMM Viterbi  bias filter:            1026  (0.0176); expected (0.02)
Windows   passing  local HMM Forward       filter:              76  (0.001353); expected (0.0002)
Windows   passing  local HMM Forward  bias filter:              44  (0.0007561); expected (0.0002)
Windows   passing glocal HMM Forward       filter:              40  (0.0007175); expected (0.0002)
Windows   passing glocal HMM Forward  bias filter:              39  (0.0007015); expected (0.0002)
Envelopes passing glocal HMM envelope defn filter:              40  (0.0005287); expected (0.0002)
Envelopes passing  local CM  CYK           filter:               7  (8.106e-05); expected (0.0001)
Total CM hits reported:                                          0  (0); includes 0 truncated hit(s)

# CPU time: 0.78u 0.02s 00:00:00.80 Elapsed: 00:00:00.12
//
Query:       sok  [CLEN=157]
Accession:   RF01794
Description: sok antitoxin (CssrC)
Hit scores:
 rank     E-value  score  bias  sequence  start    end   mdl trunc   gc  description
 ----   --------- ------ -----  -------- ------ ------   --- ----- ----  -----------

   [No hits detected that satisfy reporting thresholds]


Hit alignments:

   [No hits detected that satisfy reporting thresholds]


Internal CM pipeline statistics summary:
----------------------------------------
Query model(s):                                                  1  (157 consensus positions)
Target sequences:                                                1  (8202968 residues searched)
Target sequences re-searched for truncated hits:                 1  (1184 residues re-searched)
Windows   passing  local HMM SSV           filter:            2851  (0.1166); expected (0.06)
Windows   passing  local HMM Viterbi       filter:             513  (0.02164); expected (0.02)
Windows   passing  local HMM Viterbi  bias filter:             460  (0.01944); expected (0.02)
Windows   passing  local HMM Forward       filter:              18  (0.0007695); expected (0.0002)
Windows   passing  local HMM Forward  bias filter:              18  (0.0007695); expected (0.0002)
Windows   passing glocal HMM Forward       filter:              10  (0.0004555); expected (0.0002)
Windows   passing glocal HMM Forward  bias filter:              10  (0.0004555); expected (0.0002)
Envelopes passing glocal HMM envelope defn filter:              10  (0.0002348); expected (0.0002)
Envelopes passing  local CM  CYK           filter:               2  (1.95e-05); expected (0.0001)
Total CM hits reported:                                          0  (0); includes 0 truncated hit(s)

# CPU time: 0.77u 0.03s 00:00:00.80 Elapsed: 00:00:00.13
//
Query:       fstAT  [CLEN=94]
Accession:   RF01797
Description: Fst antitoxin sRNA
Hit scores:
 rank     E-value  score  bias  sequence  start    end   mdl trunc   gc  description
 ----   --------- ------ -----  -------- ------ ------   --- ----- ----  -----------

   [No hits detected that satisfy reporting thresholds]


Hit alignments:

   [No hits detected that satisfy reporting thresholds]


Internal CM pipeline statistics summary:
----------------------------------------
Query model(s):                                                  1  (94 consensus positions)
Target sequences:                                                1  (8202968 residues searched)
Target sequences re-searched for truncated hits:                 1  (496 residues re-searched)
Windows   passing  local HMM SSV           filter:            9234  (0.1693); expected (0.06)
Windows   passing  local HMM Viterbi       filter:            1561  (0.02972); expected (0.02)
Windows   passing  local HMM Viterbi  bias filter:            1218  (0.02319); expected (0.02)
Windows   passing  local HMM Forward       filter:              95  (0.00202); expected (0.0002)
Windows   passing  local HMM Forward  bias filter:              67  (0.001454); expected (0.0002)
Windows   passing glocal HMM Forward       filter:              40  (0.000881); expected (0.0002)
Windows   passing glocal HMM Forward  bias filter:              36  (0.0007649); expected (0.0002)
Envelopes passing glocal HMM envelope defn filter:              35  (0.0004855); expected (0.0002)
Envelopes passing  local CM  CYK           filter:               6  (6.851e-05); expected (0.0001)
Total CM hits reported:                                          0  (0); includes 0 truncated hit(s)

# CPU time: 0.72u 0.02s 00:00:00.74 Elapsed: 00:00:00.10
//
Query:       symR  [CLEN=77]
Accession:   RF01809
Description: SymR antitoxin
Hit scores:
 rank     E-value  score  bias  sequence  start    end   mdl trunc   gc  description
 ----   --------- ------ -----  -------- ------ ------   --- ----- ----  -----------

   [No hits detected that satisfy reporting thresholds]


Hit alignments:

   [No hits detected that satisfy reporting thresholds]


Internal CM pipeline statistics summary:
----------------------------------------
Query model(s):                                                  1  (77 consensus positions)
Target sequences:                                                1  (8202968 residues searched)
Target sequences re-searched for truncated hits:                 1  (384 residues re-searched)
Windows   passing  local HMM SSV           filter:            6801  (0.09648); expected (0.06)
Windows   passing  local HMM Viterbi       filter:            1601  (0.02315); expected (0.02)
Windows   passing  local HMM Viterbi  bias filter:            1485  (0.02147); expected (0.02)
Windows   passing  local HMM Forward       filter:              35  (0.0005377); expected (0.0002)
Windows   passing  local HMM Forward  bias filter:              32  (0.0004869); expected (0.0002)
Windows   passing glocal HMM Forward       filter:              21  (0.000298); expected (0.0002)
Windows   passing glocal HMM Forward  bias filter:              21  (0.000298); expected (0.0002)
Envelopes passing glocal HMM envelope defn filter:              21  (0.0002392); expected (0.0002)
Envelopes passing  local CM  CYK           filter:               1  (8.777e-06); expected (0.0001)
Total CM hits reported:                                          0  (0); includes 0 truncated hit(s)

# CPU time: 0.33u 0.00s 00:00:00.33 Elapsed: 00:00:00.04
//
Query:       PtaRNA1  [CLEN=72]
Accession:   RF01811
Description: Plasmid transferred anti-sense RNA
Hit scores:
 rank     E-value  score  bias  sequence  start    end   mdl trunc   gc  description
 ----   --------- ------ -----  -------- ------ ------   --- ----- ----  -----------

   [No hits detected that satisfy reporting thresholds]


Hit alignments:

   [No hits detected that satisfy reporting thresholds]


Internal CM pipeline statistics summary:
----------------------------------------
Query model(s):                                                  1  (72 consensus positions)
Target sequences:                                                1  (8202968 residues searched)
Target sequences re-searched for truncated hits:                 1  (360 residues re-searched)
Windows   passing  local HMM SSV           filter:            4587  (0.06106); expected (0.06)
Windows   passing  local HMM Viterbi       filter:            1274  (0.01719); expected (0.02)
Windows   passing  local HMM Viterbi  bias filter:            1200  (0.01619); expected (0.02)
Windows   passing  local HMM Forward       filter:              14  (0.0002115); expected (0.0002)
Windows   passing  local HMM Forward  bias filter:              12  (0.0001849); expected (0.0002)
Windows   passing glocal HMM Forward       filter:               7  (9.655e-05); expected (0.0002)
Windows   passing glocal HMM Forward  bias filter:               7  (9.655e-05); expected (0.0002)
Envelopes passing glocal HMM envelope defn filter:               7  (7.009e-05); expected (0.0002)
Envelopes passing  local CM  CYK           filter:               2  (1.694e-05); expected (0.0001)
Total CM hits reported:                                          0  (0); includes 0 truncated hit(s)

# CPU time: 0.23u 0.01s 00:00:00.24 Elapsed: 00:00:00.03
//
Query:       rdlD  [CLEN=66]
Accession:   RF01813
Description: rdlD antitoxin
Hit scores:
 rank     E-value  score  bias  sequence  start    end   mdl trunc   gc  description
 ----   --------- ------ -----  -------- ------ ------   --- ----- ----  -----------

   [No hits detected that satisfy reporting thresholds]


Hit alignments:

   [No hits detected that satisfy reporting thresholds]


Internal CM pipeline statistics summary:
----------------------------------------
Query model(s):                                                  1  (66 consensus positions)
Target sequences:                                                1  (8202968 residues searched)
Target sequences re-searched for truncated hits:                 1  (328 residues re-searched)
Windows   passing  local HMM SSV           filter:            4875  (0.0595); expected (0.06)
Windows   passing  local HMM Viterbi       filter:            1222  (0.01506); expected (0.02)
Windows   passing  local HMM Viterbi  bias filter:            1083  (0.01333); expected (0.02)
Windows   passing  local HMM Forward       filter:              23  (0.0002838); expected (0.0002)
Windows   passing  local HMM Forward  bias filter:              20  (0.0002461); expected (0.0002)
Windows   passing glocal HMM Forward       filter:               6  (7.875e-05); expected (0.0002)
Windows   passing glocal HMM Forward  bias filter:               6  (7.875e-05); expected (0.0002)
Envelopes passing glocal HMM envelope defn filter:               6  (5.51e-05); expected (0.0002)
Envelopes passing  local CM  CYK           filter:               2  (1.536e-05); expected (0.0001)
Total CM hits reported:                                          0  (0); includes 0 truncated hit(s)

# CPU time: 0.20u 0.02s 00:00:00.22 Elapsed: 00:00:00.03
//
Query:       OrzO-P  [CLEN=76]
Accession:   RF02083
Description: OrzO-P RNA antitoxin family
Hit scores:
 rank     E-value  score  bias  sequence  start    end   mdl trunc   gc  description
 ----   --------- ------ -----  -------- ------ ------   --- ----- ----  -----------

   [No hits detected that satisfy reporting thresholds]


Hit alignments:

   [No hits detected that satisfy reporting thresholds]


Internal CM pipeline statistics summary:
----------------------------------------
Query model(s):                                                  1  (76 consensus positions)
Target sequences:                                                1  (8202968 residues searched)
Target sequences re-searched for truncated hits:                 1  (380 residues re-searched)
Windows   passing  local HMM SSV           filter:            9154  (0.1289); expected (0.06)
Windows   passing  local HMM Viterbi       filter:            2800  (0.04054); expected (0.02)
Windows   passing  local HMM Viterbi  bias filter:            2290  (0.03319); expected (0.02)
Windows   passing  local HMM Forward       filter:             163  (0.00259); expected (0.0002)
Windows   passing  local HMM Forward  bias filter:             135  (0.002144); expected (0.0002)
Windows   passing glocal HMM Forward       filter:             107  (0.001748); expected (0.0002)
Windows   passing glocal HMM Forward  bias filter:             103  (0.001685); expected (0.0002)
Envelopes passing glocal HMM envelope defn filter:             102  (0.001153); expected (0.0002)
Envelopes passing  local CM  CYK           filter:              76  (0.0007825); expected (0.0001)
Total CM hits reported:                                          0  (0); includes 0 truncated hit(s)

# CPU time: 1.79u 0.00s 00:00:01.79 Elapsed: 00:00:00.23
//
Query:       ohsC_RNA  [CLEN=77]
Accession:   RF02495
Description: Oppression of Hydrophobic ORF by sRNA
Hit scores:
 rank     E-value  score  bias  sequence  start    end   mdl trunc   gc  description
 ----   --------- ------ -----  -------- ------ ------   --- ----- ----  -----------

   [No hits detected that satisfy reporting thresholds]


Hit alignments:

   [No hits detected that satisfy reporting thresholds]


Internal CM pipeline statistics summary:
----------------------------------------
Query model(s):                                                  1  (77 consensus positions)
Target sequences:                                                1  (8202968 residues searched)
Target sequences re-searched for truncated hits:                 1  (384 residues re-searched)
Windows   passing  local HMM SSV           filter:            8200  (0.1166); expected (0.06)
Windows   passing  local HMM Viterbi       filter:            2197  (0.0319); expected (0.02)
Windows   passing  local HMM Viterbi  bias filter:            1803  (0.02619); expected (0.02)
Windows   passing  local HMM Forward       filter:             112  (0.001718); expected (0.0002)
Windows   passing  local HMM Forward  bias filter:              93  (0.001442); expected (0.0002)
Windows   passing glocal HMM Forward       filter:              63  (0.001017); expected (0.0002)
Windows   passing glocal HMM Forward  bias filter:              62  (0.000994); expected (0.0002)
Envelopes passing glocal HMM envelope defn filter:              62  (0.0006952); expected (0.0002)
Envelopes passing  local CM  CYK           filter:              26  (0.0002654); expected (0.0001)
Total CM hits reported:                                          0  (0); includes 0 truncated hit(s)

# CPU time: 0.89u 0.00s 00:00:00.89 Elapsed: 00:00:00.12
//
Query:       ToxI  [CLEN=34]
Accession:   RF02519
Description: ToxI antitoxin
Hit scores:
 rank     E-value  score  bias  sequence  start    end   mdl trunc   gc  description
 ----   --------- ------ -----  -------- ------ ------   --- ----- ----  -----------

   [No hits detected that satisfy reporting thresholds]


Hit alignments:

   [No hits detected that satisfy reporting thresholds]


Internal CM pipeline statistics summary:
----------------------------------------
Query model(s):                                                  1  (34 consensus positions)
Target sequences:                                                1  (8202968 residues searched)
Target sequences re-searched for truncated hits:                 1  (192 residues re-searched)
Windows   passing  local HMM SSV           filter:            6866  (0.04937); expected (0.06)
Windows   passing  local HMM Viterbi       filter:            1131  (0.008163); expected (0.02)
Windows   passing  local HMM Viterbi  bias filter:            1010  (0.007278); expected (0.02)
Windows   passing  local HMM Forward       filter:              14  (0.0001096); expected (0.0002)
Windows   passing  local HMM Forward  bias filter:              10  (7.753e-05); expected (0.0002)
Windows   passing glocal HMM Forward       filter:               6  (5.035e-05); expected (0.0002)
Windows   passing glocal HMM Forward  bias filter:               6  (5.035e-05); expected (0.0002)
Envelopes passing glocal HMM envelope defn filter:               6  (3.011e-05); expected (0.0002)
Envelopes passing  local CM  CYK           filter:               4  (1.999e-05); expected (0.0001)
Total CM hits reported:                                          0  (0); includes 0 truncated hit(s)

# CPU time: 0.11u 0.01s 00:00:00.12 Elapsed: 00:00:00.02
//
[ok]
