# cmsearch :: search CM(s) against a sequence database
# INFERNAL 1.1.4 (Dec 2020)
# Copyright (C) 2020 Howard Hughes Medical Institute.
# Freely distributed under the BSD open source license.
# - - - - - - - - - - - - - - - - - - - - - - - - - - - - - - - - - - - -
# query CM file:                         cms/Intron.cm
# target sequence database:              genomes/PS-20.fas
# output directed to file:               sequences/PS-20/Intron.out
# tabular output of hits:                sequences/PS-20/Intron.tblout
# model-specific thresholding:           GA cutoffs
# Rfam pipeline mode:                    on [strict filtering]
# HMM-only mode for 0 basepair models:   no
# number of worker threads:              12
# - - - - - - - - - - - - - - - - - - - - - - - - - - - - - - - - - - - -

Query:       Intron_gpI  [CLEN=251]
Accession:   RF00028
Description: Group I catalytic intron
Hit scores:
 rank     E-value  score  bias  sequence  start    end   mdl trunc   gc  description
 ----   --------- ------ -----  -------- ------ ------   --- ----- ----  -----------

   [No hits detected that satisfy reporting thresholds]


Hit alignments:

   [No hits detected that satisfy reporting thresholds]


Internal CM pipeline statistics summary:
----------------------------------------
Query model(s):                                                  1  (251 consensus positions)
Target sequences:                                                1  (8080774 residues searched)
Target sequences re-searched for truncated hits:                 1  (5324 residues re-searched)
Windows   passing  local HMM SSV           filter:            1376  (0.2593); expected (0.06)
Windows   passing  local HMM Viterbi       filter:              94  (0.01983); expected (0.02)
Windows   passing  local HMM Viterbi  bias filter:              26  (0.005138); expected (0.02)
Windows   passing  local HMM Forward       filter:               7  (0.001547); expected (0.0002)
Windows   passing  local HMM Forward  bias filter:               4  (0.0009506); expected (0.0002)
Windows   passing glocal HMM Forward       filter:               4  (0.0009506); expected (0.0002)
Windows   passing glocal HMM Forward  bias filter:               4  (0.0009506); expected (0.0002)
Envelopes passing glocal HMM envelope defn filter:               4  (0.0002764); expected (0.0002)
Envelopes passing  local CM  CYK           filter:               0  (0); expected (0.0001)
Total CM hits reported:                                          0  (0); includes 0 truncated hit(s)

# CPU time: 2.09u 0.29s 00:00:02.38 Elapsed: 00:00:00.76
//
Query:       Intron_gpII  [CLEN=93]
Accession:   RF00029
Description: Group II catalytic intron
Hit scores:
 rank     E-value  score  bias  sequence  start    end   mdl trunc   gc  description
 ----   --------- ------ -----  -------- ------ ------   --- ----- ----  -----------

   [No hits detected that satisfy reporting thresholds]


Hit alignments:

   [No hits detected that satisfy reporting thresholds]


Internal CM pipeline statistics summary:
----------------------------------------
Query model(s):                                                  1  (93 consensus positions)
Target sequences:                                                1  (8080774 residues searched)
Target sequences re-searched for truncated hits:                 1  (2048 residues re-searched)
Windows   passing  local HMM SSV           filter:            1064  (0.06676); expected (0.06)
Windows   passing  local HMM Viterbi       filter:             215  (0.015); expected (0.02)
Windows   passing  local HMM Viterbi  bias filter:             214  (0.01493); expected (0.02)
Windows   passing  local HMM Forward       filter:               1  (5.642e-05); expected (0.0002)
Windows   passing  local HMM Forward  bias filter:               1  (5.642e-05); expected (0.0002)
Windows   passing glocal HMM Forward       filter:               0  (0); expected (0.0002)
Windows   passing glocal HMM Forward  bias filter:               0  (0); expected (0.0002)
Envelopes passing glocal HMM envelope defn filter:               0  (0); expected (0.0002)
Envelopes passing  local CM  CYK           filter:               0  (0); expected (0.0001)
Total CM hits reported:                                          0  (0); includes 0 truncated hit(s)

# CPU time: 0.20u 0.01s 00:00:00.21 Elapsed: 00:00:00.02
//
Query:       group-II-D1D4-1  [CLEN=84]
Accession:   RF01998
Description: Group II catalytic intron D1-D4-1
Hit scores:
 rank     E-value  score  bias  sequence  start    end   mdl trunc   gc  description
 ----   --------- ------ -----  -------- ------ ------   --- ----- ----  -----------

   [No hits detected that satisfy reporting thresholds]


Hit alignments:

   [No hits detected that satisfy reporting thresholds]


Internal CM pipeline statistics summary:
----------------------------------------
Query model(s):                                                  1  (84 consensus positions)
Target sequences:                                                1  (8080774 residues searched)
Target sequences re-searched for truncated hits:                 1  (756 residues re-searched)
Windows   passing  local HMM SSV           filter:            3225  (0.08648); expected (0.06)
Windows   passing  local HMM Viterbi       filter:             740  (0.02054); expected (0.02)
Windows   passing  local HMM Viterbi  bias filter:             660  (0.01832); expected (0.02)
Windows   passing  local HMM Forward       filter:               7  (0.0001795); expected (0.0002)
Windows   passing  local HMM Forward  bias filter:               5  (0.0001281); expected (0.0002)
Windows   passing glocal HMM Forward       filter:               4  (0.000102); expected (0.0002)
Windows   passing glocal HMM Forward  bias filter:               4  (0.000102); expected (0.0002)
Envelopes passing glocal HMM envelope defn filter:               4  (5.593e-05); expected (0.0002)
Envelopes passing  local CM  CYK           filter:               3  (2.314e-05); expected (0.0001)
Total CM hits reported:                                          0  (0); includes 0 truncated hit(s)

# CPU time: 0.25u 0.01s 00:00:00.26 Elapsed: 00:00:00.03
//
Query:       group-II-D1D4-2  [CLEN=118]
Accession:   RF01999
Description: Group II catalytic intron D1-D4-2
Hit scores:
 rank     E-value  score  bias  sequence  start    end   mdl trunc   gc  description
 ----   --------- ------ -----  -------- ------ ------   --- ----- ----  -----------

   [No hits detected that satisfy reporting thresholds]


Hit alignments:

   [No hits detected that satisfy reporting thresholds]


Internal CM pipeline statistics summary:
----------------------------------------
Query model(s):                                                  1  (118 consensus positions)
Target sequences:                                                1  (8080774 residues searched)
Target sequences re-searched for truncated hits:                 1  (632 residues re-searched)
Windows   passing  local HMM SSV           filter:            3632  (0.08464); expected (0.06)
Windows   passing  local HMM Viterbi       filter:             647  (0.01519); expected (0.02)
Windows   passing  local HMM Viterbi  bias filter:             614  (0.0144); expected (0.02)
Windows   passing  local HMM Forward       filter:              22  (0.0005623); expected (0.0002)
Windows   passing  local HMM Forward  bias filter:              20  (0.0005075); expected (0.0002)
Windows   passing glocal HMM Forward       filter:              15  (0.0003631); expected (0.0002)
Windows   passing glocal HMM Forward  bias filter:              15  (0.0003631); expected (0.0002)
Envelopes passing glocal HMM envelope defn filter:              15  (0.000247); expected (0.0002)
Envelopes passing  local CM  CYK           filter:               0  (0); expected (0.0001)
Total CM hits reported:                                          0  (0); includes 0 truncated hit(s)

# CPU time: 0.40u 0.02s 00:00:00.42 Elapsed: 00:00:00.05
//
Query:       group-II-D1D4-3  [CLEN=171]
Accession:   RF02001
Description: Group II catalytic intron D1-D4-3
Hit scores:
 rank     E-value  score  bias  sequence  start    end   mdl trunc   gc  description
 ----   --------- ------ -----  -------- ------ ------   --- ----- ----  -----------

   [No hits detected that satisfy reporting thresholds]


Hit alignments:

   [No hits detected that satisfy reporting thresholds]


Internal CM pipeline statistics summary:
----------------------------------------
Query model(s):                                                  1  (171 consensus positions)
Target sequences:                                                1  (8080774 residues searched)
Target sequences re-searched for truncated hits:                 1  (1268 residues re-searched)
Windows   passing  local HMM SSV           filter:            2505  (0.1119); expected (0.06)
Windows   passing  local HMM Viterbi       filter:             627  (0.02942); expected (0.02)
Windows   passing  local HMM Viterbi  bias filter:             366  (0.01717); expected (0.02)
Windows   passing  local HMM Forward       filter:              27  (0.001407); expected (0.0002)
Windows   passing  local HMM Forward  bias filter:              19  (0.0009861); expected (0.0002)
Windows   passing glocal HMM Forward       filter:              16  (0.0008134); expected (0.0002)
Windows   passing glocal HMM Forward  bias filter:              16  (0.0008134); expected (0.0002)
Envelopes passing glocal HMM envelope defn filter:              16  (0.0004446); expected (0.0002)
Envelopes passing  local CM  CYK           filter:               9  (0.0001733); expected (0.0001)
Total CM hits reported:                                          0  (0); includes 0 truncated hit(s)

# CPU time: 1.82u 0.10s 00:00:01.92 Elapsed: 00:00:00.40
//
Query:       group-II-D1D4-4  [CLEN=138]
Accession:   RF02003
Description: Group II catalytic intron D1-D4-4
Hit scores:
 rank     E-value  score  bias  sequence  start    end   mdl trunc   gc  description
 ----   --------- ------ -----  -------- ------ ------   --- ----- ----  -----------

   [No hits detected that satisfy reporting thresholds]


Hit alignments:

   [No hits detected that satisfy reporting thresholds]


Internal CM pipeline statistics summary:
----------------------------------------
Query model(s):                                                  1  (138 consensus positions)
Target sequences:                                                1  (8080774 residues searched)
Target sequences re-searched for truncated hits:                 1  (1460 residues re-searched)
Windows   passing  local HMM SSV           filter:            1501  (0.07315); expected (0.06)
Windows   passing  local HMM Viterbi       filter:             168  (0.008528); expected (0.02)
Windows   passing  local HMM Viterbi  bias filter:             149  (0.007575); expected (0.02)
Windows   passing  local HMM Forward       filter:               2  (9.935e-05); expected (0.0002)
Windows   passing  local HMM Forward  bias filter:               2  (9.935e-05); expected (0.0002)
Windows   passing glocal HMM Forward       filter:               1  (5.234e-05); expected (0.0002)
Windows   passing glocal HMM Forward  bias filter:               1  (5.234e-05); expected (0.0002)
Envelopes passing glocal HMM envelope defn filter:               1  (1.621e-05); expected (0.0002)
Envelopes passing  local CM  CYK           filter:               1  (1.547e-05); expected (0.0001)
Total CM hits reported:                                          0  (0); includes 0 truncated hit(s)

# CPU time: 0.28u 0.00s 00:00:00.28 Elapsed: 00:00:00.05
//
Query:       group-II-D1D4-5  [CLEN=201]
Accession:   RF02004
Description: Group II catalytic intron D1-D4-5
Hit scores:
 rank     E-value  score  bias  sequence  start    end   mdl trunc   gc  description
 ----   --------- ------ -----  -------- ------ ------   --- ----- ----  -----------

   [No hits detected that satisfy reporting thresholds]


Hit alignments:

   [No hits detected that satisfy reporting thresholds]


Internal CM pipeline statistics summary:
----------------------------------------
Query model(s):                                                  1  (201 consensus positions)
Target sequences:                                                1  (8080774 residues searched)
Target sequences re-searched for truncated hits:                 1  (1116 residues re-searched)
Windows   passing  local HMM SSV           filter:            2942  (0.1207); expected (0.06)
Windows   passing  local HMM Viterbi       filter:             451  (0.0191); expected (0.02)
Windows   passing  local HMM Viterbi  bias filter:             283  (0.01197); expected (0.02)
Windows   passing  local HMM Forward       filter:              15  (0.0006715); expected (0.0002)
Windows   passing  local HMM Forward  bias filter:              13  (0.0005614); expected (0.0002)
Windows   passing glocal HMM Forward       filter:               7  (0.0002864); expected (0.0002)
Windows   passing glocal HMM Forward  bias filter:               7  (0.0002864); expected (0.0002)
Envelopes passing glocal HMM envelope defn filter:               7  (0.0001987); expected (0.0002)
Envelopes passing  local CM  CYK           filter:               1  (2.871e-05); expected (0.0001)
Total CM hits reported:                                          0  (0); includes 0 truncated hit(s)

# CPU time: 0.84u 0.01s 00:00:00.85 Elapsed: 00:00:00.20
//
Query:       group-II-D1D4-6  [CLEN=225]
Accession:   RF02005
Description: Group II catalytic intron D1-D4-6
Hit scores:
 rank     E-value  score  bias  sequence  start    end   mdl trunc   gc  description
 ----   --------- ------ -----  -------- ------ ------   --- ----- ----  -----------

   [No hits detected that satisfy reporting thresholds]


Hit alignments:

   [No hits detected that satisfy reporting thresholds]


Internal CM pipeline statistics summary:
----------------------------------------
Query model(s):                                                  1  (225 consensus positions)
Target sequences:                                                1  (8080774 residues searched)
Target sequences re-searched for truncated hits:                 1  (1460 residues re-searched)
Windows   passing  local HMM SSV           filter:            1165  (0.06086); expected (0.06)
Windows   passing  local HMM Viterbi       filter:             167  (0.008832); expected (0.02)
Windows   passing  local HMM Viterbi  bias filter:             140  (0.007389); expected (0.02)
Windows   passing  local HMM Forward       filter:               7  (0.0003614); expected (0.0002)
Windows   passing  local HMM Forward  bias filter:               4  (0.0002063); expected (0.0002)
Windows   passing glocal HMM Forward       filter:               3  (0.0001564); expected (0.0002)
Windows   passing glocal HMM Forward  bias filter:               3  (0.0001564); expected (0.0002)
Envelopes passing glocal HMM envelope defn filter:               3  (9.106e-05); expected (0.0002)
Envelopes passing  local CM  CYK           filter:               0  (0); expected (0.0001)
Total CM hits reported:                                          0  (0); includes 0 truncated hit(s)

# CPU time: 0.46u 0.01s 00:00:00.47 Elapsed: 00:00:00.11
//
Query:       group-II-D1D4-7  [CLEN=148]
Accession:   RF02012
Description: Group II catalytic intron D1-D4-7
Hit scores:
 rank     E-value  score  bias  sequence  start    end   mdl trunc   gc  description
 ----   --------- ------ -----  -------- ------ ------   --- ----- ----  -----------

   [No hits detected that satisfy reporting thresholds]


Hit alignments:

   [No hits detected that satisfy reporting thresholds]


Internal CM pipeline statistics summary:
----------------------------------------
Query model(s):                                                  1  (148 consensus positions)
Target sequences:                                                1  (8080774 residues searched)
Target sequences re-searched for truncated hits:                 1  (1040 residues re-searched)
Windows   passing  local HMM SSV           filter:            2544  (0.09331); expected (0.06)
Windows   passing  local HMM Viterbi       filter:             280  (0.01061); expected (0.02)
Windows   passing  local HMM Viterbi  bias filter:             251  (0.009507); expected (0.02)
Windows   passing  local HMM Forward       filter:              10  (0.0003715); expected (0.0002)
Windows   passing  local HMM Forward  bias filter:               9  (0.0003255); expected (0.0002)
Windows   passing glocal HMM Forward       filter:               6  (0.0002622); expected (0.0002)
Windows   passing glocal HMM Forward  bias filter:               6  (0.0002622); expected (0.0002)
Envelopes passing glocal HMM envelope defn filter:               5  (0.0001058); expected (0.0002)
Envelopes passing  local CM  CYK           filter:               1  (6.063e-06); expected (0.0001)
Total CM hits reported:                                          0  (0); includes 0 truncated hit(s)

# CPU time: 0.37u 0.00s 00:00:00.37 Elapsed: 00:00:00.05
//
[ok]
