# cmsearch :: search CM(s) against a sequence database
# INFERNAL 1.1.4 (Dec 2020)
# Copyright (C) 2020 Howard Hughes Medical Institute.
# Freely distributed under the BSD open source license.
# - - - - - - - - - - - - - - - - - - - - - - - - - - - - - - - - - - - -
# query CM file:                         cms/antitoxin.cm
# target sequence database:              genomes/PS-218.fas
# output directed to file:               sequences/PS-218/antitoxin.out
# tabular output of hits:                sequences/PS-218/antitoxin.tblout
# model-specific thresholding:           GA cutoffs
# Rfam pipeline mode:                    on [strict filtering]
# HMM-only mode for 0 basepair models:   no
# number of worker threads:              12
# - - - - - - - - - - - - - - - - - - - - - - - - - - - - - - - - - - - -

Query:       SIB_RNA  [CLEN=147]
Accession:   RF00113
Description: Short Intergenic Abundant RNA
Hit scores:
 rank     E-value  score  bias  sequence  start    end   mdl trunc   gc  description
 ----   --------- ------ -----  -------- ------ ------   --- ----- ----  -----------

   [No hits detected that satisfy reporting thresholds]


Hit alignments:

   [No hits detected that satisfy reporting thresholds]


Internal CM pipeline statistics summary:
----------------------------------------
Query model(s):                                                  1  (147 consensus positions)
Target sequences:                                                1  (8260252 residues searched)
Target sequences re-searched for truncated hits:                 1  (732 residues re-searched)
Windows   passing  local HMM SSV           filter:            5180  (0.1355); expected (0.06)
Windows   passing  local HMM Viterbi       filter:             879  (0.02384); expected (0.02)
Windows   passing  local HMM Viterbi  bias filter:             668  (0.01807); expected (0.02)
Windows   passing  local HMM Forward       filter:              62  (0.001736); expected (0.0002)
Windows   passing  local HMM Forward  bias filter:              48  (0.001325); expected (0.0002)
Windows   passing glocal HMM Forward       filter:              29  (0.0008271); expected (0.0002)
Windows   passing glocal HMM Forward  bias filter:              28  (0.0008017); expected (0.0002)
Envelopes passing glocal HMM envelope defn filter:              30  (0.0006274); expected (0.0002)
Envelopes passing  local CM  CYK           filter:               3  (4.334e-05); expected (0.0001)
Total CM hits reported:                                          0  (0); includes 0 truncated hit(s)

# CPU time: 1.28u 0.11s 00:00:01.39 Elapsed: 00:00:00.23
//
Query:       istR  [CLEN=130]
Accession:   RF01400
Description: istR Hfq binding RNA
Hit scores:
 rank     E-value  score  bias  sequence  start    end   mdl trunc   gc  description
 ----   --------- ------ -----  -------- ------ ------   --- ----- ----  -----------

   [No hits detected that satisfy reporting thresholds]


Hit alignments:

   [No hits detected that satisfy reporting thresholds]


Internal CM pipeline statistics summary:
----------------------------------------
Query model(s):                                                  1  (130 consensus positions)
Target sequences:                                                1  (8260252 residues searched)
Target sequences re-searched for truncated hits:                 1  (648 residues re-searched)
Windows   passing  local HMM SSV           filter:            2748  (0.06369); expected (0.06)
Windows   passing  local HMM Viterbi       filter:             384  (0.009096); expected (0.02)
Windows   passing  local HMM Viterbi  bias filter:             377  (0.008926); expected (0.02)
Windows   passing  local HMM Forward       filter:               9  (0.0002306); expected (0.0002)
Windows   passing  local HMM Forward  bias filter:               9  (0.0002306); expected (0.0002)
Windows   passing glocal HMM Forward       filter:               8  (0.0001948); expected (0.0002)
Windows   passing glocal HMM Forward  bias filter:               8  (0.0001948); expected (0.0002)
Envelopes passing glocal HMM envelope defn filter:               7  (0.00013); expected (0.0002)
Envelopes passing  local CM  CYK           filter:               0  (0); expected (0.0001)
Total CM hits reported:                                          0  (0); includes 0 truncated hit(s)

# CPU time: 0.33u 0.02s 00:00:00.35 Elapsed: 00:00:00.08
//
Query:       RatA  [CLEN=90]
Accession:   RF01776
Description: RNA anti-toxin A
Hit scores:
 rank     E-value  score  bias  sequence  start    end   mdl trunc   gc  description
 ----   --------- ------ -----  -------- ------ ------   --- ----- ----  -----------

   [No hits detected that satisfy reporting thresholds]


Hit alignments:

   [No hits detected that satisfy reporting thresholds]


Internal CM pipeline statistics summary:
----------------------------------------
Query model(s):                                                  1  (90 consensus positions)
Target sequences:                                                1  (8260252 residues searched)
Target sequences re-searched for truncated hits:                 1  (448 residues re-searched)
Windows   passing  local HMM SSV           filter:            9805  (0.1617); expected (0.06)
Windows   passing  local HMM Viterbi       filter:            1776  (0.03058); expected (0.02)
Windows   passing  local HMM Viterbi  bias filter:            1040  (0.01774); expected (0.02)
Windows   passing  local HMM Forward       filter:              89  (0.001586); expected (0.0002)
Windows   passing  local HMM Forward  bias filter:              48  (0.0008308); expected (0.0002)
Windows   passing glocal HMM Forward       filter:              44  (0.0007946); expected (0.0002)
Windows   passing glocal HMM Forward  bias filter:              44  (0.0007946); expected (0.0002)
Envelopes passing glocal HMM envelope defn filter:              45  (0.000583); expected (0.0002)
Envelopes passing  local CM  CYK           filter:               9  (0.0001069); expected (0.0001)
Total CM hits reported:                                          0  (0); includes 0 truncated hit(s)

# CPU time: 0.88u 0.03s 00:00:00.91 Elapsed: 00:00:00.12
//
Query:       sok  [CLEN=157]
Accession:   RF01794
Description: sok antitoxin (CssrC)
Hit scores:
 rank     E-value  score  bias  sequence  start    end   mdl trunc   gc  description
 ----   --------- ------ -----  -------- ------ ------   --- ----- ----  -----------

   [No hits detected that satisfy reporting thresholds]


Hit alignments:

   [No hits detected that satisfy reporting thresholds]


Internal CM pipeline statistics summary:
----------------------------------------
Query model(s):                                                  1  (157 consensus positions)
Target sequences:                                                1  (8260252 residues searched)
Target sequences re-searched for truncated hits:                 1  (1184 residues re-searched)
Windows   passing  local HMM SSV           filter:            2889  (0.1177); expected (0.06)
Windows   passing  local HMM Viterbi       filter:             536  (0.0226); expected (0.02)
Windows   passing  local HMM Viterbi  bias filter:             479  (0.02019); expected (0.02)
Windows   passing  local HMM Forward       filter:              21  (0.0009265); expected (0.0002)
Windows   passing  local HMM Forward  bias filter:              20  (0.000884); expected (0.0002)
Windows   passing glocal HMM Forward       filter:              11  (0.0004676); expected (0.0002)
Windows   passing glocal HMM Forward  bias filter:              11  (0.0004676); expected (0.0002)
Envelopes passing glocal HMM envelope defn filter:              12  (0.0002723); expected (0.0002)
Envelopes passing  local CM  CYK           filter:               2  (1.925e-05); expected (0.0001)
Total CM hits reported:                                          0  (0); includes 0 truncated hit(s)

# CPU time: 0.72u 0.03s 00:00:00.75 Elapsed: 00:00:00.16
//
Query:       fstAT  [CLEN=94]
Accession:   RF01797
Description: Fst antitoxin sRNA
Hit scores:
 rank     E-value  score  bias  sequence  start    end   mdl trunc   gc  description
 ----   --------- ------ -----  -------- ------ ------   --- ----- ----  -----------

   [No hits detected that satisfy reporting thresholds]


Hit alignments:

   [No hits detected that satisfy reporting thresholds]


Internal CM pipeline statistics summary:
----------------------------------------
Query model(s):                                                  1  (94 consensus positions)
Target sequences:                                                1  (8260252 residues searched)
Target sequences re-searched for truncated hits:                 1  (496 residues re-searched)
Windows   passing  local HMM SSV           filter:            9300  (0.1691); expected (0.06)
Windows   passing  local HMM Viterbi       filter:            1610  (0.03049); expected (0.02)
Windows   passing  local HMM Viterbi  bias filter:            1243  (0.02346); expected (0.02)
Windows   passing  local HMM Forward       filter:             100  (0.002123); expected (0.0002)
Windows   passing  local HMM Forward  bias filter:              70  (0.001519); expected (0.0002)
Windows   passing glocal HMM Forward       filter:              43  (0.0009051); expected (0.0002)
Windows   passing glocal HMM Forward  bias filter:              41  (0.0008595); expected (0.0002)
Envelopes passing glocal HMM envelope defn filter:              40  (0.0005539); expected (0.0002)
Envelopes passing  local CM  CYK           filter:               8  (8.643e-05); expected (0.0001)
Total CM hits reported:                                          0  (0); includes 0 truncated hit(s)

# CPU time: 0.77u 0.01s 00:00:00.78 Elapsed: 00:00:00.12
//
Query:       symR  [CLEN=77]
Accession:   RF01809
Description: SymR antitoxin
Hit scores:
 rank     E-value  score  bias  sequence  start    end   mdl trunc   gc  description
 ----   --------- ------ -----  -------- ------ ------   --- ----- ----  -----------

   [No hits detected that satisfy reporting thresholds]


Hit alignments:

   [No hits detected that satisfy reporting thresholds]


Internal CM pipeline statistics summary:
----------------------------------------
Query model(s):                                                  1  (77 consensus positions)
Target sequences:                                                1  (8260252 residues searched)
Target sequences re-searched for truncated hits:                 1  (384 residues re-searched)
Windows   passing  local HMM SSV           filter:            6790  (0.09565); expected (0.06)
Windows   passing  local HMM Viterbi       filter:            1600  (0.02289); expected (0.02)
Windows   passing  local HMM Viterbi  bias filter:            1495  (0.02138); expected (0.02)
Windows   passing  local HMM Forward       filter:              34  (0.0005266); expected (0.0002)
Windows   passing  local HMM Forward  bias filter:              31  (0.0004685); expected (0.0002)
Windows   passing glocal HMM Forward       filter:              22  (0.0003197); expected (0.0002)
Windows   passing glocal HMM Forward  bias filter:              22  (0.0003197); expected (0.0002)
Envelopes passing glocal HMM envelope defn filter:              22  (0.0002558); expected (0.0002)
Envelopes passing  local CM  CYK           filter:               1  (9.321e-06); expected (0.0001)
Total CM hits reported:                                          0  (0); includes 0 truncated hit(s)

# CPU time: 0.34u 0.00s 00:00:00.34 Elapsed: 00:00:00.04
//
Query:       PtaRNA1  [CLEN=72]
Accession:   RF01811
Description: Plasmid transferred anti-sense RNA
Hit scores:
 rank     E-value  score  bias  sequence  start    end   mdl trunc   gc  description
 ----   --------- ------ -----  -------- ------ ------   --- ----- ----  -----------

   [No hits detected that satisfy reporting thresholds]


Hit alignments:

   [No hits detected that satisfy reporting thresholds]


Internal CM pipeline statistics summary:
----------------------------------------
Query model(s):                                                  1  (72 consensus positions)
Target sequences:                                                1  (8260252 residues searched)
Target sequences re-searched for truncated hits:                 1  (360 residues re-searched)
Windows   passing  local HMM SSV           filter:            4659  (0.06157); expected (0.06)
Windows   passing  local HMM Viterbi       filter:            1271  (0.01697); expected (0.02)
Windows   passing  local HMM Viterbi  bias filter:            1188  (0.01585); expected (0.02)
Windows   passing  local HMM Forward       filter:              15  (0.0002189); expected (0.0002)
Windows   passing  local HMM Forward  bias filter:              13  (0.0001928); expected (0.0002)
Windows   passing glocal HMM Forward       filter:               7  (9.188e-05); expected (0.0002)
Windows   passing glocal HMM Forward  bias filter:               7  (9.188e-05); expected (0.0002)
Envelopes passing glocal HMM envelope defn filter:               7  (6.694e-05); expected (0.0002)
Envelopes passing  local CM  CYK           filter:               3  (2.639e-05); expected (0.0001)
Total CM hits reported:                                          0  (0); includes 0 truncated hit(s)

# CPU time: 0.21u 0.00s 00:00:00.21 Elapsed: 00:00:00.04
//
Query:       rdlD  [CLEN=66]
Accession:   RF01813
Description: rdlD antitoxin
Hit scores:
 rank     E-value  score  bias  sequence  start    end   mdl trunc   gc  description
 ----   --------- ------ -----  -------- ------ ------   --- ----- ----  -----------

   [No hits detected that satisfy reporting thresholds]


Hit alignments:

   [No hits detected that satisfy reporting thresholds]


Internal CM pipeline statistics summary:
----------------------------------------
Query model(s):                                                  1  (66 consensus positions)
Target sequences:                                                1  (8260252 residues searched)
Target sequences re-searched for truncated hits:                 1  (328 residues re-searched)
Windows   passing  local HMM SSV           filter:            4948  (0.05992); expected (0.06)
Windows   passing  local HMM Viterbi       filter:            1256  (0.01539); expected (0.02)
Windows   passing  local HMM Viterbi  bias filter:            1100  (0.01345); expected (0.02)
Windows   passing  local HMM Forward       filter:              26  (0.0003342); expected (0.0002)
Windows   passing  local HMM Forward  bias filter:              25  (0.0003164); expected (0.0002)
Windows   passing glocal HMM Forward       filter:              10  (0.0001356); expected (0.0002)
Windows   passing glocal HMM Forward  bias filter:              10  (0.0001356); expected (0.0002)
Envelopes passing glocal HMM envelope defn filter:               9  (8.183e-05); expected (0.0002)
Envelopes passing  local CM  CYK           filter:               2  (1.513e-05); expected (0.0001)
Total CM hits reported:                                          0  (0); includes 0 truncated hit(s)

# CPU time: 0.23u 0.01s 00:00:00.24 Elapsed: 00:00:00.03
//
Query:       OrzO-P  [CLEN=76]
Accession:   RF02083
Description: OrzO-P RNA antitoxin family
Hit scores:
 rank     E-value  score  bias  sequence  start    end   mdl trunc   gc  description
 ----   --------- ------ -----  -------- ------ ------   --- ----- ----  -----------

   [No hits detected that satisfy reporting thresholds]


Hit alignments:

   [No hits detected that satisfy reporting thresholds]


Internal CM pipeline statistics summary:
----------------------------------------
Query model(s):                                                  1  (76 consensus positions)
Target sequences:                                                1  (8260252 residues searched)
Target sequences re-searched for truncated hits:                 1  (380 residues re-searched)
Windows   passing  local HMM SSV           filter:            9122  (0.1275); expected (0.06)
Windows   passing  local HMM Viterbi       filter:            2795  (0.04017); expected (0.02)
Windows   passing  local HMM Viterbi  bias filter:            2293  (0.03302); expected (0.02)
Windows   passing  local HMM Forward       filter:             147  (0.002339); expected (0.0002)
Windows   passing  local HMM Forward  bias filter:             119  (0.001885); expected (0.0002)
Windows   passing glocal HMM Forward       filter:              98  (0.001602); expected (0.0002)
Windows   passing glocal HMM Forward  bias filter:              96  (0.001567); expected (0.0002)
Envelopes passing glocal HMM envelope defn filter:              95  (0.001063); expected (0.0002)
Envelopes passing  local CM  CYK           filter:              72  (0.000734); expected (0.0001)
Total CM hits reported:                                          0  (0); includes 0 truncated hit(s)

# CPU time: 1.66u 0.00s 00:00:01.66 Elapsed: 00:00:00.19
//
Query:       ohsC_RNA  [CLEN=77]
Accession:   RF02495
Description: Oppression of Hydrophobic ORF by sRNA
Hit scores:
 rank     E-value  score  bias  sequence  start    end   mdl trunc   gc  description
 ----   --------- ------ -----  -------- ------ ------   --- ----- ----  -----------

   [No hits detected that satisfy reporting thresholds]


Hit alignments:

   [No hits detected that satisfy reporting thresholds]


Internal CM pipeline statistics summary:
----------------------------------------
Query model(s):                                                  1  (77 consensus positions)
Target sequences:                                                1  (8260252 residues searched)
Target sequences re-searched for truncated hits:                 1  (384 residues re-searched)
Windows   passing  local HMM SSV           filter:            8286  (0.117); expected (0.06)
Windows   passing  local HMM Viterbi       filter:            2253  (0.03248); expected (0.02)
Windows   passing  local HMM Viterbi  bias filter:            1831  (0.02639); expected (0.02)
Windows   passing  local HMM Forward       filter:             114  (0.001746); expected (0.0002)
Windows   passing  local HMM Forward  bias filter:              83  (0.001267); expected (0.0002)
Windows   passing glocal HMM Forward       filter:              63  (0.001005); expected (0.0002)
Windows   passing glocal HMM Forward  bias filter:              62  (0.000983); expected (0.0002)
Envelopes passing glocal HMM envelope defn filter:              61  (0.0006852); expected (0.0002)
Envelopes passing  local CM  CYK           filter:              24  (0.000243); expected (0.0001)
Total CM hits reported:                                          0  (0); includes 0 truncated hit(s)

# CPU time: 0.83u 0.00s 00:00:00.83 Elapsed: 00:00:00.09
//
Query:       ToxI  [CLEN=34]
Accession:   RF02519
Description: ToxI antitoxin
Hit scores:
 rank     E-value  score  bias  sequence  start    end   mdl trunc   gc  description
 ----   --------- ------ -----  -------- ------ ------   --- ----- ----  -----------

   [No hits detected that satisfy reporting thresholds]


Hit alignments:

   [No hits detected that satisfy reporting thresholds]


Internal CM pipeline statistics summary:
----------------------------------------
Query model(s):                                                  1  (34 consensus positions)
Target sequences:                                                1  (8260252 residues searched)
Target sequences re-searched for truncated hits:                 1  (192 residues re-searched)
Windows   passing  local HMM SSV           filter:            6956  (0.04972); expected (0.06)
Windows   passing  local HMM Viterbi       filter:            1122  (0.008045); expected (0.02)
Windows   passing  local HMM Viterbi  bias filter:            1005  (0.007193); expected (0.02)
Windows   passing  local HMM Forward       filter:              12  (9.394e-05); expected (0.0002)
Windows   passing  local HMM Forward  bias filter:               8  (6.21e-05); expected (0.0002)
Windows   passing glocal HMM Forward       filter:               6  (4.867e-05); expected (0.0002)
Windows   passing glocal HMM Forward  bias filter:               6  (4.867e-05); expected (0.0002)
Envelopes passing glocal HMM envelope defn filter:               6  (2.893e-05); expected (0.0002)
Envelopes passing  local CM  CYK           filter:               4  (1.985e-05); expected (0.0001)
Total CM hits reported:                                          0  (0); includes 0 truncated hit(s)

# CPU time: 0.12u 0.01s 00:00:00.13 Elapsed: 00:00:00.02
//
[ok]
