# cmsearch :: search CM(s) against a sequence database
# INFERNAL 1.1.4 (Dec 2020)
# Copyright (C) 2020 Howard Hughes Medical Institute.
# Freely distributed under the BSD open source license.
# - - - - - - - - - - - - - - - - - - - - - - - - - - - - - - - - - - - -
# query CM file:                         cms/antitoxin.cm
# target sequence database:              genomes/PS-233_plasmid.fas
# output directed to file:               sequences/PS-233_plasmid/antitoxin.out
# tabular output of hits:                sequences/PS-233_plasmid/antitoxin.tblout
# model-specific thresholding:           GA cutoffs
# Rfam pipeline mode:                    on [strict filtering]
# HMM-only mode for 0 basepair models:   no
# number of worker threads:              12
# - - - - - - - - - - - - - - - - - - - - - - - - - - - - - - - - - - - -

Query:       SIB_RNA  [CLEN=147]
Accession:   RF00113
Description: Short Intergenic Abundant RNA
Hit scores:
 rank     E-value  score  bias  sequence  start    end   mdl trunc   gc  description
 ----   --------- ------ -----  -------- ------ ------   --- ----- ----  -----------

   [No hits detected that satisfy reporting thresholds]


Hit alignments:

   [No hits detected that satisfy reporting thresholds]


Internal CM pipeline statistics summary:
----------------------------------------
Query model(s):                                                  1  (147 consensus positions)
Target sequences:                                                1  (171140 residues searched)
Target sequences re-searched for truncated hits:                 1  (732 residues re-searched)
Windows   passing  local HMM SSV           filter:             135  (0.1681); expected (0.06)
Windows   passing  local HMM Viterbi       filter:              22  (0.02912); expected (0.02)
Windows   passing  local HMM Viterbi  bias filter:              13  (0.0175); expected (0.02)
Windows   passing  local HMM Forward       filter:               3  (0.004573); expected (0.0002)
Windows   passing  local HMM Forward  bias filter:               1  (0.00128); expected (0.0002)
Windows   passing glocal HMM Forward       filter:               1  (0.00128); expected (0.0002)
Windows   passing glocal HMM Forward  bias filter:               1  (0.00128); expected (0.0002)
Envelopes passing glocal HMM envelope defn filter:               1  (0.0009891); expected (0.0002)
Envelopes passing  local CM  CYK           filter:               0  (0); expected (0.0001)
Total CM hits reported:                                          0  (0); includes 0 truncated hit(s)

# CPU time: 0.04u 0.00s 00:00:00.04 Elapsed: 00:00:00.04
//
Query:       istR  [CLEN=130]
Accession:   RF01400
Description: istR Hfq binding RNA
Hit scores:
 rank     E-value  score  bias  sequence  start    end   mdl trunc   gc  description
 ----   --------- ------ -----  -------- ------ ------   --- ----- ----  -----------

   [No hits detected that satisfy reporting thresholds]


Hit alignments:

   [No hits detected that satisfy reporting thresholds]


Internal CM pipeline statistics summary:
----------------------------------------
Query model(s):                                                  1  (130 consensus positions)
Target sequences:                                                1  (171140 residues searched)
Target sequences re-searched for truncated hits:                 1  (648 residues re-searched)
Windows   passing  local HMM SSV           filter:              34  (0.0383); expected (0.06)
Windows   passing  local HMM Viterbi       filter:               1  (0.001094); expected (0.02)
Windows   passing  local HMM Viterbi  bias filter:               1  (0.001094); expected (0.02)
Windows   passing  local HMM Forward       filter:               0  (0); expected (0.0002)
Windows   passing  local HMM Forward  bias filter:               0  (0); expected (0.0002)
Windows   passing glocal HMM Forward       filter:               0  (0); expected (0.0002)
Windows   passing glocal HMM Forward  bias filter:               0  (0); expected (0.0002)
Envelopes passing glocal HMM envelope defn filter:               0  (0); expected (0.0002)
Envelopes passing  local CM  CYK           filter:               0  (0); expected (0.0001)
Total CM hits reported:                                          0  (0); includes 0 truncated hit(s)

# CPU time: 0.01u 0.01s 00:00:00.02 Elapsed: 00:00:00.01
//
Query:       RatA  [CLEN=90]
Accession:   RF01776
Description: RNA anti-toxin A
Hit scores:
 rank     E-value  score  bias  sequence  start    end   mdl trunc   gc  description
 ----   --------- ------ -----  -------- ------ ------   --- ----- ----  -----------

   [No hits detected that satisfy reporting thresholds]


Hit alignments:

   [No hits detected that satisfy reporting thresholds]


Internal CM pipeline statistics summary:
----------------------------------------
Query model(s):                                                  1  (90 consensus positions)
Target sequences:                                                1  (171140 residues searched)
Target sequences re-searched for truncated hits:                 1  (448 residues re-searched)
Windows   passing  local HMM SSV           filter:             247  (0.1978); expected (0.06)
Windows   passing  local HMM Viterbi       filter:              35  (0.02989); expected (0.02)
Windows   passing  local HMM Viterbi  bias filter:              12  (0.009453); expected (0.02)
Windows   passing  local HMM Forward       filter:               3  (0.002593); expected (0.0002)
Windows   passing  local HMM Forward  bias filter:               2  (0.001678); expected (0.0002)
Windows   passing glocal HMM Forward       filter:               1  (0.001008); expected (0.0002)
Windows   passing glocal HMM Forward  bias filter:               1  (0.001008); expected (0.0002)
Envelopes passing glocal HMM envelope defn filter:               1  (0.0005595); expected (0.0002)
Envelopes passing  local CM  CYK           filter:               0  (0); expected (0.0001)
Total CM hits reported:                                          0  (0); includes 0 truncated hit(s)

# CPU time: 0.02u 0.00s 00:00:00.02 Elapsed: 00:00:00.01
//
Query:       sok  [CLEN=157]
Accession:   RF01794
Description: sok antitoxin (CssrC)
Hit scores:
 rank     E-value  score  bias  sequence  start    end   mdl trunc   gc  description
 ----   --------- ------ -----  -------- ------ ------   --- ----- ----  -----------

   [No hits detected that satisfy reporting thresholds]


Hit alignments:

   [No hits detected that satisfy reporting thresholds]


Internal CM pipeline statistics summary:
----------------------------------------
Query model(s):                                                  1  (157 consensus positions)
Target sequences:                                                1  (171140 residues searched)
Target sequences re-searched for truncated hits:                 1  (1184 residues re-searched)
Windows   passing  local HMM SSV           filter:              51  (0.09966); expected (0.06)
Windows   passing  local HMM Viterbi       filter:               6  (0.01149); expected (0.02)
Windows   passing  local HMM Viterbi  bias filter:               6  (0.01149); expected (0.02)
Windows   passing  local HMM Forward       filter:               0  (0); expected (0.0002)
Windows   passing  local HMM Forward  bias filter:               0  (0); expected (0.0002)
Windows   passing glocal HMM Forward       filter:               0  (0); expected (0.0002)
Windows   passing glocal HMM Forward  bias filter:               0  (0); expected (0.0002)
Envelopes passing glocal HMM envelope defn filter:               0  (0); expected (0.0002)
Envelopes passing  local CM  CYK           filter:               0  (0); expected (0.0001)
Total CM hits reported:                                          0  (0); includes 0 truncated hit(s)

# CPU time: 0.01u 0.00s 00:00:00.01 Elapsed: 00:00:00.01
//
Query:       fstAT  [CLEN=94]
Accession:   RF01797
Description: Fst antitoxin sRNA
Hit scores:
 rank     E-value  score  bias  sequence  start    end   mdl trunc   gc  description
 ----   --------- ------ -----  -------- ------ ------   --- ----- ----  -----------

   [No hits detected that satisfy reporting thresholds]


Hit alignments:

   [No hits detected that satisfy reporting thresholds]


Internal CM pipeline statistics summary:
----------------------------------------
Query model(s):                                                  1  (94 consensus positions)
Target sequences:                                                1  (171140 residues searched)
Target sequences re-searched for truncated hits:                 1  (496 residues re-searched)
Windows   passing  local HMM SSV           filter:             220  (0.1962); expected (0.06)
Windows   passing  local HMM Viterbi       filter:              42  (0.03864); expected (0.02)
Windows   passing  local HMM Viterbi  bias filter:              31  (0.02866); expected (0.02)
Windows   passing  local HMM Forward       filter:               2  (0.001847); expected (0.0002)
Windows   passing  local HMM Forward  bias filter:               1  (0.0009672); expected (0.0002)
Windows   passing glocal HMM Forward       filter:               1  (0.0009672); expected (0.0002)
Windows   passing glocal HMM Forward  bias filter:               1  (0.0009672); expected (0.0002)
Envelopes passing glocal HMM envelope defn filter:               1  (0.0006234); expected (0.0002)
Envelopes passing  local CM  CYK           filter:               0  (0); expected (0.0001)
Total CM hits reported:                                          0  (0); includes 0 truncated hit(s)

# CPU time: 0.02u 0.00s 00:00:00.02 Elapsed: 00:00:00.01
//
Query:       symR  [CLEN=77]
Accession:   RF01809
Description: SymR antitoxin
Hit scores:
 rank     E-value  score  bias  sequence  start    end   mdl trunc   gc  description
 ----   --------- ------ -----  -------- ------ ------   --- ----- ----  -----------

   [No hits detected that satisfy reporting thresholds]


Hit alignments:

   [No hits detected that satisfy reporting thresholds]


Internal CM pipeline statistics summary:
----------------------------------------
Query model(s):                                                  1  (77 consensus positions)
Target sequences:                                                1  (171140 residues searched)
Target sequences re-searched for truncated hits:                 1  (384 residues re-searched)
Windows   passing  local HMM SSV           filter:             138  (0.0946); expected (0.06)
Windows   passing  local HMM Viterbi       filter:              29  (0.01997); expected (0.02)
Windows   passing  local HMM Viterbi  bias filter:              29  (0.01997); expected (0.02)
Windows   passing  local HMM Forward       filter:               1  (0.0006588); expected (0.0002)
Windows   passing  local HMM Forward  bias filter:               1  (0.0006588); expected (0.0002)
Windows   passing glocal HMM Forward       filter:               0  (0); expected (0.0002)
Windows   passing glocal HMM Forward  bias filter:               0  (0); expected (0.0002)
Envelopes passing glocal HMM envelope defn filter:               0  (0); expected (0.0002)
Envelopes passing  local CM  CYK           filter:               0  (0); expected (0.0001)
Total CM hits reported:                                          0  (0); includes 0 truncated hit(s)

# CPU time: 0.01u 0.00s 00:00:00.01 Elapsed: 00:00:00.00
//
Query:       PtaRNA1  [CLEN=72]
Accession:   RF01811
Description: Plasmid transferred anti-sense RNA
Hit scores:
 rank     E-value  score  bias  sequence  start    end   mdl trunc   gc  description
 ----   --------- ------ -----  -------- ------ ------   --- ----- ----  -----------

   [No hits detected that satisfy reporting thresholds]


Hit alignments:

   [No hits detected that satisfy reporting thresholds]


Internal CM pipeline statistics summary:
----------------------------------------
Query model(s):                                                  1  (72 consensus positions)
Target sequences:                                                1  (171140 residues searched)
Target sequences re-searched for truncated hits:                 1  (360 residues re-searched)
Windows   passing  local HMM SSV           filter:              47  (0.03044); expected (0.06)
Windows   passing  local HMM Viterbi       filter:              24  (0.01546); expected (0.02)
Windows   passing  local HMM Viterbi  bias filter:              24  (0.01546); expected (0.02)
Windows   passing  local HMM Forward       filter:               0  (0); expected (0.0002)
Windows   passing  local HMM Forward  bias filter:               0  (0); expected (0.0002)
Windows   passing glocal HMM Forward       filter:               0  (0); expected (0.0002)
Windows   passing glocal HMM Forward  bias filter:               0  (0); expected (0.0002)
Envelopes passing glocal HMM envelope defn filter:               0  (0); expected (0.0002)
Envelopes passing  local CM  CYK           filter:               0  (0); expected (0.0001)
Total CM hits reported:                                          0  (0); includes 0 truncated hit(s)

# CPU time: 0.01u 0.00s 00:00:00.01 Elapsed: 00:00:00.00
//
Query:       rdlD  [CLEN=66]
Accession:   RF01813
Description: rdlD antitoxin
Hit scores:
 rank     E-value  score  bias  sequence  start    end   mdl trunc   gc  description
 ----   --------- ------ -----  -------- ------ ------   --- ----- ----  -----------

   [No hits detected that satisfy reporting thresholds]


Hit alignments:

   [No hits detected that satisfy reporting thresholds]


Internal CM pipeline statistics summary:
----------------------------------------
Query model(s):                                                  1  (66 consensus positions)
Target sequences:                                                1  (171140 residues searched)
Target sequences re-searched for truncated hits:                 1  (328 residues re-searched)
Windows   passing  local HMM SSV           filter:              89  (0.0521); expected (0.06)
Windows   passing  local HMM Viterbi       filter:              26  (0.01573); expected (0.02)
Windows   passing  local HMM Viterbi  bias filter:              23  (0.01399); expected (0.02)
Windows   passing  local HMM Forward       filter:               0  (0); expected (0.0002)
Windows   passing  local HMM Forward  bias filter:               0  (0); expected (0.0002)
Windows   passing glocal HMM Forward       filter:               0  (0); expected (0.0002)
Windows   passing glocal HMM Forward  bias filter:               0  (0); expected (0.0002)
Envelopes passing glocal HMM envelope defn filter:               0  (0); expected (0.0002)
Envelopes passing  local CM  CYK           filter:               0  (0); expected (0.0001)
Total CM hits reported:                                          0  (0); includes 0 truncated hit(s)

# CPU time: 0.01u 0.00s 00:00:00.01 Elapsed: 00:00:00.00
//
Query:       OrzO-P  [CLEN=76]
Accession:   RF02083
Description: OrzO-P RNA antitoxin family
Hit scores:
 rank     E-value  score  bias  sequence  start    end   mdl trunc   gc  description
 ----   --------- ------ -----  -------- ------ ------   --- ----- ----  -----------

   [No hits detected that satisfy reporting thresholds]


Hit alignments:

   [No hits detected that satisfy reporting thresholds]


Internal CM pipeline statistics summary:
----------------------------------------
Query model(s):                                                  1  (76 consensus positions)
Target sequences:                                                1  (171140 residues searched)
Target sequences re-searched for truncated hits:                 1  (380 residues re-searched)
Windows   passing  local HMM SSV           filter:             228  (0.1524); expected (0.06)
Windows   passing  local HMM Viterbi       filter:              71  (0.04977); expected (0.02)
Windows   passing  local HMM Viterbi  bias filter:              47  (0.0334); expected (0.02)
Windows   passing  local HMM Forward       filter:               2  (0.001726); expected (0.0002)
Windows   passing  local HMM Forward  bias filter:               1  (0.000653); expected (0.0002)
Windows   passing glocal HMM Forward       filter:               1  (0.000653); expected (0.0002)
Windows   passing glocal HMM Forward  bias filter:               1  (0.000653); expected (0.0002)
Envelopes passing glocal HMM envelope defn filter:               1  (0.0005655); expected (0.0002)
Envelopes passing  local CM  CYK           filter:               0  (0); expected (0.0001)
Total CM hits reported:                                          0  (0); includes 0 truncated hit(s)

# CPU time: 0.01u 0.00s 00:00:00.01 Elapsed: 00:00:00.01
//
Query:       ohsC_RNA  [CLEN=77]
Accession:   RF02495
Description: Oppression of Hydrophobic ORF by sRNA
Hit scores:
 rank     E-value  score  bias  sequence  start    end   mdl trunc   gc  description
 ----   --------- ------ -----  -------- ------ ------   --- ----- ----  -----------

   [No hits detected that satisfy reporting thresholds]


Hit alignments:

   [No hits detected that satisfy reporting thresholds]


Internal CM pipeline statistics summary:
----------------------------------------
Query model(s):                                                  1  (77 consensus positions)
Target sequences:                                                1  (171140 residues searched)
Target sequences re-searched for truncated hits:                 1  (384 residues re-searched)
Windows   passing  local HMM SSV           filter:             279  (0.188); expected (0.06)
Windows   passing  local HMM Viterbi       filter:              89  (0.06326); expected (0.02)
Windows   passing  local HMM Viterbi  bias filter:              59  (0.04175); expected (0.02)
Windows   passing  local HMM Forward       filter:               6  (0.004483); expected (0.0002)
Windows   passing  local HMM Forward  bias filter:               6  (0.004483); expected (0.0002)
Windows   passing glocal HMM Forward       filter:               2  (0.001772); expected (0.0002)
Windows   passing glocal HMM Forward  bias filter:               2  (0.001772); expected (0.0002)
Envelopes passing glocal HMM envelope defn filter:               2  (0.001032); expected (0.0002)
Envelopes passing  local CM  CYK           filter:               1  (0.0004722); expected (0.0001)
Total CM hits reported:                                          0  (0); includes 0 truncated hit(s)

# CPU time: 0.02u 0.00s 00:00:00.02 Elapsed: 00:00:00.01
//
Query:       ToxI  [CLEN=34]
Accession:   RF02519
Description: ToxI antitoxin
Hit scores:
 rank     E-value  score  bias  sequence  start    end   mdl trunc   gc  description
 ----   --------- ------ -----  -------- ------ ------   --- ----- ----  -----------

   [No hits detected that satisfy reporting thresholds]


Hit alignments:

   [No hits detected that satisfy reporting thresholds]


Internal CM pipeline statistics summary:
----------------------------------------
Query model(s):                                                  1  (34 consensus positions)
Target sequences:                                                1  (171140 residues searched)
Target sequences re-searched for truncated hits:                 1  (192 residues re-searched)
Windows   passing  local HMM SSV           filter:             215  (0.07406); expected (0.06)
Windows   passing  local HMM Viterbi       filter:              26  (0.008913); expected (0.02)
Windows   passing  local HMM Viterbi  bias filter:              15  (0.00509); expected (0.02)
Windows   passing  local HMM Forward       filter:               0  (0); expected (0.0002)
Windows   passing  local HMM Forward  bias filter:               0  (0); expected (0.0002)
Windows   passing glocal HMM Forward       filter:               0  (0); expected (0.0002)
Windows   passing glocal HMM Forward  bias filter:               0  (0); expected (0.0002)
Envelopes passing glocal HMM envelope defn filter:               0  (0); expected (0.0002)
Envelopes passing  local CM  CYK           filter:               0  (0); expected (0.0001)
Total CM hits reported:                                          0  (0); includes 0 truncated hit(s)

# CPU time: 0.01u 0.00s 00:00:00.01 Elapsed: 00:00:00.00
//
[ok]
