# cmsearch :: search CM(s) against a sequence database
# INFERNAL 1.1.4 (Dec 2020)
# Copyright (C) 2020 Howard Hughes Medical Institute.
# Freely distributed under the BSD open source license.
# - - - - - - - - - - - - - - - - - - - - - - - - - - - - - - - - - - - -
# query CM file:                         cms/antitoxin.cm
# target sequence database:              genomes/PS-93.fas
# output directed to file:               sequences/PS-93/antitoxin.out
# tabular output of hits:                sequences/PS-93/antitoxin.tblout
# model-specific thresholding:           GA cutoffs
# Rfam pipeline mode:                    on [strict filtering]
# HMM-only mode for 0 basepair models:   no
# number of worker threads:              12
# - - - - - - - - - - - - - - - - - - - - - - - - - - - - - - - - - - - -

Query:       SIB_RNA  [CLEN=147]
Accession:   RF00113
Description: Short Intergenic Abundant RNA
Hit scores:
 rank     E-value  score  bias  sequence  start    end   mdl trunc   gc  description
 ----   --------- ------ -----  -------- ------ ------   --- ----- ----  -----------

   [No hits detected that satisfy reporting thresholds]


Hit alignments:

   [No hits detected that satisfy reporting thresholds]


Internal CM pipeline statistics summary:
----------------------------------------
Query model(s):                                                  1  (147 consensus positions)
Target sequences:                                                1  (8359770 residues searched)
Target sequences re-searched for truncated hits:                 1  (732 residues re-searched)
Windows   passing  local HMM SSV           filter:            5253  (0.1357); expected (0.06)
Windows   passing  local HMM Viterbi       filter:             917  (0.02465); expected (0.02)
Windows   passing  local HMM Viterbi  bias filter:             674  (0.01808); expected (0.02)
Windows   passing  local HMM Forward       filter:              60  (0.001665); expected (0.0002)
Windows   passing  local HMM Forward  bias filter:              45  (0.001234); expected (0.0002)
Windows   passing glocal HMM Forward       filter:              27  (0.0007758); expected (0.0002)
Windows   passing glocal HMM Forward  bias filter:              26  (0.0007507); expected (0.0002)
Envelopes passing glocal HMM envelope defn filter:              28  (0.000574); expected (0.0002)
Envelopes passing  local CM  CYK           filter:               5  (6.244e-05); expected (0.0001)
Total CM hits reported:                                          0  (0); includes 0 truncated hit(s)

# CPU time: 1.29u 0.08s 00:00:01.37 Elapsed: 00:00:00.24
//
Query:       istR  [CLEN=130]
Accession:   RF01400
Description: istR Hfq binding RNA
Hit scores:
 rank     E-value  score  bias  sequence  start    end   mdl trunc   gc  description
 ----   --------- ------ -----  -------- ------ ------   --- ----- ----  -----------

   [No hits detected that satisfy reporting thresholds]


Hit alignments:

   [No hits detected that satisfy reporting thresholds]


Internal CM pipeline statistics summary:
----------------------------------------
Query model(s):                                                  1  (130 consensus positions)
Target sequences:                                                1  (8359770 residues searched)
Target sequences re-searched for truncated hits:                 1  (648 residues re-searched)
Windows   passing  local HMM SSV           filter:            2712  (0.06209); expected (0.06)
Windows   passing  local HMM Viterbi       filter:             387  (0.009051); expected (0.02)
Windows   passing  local HMM Viterbi  bias filter:             380  (0.008881); expected (0.02)
Windows   passing  local HMM Forward       filter:               9  (0.0002279); expected (0.0002)
Windows   passing  local HMM Forward  bias filter:               9  (0.0002279); expected (0.0002)
Windows   passing glocal HMM Forward       filter:               7  (0.0001695); expected (0.0002)
Windows   passing glocal HMM Forward  bias filter:               7  (0.0001695); expected (0.0002)
Envelopes passing glocal HMM envelope defn filter:               7  (0.0001283); expected (0.0002)
Envelopes passing  local CM  CYK           filter:               0  (0); expected (0.0001)
Total CM hits reported:                                          0  (0); includes 0 truncated hit(s)

# CPU time: 0.33u 0.02s 00:00:00.35 Elapsed: 00:00:00.05
//
Query:       RatA  [CLEN=90]
Accession:   RF01776
Description: RNA anti-toxin A
Hit scores:
 rank     E-value  score  bias  sequence  start    end   mdl trunc   gc  description
 ----   --------- ------ -----  -------- ------ ------   --- ----- ----  -----------

   [No hits detected that satisfy reporting thresholds]


Hit alignments:

   [No hits detected that satisfy reporting thresholds]


Internal CM pipeline statistics summary:
----------------------------------------
Query model(s):                                                  1  (90 consensus positions)
Target sequences:                                                1  (8359770 residues searched)
Target sequences re-searched for truncated hits:                 1  (448 residues re-searched)
Windows   passing  local HMM SSV           filter:            9902  (0.1612); expected (0.06)
Windows   passing  local HMM Viterbi       filter:            1826  (0.03105); expected (0.02)
Windows   passing  local HMM Viterbi  bias filter:            1054  (0.01782); expected (0.02)
Windows   passing  local HMM Forward       filter:              77  (0.001371); expected (0.0002)
Windows   passing  local HMM Forward  bias filter:              40  (0.0007069); expected (0.0002)
Windows   passing glocal HMM Forward       filter:              37  (0.0006709); expected (0.0002)
Windows   passing glocal HMM Forward  bias filter:              37  (0.0006709); expected (0.0002)
Envelopes passing glocal HMM envelope defn filter:              38  (0.0004925); expected (0.0002)
Envelopes passing  local CM  CYK           filter:               5  (6.292e-05); expected (0.0001)
Total CM hits reported:                                          0  (0); includes 0 truncated hit(s)

# CPU time: 0.77u 0.04s 00:00:00.81 Elapsed: 00:00:00.11
//
Query:       sok  [CLEN=157]
Accession:   RF01794
Description: sok antitoxin (CssrC)
Hit scores:
 rank     E-value  score  bias  sequence  start    end   mdl trunc   gc  description
 ----   --------- ------ -----  -------- ------ ------   --- ----- ----  -----------

   [No hits detected that satisfy reporting thresholds]


Hit alignments:

   [No hits detected that satisfy reporting thresholds]


Internal CM pipeline statistics summary:
----------------------------------------
Query model(s):                                                  1  (157 consensus positions)
Target sequences:                                                1  (8359770 residues searched)
Target sequences re-searched for truncated hits:                 1  (1184 residues re-searched)
Windows   passing  local HMM SSV           filter:            2879  (0.1158); expected (0.06)
Windows   passing  local HMM Viterbi       filter:             533  (0.02201); expected (0.02)
Windows   passing  local HMM Viterbi  bias filter:             474  (0.01955); expected (0.02)
Windows   passing  local HMM Forward       filter:              20  (0.0008364); expected (0.0002)
Windows   passing  local HMM Forward  bias filter:              20  (0.0008364); expected (0.0002)
Windows   passing glocal HMM Forward       filter:              13  (0.0005704); expected (0.0002)
Windows   passing glocal HMM Forward  bias filter:              13  (0.0005704); expected (0.0002)
Envelopes passing glocal HMM envelope defn filter:              13  (0.0003137); expected (0.0002)
Envelopes passing  local CM  CYK           filter:               2  (1.914e-05); expected (0.0001)
Total CM hits reported:                                          0  (0); includes 0 truncated hit(s)

# CPU time: 0.93u 0.09s 00:00:01.02 Elapsed: 00:00:00.17
//
Query:       fstAT  [CLEN=94]
Accession:   RF01797
Description: Fst antitoxin sRNA
Hit scores:
 rank     E-value  score  bias  sequence  start    end   mdl trunc   gc  description
 ----   --------- ------ -----  -------- ------ ------   --- ----- ----  -----------

   [No hits detected that satisfy reporting thresholds]


Hit alignments:

   [No hits detected that satisfy reporting thresholds]


Internal CM pipeline statistics summary:
----------------------------------------
Query model(s):                                                  1  (94 consensus positions)
Target sequences:                                                1  (8359770 residues searched)
Target sequences re-searched for truncated hits:                 1  (496 residues re-searched)
Windows   passing  local HMM SSV           filter:            9422  (0.1693); expected (0.06)
Windows   passing  local HMM Viterbi       filter:            1602  (0.02994); expected (0.02)
Windows   passing  local HMM Viterbi  bias filter:            1231  (0.02292); expected (0.02)
Windows   passing  local HMM Forward       filter:             106  (0.002205); expected (0.0002)
Windows   passing  local HMM Forward  bias filter:              72  (0.001523); expected (0.0002)
Windows   passing glocal HMM Forward       filter:              45  (0.0009344); expected (0.0002)
Windows   passing glocal HMM Forward  bias filter:              43  (0.0008788); expected (0.0002)
Envelopes passing glocal HMM envelope defn filter:              43  (0.0005934); expected (0.0002)
Envelopes passing  local CM  CYK           filter:               7  (7.715e-05); expected (0.0001)
Total CM hits reported:                                          0  (0); includes 0 truncated hit(s)

# CPU time: 0.77u 0.05s 00:00:00.82 Elapsed: 00:00:00.12
//
Query:       symR  [CLEN=77]
Accession:   RF01809
Description: SymR antitoxin
Hit scores:
 rank     E-value  score  bias  sequence  start    end   mdl trunc   gc  description
 ----   --------- ------ -----  -------- ------ ------   --- ----- ----  -----------

   [No hits detected that satisfy reporting thresholds]


Hit alignments:

   [No hits detected that satisfy reporting thresholds]


Internal CM pipeline statistics summary:
----------------------------------------
Query model(s):                                                  1  (77 consensus positions)
Target sequences:                                                1  (8359770 residues searched)
Target sequences re-searched for truncated hits:                 1  (384 residues re-searched)
Windows   passing  local HMM SSV           filter:            6835  (0.09522); expected (0.06)
Windows   passing  local HMM Viterbi       filter:            1600  (0.02269); expected (0.02)
Windows   passing  local HMM Viterbi  bias filter:            1496  (0.02121); expected (0.02)
Windows   passing  local HMM Forward       filter:              36  (0.0005653); expected (0.0002)
Windows   passing  local HMM Forward  bias filter:              32  (0.0004771); expected (0.0002)
Windows   passing glocal HMM Forward       filter:              21  (0.0002939); expected (0.0002)
Windows   passing glocal HMM Forward  bias filter:              21  (0.0002939); expected (0.0002)
Envelopes passing glocal HMM envelope defn filter:              21  (0.0002437); expected (0.0002)
Envelopes passing  local CM  CYK           filter:               3  (2.261e-05); expected (0.0001)
Total CM hits reported:                                          0  (0); includes 0 truncated hit(s)

# CPU time: 0.35u 0.01s 00:00:00.36 Elapsed: 00:00:00.04
//
Query:       PtaRNA1  [CLEN=72]
Accession:   RF01811
Description: Plasmid transferred anti-sense RNA
Hit scores:
 rank     E-value  score  bias  sequence  start    end   mdl trunc   gc  description
 ----   --------- ------ -----  -------- ------ ------   --- ----- ----  -----------

   [No hits detected that satisfy reporting thresholds]


Hit alignments:

   [No hits detected that satisfy reporting thresholds]


Internal CM pipeline statistics summary:
----------------------------------------
Query model(s):                                                  1  (72 consensus positions)
Target sequences:                                                1  (8359770 residues searched)
Target sequences re-searched for truncated hits:                 1  (360 residues re-searched)
Windows   passing  local HMM SSV           filter:            4670  (0.06104); expected (0.06)
Windows   passing  local HMM Viterbi       filter:            1289  (0.01704); expected (0.02)
Windows   passing  local HMM Viterbi  bias filter:            1210  (0.01598); expected (0.02)
Windows   passing  local HMM Forward       filter:              17  (0.0002438); expected (0.0002)
Windows   passing  local HMM Forward  bias filter:              15  (0.0002179); expected (0.0002)
Windows   passing glocal HMM Forward       filter:               8  (0.0001054); expected (0.0002)
Windows   passing glocal HMM Forward  bias filter:               8  (0.0001054); expected (0.0002)
Envelopes passing glocal HMM envelope defn filter:               8  (7.488e-05); expected (0.0002)
Envelopes passing  local CM  CYK           filter:               2  (1.663e-05); expected (0.0001)
Total CM hits reported:                                          0  (0); includes 0 truncated hit(s)

# CPU time: 0.23u 0.00s 00:00:00.23 Elapsed: 00:00:00.03
//
Query:       rdlD  [CLEN=66]
Accession:   RF01813
Description: rdlD antitoxin
Hit scores:
 rank     E-value  score  bias  sequence  start    end   mdl trunc   gc  description
 ----   --------- ------ -----  -------- ------ ------   --- ----- ----  -----------

   [No hits detected that satisfy reporting thresholds]


Hit alignments:

   [No hits detected that satisfy reporting thresholds]


Internal CM pipeline statistics summary:
----------------------------------------
Query model(s):                                                  1  (66 consensus positions)
Target sequences:                                                1  (8359770 residues searched)
Target sequences re-searched for truncated hits:                 1  (328 residues re-searched)
Windows   passing  local HMM SSV           filter:            4943  (0.05914); expected (0.06)
Windows   passing  local HMM Viterbi       filter:            1237  (0.01495); expected (0.02)
Windows   passing  local HMM Viterbi  bias filter:            1088  (0.01314); expected (0.02)
Windows   passing  local HMM Forward       filter:              26  (0.0003263); expected (0.0002)
Windows   passing  local HMM Forward  bias filter:              24  (0.0002981); expected (0.0002)
Windows   passing glocal HMM Forward       filter:              10  (0.0001309); expected (0.0002)
Windows   passing glocal HMM Forward  bias filter:              10  (0.0001309); expected (0.0002)
Envelopes passing glocal HMM envelope defn filter:               9  (8.349e-05); expected (0.0002)
Envelopes passing  local CM  CYK           filter:               3  (2.285e-05); expected (0.0001)
Total CM hits reported:                                          0  (0); includes 0 truncated hit(s)

# CPU time: 0.21u 0.02s 00:00:00.23 Elapsed: 00:00:00.03
//
Query:       OrzO-P  [CLEN=76]
Accession:   RF02083
Description: OrzO-P RNA antitoxin family
Hit scores:
 rank     E-value  score  bias  sequence  start    end   mdl trunc   gc  description
 ----   --------- ------ -----  -------- ------ ------   --- ----- ----  -----------

   [No hits detected that satisfy reporting thresholds]


Hit alignments:

   [No hits detected that satisfy reporting thresholds]


Internal CM pipeline statistics summary:
----------------------------------------
Query model(s):                                                  1  (76 consensus positions)
Target sequences:                                                1  (8359770 residues searched)
Target sequences re-searched for truncated hits:                 1  (380 residues re-searched)
Windows   passing  local HMM SSV           filter:            9319  (0.1286); expected (0.06)
Windows   passing  local HMM Viterbi       filter:            2843  (0.04024); expected (0.02)
Windows   passing  local HMM Viterbi  bias filter:            2340  (0.03323); expected (0.02)
Windows   passing  local HMM Forward       filter:             162  (0.002549); expected (0.0002)
Windows   passing  local HMM Forward  bias filter:             134  (0.00209); expected (0.0002)
Windows   passing glocal HMM Forward       filter:             106  (0.001716); expected (0.0002)
Windows   passing glocal HMM Forward  bias filter:             102  (0.001646); expected (0.0002)
Envelopes passing glocal HMM envelope defn filter:             101  (0.001115); expected (0.0002)
Envelopes passing  local CM  CYK           filter:              75  (0.0007441); expected (0.0001)
Total CM hits reported:                                          0  (0); includes 0 truncated hit(s)

# CPU time: 1.73u 0.02s 00:00:01.75 Elapsed: 00:00:00.19
//
Query:       ohsC_RNA  [CLEN=77]
Accession:   RF02495
Description: Oppression of Hydrophobic ORF by sRNA
Hit scores:
 rank     E-value  score  bias  sequence  start    end   mdl trunc   gc  description
 ----   --------- ------ -----  -------- ------ ------   --- ----- ----  -----------

   [No hits detected that satisfy reporting thresholds]


Hit alignments:

   [No hits detected that satisfy reporting thresholds]


Internal CM pipeline statistics summary:
----------------------------------------
Query model(s):                                                  1  (77 consensus positions)
Target sequences:                                                1  (8359770 residues searched)
Target sequences re-searched for truncated hits:                 1  (384 residues re-searched)
Windows   passing  local HMM SSV           filter:            8441  (0.1178); expected (0.06)
Windows   passing  local HMM Viterbi       filter:            2234  (0.03188); expected (0.02)
Windows   passing  local HMM Viterbi  bias filter:            1845  (0.0263); expected (0.02)
Windows   passing  local HMM Forward       filter:             112  (0.001692); expected (0.0002)
Windows   passing  local HMM Forward  bias filter:              88  (0.001326); expected (0.0002)
Windows   passing glocal HMM Forward       filter:              60  (0.0009793); expected (0.0002)
Windows   passing glocal HMM Forward  bias filter:              58  (0.0009432); expected (0.0002)
Envelopes passing glocal HMM envelope defn filter:              58  (0.0006487); expected (0.0002)
Envelopes passing  local CM  CYK           filter:              22  (0.0002245); expected (0.0001)
Total CM hits reported:                                          0  (0); includes 0 truncated hit(s)

# CPU time: 0.82u 0.00s 00:00:00.82 Elapsed: 00:00:00.11
//
Query:       ToxI  [CLEN=34]
Accession:   RF02519
Description: ToxI antitoxin
Hit scores:
 rank     E-value  score  bias  sequence  start    end   mdl trunc   gc  description
 ----   --------- ------ -----  -------- ------ ------   --- ----- ----  -----------

   [No hits detected that satisfy reporting thresholds]


Hit alignments:

   [No hits detected that satisfy reporting thresholds]


Internal CM pipeline statistics summary:
----------------------------------------
Query model(s):                                                  1  (34 consensus positions)
Target sequences:                                                1  (8359770 residues searched)
Target sequences re-searched for truncated hits:                 1  (192 residues re-searched)
Windows   passing  local HMM SSV           filter:            7103  (0.05018); expected (0.06)
Windows   passing  local HMM Viterbi       filter:            1175  (0.008332); expected (0.02)
Windows   passing  local HMM Viterbi  bias filter:            1059  (0.007504); expected (0.02)
Windows   passing  local HMM Forward       filter:              18  (0.0001464); expected (0.0002)
Windows   passing  local HMM Forward  bias filter:              13  (0.0001035); expected (0.0002)
Windows   passing glocal HMM Forward       filter:               9  (7.679e-05); expected (0.0002)
Windows   passing glocal HMM Forward  bias filter:               9  (7.679e-05); expected (0.0002)
Envelopes passing glocal HMM envelope defn filter:               9  (4.33e-05); expected (0.0002)
Envelopes passing  local CM  CYK           filter:               7  (3.361e-05); expected (0.0001)
Total CM hits reported:                                          0  (0); includes 0 truncated hit(s)

# CPU time: 0.13u 0.00s 00:00:00.13 Elapsed: 00:00:00.02
//
[ok]
