# cmsearch :: search CM(s) against a sequence database
# INFERNAL 1.1.4 (Dec 2020)
# Copyright (C) 2020 Howard Hughes Medical Institute.
# Freely distributed under the BSD open source license.
# - - - - - - - - - - - - - - - - - - - - - - - - - - - - - - - - - - - -
# query CM file:                         cms/rRNA.cm
# target sequence database:              genomes/PS-209_plasmid.fas
# output directed to file:               sequences/PS-209_plasmid/rRNA.out
# tabular output of hits:                sequences/PS-209_plasmid/rRNA.tblout
# model-specific thresholding:           GA cutoffs
# Rfam pipeline mode:                    on [strict filtering]
# HMM-only mode for 0 basepair models:   no
# number of worker threads:              12
# - - - - - - - - - - - - - - - - - - - - - - - - - - - - - - - - - - - -

Query:       5S_rRNA  [CLEN=119]
Accession:   RF00001
Description: 5S ribosomal RNA
Hit scores:
 rank     E-value  score  bias  sequence  start    end   mdl trunc   gc  description
 ----   --------- ------ -----  -------- ------ ------   --- ----- ----  -----------

   [No hits detected that satisfy reporting thresholds]


Hit alignments:

   [No hits detected that satisfy reporting thresholds]


Internal CM pipeline statistics summary:
----------------------------------------
Query model(s):                                                  1  (119 consensus positions)
Target sequences:                                                1  (169604 residues searched)
Target sequences re-searched for truncated hits:                 1  (776 residues re-searched)
Windows   passing  local HMM SSV           filter:              30  (0.03884); expected (0.06)
Windows   passing  local HMM Viterbi       filter:               4  (0.005171); expected (0.02)
Windows   passing  local HMM Viterbi  bias filter:               4  (0.005171); expected (0.02)
Windows   passing  local HMM Forward       filter:               0  (0); expected (0.0002)
Windows   passing  local HMM Forward  bias filter:               0  (0); expected (0.0002)
Windows   passing glocal HMM Forward       filter:               0  (0); expected (0.0002)
Windows   passing glocal HMM Forward  bias filter:               0  (0); expected (0.0002)
Envelopes passing glocal HMM envelope defn filter:               0  (0); expected (0.0002)
Envelopes passing  local CM  CYK           filter:               0  (0); expected (0.0001)
Total CM hits reported:                                          0  (0); includes 0 truncated hit(s)

# CPU time: 0.00u 0.02s 00:00:00.02 Elapsed: 00:00:00.01
//
Query:       5_8S_rRNA  [CLEN=154]
Accession:   RF00002
Description: 5.8S ribosomal RNA
Hit scores:
 rank     E-value  score  bias  sequence  start    end   mdl trunc   gc  description
 ----   --------- ------ -----  -------- ------ ------   --- ----- ----  -----------

   [No hits detected that satisfy reporting thresholds]


Hit alignments:

   [No hits detected that satisfy reporting thresholds]


Internal CM pipeline statistics summary:
----------------------------------------
Query model(s):                                                  1  (154 consensus positions)
Target sequences:                                                1  (169604 residues searched)
Target sequences re-searched for truncated hits:                 1  (768 residues re-searched)
Windows   passing  local HMM SSV           filter:              68  (0.08992); expected (0.06)
Windows   passing  local HMM Viterbi       filter:               6  (0.008018); expected (0.02)
Windows   passing  local HMM Viterbi  bias filter:               3  (0.004003); expected (0.02)
Windows   passing  local HMM Forward       filter:               2  (0.002682); expected (0.0002)
Windows   passing  local HMM Forward  bias filter:               2  (0.002682); expected (0.0002)
Windows   passing glocal HMM Forward       filter:               2  (0.002682); expected (0.0002)
Windows   passing glocal HMM Forward  bias filter:               2  (0.002682); expected (0.0002)
Envelopes passing glocal HMM envelope defn filter:               2  (0.002048); expected (0.0002)
Envelopes passing  local CM  CYK           filter:               0  (0); expected (0.0001)
Total CM hits reported:                                          0  (0); includes 0 truncated hit(s)

# CPU time: 0.06u 0.00s 00:00:00.06 Elapsed: 00:00:00.05
//
Query:       SSU_rRNA_bacteria  [CLEN=1533]
Accession:   RF00177
Description: Bacterial small subunit ribosomal RNA
Hit scores:
 rank     E-value  score  bias  sequence  start    end   mdl trunc   gc  description
 ----   --------- ------ -----  -------- ------ ------   --- ----- ----  -----------

   [No hits detected that satisfy reporting thresholds]


Hit alignments:

   [No hits detected that satisfy reporting thresholds]


Internal CM pipeline statistics summary:
----------------------------------------
Query model(s):                                                  1  (1533 consensus positions)
Target sequences:                                                1  (169604 residues searched)
Target sequences re-searched for truncated hits:                 1  (7664 residues re-searched)
Windows   passing  local HMM SSV           filter:               4  (0.05146); expected (0.06)
Windows   passing  local HMM Viterbi       filter:               0  (0); expected (0.02)
Windows   passing  local HMM Viterbi  bias filter:               0  (0); expected (0.02)
Windows   passing  local HMM Forward       filter:               0  (0); expected (0.0002)
Windows   passing  local HMM Forward  bias filter:               0  (0); expected (0.0002)
Windows   passing glocal HMM Forward       filter:               0  (0); expected (0.0002)
Windows   passing glocal HMM Forward  bias filter:               0  (0); expected (0.0002)
Envelopes passing glocal HMM envelope defn filter:               0  (0); expected (0.0002)
Envelopes passing  local CM  CYK           filter:               0  (0); expected (0.0001)
Total CM hits reported:                                          0  (0); includes 0 truncated hit(s)

# CPU time: 0.07u 0.07s 00:00:00.14 Elapsed: 00:00:00.13
//
Query:       SSU_rRNA_archaea  [CLEN=1477]
Accession:   RF01959
Description: Archaeal small subunit ribosomal RNA
Hit scores:
 rank     E-value  score  bias  sequence  start    end   mdl trunc   gc  description
 ----   --------- ------ -----  -------- ------ ------   --- ----- ----  -----------

   [No hits detected that satisfy reporting thresholds]


Hit alignments:

   [No hits detected that satisfy reporting thresholds]


Internal CM pipeline statistics summary:
----------------------------------------
Query model(s):                                                  1  (1477 consensus positions)
Target sequences:                                                1  (169604 residues searched)
Target sequences re-searched for truncated hits:                 1  (7384 residues re-searched)
Windows   passing  local HMM SSV           filter:               4  (0.04584); expected (0.06)
Windows   passing  local HMM Viterbi       filter:               0  (0); expected (0.02)
Windows   passing  local HMM Viterbi  bias filter:               0  (0); expected (0.02)
Windows   passing  local HMM Forward       filter:               0  (0); expected (0.0002)
Windows   passing  local HMM Forward  bias filter:               0  (0); expected (0.0002)
Windows   passing glocal HMM Forward       filter:               0  (0); expected (0.0002)
Windows   passing glocal HMM Forward  bias filter:               0  (0); expected (0.0002)
Envelopes passing glocal HMM envelope defn filter:               0  (0); expected (0.0002)
Envelopes passing  local CM  CYK           filter:               0  (0); expected (0.0001)
Total CM hits reported:                                          0  (0); includes 0 truncated hit(s)

# CPU time: 0.09u 0.00s 00:00:00.09 Elapsed: 00:00:00.09
//
Query:       SSU_rRNA_eukarya  [CLEN=1831]
Accession:   RF01960
Description: Eukaryotic small subunit ribosomal RNA
Hit scores:
 rank     E-value  score  bias  sequence  start    end   mdl trunc   gc  description
 ----   --------- ------ -----  -------- ------ ------   --- ----- ----  -----------

   [No hits detected that satisfy reporting thresholds]


Hit alignments:

   [No hits detected that satisfy reporting thresholds]


Internal CM pipeline statistics summary:
----------------------------------------
Query model(s):                                                  1  (1831 consensus positions)
Target sequences:                                                1  (169604 residues searched)
Target sequences re-searched for truncated hits:                 1  (9536 residues re-searched)
Windows   passing  local HMM SSV           filter:              52  (0.806); expected (0.06)
Windows   passing  local HMM Viterbi       filter:               0  (0); expected (0.02)
Windows   passing  local HMM Viterbi  bias filter:               0  (0); expected (0.02)
Windows   passing  local HMM Forward       filter:               0  (0); expected (0.0002)
Windows   passing  local HMM Forward  bias filter:               0  (0); expected (0.0002)
Windows   passing glocal HMM Forward       filter:               0  (0); expected (0.0002)
Windows   passing glocal HMM Forward  bias filter:               0  (0); expected (0.0002)
Envelopes passing glocal HMM envelope defn filter:               0  (0); expected (0.0002)
Envelopes passing  local CM  CYK           filter:               0  (0); expected (0.0001)
Total CM hits reported:                                          0  (0); includes 0 truncated hit(s)

# CPU time: 0.23u 0.01s 00:00:00.24 Elapsed: 00:00:00.23
//
Query:       LSU_rRNA_archaea  [CLEN=2987]
Accession:   RF02540
Description: Archaeal large subunit ribosomal RNA
Hit scores:
 rank     E-value  score  bias  sequence  start    end   mdl trunc   gc  description
 ----   --------- ------ -----  -------- ------ ------   --- ----- ----  -----------

   [No hits detected that satisfy reporting thresholds]


Hit alignments:

   [No hits detected that satisfy reporting thresholds]


Internal CM pipeline statistics summary:
----------------------------------------
Query model(s):                                                  1  (2987 consensus positions)
Target sequences:                                                1  (169604 residues searched)
Target sequences re-searched for truncated hits:                 1  (14932 residues re-searched)
Windows   passing  local HMM SSV           filter:               2  (0.03804); expected (0.06)
Windows   passing  local HMM Viterbi       filter:               1  (0.02122); expected (0.02)
Windows   passing  local HMM Viterbi  bias filter:               0  (0); expected (0.02)
Windows   passing  local HMM Forward       filter:               0  (0); expected (0.0002)
Windows   passing  local HMM Forward  bias filter:               0  (0); expected (0.0002)
Windows   passing glocal HMM Forward       filter:               0  (0); expected (0.0002)
Windows   passing glocal HMM Forward  bias filter:               0  (0); expected (0.0002)
Envelopes passing glocal HMM envelope defn filter:               0  (0); expected (0.0002)
Envelopes passing  local CM  CYK           filter:               0  (0); expected (0.0001)
Total CM hits reported:                                          0  (0); includes 0 truncated hit(s)

# CPU time: 0.18u 0.03s 00:00:00.21 Elapsed: 00:00:00.20
//
Query:       LSU_rRNA_bacteria  [CLEN=2925]
Accession:   RF02541
Description: Bacterial large subunit ribosomal RNA
Hit scores:
 rank     E-value  score  bias  sequence  start    end   mdl trunc   gc  description
 ----   --------- ------ -----  -------- ------ ------   --- ----- ----  -----------

   [No hits detected that satisfy reporting thresholds]


Hit alignments:

   [No hits detected that satisfy reporting thresholds]


Internal CM pipeline statistics summary:
----------------------------------------
Query model(s):                                                  1  (2925 consensus positions)
Target sequences:                                                1  (169604 residues searched)
Target sequences re-searched for truncated hits:                 1  (15364 residues re-searched)
Windows   passing  local HMM SSV           filter:               4  (0.09907); expected (0.06)
Windows   passing  local HMM Viterbi       filter:               0  (0); expected (0.02)
Windows   passing  local HMM Viterbi  bias filter:               0  (0); expected (0.02)
Windows   passing  local HMM Forward       filter:               0  (0); expected (0.0002)
Windows   passing  local HMM Forward  bias filter:               0  (0); expected (0.0002)
Windows   passing glocal HMM Forward       filter:               0  (0); expected (0.0002)
Windows   passing glocal HMM Forward  bias filter:               0  (0); expected (0.0002)
Envelopes passing glocal HMM envelope defn filter:               0  (0); expected (0.0002)
Envelopes passing  local CM  CYK           filter:               0  (0); expected (0.0001)
Total CM hits reported:                                          0  (0); includes 0 truncated hit(s)

# CPU time: 0.19u 0.01s 00:00:00.20 Elapsed: 00:00:00.20
//
Query:       SSU_rRNA_microsporidia  [CLEN=1311]
Accession:   RF02542
Description: Microsporidia small subunit ribosomal RNA
Hit scores:
 rank     E-value  score  bias  sequence  start    end   mdl trunc   gc  description
 ----   --------- ------ -----  -------- ------ ------   --- ----- ----  -----------

   [No hits detected that satisfy reporting thresholds]


Hit alignments:

   [No hits detected that satisfy reporting thresholds]


Internal CM pipeline statistics summary:
----------------------------------------
Query model(s):                                                  1  (1311 consensus positions)
Target sequences:                                                1  (169604 residues searched)
Target sequences re-searched for truncated hits:                 1  (6552 residues re-searched)
Windows   passing  local HMM SSV           filter:              23  (0.2539); expected (0.06)
Windows   passing  local HMM Viterbi       filter:               2  (0.02316); expected (0.02)
Windows   passing  local HMM Viterbi  bias filter:               1  (0.01113); expected (0.02)
Windows   passing  local HMM Forward       filter:               1  (0.01113); expected (0.0002)
Windows   passing  local HMM Forward  bias filter:               1  (0.01113); expected (0.0002)
Windows   passing glocal HMM Forward       filter:               0  (0); expected (0.0002)
Windows   passing glocal HMM Forward  bias filter:               0  (0); expected (0.0002)
Envelopes passing glocal HMM envelope defn filter:               0  (0); expected (0.0002)
Envelopes passing  local CM  CYK           filter:               0  (0); expected (0.0001)
Total CM hits reported:                                          0  (0); includes 0 truncated hit(s)

# CPU time: 0.12u 0.01s 00:00:00.13 Elapsed: 00:00:00.13
//
Query:       LSU_rRNA_eukarya  [CLEN=3401]
Accession:   RF02543
Description: Eukaryotic large subunit ribosomal RNA
Hit scores:
 rank     E-value  score  bias  sequence  start    end   mdl trunc   gc  description
 ----   --------- ------ -----  -------- ------ ------   --- ----- ----  -----------

   [No hits detected that satisfy reporting thresholds]


Hit alignments:

   [No hits detected that satisfy reporting thresholds]


Internal CM pipeline statistics summary:
----------------------------------------
Query model(s):                                                  1  (3401 consensus positions)
Target sequences:                                                1  (169604 residues searched)
Target sequences re-searched for truncated hits:                 1  (17004 residues re-searched)
Windows   passing  local HMM SSV           filter:              39  (0.9087); expected (0.06)
Windows   passing  local HMM Viterbi       filter:               4  (0.1331); expected (0.02)
Windows   passing  local HMM Viterbi  bias filter:               0  (0); expected (0.02)
Windows   passing  local HMM Forward       filter:               0  (0); expected (0.0002)
Windows   passing  local HMM Forward  bias filter:               0  (0); expected (0.0002)
Windows   passing glocal HMM Forward       filter:               0  (0); expected (0.0002)
Windows   passing glocal HMM Forward  bias filter:               0  (0); expected (0.0002)
Envelopes passing glocal HMM envelope defn filter:               0  (0); expected (0.0002)
Envelopes passing  local CM  CYK           filter:               0  (0); expected (0.0001)
Total CM hits reported:                                          0  (0); includes 0 truncated hit(s)

# CPU time: 0.59u 0.00s 00:00:00.59 Elapsed: 00:00:00.58
//
Query:       SSU_trypano_mito  [CLEN=623]
Accession:   RF02545
Description: Trypanosomatid mitochondrial small subunit ribosomal RNA
Hit scores:
 rank     E-value  score  bias  sequence  start    end   mdl trunc   gc  description
 ----   --------- ------ -----  -------- ------ ------   --- ----- ----  -----------

   [No hits detected that satisfy reporting thresholds]


Hit alignments:

   [No hits detected that satisfy reporting thresholds]


Internal CM pipeline statistics summary:
----------------------------------------
Query model(s):                                                  1  (623 consensus positions)
Target sequences:                                                1  (169604 residues searched)
Target sequences re-searched for truncated hits:                 1  (3112 residues re-searched)
Windows   passing  local HMM SSV           filter:             199  (0.8388); expected (0.06)
Windows   passing  local HMM Viterbi       filter:              87  (0.4222); expected (0.02)
Windows   passing  local HMM Viterbi  bias filter:               0  (0); expected (0.02)
Windows   passing  local HMM Forward       filter:               0  (0); expected (0.0002)
Windows   passing  local HMM Forward  bias filter:               0  (0); expected (0.0002)
Windows   passing glocal HMM Forward       filter:               0  (0); expected (0.0002)
Windows   passing glocal HMM Forward  bias filter:               0  (0); expected (0.0002)
Envelopes passing glocal HMM envelope defn filter:               0  (0); expected (0.0002)
Envelopes passing  local CM  CYK           filter:               0  (0); expected (0.0001)
Total CM hits reported:                                          0  (0); includes 0 truncated hit(s)

# CPU time: 0.08u 0.01s 00:00:00.09 Elapsed: 00:00:00.09
//
Query:       LSU_trypano_mito  [CLEN=561]
Accession:   RF02546
Description: Trypanosomatid mitochondrial large subunit ribosomal RNA
Hit scores:
 rank     E-value  score  bias  sequence  start    end   mdl trunc   gc  description
 ----   --------- ------ -----  -------- ------ ------   --- ----- ----  -----------

   [No hits detected that satisfy reporting thresholds]


Hit alignments:

   [No hits detected that satisfy reporting thresholds]


Internal CM pipeline statistics summary:
----------------------------------------
Query model(s):                                                  1  (561 consensus positions)
Target sequences:                                                1  (169604 residues searched)
Target sequences re-searched for truncated hits:                 1  (2804 residues re-searched)
Windows   passing  local HMM SSV           filter:             234  (0.8655); expected (0.06)
Windows   passing  local HMM Viterbi       filter:             146  (0.6101); expected (0.02)
Windows   passing  local HMM Viterbi  bias filter:               0  (0); expected (0.02)
Windows   passing  local HMM Forward       filter:               0  (0); expected (0.0002)
Windows   passing  local HMM Forward  bias filter:               0  (0); expected (0.0002)
Windows   passing glocal HMM Forward       filter:               0  (0); expected (0.0002)
Windows   passing glocal HMM Forward  bias filter:               0  (0); expected (0.0002)
Envelopes passing glocal HMM envelope defn filter:               0  (0); expected (0.0002)
Envelopes passing  local CM  CYK           filter:               0  (0); expected (0.0001)
Total CM hits reported:                                          0  (0); includes 0 truncated hit(s)

# CPU time: 0.09u 0.00s 00:00:00.09 Elapsed: 00:00:00.08
//
Query:       mtPerm-5S  [CLEN=106]
Accession:   RF02547
Description: Permuted mitochondrial genome encoded 5S rRNA
Hit scores:
 rank     E-value  score  bias  sequence  start    end   mdl trunc   gc  description
 ----   --------- ------ -----  -------- ------ ------   --- ----- ----  -----------

   [No hits detected that satisfy reporting thresholds]


Hit alignments:

   [No hits detected that satisfy reporting thresholds]


Internal CM pipeline statistics summary:
----------------------------------------
Query model(s):                                                  1  (106 consensus positions)
Target sequences:                                                1  (169604 residues searched)
Target sequences re-searched for truncated hits:                 1  (528 residues re-searched)
Windows   passing  local HMM SSV           filter:             107  (0.09969); expected (0.06)
Windows   passing  local HMM Viterbi       filter:               8  (0.008917); expected (0.02)
Windows   passing  local HMM Viterbi  bias filter:               8  (0.008917); expected (0.02)
Windows   passing  local HMM Forward       filter:               0  (0); expected (0.0002)
Windows   passing  local HMM Forward  bias filter:               0  (0); expected (0.0002)
Windows   passing glocal HMM Forward       filter:               0  (0); expected (0.0002)
Windows   passing glocal HMM Forward  bias filter:               0  (0); expected (0.0002)
Envelopes passing glocal HMM envelope defn filter:               0  (0); expected (0.0002)
Envelopes passing  local CM  CYK           filter:               0  (0); expected (0.0001)
Total CM hits reported:                                          0  (0); includes 0 truncated hit(s)

# CPU time: 0.00u 0.01s 00:00:00.01 Elapsed: 00:00:00.01
//
Query:       ppoRNA  [CLEN=98]
Accession:   RF02554
Description: mt-5S-like P. polycephalum
Hit scores:
 rank     E-value  score  bias  sequence  start    end   mdl trunc   gc  description
 ----   --------- ------ -----  -------- ------ ------   --- ----- ----  -----------

   [No hits detected that satisfy reporting thresholds]


Hit alignments:

   [No hits detected that satisfy reporting thresholds]


Internal CM pipeline statistics summary:
----------------------------------------
Query model(s):                                                  1  (98 consensus positions)
Target sequences:                                                1  (169604 residues searched)
Target sequences re-searched for truncated hits:                 1  (488 residues re-searched)
Windows   passing  local HMM SSV           filter:             260  (0.2238); expected (0.06)
Windows   passing  local HMM Viterbi       filter:              51  (0.05003); expected (0.02)
Windows   passing  local HMM Viterbi  bias filter:              18  (0.01721); expected (0.02)
Windows   passing  local HMM Forward       filter:               1  (0.0008525); expected (0.0002)
Windows   passing  local HMM Forward  bias filter:               1  (0.0008525); expected (0.0002)
Windows   passing glocal HMM Forward       filter:               1  (0.0008525); expected (0.0002)
Windows   passing glocal HMM Forward  bias filter:               1  (0.0008525); expected (0.0002)
Envelopes passing glocal HMM envelope defn filter:               1  (0.0005762); expected (0.0002)
Envelopes passing  local CM  CYK           filter:               0  (0); expected (0.0001)
Total CM hits reported:                                          0  (0); includes 0 truncated hit(s)

# CPU time: 0.01u 0.00s 00:00:00.01 Elapsed: 00:00:00.01
//
Query:       hveRNA  [CLEN=124]
Accession:   RF02555
Description: mt-5S-like H. vermiformis
Hit scores:
 rank     E-value  score  bias  sequence  start    end   mdl trunc   gc  description
 ----   --------- ------ -----  -------- ------ ------   --- ----- ----  -----------

   [No hits detected that satisfy reporting thresholds]


Hit alignments:

   [No hits detected that satisfy reporting thresholds]


Internal CM pipeline statistics summary:
----------------------------------------
Query model(s):                                                  1  (124 consensus positions)
Target sequences:                                                1  (169604 residues searched)
Target sequences re-searched for truncated hits:                 1  (620 residues re-searched)
Windows   passing  local HMM SSV           filter:             281  (0.3016); expected (0.06)
Windows   passing  local HMM Viterbi       filter:              76  (0.08929); expected (0.02)
Windows   passing  local HMM Viterbi  bias filter:              14  (0.01578); expected (0.02)
Windows   passing  local HMM Forward       filter:               3  (0.003507); expected (0.0002)
Windows   passing  local HMM Forward  bias filter:               1  (0.001668); expected (0.0002)
Windows   passing glocal HMM Forward       filter:               1  (0.001668); expected (0.0002)
Windows   passing glocal HMM Forward  bias filter:               1  (0.001668); expected (0.0002)
Envelopes passing glocal HMM envelope defn filter:               2  (0.001539); expected (0.0002)
Envelopes passing  local CM  CYK           filter:               0  (0); expected (0.0001)
Total CM hits reported:                                          0  (0); includes 0 truncated hit(s)

# CPU time: 0.01u 0.02s 00:00:00.03 Elapsed: 00:00:00.02
//
[ok]
