# cmsearch :: search CM(s) against a sequence database
# INFERNAL 1.1.4 (Dec 2020)
# Copyright (C) 2020 Howard Hughes Medical Institute.
# Freely distributed under the BSD open source license.
# - - - - - - - - - - - - - - - - - - - - - - - - - - - - - - - - - - - -
# query CM file:                         cms/antitoxin.cm
# target sequence database:              genomes/PS-51.fas
# output directed to file:               sequences/PS-51/antitoxin.out
# tabular output of hits:                sequences/PS-51/antitoxin.tblout
# model-specific thresholding:           GA cutoffs
# Rfam pipeline mode:                    on [strict filtering]
# HMM-only mode for 0 basepair models:   no
# number of worker threads:              12
# - - - - - - - - - - - - - - - - - - - - - - - - - - - - - - - - - - - -

Query:       SIB_RNA  [CLEN=147]
Accession:   RF00113
Description: Short Intergenic Abundant RNA
Hit scores:
 rank     E-value  score  bias  sequence  start    end   mdl trunc   gc  description
 ----   --------- ------ -----  -------- ------ ------   --- ----- ----  -----------

   [No hits detected that satisfy reporting thresholds]


Hit alignments:

   [No hits detected that satisfy reporting thresholds]


Internal CM pipeline statistics summary:
----------------------------------------
Query model(s):                                                  1  (147 consensus positions)
Target sequences:                                                1  (8129212 residues searched)
Target sequences re-searched for truncated hits:                 1  (732 residues re-searched)
Windows   passing  local HMM SSV           filter:            5072  (0.1347); expected (0.06)
Windows   passing  local HMM Viterbi       filter:             873  (0.02398); expected (0.02)
Windows   passing  local HMM Viterbi  bias filter:             663  (0.01823); expected (0.02)
Windows   passing  local HMM Forward       filter:              59  (0.001659); expected (0.0002)
Windows   passing  local HMM Forward  bias filter:              46  (0.001288); expected (0.0002)
Windows   passing glocal HMM Forward       filter:              31  (0.0009048); expected (0.0002)
Windows   passing glocal HMM Forward  bias filter:              31  (0.0009048); expected (0.0002)
Envelopes passing glocal HMM envelope defn filter:              33  (0.0006931); expected (0.0002)
Envelopes passing  local CM  CYK           filter:               4  (4.588e-05); expected (0.0001)
Total CM hits reported:                                          0  (0); includes 0 truncated hit(s)

# CPU time: 1.20u 0.11s 00:00:01.31 Elapsed: 00:00:00.22
//
Query:       istR  [CLEN=130]
Accession:   RF01400
Description: istR Hfq binding RNA
Hit scores:
 rank     E-value  score  bias  sequence  start    end   mdl trunc   gc  description
 ----   --------- ------ -----  -------- ------ ------   --- ----- ----  -----------

   [No hits detected that satisfy reporting thresholds]


Hit alignments:

   [No hits detected that satisfy reporting thresholds]


Internal CM pipeline statistics summary:
----------------------------------------
Query model(s):                                                  1  (130 consensus positions)
Target sequences:                                                1  (8129212 residues searched)
Target sequences re-searched for truncated hits:                 1  (648 residues re-searched)
Windows   passing  local HMM SSV           filter:            2691  (0.06341); expected (0.06)
Windows   passing  local HMM Viterbi       filter:             390  (0.009431); expected (0.02)
Windows   passing  local HMM Viterbi  bias filter:             381  (0.009208); expected (0.02)
Windows   passing  local HMM Forward       filter:               9  (0.0002351); expected (0.0002)
Windows   passing  local HMM Forward  bias filter:               9  (0.0002351); expected (0.0002)
Windows   passing glocal HMM Forward       filter:               6  (0.0001518); expected (0.0002)
Windows   passing glocal HMM Forward  bias filter:               6  (0.0001518); expected (0.0002)
Envelopes passing glocal HMM envelope defn filter:               6  (0.0001128); expected (0.0002)
Envelopes passing  local CM  CYK           filter:               0  (0); expected (0.0001)
Total CM hits reported:                                          0  (0); includes 0 truncated hit(s)

# CPU time: 0.32u 0.00s 00:00:00.32 Elapsed: 00:00:00.05
//
Query:       RatA  [CLEN=90]
Accession:   RF01776
Description: RNA anti-toxin A
Hit scores:
 rank     E-value  score  bias  sequence  start    end   mdl trunc   gc  description
 ----   --------- ------ -----  -------- ------ ------   --- ----- ----  -----------

   [No hits detected that satisfy reporting thresholds]


Hit alignments:

   [No hits detected that satisfy reporting thresholds]


Internal CM pipeline statistics summary:
----------------------------------------
Query model(s):                                                  1  (90 consensus positions)
Target sequences:                                                1  (8129212 residues searched)
Target sequences re-searched for truncated hits:                 1  (448 residues re-searched)
Windows   passing  local HMM SSV           filter:            9648  (0.1616); expected (0.06)
Windows   passing  local HMM Viterbi       filter:            1733  (0.03032); expected (0.02)
Windows   passing  local HMM Viterbi  bias filter:            1018  (0.01762); expected (0.02)
Windows   passing  local HMM Forward       filter:              87  (0.001564); expected (0.0002)
Windows   passing  local HMM Forward  bias filter:              46  (0.0008227); expected (0.0002)
Windows   passing glocal HMM Forward       filter:              41  (0.0007694); expected (0.0002)
Windows   passing glocal HMM Forward  bias filter:              40  (0.0007533); expected (0.0002)
Envelopes passing glocal HMM envelope defn filter:              41  (0.0005532); expected (0.0002)
Envelopes passing  local CM  CYK           filter:               7  (8.18e-05); expected (0.0001)
Total CM hits reported:                                          0  (0); includes 0 truncated hit(s)

# CPU time: 0.70u 0.03s 00:00:00.73 Elapsed: 00:00:00.10
//
Query:       sok  [CLEN=157]
Accession:   RF01794
Description: sok antitoxin (CssrC)
Hit scores:
 rank     E-value  score  bias  sequence  start    end   mdl trunc   gc  description
 ----   --------- ------ -----  -------- ------ ------   --- ----- ----  -----------

   [No hits detected that satisfy reporting thresholds]


Hit alignments:

   [No hits detected that satisfy reporting thresholds]


Internal CM pipeline statistics summary:
----------------------------------------
Query model(s):                                                  1  (157 consensus positions)
Target sequences:                                                1  (8129212 residues searched)
Target sequences re-searched for truncated hits:                 1  (1184 residues re-searched)
Windows   passing  local HMM SSV           filter:            2817  (0.1167); expected (0.06)
Windows   passing  local HMM Viterbi       filter:             507  (0.02166); expected (0.02)
Windows   passing  local HMM Viterbi  bias filter:             459  (0.01965); expected (0.02)
Windows   passing  local HMM Forward       filter:              20  (0.0009253); expected (0.0002)
Windows   passing  local HMM Forward  bias filter:              20  (0.0009253); expected (0.0002)
Windows   passing glocal HMM Forward       filter:              13  (0.0006126); expected (0.0002)
Windows   passing glocal HMM Forward  bias filter:              13  (0.0006126); expected (0.0002)
Envelopes passing glocal HMM envelope defn filter:              13  (0.0002952); expected (0.0002)
Envelopes passing  local CM  CYK           filter:               2  (1.119e-05); expected (0.0001)
Total CM hits reported:                                          0  (0); includes 0 truncated hit(s)

# CPU time: 0.73u 0.02s 00:00:00.75 Elapsed: 00:00:00.10
//
Query:       fstAT  [CLEN=94]
Accession:   RF01797
Description: Fst antitoxin sRNA
Hit scores:
 rank     E-value  score  bias  sequence  start    end   mdl trunc   gc  description
 ----   --------- ------ -----  -------- ------ ------   --- ----- ----  -----------

   [No hits detected that satisfy reporting thresholds]


Hit alignments:

   [No hits detected that satisfy reporting thresholds]


Internal CM pipeline statistics summary:
----------------------------------------
Query model(s):                                                  1  (94 consensus positions)
Target sequences:                                                1  (8129212 residues searched)
Target sequences re-searched for truncated hits:                 1  (496 residues re-searched)
Windows   passing  local HMM SSV           filter:            9062  (0.1677); expected (0.06)
Windows   passing  local HMM Viterbi       filter:            1543  (0.0297); expected (0.02)
Windows   passing  local HMM Viterbi  bias filter:            1198  (0.02297); expected (0.02)
Windows   passing  local HMM Forward       filter:             101  (0.002162); expected (0.0002)
Windows   passing  local HMM Forward  bias filter:              75  (0.001612); expected (0.0002)
Windows   passing glocal HMM Forward       filter:              45  (0.000969); expected (0.0002)
Windows   passing glocal HMM Forward  bias filter:              41  (0.000873); expected (0.0002)
Envelopes passing glocal HMM envelope defn filter:              40  (0.0005668); expected (0.0002)
Envelopes passing  local CM  CYK           filter:               9  (0.0001049); expected (0.0001)
Total CM hits reported:                                          0  (0); includes 0 truncated hit(s)

# CPU time: 0.81u 0.00s 00:00:00.81 Elapsed: 00:00:00.09
//
Query:       symR  [CLEN=77]
Accession:   RF01809
Description: SymR antitoxin
Hit scores:
 rank     E-value  score  bias  sequence  start    end   mdl trunc   gc  description
 ----   --------- ------ -----  -------- ------ ------   --- ----- ----  -----------

   [No hits detected that satisfy reporting thresholds]


Hit alignments:

   [No hits detected that satisfy reporting thresholds]


Internal CM pipeline statistics summary:
----------------------------------------
Query model(s):                                                  1  (77 consensus positions)
Target sequences:                                                1  (8129212 residues searched)
Target sequences re-searched for truncated hits:                 1  (384 residues re-searched)
Windows   passing  local HMM SSV           filter:            6709  (0.09595); expected (0.06)
Windows   passing  local HMM Viterbi       filter:            1562  (0.02269); expected (0.02)
Windows   passing  local HMM Viterbi  bias filter:            1464  (0.02125); expected (0.02)
Windows   passing  local HMM Forward       filter:              37  (0.0005735); expected (0.0002)
Windows   passing  local HMM Forward  bias filter:              35  (0.0005364); expected (0.0002)
Windows   passing glocal HMM Forward       filter:              26  (0.0003933); expected (0.0002)
Windows   passing glocal HMM Forward  bias filter:              26  (0.0003933); expected (0.0002)
Envelopes passing glocal HMM envelope defn filter:              26  (0.0003014); expected (0.0002)
Envelopes passing  local CM  CYK           filter:               1  (8.98e-06); expected (0.0001)
Total CM hits reported:                                          0  (0); includes 0 truncated hit(s)

# CPU time: 0.34u 0.01s 00:00:00.35 Elapsed: 00:00:00.04
//
Query:       PtaRNA1  [CLEN=72]
Accession:   RF01811
Description: Plasmid transferred anti-sense RNA
Hit scores:
 rank     E-value  score  bias  sequence  start    end   mdl trunc   gc  description
 ----   --------- ------ -----  -------- ------ ------   --- ----- ----  -----------

   [No hits detected that satisfy reporting thresholds]


Hit alignments:

   [No hits detected that satisfy reporting thresholds]


Internal CM pipeline statistics summary:
----------------------------------------
Query model(s):                                                  1  (72 consensus positions)
Target sequences:                                                1  (8129212 residues searched)
Target sequences re-searched for truncated hits:                 1  (360 residues re-searched)
Windows   passing  local HMM SSV           filter:            4541  (0.06096); expected (0.06)
Windows   passing  local HMM Viterbi       filter:            1260  (0.01713); expected (0.02)
Windows   passing  local HMM Viterbi  bias filter:            1182  (0.01607); expected (0.02)
Windows   passing  local HMM Forward       filter:              19  (0.0002801); expected (0.0002)
Windows   passing  local HMM Forward  bias filter:              14  (0.0002102); expected (0.0002)
Windows   passing glocal HMM Forward       filter:               8  (0.0001107); expected (0.0002)
Windows   passing glocal HMM Forward  bias filter:               8  (0.0001107); expected (0.0002)
Envelopes passing glocal HMM envelope defn filter:               8  (8.094e-05); expected (0.0002)
Envelopes passing  local CM  CYK           filter:               2  (1.71e-05); expected (0.0001)
Total CM hits reported:                                          0  (0); includes 0 truncated hit(s)

# CPU time: 0.21u 0.01s 00:00:00.22 Elapsed: 00:00:00.03
//
Query:       rdlD  [CLEN=66]
Accession:   RF01813
Description: rdlD antitoxin
Hit scores:
 rank     E-value  score  bias  sequence  start    end   mdl trunc   gc  description
 ----   --------- ------ -----  -------- ------ ------   --- ----- ----  -----------

   [No hits detected that satisfy reporting thresholds]


Hit alignments:

   [No hits detected that satisfy reporting thresholds]


Internal CM pipeline statistics summary:
----------------------------------------
Query model(s):                                                  1  (66 consensus positions)
Target sequences:                                                1  (8129212 residues searched)
Target sequences re-searched for truncated hits:                 1  (328 residues re-searched)
Windows   passing  local HMM SSV           filter:            4877  (0.06); expected (0.06)
Windows   passing  local HMM Viterbi       filter:            1266  (0.01566); expected (0.02)
Windows   passing  local HMM Viterbi  bias filter:            1116  (0.01379); expected (0.02)
Windows   passing  local HMM Forward       filter:              26  (0.0003389); expected (0.0002)
Windows   passing  local HMM Forward  bias filter:              22  (0.000286); expected (0.0002)
Windows   passing glocal HMM Forward       filter:               8  (0.0001144); expected (0.0002)
Windows   passing glocal HMM Forward  bias filter:               8  (0.0001144); expected (0.0002)
Envelopes passing glocal HMM envelope defn filter:               7  (6.692e-05); expected (0.0002)
Envelopes passing  local CM  CYK           filter:               2  (1.538e-05); expected (0.0001)
Total CM hits reported:                                          0  (0); includes 0 truncated hit(s)

# CPU time: 0.21u 0.00s 00:00:00.21 Elapsed: 00:00:00.03
//
Query:       OrzO-P  [CLEN=76]
Accession:   RF02083
Description: OrzO-P RNA antitoxin family
Hit scores:
 rank     E-value  score  bias  sequence  start    end   mdl trunc   gc  description
 ----   --------- ------ -----  -------- ------ ------   --- ----- ----  -----------

   [No hits detected that satisfy reporting thresholds]


Hit alignments:

   [No hits detected that satisfy reporting thresholds]


Internal CM pipeline statistics summary:
----------------------------------------
Query model(s):                                                  1  (76 consensus positions)
Target sequences:                                                1  (8129212 residues searched)
Target sequences re-searched for truncated hits:                 1  (380 residues re-searched)
Windows   passing  local HMM SSV           filter:            9042  (0.1284); expected (0.06)
Windows   passing  local HMM Viterbi       filter:            2773  (0.04052); expected (0.02)
Windows   passing  local HMM Viterbi  bias filter:            2293  (0.03359); expected (0.02)
Windows   passing  local HMM Forward       filter:             168  (0.00274); expected (0.0002)
Windows   passing  local HMM Forward  bias filter:             133  (0.002166); expected (0.0002)
Windows   passing glocal HMM Forward       filter:             102  (0.001699); expected (0.0002)
Windows   passing glocal HMM Forward  bias filter:             100  (0.001664); expected (0.0002)
Envelopes passing glocal HMM envelope defn filter:              99  (0.001113); expected (0.0002)
Envelopes passing  local CM  CYK           filter:              69  (0.0007255); expected (0.0001)
Total CM hits reported:                                          0  (0); includes 0 truncated hit(s)

# CPU time: 1.63u 0.02s 00:00:01.65 Elapsed: 00:00:00.16
//
Query:       ohsC_RNA  [CLEN=77]
Accession:   RF02495
Description: Oppression of Hydrophobic ORF by sRNA
Hit scores:
 rank     E-value  score  bias  sequence  start    end   mdl trunc   gc  description
 ----   --------- ------ -----  -------- ------ ------   --- ----- ----  -----------

   [No hits detected that satisfy reporting thresholds]


Hit alignments:

   [No hits detected that satisfy reporting thresholds]


Internal CM pipeline statistics summary:
----------------------------------------
Query model(s):                                                  1  (77 consensus positions)
Target sequences:                                                1  (8129212 residues searched)
Target sequences re-searched for truncated hits:                 1  (384 residues re-searched)
Windows   passing  local HMM SSV           filter:            8132  (0.1167); expected (0.06)
Windows   passing  local HMM Viterbi       filter:            2176  (0.0319); expected (0.02)
Windows   passing  local HMM Viterbi  bias filter:            1794  (0.02632); expected (0.02)
Windows   passing  local HMM Forward       filter:             121  (0.001896); expected (0.0002)
Windows   passing  local HMM Forward  bias filter:              91  (0.001409); expected (0.0002)
Windows   passing glocal HMM Forward       filter:              64  (0.001028); expected (0.0002)
Windows   passing glocal HMM Forward  bias filter:              62  (0.0009912); expected (0.0002)
Envelopes passing glocal HMM envelope defn filter:              62  (0.000708); expected (0.0002)
Envelopes passing  local CM  CYK           filter:              25  (0.0002605); expected (0.0001)
Total CM hits reported:                                          0  (0); includes 0 truncated hit(s)

# CPU time: 0.83u 0.03s 00:00:00.86 Elapsed: 00:00:00.11
//
Query:       ToxI  [CLEN=34]
Accession:   RF02519
Description: ToxI antitoxin
Hit scores:
 rank     E-value  score  bias  sequence  start    end   mdl trunc   gc  description
 ----   --------- ------ -----  -------- ------ ------   --- ----- ----  -----------

   [No hits detected that satisfy reporting thresholds]


Hit alignments:

   [No hits detected that satisfy reporting thresholds]


Internal CM pipeline statistics summary:
----------------------------------------
Query model(s):                                                  1  (34 consensus positions)
Target sequences:                                                1  (8129212 residues searched)
Target sequences re-searched for truncated hits:                 1  (192 residues re-searched)
Windows   passing  local HMM SSV           filter:            6772  (0.04916); expected (0.06)
Windows   passing  local HMM Viterbi       filter:            1110  (0.008063); expected (0.02)
Windows   passing  local HMM Viterbi  bias filter:             996  (0.007235); expected (0.02)
Windows   passing  local HMM Forward       filter:              15  (0.0001174); expected (0.0002)
Windows   passing  local HMM Forward  bias filter:              10  (7.823e-05); expected (0.0002)
Windows   passing glocal HMM Forward       filter:               7  (5.769e-05); expected (0.0002)
Windows   passing glocal HMM Forward  bias filter:               7  (5.769e-05); expected (0.0002)
Envelopes passing glocal HMM envelope defn filter:               7  (3.457e-05); expected (0.0002)
Envelopes passing  local CM  CYK           filter:               4  (2.017e-05); expected (0.0001)
Total CM hits reported:                                          0  (0); includes 0 truncated hit(s)

# CPU time: 0.09u 0.01s 00:00:00.10 Elapsed: 00:00:00.02
//
[ok]
