# cmsearch :: search CM(s) against a sequence database
# INFERNAL 1.1.4 (Dec 2020)
# Copyright (C) 2020 Howard Hughes Medical Institute.
# Freely distributed under the BSD open source license.
# - - - - - - - - - - - - - - - - - - - - - - - - - - - - - - - - - - - -
# query CM file:                         cms/Intron.cm
# target sequence database:              genomes/PS-51.fas
# output directed to file:               sequences/PS-51/Intron.out
# tabular output of hits:                sequences/PS-51/Intron.tblout
# model-specific thresholding:           GA cutoffs
# Rfam pipeline mode:                    on [strict filtering]
# HMM-only mode for 0 basepair models:   no
# number of worker threads:              12
# - - - - - - - - - - - - - - - - - - - - - - - - - - - - - - - - - - - -

Query:       Intron_gpI  [CLEN=251]
Accession:   RF00028
Description: Group I catalytic intron
Hit scores:
 rank     E-value  score  bias  sequence  start    end   mdl trunc   gc  description
 ----   --------- ------ -----  -------- ------ ------   --- ----- ----  -----------

   [No hits detected that satisfy reporting thresholds]


Hit alignments:

   [No hits detected that satisfy reporting thresholds]


Internal CM pipeline statistics summary:
----------------------------------------
Query model(s):                                                  1  (251 consensus positions)
Target sequences:                                                1  (8129212 residues searched)
Target sequences re-searched for truncated hits:                 1  (5324 residues re-searched)
Windows   passing  local HMM SSV           filter:            1402  (0.2602); expected (0.06)
Windows   passing  local HMM Viterbi       filter:              85  (0.01748); expected (0.02)
Windows   passing  local HMM Viterbi  bias filter:              27  (0.005164); expected (0.02)
Windows   passing  local HMM Forward       filter:               9  (0.001928); expected (0.0002)
Windows   passing  local HMM Forward  bias filter:               6  (0.001335); expected (0.0002)
Windows   passing glocal HMM Forward       filter:               6  (0.001335); expected (0.0002)
Windows   passing glocal HMM Forward  bias filter:               6  (0.001335); expected (0.0002)
Envelopes passing glocal HMM envelope defn filter:               6  (0.0004165); expected (0.0002)
Envelopes passing  local CM  CYK           filter:               1  (7.499e-06); expected (0.0001)
Total CM hits reported:                                          0  (0); includes 0 truncated hit(s)

# CPU time: 3.01u 0.32s 00:00:03.32 Elapsed: 00:00:00.93
//
Query:       Intron_gpII  [CLEN=93]
Accession:   RF00029
Description: Group II catalytic intron
Hit scores:
 rank     E-value  score  bias  sequence  start    end   mdl trunc   gc  description
 ----   --------- ------ -----  -------- ------ ------   --- ----- ----  -----------

   [No hits detected that satisfy reporting thresholds]


Hit alignments:

   [No hits detected that satisfy reporting thresholds]


Internal CM pipeline statistics summary:
----------------------------------------
Query model(s):                                                  1  (93 consensus positions)
Target sequences:                                                1  (8129212 residues searched)
Target sequences re-searched for truncated hits:                 1  (2048 residues re-searched)
Windows   passing  local HMM SSV           filter:            1069  (0.06707); expected (0.06)
Windows   passing  local HMM Viterbi       filter:             214  (0.01493); expected (0.02)
Windows   passing  local HMM Viterbi  bias filter:             209  (0.01459); expected (0.02)
Windows   passing  local HMM Forward       filter:               1  (5.608e-05); expected (0.0002)
Windows   passing  local HMM Forward  bias filter:               1  (5.608e-05); expected (0.0002)
Windows   passing glocal HMM Forward       filter:               0  (0); expected (0.0002)
Windows   passing glocal HMM Forward  bias filter:               0  (0); expected (0.0002)
Envelopes passing glocal HMM envelope defn filter:               0  (0); expected (0.0002)
Envelopes passing  local CM  CYK           filter:               0  (0); expected (0.0001)
Total CM hits reported:                                          0  (0); includes 0 truncated hit(s)

# CPU time: 0.19u 0.00s 00:00:00.19 Elapsed: 00:00:00.02
//
Query:       group-II-D1D4-1  [CLEN=84]
Accession:   RF01998
Description: Group II catalytic intron D1-D4-1
Hit scores:
 rank     E-value  score  bias  sequence  start    end   mdl trunc   gc  description
 ----   --------- ------ -----  -------- ------ ------   --- ----- ----  -----------

   [No hits detected that satisfy reporting thresholds]


Hit alignments:

   [No hits detected that satisfy reporting thresholds]


Internal CM pipeline statistics summary:
----------------------------------------
Query model(s):                                                  1  (84 consensus positions)
Target sequences:                                                1  (8129212 residues searched)
Target sequences re-searched for truncated hits:                 1  (756 residues re-searched)
Windows   passing  local HMM SSV           filter:            3220  (0.08573); expected (0.06)
Windows   passing  local HMM Viterbi       filter:             725  (0.01996); expected (0.02)
Windows   passing  local HMM Viterbi  bias filter:             644  (0.01773); expected (0.02)
Windows   passing  local HMM Forward       filter:               7  (0.0001626); expected (0.0002)
Windows   passing  local HMM Forward  bias filter:               6  (0.0001357); expected (0.0002)
Windows   passing glocal HMM Forward       filter:               4  (0.0001012); expected (0.0002)
Windows   passing glocal HMM Forward  bias filter:               4  (0.0001012); expected (0.0002)
Envelopes passing glocal HMM envelope defn filter:               4  (5.978e-05); expected (0.0002)
Envelopes passing  local CM  CYK           filter:               2  (1.636e-05); expected (0.0001)
Total CM hits reported:                                          0  (0); includes 0 truncated hit(s)

# CPU time: 0.25u 0.00s 00:00:00.25 Elapsed: 00:00:00.04
//
Query:       group-II-D1D4-2  [CLEN=118]
Accession:   RF01999
Description: Group II catalytic intron D1-D4-2
Hit scores:
 rank     E-value  score  bias  sequence  start    end   mdl trunc   gc  description
 ----   --------- ------ -----  -------- ------ ------   --- ----- ----  -----------

   [No hits detected that satisfy reporting thresholds]


Hit alignments:

   [No hits detected that satisfy reporting thresholds]


Internal CM pipeline statistics summary:
----------------------------------------
Query model(s):                                                  1  (118 consensus positions)
Target sequences:                                                1  (8129212 residues searched)
Target sequences re-searched for truncated hits:                 1  (632 residues re-searched)
Windows   passing  local HMM SSV           filter:            3622  (0.08394); expected (0.06)
Windows   passing  local HMM Viterbi       filter:             659  (0.01539); expected (0.02)
Windows   passing  local HMM Viterbi  bias filter:             627  (0.01461); expected (0.02)
Windows   passing  local HMM Forward       filter:              21  (0.0005447); expected (0.0002)
Windows   passing  local HMM Forward  bias filter:              18  (0.0004606); expected (0.0002)
Windows   passing glocal HMM Forward       filter:              15  (0.0003629); expected (0.0002)
Windows   passing glocal HMM Forward  bias filter:              15  (0.0003629); expected (0.0002)
Envelopes passing glocal HMM envelope defn filter:              14  (0.0002263); expected (0.0002)
Envelopes passing  local CM  CYK           filter:               0  (0); expected (0.0001)
Total CM hits reported:                                          0  (0); includes 0 truncated hit(s)

# CPU time: 0.38u 0.03s 00:00:00.41 Elapsed: 00:00:00.05
//
Query:       group-II-D1D4-3  [CLEN=171]
Accession:   RF02001
Description: Group II catalytic intron D1-D4-3
Hit scores:
 rank     E-value  score  bias  sequence  start    end   mdl trunc   gc  description
 ----   --------- ------ -----  -------- ------ ------   --- ----- ----  -----------

   [No hits detected that satisfy reporting thresholds]


Hit alignments:

   [No hits detected that satisfy reporting thresholds]


Internal CM pipeline statistics summary:
----------------------------------------
Query model(s):                                                  1  (171 consensus positions)
Target sequences:                                                1  (8129212 residues searched)
Target sequences re-searched for truncated hits:                 1  (1268 residues re-searched)
Windows   passing  local HMM SSV           filter:            2517  (0.112); expected (0.06)
Windows   passing  local HMM Viterbi       filter:             629  (0.02945); expected (0.02)
Windows   passing  local HMM Viterbi  bias filter:             381  (0.01772); expected (0.02)
Windows   passing  local HMM Forward       filter:              31  (0.001587); expected (0.0002)
Windows   passing  local HMM Forward  bias filter:              18  (0.0009013); expected (0.0002)
Windows   passing glocal HMM Forward       filter:              15  (0.0007558); expected (0.0002)
Windows   passing glocal HMM Forward  bias filter:              15  (0.0007558); expected (0.0002)
Envelopes passing glocal HMM envelope defn filter:              15  (0.0004126); expected (0.0002)
Envelopes passing  local CM  CYK           filter:               7  (0.0001287); expected (0.0001)
Total CM hits reported:                                          0  (0); includes 0 truncated hit(s)

# CPU time: 1.22u 0.08s 00:00:01.30 Elapsed: 00:00:00.32
//
Query:       group-II-D1D4-4  [CLEN=138]
Accession:   RF02003
Description: Group II catalytic intron D1-D4-4
Hit scores:
 rank     E-value  score  bias  sequence  start    end   mdl trunc   gc  description
 ----   --------- ------ -----  -------- ------ ------   --- ----- ----  -----------

   [No hits detected that satisfy reporting thresholds]


Hit alignments:

   [No hits detected that satisfy reporting thresholds]


Internal CM pipeline statistics summary:
----------------------------------------
Query model(s):                                                  1  (138 consensus positions)
Target sequences:                                                1  (8129212 residues searched)
Target sequences re-searched for truncated hits:                 1  (1460 residues re-searched)
Windows   passing  local HMM SSV           filter:            1507  (0.07286); expected (0.06)
Windows   passing  local HMM Viterbi       filter:             156  (0.007894); expected (0.02)
Windows   passing  local HMM Viterbi  bias filter:             133  (0.006698); expected (0.02)
Windows   passing  local HMM Forward       filter:               3  (0.0001482); expected (0.0002)
Windows   passing  local HMM Forward  bias filter:               2  (0.0001012); expected (0.0002)
Windows   passing glocal HMM Forward       filter:               1  (5.203e-05); expected (0.0002)
Windows   passing glocal HMM Forward  bias filter:               1  (5.203e-05); expected (0.0002)
Envelopes passing glocal HMM envelope defn filter:               1  (1.611e-05); expected (0.0002)
Envelopes passing  local CM  CYK           filter:               1  (1.537e-05); expected (0.0001)
Total CM hits reported:                                          0  (0); includes 0 truncated hit(s)

# CPU time: 0.29u 0.00s 00:00:00.28 Elapsed: 00:00:00.06
//
Query:       group-II-D1D4-5  [CLEN=201]
Accession:   RF02004
Description: Group II catalytic intron D1-D4-5
Hit scores:
 rank     E-value  score  bias  sequence  start    end   mdl trunc   gc  description
 ----   --------- ------ -----  -------- ------ ------   --- ----- ----  -----------

   [No hits detected that satisfy reporting thresholds]


Hit alignments:

   [No hits detected that satisfy reporting thresholds]


Internal CM pipeline statistics summary:
----------------------------------------
Query model(s):                                                  1  (201 consensus positions)
Target sequences:                                                1  (8129212 residues searched)
Target sequences re-searched for truncated hits:                 1  (1116 residues re-searched)
Windows   passing  local HMM SSV           filter:            2976  (0.1214); expected (0.06)
Windows   passing  local HMM Viterbi       filter:             450  (0.01899); expected (0.02)
Windows   passing  local HMM Viterbi  bias filter:             288  (0.01217); expected (0.02)
Windows   passing  local HMM Forward       filter:              15  (0.0006631); expected (0.0002)
Windows   passing  local HMM Forward  bias filter:              10  (0.0004221); expected (0.0002)
Windows   passing glocal HMM Forward       filter:               7  (0.0002898); expected (0.0002)
Windows   passing glocal HMM Forward  bias filter:               7  (0.0002898); expected (0.0002)
Envelopes passing glocal HMM envelope defn filter:               7  (0.0001927); expected (0.0002)
Envelopes passing  local CM  CYK           filter:               1  (2.989e-05); expected (0.0001)
Total CM hits reported:                                          0  (0); includes 0 truncated hit(s)

# CPU time: 0.79u 0.03s 00:00:00.82 Elapsed: 00:00:00.21
//
Query:       group-II-D1D4-6  [CLEN=225]
Accession:   RF02005
Description: Group II catalytic intron D1-D4-6
Hit scores:
 rank     E-value  score  bias  sequence  start    end   mdl trunc   gc  description
 ----   --------- ------ -----  -------- ------ ------   --- ----- ----  -----------

   [No hits detected that satisfy reporting thresholds]


Hit alignments:

   [No hits detected that satisfy reporting thresholds]


Internal CM pipeline statistics summary:
----------------------------------------
Query model(s):                                                  1  (225 consensus positions)
Target sequences:                                                1  (8129212 residues searched)
Target sequences re-searched for truncated hits:                 1  (1460 residues re-searched)
Windows   passing  local HMM SSV           filter:            1172  (0.0607); expected (0.06)
Windows   passing  local HMM Viterbi       filter:             162  (0.00851); expected (0.02)
Windows   passing  local HMM Viterbi  bias filter:             137  (0.007165); expected (0.02)
Windows   passing  local HMM Forward       filter:               9  (0.0004992); expected (0.0002)
Windows   passing  local HMM Forward  bias filter:               5  (0.0002551); expected (0.0002)
Windows   passing glocal HMM Forward       filter:               3  (0.0001556); expected (0.0002)
Windows   passing glocal HMM Forward  bias filter:               3  (0.0001556); expected (0.0002)
Envelopes passing glocal HMM envelope defn filter:               3  (9.249e-05); expected (0.0002)
Envelopes passing  local CM  CYK           filter:               0  (0); expected (0.0001)
Total CM hits reported:                                          0  (0); includes 0 truncated hit(s)

# CPU time: 0.46u 0.01s 00:00:00.47 Elapsed: 00:00:00.07
//
Query:       group-II-D1D4-7  [CLEN=148]
Accession:   RF02012
Description: Group II catalytic intron D1-D4-7
Hit scores:
 rank     E-value  score  bias  sequence  start    end   mdl trunc   gc  description
 ----   --------- ------ -----  -------- ------ ------   --- ----- ----  -----------

   [No hits detected that satisfy reporting thresholds]


Hit alignments:

   [No hits detected that satisfy reporting thresholds]


Internal CM pipeline statistics summary:
----------------------------------------
Query model(s):                                                  1  (148 consensus positions)
Target sequences:                                                1  (8129212 residues searched)
Target sequences re-searched for truncated hits:                 1  (1040 residues re-searched)
Windows   passing  local HMM SSV           filter:            2578  (0.09399); expected (0.06)
Windows   passing  local HMM Viterbi       filter:             293  (0.01103); expected (0.02)
Windows   passing  local HMM Viterbi  bias filter:             263  (0.009888); expected (0.02)
Windows   passing  local HMM Forward       filter:              11  (0.000416); expected (0.0002)
Windows   passing  local HMM Forward  bias filter:               9  (0.0003331); expected (0.0002)
Windows   passing glocal HMM Forward       filter:               7  (0.0002958); expected (0.0002)
Windows   passing glocal HMM Forward  bias filter:               7  (0.0002958); expected (0.0002)
Envelopes passing glocal HMM envelope defn filter:               6  (0.0001246); expected (0.0002)
Envelopes passing  local CM  CYK           filter:               2  (9.471e-06); expected (0.0001)
Total CM hits reported:                                          0  (0); includes 0 truncated hit(s)

# CPU time: 0.40u 0.00s 00:00:00.40 Elapsed: 00:00:00.05
//
[ok]
