# cmsearch :: search CM(s) against a sequence database
# INFERNAL 1.1.4 (Dec 2020)
# Copyright (C) 2020 Howard Hughes Medical Institute.
# Freely distributed under the BSD open source license.
# - - - - - - - - - - - - - - - - - - - - - - - - - - - - - - - - - - - -
# query CM file:                         cms/antitoxin.cm
# target sequence database:              genomes/PS-14.fas
# output directed to file:               sequences/PS-14/antitoxin.out
# tabular output of hits:                sequences/PS-14/antitoxin.tblout
# model-specific thresholding:           GA cutoffs
# Rfam pipeline mode:                    on [strict filtering]
# HMM-only mode for 0 basepair models:   no
# number of worker threads:              12
# - - - - - - - - - - - - - - - - - - - - - - - - - - - - - - - - - - - -

Query:       SIB_RNA  [CLEN=147]
Accession:   RF00113
Description: Short Intergenic Abundant RNA
Hit scores:
 rank     E-value  score  bias  sequence  start    end   mdl trunc   gc  description
 ----   --------- ------ -----  -------- ------ ------   --- ----- ----  -----------

   [No hits detected that satisfy reporting thresholds]


Hit alignments:

   [No hits detected that satisfy reporting thresholds]


Internal CM pipeline statistics summary:
----------------------------------------
Query model(s):                                                  1  (147 consensus positions)
Target sequences:                                                1  (8474560 residues searched)
Target sequences re-searched for truncated hits:                 1  (732 residues re-searched)
Windows   passing  local HMM SSV           filter:            5371  (0.1369); expected (0.06)
Windows   passing  local HMM Viterbi       filter:             928  (0.0245); expected (0.02)
Windows   passing  local HMM Viterbi  bias filter:             698  (0.0184); expected (0.02)
Windows   passing  local HMM Forward       filter:              69  (0.001838); expected (0.0002)
Windows   passing  local HMM Forward  bias filter:              52  (0.00138); expected (0.0002)
Windows   passing glocal HMM Forward       filter:              33  (0.0009391); expected (0.0002)
Windows   passing glocal HMM Forward  bias filter:              33  (0.0009391); expected (0.0002)
Envelopes passing glocal HMM envelope defn filter:              35  (0.0007088); expected (0.0002)
Envelopes passing  local CM  CYK           filter:               6  (6.725e-05); expected (0.0001)
Total CM hits reported:                                          0  (0); includes 0 truncated hit(s)

# CPU time: 1.38u 0.10s 00:00:01.48 Elapsed: 00:00:00.25
//
Query:       istR  [CLEN=130]
Accession:   RF01400
Description: istR Hfq binding RNA
Hit scores:
 rank     E-value  score  bias  sequence  start    end   mdl trunc   gc  description
 ----   --------- ------ -----  -------- ------ ------   --- ----- ----  -----------

   [No hits detected that satisfy reporting thresholds]


Hit alignments:

   [No hits detected that satisfy reporting thresholds]


Internal CM pipeline statistics summary:
----------------------------------------
Query model(s):                                                  1  (130 consensus positions)
Target sequences:                                                1  (8474560 residues searched)
Target sequences re-searched for truncated hits:                 1  (648 residues re-searched)
Windows   passing  local HMM SSV           filter:            2767  (0.06252); expected (0.06)
Windows   passing  local HMM Viterbi       filter:             399  (0.009245); expected (0.02)
Windows   passing  local HMM Viterbi  bias filter:             390  (0.009032); expected (0.02)
Windows   passing  local HMM Forward       filter:               9  (0.0002255); expected (0.0002)
Windows   passing  local HMM Forward  bias filter:               9  (0.0002255); expected (0.0002)
Windows   passing glocal HMM Forward       filter:               6  (0.0001456); expected (0.0002)
Windows   passing glocal HMM Forward  bias filter:               6  (0.0001456); expected (0.0002)
Envelopes passing glocal HMM envelope defn filter:               6  (0.0001082); expected (0.0002)
Envelopes passing  local CM  CYK           filter:               0  (0); expected (0.0001)
Total CM hits reported:                                          0  (0); includes 0 truncated hit(s)

# CPU time: 0.34u 0.01s 00:00:00.35 Elapsed: 00:00:00.06
//
Query:       RatA  [CLEN=90]
Accession:   RF01776
Description: RNA anti-toxin A
Hit scores:
 rank     E-value  score  bias  sequence  start    end   mdl trunc   gc  description
 ----   --------- ------ -----  -------- ------ ------   --- ----- ----  -----------

   [No hits detected that satisfy reporting thresholds]


Hit alignments:

   [No hits detected that satisfy reporting thresholds]


Internal CM pipeline statistics summary:
----------------------------------------
Query model(s):                                                  1  (90 consensus positions)
Target sequences:                                                1  (8474560 residues searched)
Target sequences re-searched for truncated hits:                 1  (448 residues re-searched)
Windows   passing  local HMM SSV           filter:           10197  (0.1639); expected (0.06)
Windows   passing  local HMM Viterbi       filter:            1796  (0.03014); expected (0.02)
Windows   passing  local HMM Viterbi  bias filter:            1041  (0.01725); expected (0.02)
Windows   passing  local HMM Forward       filter:              84  (0.001475); expected (0.0002)
Windows   passing  local HMM Forward  bias filter:              43  (0.0007633); expected (0.0002)
Windows   passing glocal HMM Forward       filter:              40  (0.0007278); expected (0.0002)
Windows   passing glocal HMM Forward  bias filter:              39  (0.0007123); expected (0.0002)
Envelopes passing glocal HMM envelope defn filter:              40  (0.0005143); expected (0.0002)
Envelopes passing  local CM  CYK           filter:               5  (5.274e-05); expected (0.0001)
Total CM hits reported:                                          0  (0); includes 0 truncated hit(s)

# CPU time: 0.78u 0.02s 00:00:00.80 Elapsed: 00:00:00.10
//
Query:       sok  [CLEN=157]
Accession:   RF01794
Description: sok antitoxin (CssrC)
Hit scores:
 rank     E-value  score  bias  sequence  start    end   mdl trunc   gc  description
 ----   --------- ------ -----  -------- ------ ------   --- ----- ----  -----------

   [No hits detected that satisfy reporting thresholds]


Hit alignments:

   [No hits detected that satisfy reporting thresholds]


Internal CM pipeline statistics summary:
----------------------------------------
Query model(s):                                                  1  (157 consensus positions)
Target sequences:                                                1  (8474560 residues searched)
Target sequences re-searched for truncated hits:                 1  (1184 residues re-searched)
Windows   passing  local HMM SSV           filter:            2944  (0.1172); expected (0.06)
Windows   passing  local HMM Viterbi       filter:             518  (0.02132); expected (0.02)
Windows   passing  local HMM Viterbi  bias filter:             460  (0.01892); expected (0.02)
Windows   passing  local HMM Forward       filter:              20  (0.0008885); expected (0.0002)
Windows   passing  local HMM Forward  bias filter:              20  (0.0008885); expected (0.0002)
Windows   passing glocal HMM Forward       filter:              13  (0.0005886); expected (0.0002)
Windows   passing glocal HMM Forward  bias filter:              13  (0.0005886); expected (0.0002)
Envelopes passing glocal HMM envelope defn filter:              13  (0.000282); expected (0.0002)
Envelopes passing  local CM  CYK           filter:               3  (2.666e-05); expected (0.0001)
Total CM hits reported:                                          0  (0); includes 0 truncated hit(s)

# CPU time: 0.84u 0.05s 00:00:00.89 Elapsed: 00:00:00.14
//
Query:       fstAT  [CLEN=94]
Accession:   RF01797
Description: Fst antitoxin sRNA
Hit scores:
 rank     E-value  score  bias  sequence  start    end   mdl trunc   gc  description
 ----   --------- ------ -----  -------- ------ ------   --- ----- ----  -----------

   [No hits detected that satisfy reporting thresholds]


Hit alignments:

   [No hits detected that satisfy reporting thresholds]


Internal CM pipeline statistics summary:
----------------------------------------
Query model(s):                                                  1  (94 consensus positions)
Target sequences:                                                1  (8474560 residues searched)
Target sequences re-searched for truncated hits:                 1  (496 residues re-searched)
Windows   passing  local HMM SSV           filter:            9535  (0.1692); expected (0.06)
Windows   passing  local HMM Viterbi       filter:            1624  (0.02992); expected (0.02)
Windows   passing  local HMM Viterbi  bias filter:            1248  (0.0229); expected (0.02)
Windows   passing  local HMM Forward       filter:             108  (0.002199); expected (0.0002)
Windows   passing  local HMM Forward  bias filter:              80  (0.001625); expected (0.0002)
Windows   passing glocal HMM Forward       filter:              46  (0.0009458); expected (0.0002)
Windows   passing glocal HMM Forward  bias filter:              42  (0.0008537); expected (0.0002)
Envelopes passing glocal HMM envelope defn filter:              41  (0.0005586); expected (0.0002)
Envelopes passing  local CM  CYK           filter:               9  (0.0001006); expected (0.0001)
Total CM hits reported:                                          0  (0); includes 0 truncated hit(s)

# CPU time: 0.84u 0.03s 00:00:00.87 Elapsed: 00:00:00.10
//
Query:       symR  [CLEN=77]
Accession:   RF01809
Description: SymR antitoxin
Hit scores:
 rank     E-value  score  bias  sequence  start    end   mdl trunc   gc  description
 ----   --------- ------ -----  -------- ------ ------   --- ----- ----  -----------

   [No hits detected that satisfy reporting thresholds]


Hit alignments:

   [No hits detected that satisfy reporting thresholds]


Internal CM pipeline statistics summary:
----------------------------------------
Query model(s):                                                  1  (77 consensus positions)
Target sequences:                                                1  (8474560 residues searched)
Target sequences re-searched for truncated hits:                 1  (384 residues re-searched)
Windows   passing  local HMM SSV           filter:            7008  (0.09621); expected (0.06)
Windows   passing  local HMM Viterbi       filter:            1632  (0.02275); expected (0.02)
Windows   passing  local HMM Viterbi  bias filter:            1531  (0.02133); expected (0.02)
Windows   passing  local HMM Forward       filter:              42  (0.0006212); expected (0.0002)
Windows   passing  local HMM Forward  bias filter:              40  (0.0005857); expected (0.0002)
Windows   passing glocal HMM Forward       filter:              27  (0.0003922); expected (0.0002)
Windows   passing glocal HMM Forward  bias filter:              27  (0.0003922); expected (0.0002)
Envelopes passing glocal HMM envelope defn filter:              27  (0.000301); expected (0.0002)
Envelopes passing  local CM  CYK           filter:               2  (1.274e-05); expected (0.0001)
Total CM hits reported:                                          0  (0); includes 0 truncated hit(s)

# CPU time: 0.39u 0.00s 00:00:00.39 Elapsed: 00:00:00.05
//
Query:       PtaRNA1  [CLEN=72]
Accession:   RF01811
Description: Plasmid transferred anti-sense RNA
Hit scores:
 rank     E-value  score  bias  sequence  start    end   mdl trunc   gc  description
 ----   --------- ------ -----  -------- ------ ------   --- ----- ----  -----------

   [No hits detected that satisfy reporting thresholds]


Hit alignments:

   [No hits detected that satisfy reporting thresholds]


Internal CM pipeline statistics summary:
----------------------------------------
Query model(s):                                                  1  (72 consensus positions)
Target sequences:                                                1  (8474560 residues searched)
Target sequences re-searched for truncated hits:                 1  (360 residues re-searched)
Windows   passing  local HMM SSV           filter:            4696  (0.06048); expected (0.06)
Windows   passing  local HMM Viterbi       filter:            1323  (0.01726); expected (0.02)
Windows   passing  local HMM Viterbi  bias filter:            1250  (0.01632); expected (0.02)
Windows   passing  local HMM Forward       filter:              17  (0.0002398); expected (0.0002)
Windows   passing  local HMM Forward  bias filter:              12  (0.0001727); expected (0.0002)
Windows   passing glocal HMM Forward       filter:               7  (9.369e-05); expected (0.0002)
Windows   passing glocal HMM Forward  bias filter:               7  (9.369e-05); expected (0.0002)
Envelopes passing glocal HMM envelope defn filter:               7  (6.903e-05); expected (0.0002)
Envelopes passing  local CM  CYK           filter:               2  (1.64e-05); expected (0.0001)
Total CM hits reported:                                          0  (0); includes 0 truncated hit(s)

# CPU time: 0.22u 0.01s 00:00:00.23 Elapsed: 00:00:00.03
//
Query:       rdlD  [CLEN=66]
Accession:   RF01813
Description: rdlD antitoxin
Hit scores:
 rank     E-value  score  bias  sequence  start    end   mdl trunc   gc  description
 ----   --------- ------ -----  -------- ------ ------   --- ----- ----  -----------

   [No hits detected that satisfy reporting thresholds]


Hit alignments:

   [No hits detected that satisfy reporting thresholds]


Internal CM pipeline statistics summary:
----------------------------------------
Query model(s):                                                  1  (66 consensus positions)
Target sequences:                                                1  (8474560 residues searched)
Target sequences re-searched for truncated hits:                 1  (328 residues re-searched)
Windows   passing  local HMM SSV           filter:            5067  (0.05979); expected (0.06)
Windows   passing  local HMM Viterbi       filter:            1295  (0.0154); expected (0.02)
Windows   passing  local HMM Viterbi  bias filter:            1141  (0.01355); expected (0.02)
Windows   passing  local HMM Forward       filter:              27  (0.0003365); expected (0.0002)
Windows   passing  local HMM Forward  bias filter:              23  (0.0002858); expected (0.0002)
Windows   passing glocal HMM Forward       filter:               9  (0.0001212); expected (0.0002)
Windows   passing glocal HMM Forward  bias filter:               9  (0.0001212); expected (0.0002)
Envelopes passing glocal HMM envelope defn filter:               8  (7.469e-05); expected (0.0002)
Envelopes passing  local CM  CYK           filter:               3  (2.089e-05); expected (0.0001)
Total CM hits reported:                                          0  (0); includes 0 truncated hit(s)

# CPU time: 0.23u 0.00s 00:00:00.23 Elapsed: 00:00:00.04
//
Query:       OrzO-P  [CLEN=76]
Accession:   RF02083
Description: OrzO-P RNA antitoxin family
Hit scores:
 rank     E-value  score  bias  sequence  start    end   mdl trunc   gc  description
 ----   --------- ------ -----  -------- ------ ------   --- ----- ----  -----------

   [No hits detected that satisfy reporting thresholds]


Hit alignments:

   [No hits detected that satisfy reporting thresholds]


Internal CM pipeline statistics summary:
----------------------------------------
Query model(s):                                                  1  (76 consensus positions)
Target sequences:                                                1  (8474560 residues searched)
Target sequences re-searched for truncated hits:                 1  (380 residues re-searched)
Windows   passing  local HMM SSV           filter:            9532  (0.1298); expected (0.06)
Windows   passing  local HMM Viterbi       filter:            2937  (0.04113); expected (0.02)
Windows   passing  local HMM Viterbi  bias filter:            2406  (0.03377); expected (0.02)
Windows   passing  local HMM Forward       filter:             176  (0.002746); expected (0.0002)
Windows   passing  local HMM Forward  bias filter:             138  (0.002151); expected (0.0002)
Windows   passing glocal HMM Forward       filter:             104  (0.001683); expected (0.0002)
Windows   passing glocal HMM Forward  bias filter:             102  (0.001648); expected (0.0002)
Envelopes passing glocal HMM envelope defn filter:             100  (0.00108); expected (0.0002)
Envelopes passing  local CM  CYK           filter:              70  (0.0007057); expected (0.0001)
Total CM hits reported:                                          0  (0); includes 0 truncated hit(s)

# CPU time: 1.71u 0.03s 00:00:01.74 Elapsed: 00:00:00.19
//
Query:       ohsC_RNA  [CLEN=77]
Accession:   RF02495
Description: Oppression of Hydrophobic ORF by sRNA
Hit scores:
 rank     E-value  score  bias  sequence  start    end   mdl trunc   gc  description
 ----   --------- ------ -----  -------- ------ ------   --- ----- ----  -----------

   [No hits detected that satisfy reporting thresholds]


Hit alignments:

   [No hits detected that satisfy reporting thresholds]


Internal CM pipeline statistics summary:
----------------------------------------
Query model(s):                                                  1  (77 consensus positions)
Target sequences:                                                1  (8474560 residues searched)
Target sequences re-searched for truncated hits:                 1  (384 residues re-searched)
Windows   passing  local HMM SSV           filter:            8684  (0.1195); expected (0.06)
Windows   passing  local HMM Viterbi       filter:            2353  (0.03312); expected (0.02)
Windows   passing  local HMM Viterbi  bias filter:            1921  (0.02708); expected (0.02)
Windows   passing  local HMM Forward       filter:             136  (0.002074); expected (0.0002)
Windows   passing  local HMM Forward  bias filter:             102  (0.001532); expected (0.0002)
Windows   passing glocal HMM Forward       filter:              69  (0.001058); expected (0.0002)
Windows   passing glocal HMM Forward  bias filter:              66  (0.001); expected (0.0002)
Envelopes passing glocal HMM envelope defn filter:              66  (0.0007206); expected (0.0002)
Envelopes passing  local CM  CYK           filter:              27  (0.0002661); expected (0.0001)
Total CM hits reported:                                          0  (0); includes 0 truncated hit(s)

# CPU time: 0.88u 0.02s 00:00:00.90 Elapsed: 00:00:00.12
//
Query:       ToxI  [CLEN=34]
Accession:   RF02519
Description: ToxI antitoxin
Hit scores:
 rank     E-value  score  bias  sequence  start    end   mdl trunc   gc  description
 ----   --------- ------ -----  -------- ------ ------   --- ----- ----  -----------

   [No hits detected that satisfy reporting thresholds]


Hit alignments:

   [No hits detected that satisfy reporting thresholds]


Internal CM pipeline statistics summary:
----------------------------------------
Query model(s):                                                  1  (34 consensus positions)
Target sequences:                                                1  (8474560 residues searched)
Target sequences re-searched for truncated hits:                 1  (192 residues re-searched)
Windows   passing  local HMM SSV           filter:            7185  (0.05003); expected (0.06)
Windows   passing  local HMM Viterbi       filter:            1160  (0.0081); expected (0.02)
Windows   passing  local HMM Viterbi  bias filter:            1036  (0.007223); expected (0.02)
Windows   passing  local HMM Forward       filter:              16  (0.0001186); expected (0.0002)
Windows   passing  local HMM Forward  bias filter:              11  (8.106e-05); expected (0.0002)
Windows   passing glocal HMM Forward       filter:               8  (6.136e-05); expected (0.0002)
Windows   passing glocal HMM Forward  bias filter:               8  (6.136e-05); expected (0.0002)
Envelopes passing glocal HMM envelope defn filter:               8  (3.717e-05); expected (0.0002)
Envelopes passing  local CM  CYK           filter:               6  (2.856e-05); expected (0.0001)
Total CM hits reported:                                          0  (0); includes 0 truncated hit(s)

# CPU time: 0.12u 0.00s 00:00:00.12 Elapsed: 00:00:00.02
//
[ok]
