# cmsearch :: search CM(s) against a sequence database
# INFERNAL 1.1.4 (Dec 2020)
# Copyright (C) 2020 Howard Hughes Medical Institute.
# Freely distributed under the BSD open source license.
# - - - - - - - - - - - - - - - - - - - - - - - - - - - - - - - - - - - -
# query CM file:                         cms/antitoxin.cm
# target sequence database:              genomes/PS-168.fas
# output directed to file:               sequences/PS-168/antitoxin.out
# tabular output of hits:                sequences/PS-168/antitoxin.tblout
# model-specific thresholding:           GA cutoffs
# Rfam pipeline mode:                    on [strict filtering]
# HMM-only mode for 0 basepair models:   no
# number of worker threads:              12
# - - - - - - - - - - - - - - - - - - - - - - - - - - - - - - - - - - - -

Query:       SIB_RNA  [CLEN=147]
Accession:   RF00113
Description: Short Intergenic Abundant RNA
Hit scores:
 rank     E-value  score  bias  sequence  start    end   mdl trunc   gc  description
 ----   --------- ------ -----  -------- ------ ------   --- ----- ----  -----------

   [No hits detected that satisfy reporting thresholds]


Hit alignments:

   [No hits detected that satisfy reporting thresholds]


Internal CM pipeline statistics summary:
----------------------------------------
Query model(s):                                                  1  (147 consensus positions)
Target sequences:                                                1  (8255344 residues searched)
Target sequences re-searched for truncated hits:                 1  (732 residues re-searched)
Windows   passing  local HMM SSV           filter:            5185  (0.1357); expected (0.06)
Windows   passing  local HMM Viterbi       filter:             896  (0.02422); expected (0.02)
Windows   passing  local HMM Viterbi  bias filter:             677  (0.01829); expected (0.02)
Windows   passing  local HMM Forward       filter:              66  (0.001806); expected (0.0002)
Windows   passing  local HMM Forward  bias filter:              50  (0.001369); expected (0.0002)
Windows   passing glocal HMM Forward       filter:              31  (0.0009117); expected (0.0002)
Windows   passing glocal HMM Forward  bias filter:              31  (0.0009117); expected (0.0002)
Envelopes passing glocal HMM envelope defn filter:              33  (0.0006834); expected (0.0002)
Envelopes passing  local CM  CYK           filter:               4  (4.518e-05); expected (0.0001)
Total CM hits reported:                                          0  (0); includes 0 truncated hit(s)

# CPU time: 1.31u 0.10s 00:00:01.41 Elapsed: 00:00:00.22
//
Query:       istR  [CLEN=130]
Accession:   RF01400
Description: istR Hfq binding RNA
Hit scores:
 rank     E-value  score  bias  sequence  start    end   mdl trunc   gc  description
 ----   --------- ------ -----  -------- ------ ------   --- ----- ----  -----------

   [No hits detected that satisfy reporting thresholds]


Hit alignments:

   [No hits detected that satisfy reporting thresholds]


Internal CM pipeline statistics summary:
----------------------------------------
Query model(s):                                                  1  (130 consensus positions)
Target sequences:                                                1  (8255344 residues searched)
Target sequences re-searched for truncated hits:                 1  (648 residues re-searched)
Windows   passing  local HMM SSV           filter:            2733  (0.06342); expected (0.06)
Windows   passing  local HMM Viterbi       filter:             394  (0.009367); expected (0.02)
Windows   passing  local HMM Viterbi  bias filter:             385  (0.009148); expected (0.02)
Windows   passing  local HMM Forward       filter:               9  (0.0002315); expected (0.0002)
Windows   passing  local HMM Forward  bias filter:               9  (0.0002315); expected (0.0002)
Windows   passing glocal HMM Forward       filter:               6  (0.0001495); expected (0.0002)
Windows   passing glocal HMM Forward  bias filter:               6  (0.0001495); expected (0.0002)
Envelopes passing glocal HMM envelope defn filter:               6  (0.0001111); expected (0.0002)
Envelopes passing  local CM  CYK           filter:               0  (0); expected (0.0001)
Total CM hits reported:                                          0  (0); includes 0 truncated hit(s)

# CPU time: 0.29u 0.02s 00:00:00.31 Elapsed: 00:00:00.05
//
Query:       RatA  [CLEN=90]
Accession:   RF01776
Description: RNA anti-toxin A
Hit scores:
 rank     E-value  score  bias  sequence  start    end   mdl trunc   gc  description
 ----   --------- ------ -----  -------- ------ ------   --- ----- ----  -----------

   [No hits detected that satisfy reporting thresholds]


Hit alignments:

   [No hits detected that satisfy reporting thresholds]


Internal CM pipeline statistics summary:
----------------------------------------
Query model(s):                                                  1  (90 consensus positions)
Target sequences:                                                1  (8255344 residues searched)
Target sequences re-searched for truncated hits:                 1  (448 residues re-searched)
Windows   passing  local HMM SSV           filter:            9863  (0.1626); expected (0.06)
Windows   passing  local HMM Viterbi       filter:            1746  (0.03012); expected (0.02)
Windows   passing  local HMM Viterbi  bias filter:            1027  (0.01751); expected (0.02)
Windows   passing  local HMM Forward       filter:              87  (0.001569); expected (0.0002)
Windows   passing  local HMM Forward  bias filter:              45  (0.0008199); expected (0.0002)
Windows   passing glocal HMM Forward       filter:              42  (0.0007834); expected (0.0002)
Windows   passing glocal HMM Forward  bias filter:              41  (0.0007676); expected (0.0002)
Envelopes passing glocal HMM envelope defn filter:              42  (0.0005538); expected (0.0002)
Envelopes passing  local CM  CYK           filter:               6  (6.541e-05); expected (0.0001)
Total CM hits reported:                                          0  (0); includes 0 truncated hit(s)

# CPU time: 0.75u 0.03s 00:00:00.78 Elapsed: 00:00:00.09
//
Query:       sok  [CLEN=157]
Accession:   RF01794
Description: sok antitoxin (CssrC)
Hit scores:
 rank     E-value  score  bias  sequence  start    end   mdl trunc   gc  description
 ----   --------- ------ -----  -------- ------ ------   --- ----- ----  -----------

   [No hits detected that satisfy reporting thresholds]


Hit alignments:

   [No hits detected that satisfy reporting thresholds]


Internal CM pipeline statistics summary:
----------------------------------------
Query model(s):                                                  1  (157 consensus positions)
Target sequences:                                                1  (8255344 residues searched)
Target sequences re-searched for truncated hits:                 1  (1184 residues re-searched)
Windows   passing  local HMM SSV           filter:            2861  (0.1169); expected (0.06)
Windows   passing  local HMM Viterbi       filter:             511  (0.02155); expected (0.02)
Windows   passing  local HMM Viterbi  bias filter:             458  (0.01936); expected (0.02)
Windows   passing  local HMM Forward       filter:              21  (0.0009492); expected (0.0002)
Windows   passing  local HMM Forward  bias filter:              21  (0.0009492); expected (0.0002)
Windows   passing glocal HMM Forward       filter:              13  (0.0006042); expected (0.0002)
Windows   passing glocal HMM Forward  bias filter:              13  (0.0006042); expected (0.0002)
Envelopes passing glocal HMM envelope defn filter:              13  (0.0002895); expected (0.0002)
Envelopes passing  local CM  CYK           filter:               3  (2.737e-05); expected (0.0001)
Total CM hits reported:                                          0  (0); includes 0 truncated hit(s)

# CPU time: 0.81u 0.05s 00:00:00.86 Elapsed: 00:00:00.15
//
Query:       fstAT  [CLEN=94]
Accession:   RF01797
Description: Fst antitoxin sRNA
Hit scores:
 rank     E-value  score  bias  sequence  start    end   mdl trunc   gc  description
 ----   --------- ------ -----  -------- ------ ------   --- ----- ----  -----------

   [No hits detected that satisfy reporting thresholds]


Hit alignments:

   [No hits detected that satisfy reporting thresholds]


Internal CM pipeline statistics summary:
----------------------------------------
Query model(s):                                                  1  (94 consensus positions)
Target sequences:                                                1  (8255344 residues searched)
Target sequences re-searched for truncated hits:                 1  (496 residues re-searched)
Windows   passing  local HMM SSV           filter:            9261  (0.1687); expected (0.06)
Windows   passing  local HMM Viterbi       filter:            1577  (0.02985); expected (0.02)
Windows   passing  local HMM Viterbi  bias filter:            1217  (0.02293); expected (0.02)
Windows   passing  local HMM Forward       filter:             101  (0.002133); expected (0.0002)
Windows   passing  local HMM Forward  bias filter:              76  (0.001609); expected (0.0002)
Windows   passing glocal HMM Forward       filter:              45  (0.000954); expected (0.0002)
Windows   passing glocal HMM Forward  bias filter:              41  (0.0008594); expected (0.0002)
Envelopes passing glocal HMM envelope defn filter:              40  (0.0005582); expected (0.0002)
Envelopes passing  local CM  CYK           filter:               9  (0.0001033); expected (0.0001)
Total CM hits reported:                                          0  (0); includes 0 truncated hit(s)

# CPU time: 0.83u 0.01s 00:00:00.84 Elapsed: 00:00:00.11
//
Query:       symR  [CLEN=77]
Accession:   RF01809
Description: SymR antitoxin
Hit scores:
 rank     E-value  score  bias  sequence  start    end   mdl trunc   gc  description
 ----   --------- ------ -----  -------- ------ ------   --- ----- ----  -----------

   [No hits detected that satisfy reporting thresholds]


Hit alignments:

   [No hits detected that satisfy reporting thresholds]


Internal CM pipeline statistics summary:
----------------------------------------
Query model(s):                                                  1  (77 consensus positions)
Target sequences:                                                1  (8255344 residues searched)
Target sequences re-searched for truncated hits:                 1  (384 residues re-searched)
Windows   passing  local HMM SSV           filter:            6799  (0.09582); expected (0.06)
Windows   passing  local HMM Viterbi       filter:            1591  (0.02276); expected (0.02)
Windows   passing  local HMM Viterbi  bias filter:            1492  (0.02134); expected (0.02)
Windows   passing  local HMM Forward       filter:              40  (0.0006087); expected (0.0002)
Windows   passing  local HMM Forward  bias filter:              38  (0.0005722); expected (0.0002)
Windows   passing glocal HMM Forward       filter:              27  (0.0004026); expected (0.0002)
Windows   passing glocal HMM Forward  bias filter:              27  (0.0004026); expected (0.0002)
Envelopes passing glocal HMM envelope defn filter:              27  (0.000309); expected (0.0002)
Envelopes passing  local CM  CYK           filter:               2  (1.308e-05); expected (0.0001)
Total CM hits reported:                                          0  (0); includes 0 truncated hit(s)

# CPU time: 0.34u 0.01s 00:00:00.35 Elapsed: 00:00:00.04
//
Query:       PtaRNA1  [CLEN=72]
Accession:   RF01811
Description: Plasmid transferred anti-sense RNA
Hit scores:
 rank     E-value  score  bias  sequence  start    end   mdl trunc   gc  description
 ----   --------- ------ -----  -------- ------ ------   --- ----- ----  -----------

   [No hits detected that satisfy reporting thresholds]


Hit alignments:

   [No hits detected that satisfy reporting thresholds]


Internal CM pipeline statistics summary:
----------------------------------------
Query model(s):                                                  1  (72 consensus positions)
Target sequences:                                                1  (8255344 residues searched)
Target sequences re-searched for truncated hits:                 1  (360 residues re-searched)
Windows   passing  local HMM SSV           filter:            4616  (0.06099); expected (0.06)
Windows   passing  local HMM Viterbi       filter:            1286  (0.01719); expected (0.02)
Windows   passing  local HMM Viterbi  bias filter:            1213  (0.01622); expected (0.02)
Windows   passing  local HMM Forward       filter:              17  (0.0002461); expected (0.0002)
Windows   passing  local HMM Forward  bias filter:              12  (0.0001773); expected (0.0002)
Windows   passing glocal HMM Forward       filter:               7  (9.618e-05); expected (0.0002)
Windows   passing glocal HMM Forward  bias filter:               7  (9.618e-05); expected (0.0002)
Envelopes passing glocal HMM envelope defn filter:               7  (7.086e-05); expected (0.0002)
Envelopes passing  local CM  CYK           filter:               2  (1.684e-05); expected (0.0001)
Total CM hits reported:                                          0  (0); includes 0 truncated hit(s)

# CPU time: 0.21u 0.00s 00:00:00.21 Elapsed: 00:00:00.03
//
Query:       rdlD  [CLEN=66]
Accession:   RF01813
Description: rdlD antitoxin
Hit scores:
 rank     E-value  score  bias  sequence  start    end   mdl trunc   gc  description
 ----   --------- ------ -----  -------- ------ ------   --- ----- ----  -----------

   [No hits detected that satisfy reporting thresholds]


Hit alignments:

   [No hits detected that satisfy reporting thresholds]


Internal CM pipeline statistics summary:
----------------------------------------
Query model(s):                                                  1  (66 consensus positions)
Target sequences:                                                1  (8255344 residues searched)
Target sequences re-searched for truncated hits:                 1  (328 residues re-searched)
Windows   passing  local HMM SSV           filter:            4938  (0.05983); expected (0.06)
Windows   passing  local HMM Viterbi       filter:            1274  (0.01554); expected (0.02)
Windows   passing  local HMM Viterbi  bias filter:            1122  (0.01367); expected (0.02)
Windows   passing  local HMM Forward       filter:              27  (0.0003455); expected (0.0002)
Windows   passing  local HMM Forward  bias filter:              23  (0.0002934); expected (0.0002)
Windows   passing glocal HMM Forward       filter:               9  (0.0001244); expected (0.0002)
Windows   passing glocal HMM Forward  bias filter:               9  (0.0001244); expected (0.0002)
Envelopes passing glocal HMM envelope defn filter:               8  (7.667e-05); expected (0.0002)
Envelopes passing  local CM  CYK           filter:               3  (2.144e-05); expected (0.0001)
Total CM hits reported:                                          0  (0); includes 0 truncated hit(s)

# CPU time: 0.22u 0.01s 00:00:00.23 Elapsed: 00:00:00.04
//
Query:       OrzO-P  [CLEN=76]
Accession:   RF02083
Description: OrzO-P RNA antitoxin family
Hit scores:
 rank     E-value  score  bias  sequence  start    end   mdl trunc   gc  description
 ----   --------- ------ -----  -------- ------ ------   --- ----- ----  -----------

   [No hits detected that satisfy reporting thresholds]


Hit alignments:

   [No hits detected that satisfy reporting thresholds]


Internal CM pipeline statistics summary:
----------------------------------------
Query model(s):                                                  1  (76 consensus positions)
Target sequences:                                                1  (8255344 residues searched)
Target sequences re-searched for truncated hits:                 1  (380 residues re-searched)
Windows   passing  local HMM SSV           filter:            9235  (0.1291); expected (0.06)
Windows   passing  local HMM Viterbi       filter:            2848  (0.04094); expected (0.02)
Windows   passing  local HMM Viterbi  bias filter:            2339  (0.03369); expected (0.02)
Windows   passing  local HMM Forward       filter:             169  (0.002715); expected (0.0002)
Windows   passing  local HMM Forward  bias filter:             133  (0.002132); expected (0.0002)
Windows   passing glocal HMM Forward       filter:             100  (0.001653); expected (0.0002)
Windows   passing glocal HMM Forward  bias filter:              98  (0.001618); expected (0.0002)
Envelopes passing glocal HMM envelope defn filter:              97  (0.001076); expected (0.0002)
Envelopes passing  local CM  CYK           filter:              67  (0.0006919); expected (0.0001)
Total CM hits reported:                                          0  (0); includes 0 truncated hit(s)

# CPU time: 1.66u 0.02s 00:00:01.68 Elapsed: 00:00:00.18
//
Query:       ohsC_RNA  [CLEN=77]
Accession:   RF02495
Description: Oppression of Hydrophobic ORF by sRNA
Hit scores:
 rank     E-value  score  bias  sequence  start    end   mdl trunc   gc  description
 ----   --------- ------ -----  -------- ------ ------   --- ----- ----  -----------

   [No hits detected that satisfy reporting thresholds]


Hit alignments:

   [No hits detected that satisfy reporting thresholds]


Internal CM pipeline statistics summary:
----------------------------------------
Query model(s):                                                  1  (77 consensus positions)
Target sequences:                                                1  (8255344 residues searched)
Target sequences re-searched for truncated hits:                 1  (384 residues re-searched)
Windows   passing  local HMM SSV           filter:            8309  (0.1174); expected (0.06)
Windows   passing  local HMM Viterbi       filter:            2239  (0.03234); expected (0.02)
Windows   passing  local HMM Viterbi  bias filter:            1843  (0.02664); expected (0.02)
Windows   passing  local HMM Forward       filter:             123  (0.001914); expected (0.0002)
Windows   passing  local HMM Forward  bias filter:              92  (0.0014); expected (0.0002)
Windows   passing glocal HMM Forward       filter:              64  (0.001013); expected (0.0002)
Windows   passing glocal HMM Forward  bias filter:              62  (0.000976); expected (0.0002)
Envelopes passing glocal HMM envelope defn filter:              62  (0.0006987); expected (0.0002)
Envelopes passing  local CM  CYK           filter:              25  (0.0002562); expected (0.0001)
Total CM hits reported:                                          0  (0); includes 0 truncated hit(s)

# CPU time: 0.92u 0.01s 00:00:00.93 Elapsed: 00:00:00.14
//
Query:       ToxI  [CLEN=34]
Accession:   RF02519
Description: ToxI antitoxin
Hit scores:
 rank     E-value  score  bias  sequence  start    end   mdl trunc   gc  description
 ----   --------- ------ -----  -------- ------ ------   --- ----- ----  -----------

   [No hits detected that satisfy reporting thresholds]


Hit alignments:

   [No hits detected that satisfy reporting thresholds]


Internal CM pipeline statistics summary:
----------------------------------------
Query model(s):                                                  1  (34 consensus positions)
Target sequences:                                                1  (8255344 residues searched)
Target sequences re-searched for truncated hits:                 1  (192 residues re-searched)
Windows   passing  local HMM SSV           filter:            6902  (0.04933); expected (0.06)
Windows   passing  local HMM Viterbi       filter:            1124  (0.008039); expected (0.02)
Windows   passing  local HMM Viterbi  bias filter:            1009  (0.007213); expected (0.02)
Windows   passing  local HMM Forward       filter:              14  (0.0001074); expected (0.0002)
Windows   passing  local HMM Forward  bias filter:               9  (6.892e-05); expected (0.0002)
Windows   passing glocal HMM Forward       filter:               6  (4.869e-05); expected (0.0002)
Windows   passing glocal HMM Forward  bias filter:               6  (4.869e-05); expected (0.0002)
Envelopes passing glocal HMM envelope defn filter:               6  (2.871e-05); expected (0.0002)
Envelopes passing  local CM  CYK           filter:               4  (1.987e-05); expected (0.0001)
Total CM hits reported:                                          0  (0); includes 0 truncated hit(s)

# CPU time: 0.11u 0.00s 00:00:00.11 Elapsed: 00:00:00.02
//
[ok]
