# cmsearch :: search CM(s) against a sequence database
# INFERNAL 1.1.4 (Dec 2020)
# Copyright (C) 2020 Howard Hughes Medical Institute.
# Freely distributed under the BSD open source license.
# - - - - - - - - - - - - - - - - - - - - - - - - - - - - - - - - - - - -
# query CM file:                         cms/Intron.cm
# target sequence database:              genomes/PS-168.fas
# output directed to file:               sequences/PS-168/Intron.out
# tabular output of hits:                sequences/PS-168/Intron.tblout
# model-specific thresholding:           GA cutoffs
# Rfam pipeline mode:                    on [strict filtering]
# HMM-only mode for 0 basepair models:   no
# number of worker threads:              12
# - - - - - - - - - - - - - - - - - - - - - - - - - - - - - - - - - - - -

Query:       Intron_gpI  [CLEN=251]
Accession:   RF00028
Description: Group I catalytic intron
Hit scores:
 rank     E-value  score  bias  sequence  start    end   mdl trunc   gc  description
 ----   --------- ------ -----  -------- ------ ------   --- ----- ----  -----------

   [No hits detected that satisfy reporting thresholds]


Hit alignments:

   [No hits detected that satisfy reporting thresholds]


Internal CM pipeline statistics summary:
----------------------------------------
Query model(s):                                                  1  (251 consensus positions)
Target sequences:                                                1  (8255344 residues searched)
Target sequences re-searched for truncated hits:                 1  (5324 residues re-searched)
Windows   passing  local HMM SSV           filter:            1441  (0.2638); expected (0.06)
Windows   passing  local HMM Viterbi       filter:              96  (0.01969); expected (0.02)
Windows   passing  local HMM Viterbi  bias filter:              29  (0.005388); expected (0.02)
Windows   passing  local HMM Forward       filter:              10  (0.002025); expected (0.0002)
Windows   passing  local HMM Forward  bias filter:               7  (0.001441); expected (0.0002)
Windows   passing glocal HMM Forward       filter:               7  (0.001441); expected (0.0002)
Windows   passing glocal HMM Forward  bias filter:               7  (0.001441); expected (0.0002)
Envelopes passing glocal HMM envelope defn filter:               7  (0.0005079); expected (0.0002)
Envelopes passing  local CM  CYK           filter:               1  (7.384e-06); expected (0.0001)
Total CM hits reported:                                          0  (0); includes 0 truncated hit(s)

# CPU time: 3.68u 0.38s 00:00:04.06 Elapsed: 00:00:01.44
//
Query:       Intron_gpII  [CLEN=93]
Accession:   RF00029
Description: Group II catalytic intron
Hit scores:
 rank     E-value  score  bias  sequence  start    end   mdl trunc   gc  description
 ----   --------- ------ -----  -------- ------ ------   --- ----- ----  -----------

   [No hits detected that satisfy reporting thresholds]


Hit alignments:

   [No hits detected that satisfy reporting thresholds]


Internal CM pipeline statistics summary:
----------------------------------------
Query model(s):                                                  1  (93 consensus positions)
Target sequences:                                                1  (8255344 residues searched)
Target sequences re-searched for truncated hits:                 1  (2048 residues re-searched)
Windows   passing  local HMM SSV           filter:            1093  (0.06733); expected (0.06)
Windows   passing  local HMM Viterbi       filter:             215  (0.01461); expected (0.02)
Windows   passing  local HMM Viterbi  bias filter:             210  (0.01427); expected (0.02)
Windows   passing  local HMM Forward       filter:               1  (5.522e-05); expected (0.0002)
Windows   passing  local HMM Forward  bias filter:               1  (5.522e-05); expected (0.0002)
Windows   passing glocal HMM Forward       filter:               0  (0); expected (0.0002)
Windows   passing glocal HMM Forward  bias filter:               0  (0); expected (0.0002)
Envelopes passing glocal HMM envelope defn filter:               0  (0); expected (0.0002)
Envelopes passing  local CM  CYK           filter:               0  (0); expected (0.0001)
Total CM hits reported:                                          0  (0); includes 0 truncated hit(s)

# CPU time: 0.20u 0.00s 00:00:00.20 Elapsed: 00:00:00.02
//
Query:       group-II-D1D4-1  [CLEN=84]
Accession:   RF01998
Description: Group II catalytic intron D1-D4-1
Hit scores:
 rank     E-value  score  bias  sequence  start    end   mdl trunc   gc  description
 ----   --------- ------ -----  -------- ------ ------   --- ----- ----  -----------

   [No hits detected that satisfy reporting thresholds]


Hit alignments:

   [No hits detected that satisfy reporting thresholds]


Internal CM pipeline statistics summary:
----------------------------------------
Query model(s):                                                  1  (84 consensus positions)
Target sequences:                                                1  (8255344 residues searched)
Target sequences re-searched for truncated hits:                 1  (756 residues re-searched)
Windows   passing  local HMM SSV           filter:            3250  (0.0852); expected (0.06)
Windows   passing  local HMM Viterbi       filter:             725  (0.01962); expected (0.02)
Windows   passing  local HMM Viterbi  bias filter:             646  (0.01748); expected (0.02)
Windows   passing  local HMM Forward       filter:               7  (0.0001807); expected (0.0002)
Windows   passing  local HMM Forward  bias filter:               5  (0.0001252); expected (0.0002)
Windows   passing glocal HMM Forward       filter:               4  (9.968e-05); expected (0.0002)
Windows   passing glocal HMM Forward  bias filter:               4  (9.968e-05); expected (0.0002)
Envelopes passing glocal HMM envelope defn filter:               4  (5.887e-05); expected (0.0002)
Envelopes passing  local CM  CYK           filter:               2  (1.611e-05); expected (0.0001)
Total CM hits reported:                                          0  (0); includes 0 truncated hit(s)

# CPU time: 0.26u 0.00s 00:00:00.26 Elapsed: 00:00:00.04
//
Query:       group-II-D1D4-2  [CLEN=118]
Accession:   RF01999
Description: Group II catalytic intron D1-D4-2
Hit scores:
 rank     E-value  score  bias  sequence  start    end   mdl trunc   gc  description
 ----   --------- ------ -----  -------- ------ ------   --- ----- ----  -----------

   [No hits detected that satisfy reporting thresholds]


Hit alignments:

   [No hits detected that satisfy reporting thresholds]


Internal CM pipeline statistics summary:
----------------------------------------
Query model(s):                                                  1  (118 consensus positions)
Target sequences:                                                1  (8255344 residues searched)
Target sequences re-searched for truncated hits:                 1  (632 residues re-searched)
Windows   passing  local HMM SSV           filter:            3664  (0.08357); expected (0.06)
Windows   passing  local HMM Viterbi       filter:             659  (0.01518); expected (0.02)
Windows   passing  local HMM Viterbi  bias filter:             626  (0.01439); expected (0.02)
Windows   passing  local HMM Forward       filter:              21  (0.0005363); expected (0.0002)
Windows   passing  local HMM Forward  bias filter:              17  (0.0004214); expected (0.0002)
Windows   passing glocal HMM Forward       filter:              14  (0.0003251); expected (0.0002)
Windows   passing glocal HMM Forward  bias filter:              14  (0.0003251); expected (0.0002)
Envelopes passing glocal HMM envelope defn filter:              13  (0.0002066); expected (0.0002)
Envelopes passing  local CM  CYK           filter:               0  (0); expected (0.0001)
Total CM hits reported:                                          0  (0); includes 0 truncated hit(s)

# CPU time: 0.40u 0.00s 00:00:00.40 Elapsed: 00:00:00.05
//
Query:       group-II-D1D4-3  [CLEN=171]
Accession:   RF02001
Description: Group II catalytic intron D1-D4-3
Hit scores:
 rank     E-value  score  bias  sequence  start    end   mdl trunc   gc  description
 ----   --------- ------ -----  -------- ------ ------   --- ----- ----  -----------

   [No hits detected that satisfy reporting thresholds]


Hit alignments:

   [No hits detected that satisfy reporting thresholds]


Internal CM pipeline statistics summary:
----------------------------------------
Query model(s):                                                  1  (171 consensus positions)
Target sequences:                                                1  (8255344 residues searched)
Target sequences re-searched for truncated hits:                 1  (1268 residues re-searched)
Windows   passing  local HMM SSV           filter:            2566  (0.1125); expected (0.06)
Windows   passing  local HMM Viterbi       filter:             644  (0.02969); expected (0.02)
Windows   passing  local HMM Viterbi  bias filter:             383  (0.01757); expected (0.02)
Windows   passing  local HMM Forward       filter:              34  (0.001712); expected (0.0002)
Windows   passing  local HMM Forward  bias filter:              19  (0.0009314); expected (0.0002)
Windows   passing glocal HMM Forward       filter:              16  (0.0007881); expected (0.0002)
Windows   passing glocal HMM Forward  bias filter:              16  (0.0007881); expected (0.0002)
Envelopes passing glocal HMM envelope defn filter:              16  (0.0004359); expected (0.0002)
Envelopes passing  local CM  CYK           filter:               7  (0.0001267); expected (0.0001)
Total CM hits reported:                                          0  (0); includes 0 truncated hit(s)

# CPU time: 1.35u 0.13s 00:00:01.48 Elapsed: 00:00:00.28
//
Query:       group-II-D1D4-4  [CLEN=138]
Accession:   RF02003
Description: Group II catalytic intron D1-D4-4
Hit scores:
 rank     E-value  score  bias  sequence  start    end   mdl trunc   gc  description
 ----   --------- ------ -----  -------- ------ ------   --- ----- ----  -----------

   [No hits detected that satisfy reporting thresholds]


Hit alignments:

   [No hits detected that satisfy reporting thresholds]


Internal CM pipeline statistics summary:
----------------------------------------
Query model(s):                                                  1  (138 consensus positions)
Target sequences:                                                1  (8255344 residues searched)
Target sequences re-searched for truncated hits:                 1  (1460 residues re-searched)
Windows   passing  local HMM SSV           filter:            1521  (0.07241); expected (0.06)
Windows   passing  local HMM Viterbi       filter:             158  (0.007903); expected (0.02)
Windows   passing  local HMM Viterbi  bias filter:             137  (0.006843); expected (0.02)
Windows   passing  local HMM Forward       filter:               4  (0.000192); expected (0.0002)
Windows   passing  local HMM Forward  bias filter:               2  (9.968e-05); expected (0.0002)
Windows   passing glocal HMM Forward       filter:               1  (5.123e-05); expected (0.0002)
Windows   passing glocal HMM Forward  bias filter:               1  (5.123e-05); expected (0.0002)
Envelopes passing glocal HMM envelope defn filter:               1  (1.587e-05); expected (0.0002)
Envelopes passing  local CM  CYK           filter:               1  (1.514e-05); expected (0.0001)
Total CM hits reported:                                          0  (0); includes 0 truncated hit(s)

# CPU time: 0.27u 0.01s 00:00:00.28 Elapsed: 00:00:00.05
//
Query:       group-II-D1D4-5  [CLEN=201]
Accession:   RF02004
Description: Group II catalytic intron D1-D4-5
Hit scores:
 rank     E-value  score  bias  sequence  start    end   mdl trunc   gc  description
 ----   --------- ------ -----  -------- ------ ------   --- ----- ----  -----------

   [No hits detected that satisfy reporting thresholds]


Hit alignments:

   [No hits detected that satisfy reporting thresholds]


Internal CM pipeline statistics summary:
----------------------------------------
Query model(s):                                                  1  (201 consensus positions)
Target sequences:                                                1  (8255344 residues searched)
Target sequences re-searched for truncated hits:                 1  (1116 residues re-searched)
Windows   passing  local HMM SSV           filter:            3010  (0.1211); expected (0.06)
Windows   passing  local HMM Viterbi       filter:             457  (0.01902); expected (0.02)
Windows   passing  local HMM Viterbi  bias filter:             289  (0.01202); expected (0.02)
Windows   passing  local HMM Forward       filter:              15  (0.0006529); expected (0.0002)
Windows   passing  local HMM Forward  bias filter:              11  (0.0004755); expected (0.0002)
Windows   passing glocal HMM Forward       filter:               7  (0.0002854); expected (0.0002)
Windows   passing glocal HMM Forward  bias filter:               7  (0.0002854); expected (0.0002)
Envelopes passing glocal HMM envelope defn filter:               7  (0.0001898); expected (0.0002)
Envelopes passing  local CM  CYK           filter:               1  (2.943e-05); expected (0.0001)
Total CM hits reported:                                          0  (0); includes 0 truncated hit(s)

# CPU time: 0.82u 0.01s 00:00:00.83 Elapsed: 00:00:00.21
//
Query:       group-II-D1D4-6  [CLEN=225]
Accession:   RF02005
Description: Group II catalytic intron D1-D4-6
Hit scores:
 rank     E-value  score  bias  sequence  start    end   mdl trunc   gc  description
 ----   --------- ------ -----  -------- ------ ------   --- ----- ----  -----------

   [No hits detected that satisfy reporting thresholds]


Hit alignments:

   [No hits detected that satisfy reporting thresholds]


Internal CM pipeline statistics summary:
----------------------------------------
Query model(s):                                                  1  (225 consensus positions)
Target sequences:                                                1  (8255344 residues searched)
Target sequences re-searched for truncated hits:                 1  (1460 residues re-searched)
Windows   passing  local HMM SSV           filter:            1184  (0.06042); expected (0.06)
Windows   passing  local HMM Viterbi       filter:             165  (0.008532); expected (0.02)
Windows   passing  local HMM Viterbi  bias filter:             140  (0.007209); expected (0.02)
Windows   passing  local HMM Forward       filter:              11  (0.0005921); expected (0.0002)
Windows   passing  local HMM Forward  bias filter:               7  (0.0003517); expected (0.0002)
Windows   passing glocal HMM Forward       filter:               5  (0.0002537); expected (0.0002)
Windows   passing glocal HMM Forward  bias filter:               5  (0.0002537); expected (0.0002)
Envelopes passing glocal HMM envelope defn filter:               5  (0.0001537); expected (0.0002)
Envelopes passing  local CM  CYK           filter:               0  (0); expected (0.0001)
Total CM hits reported:                                          0  (0); includes 0 truncated hit(s)

# CPU time: 0.63u 0.01s 00:00:00.64 Elapsed: 00:00:00.14
//
Query:       group-II-D1D4-7  [CLEN=148]
Accession:   RF02012
Description: Group II catalytic intron D1-D4-7
Hit scores:
 rank     E-value  score  bias  sequence  start    end   mdl trunc   gc  description
 ----   --------- ------ -----  -------- ------ ------   --- ----- ----  -----------

   [No hits detected that satisfy reporting thresholds]


Hit alignments:

   [No hits detected that satisfy reporting thresholds]


Internal CM pipeline statistics summary:
----------------------------------------
Query model(s):                                                  1  (148 consensus positions)
Target sequences:                                                1  (8255344 residues searched)
Target sequences re-searched for truncated hits:                 1  (1040 residues re-searched)
Windows   passing  local HMM SSV           filter:            2628  (0.0943); expected (0.06)
Windows   passing  local HMM Viterbi       filter:             299  (0.01109); expected (0.02)
Windows   passing  local HMM Viterbi  bias filter:             269  (0.009963); expected (0.02)
Windows   passing  local HMM Forward       filter:              10  (0.0003729); expected (0.0002)
Windows   passing  local HMM Forward  bias filter:               9  (0.000328); expected (0.0002)
Windows   passing glocal HMM Forward       filter:               7  (0.0002913); expected (0.0002)
Windows   passing glocal HMM Forward  bias filter:               7  (0.0002913); expected (0.0002)
Envelopes passing glocal HMM envelope defn filter:               6  (0.0001227); expected (0.0002)
Envelopes passing  local CM  CYK           filter:               2  (9.326e-06); expected (0.0001)
Total CM hits reported:                                          0  (0); includes 0 truncated hit(s)

# CPU time: 0.38u 0.01s 00:00:00.39 Elapsed: 00:00:00.06
//
[ok]
