# cmsearch :: search CM(s) against a sequence database
# INFERNAL 1.1.4 (Dec 2020)
# Copyright (C) 2020 Howard Hughes Medical Institute.
# Freely distributed under the BSD open source license.
# - - - - - - - - - - - - - - - - - - - - - - - - - - - - - - - - - - - -
# query CM file:                         cms/Intron.cm
# target sequence database:              genomes/PS-119.fas
# output directed to file:               sequences/PS-119/Intron.out
# tabular output of hits:                sequences/PS-119/Intron.tblout
# model-specific thresholding:           GA cutoffs
# Rfam pipeline mode:                    on [strict filtering]
# HMM-only mode for 0 basepair models:   no
# number of worker threads:              12
# - - - - - - - - - - - - - - - - - - - - - - - - - - - - - - - - - - - -

Query:       Intron_gpI  [CLEN=251]
Accession:   RF00028
Description: Group I catalytic intron
Hit scores:
 rank     E-value  score  bias  sequence  start    end   mdl trunc   gc  description
 ----   --------- ------ -----  -------- ------ ------   --- ----- ----  -----------

   [No hits detected that satisfy reporting thresholds]


Hit alignments:

   [No hits detected that satisfy reporting thresholds]


Internal CM pipeline statistics summary:
----------------------------------------
Query model(s):                                                  1  (251 consensus positions)
Target sequences:                                                1  (8287460 residues searched)
Target sequences re-searched for truncated hits:                 1  (5324 residues re-searched)
Windows   passing  local HMM SSV           filter:            1446  (0.2638); expected (0.06)
Windows   passing  local HMM Viterbi       filter:             110  (0.0225); expected (0.02)
Windows   passing  local HMM Viterbi  bias filter:              35  (0.00674); expected (0.02)
Windows   passing  local HMM Forward       filter:              13  (0.002805); expected (0.0002)
Windows   passing  local HMM Forward  bias filter:              10  (0.002254); expected (0.0002)
Windows   passing glocal HMM Forward       filter:              10  (0.002254); expected (0.0002)
Windows   passing glocal HMM Forward  bias filter:              10  (0.002254); expected (0.0002)
Envelopes passing glocal HMM envelope defn filter:              10  (0.0006356); expected (0.0002)
Envelopes passing  local CM  CYK           filter:               1  (7.356e-06); expected (0.0001)
Total CM hits reported:                                          0  (0); includes 0 truncated hit(s)

# CPU time: 4.83u 0.62s 00:00:05.45 Elapsed: 00:00:01.03
//
Query:       Intron_gpII  [CLEN=93]
Accession:   RF00029
Description: Group II catalytic intron
Hit scores:
 rank     E-value  score  bias  sequence  start    end   mdl trunc   gc  description
 ----   --------- ------ -----  -------- ------ ------   --- ----- ----  -----------

   [No hits detected that satisfy reporting thresholds]


Hit alignments:

   [No hits detected that satisfy reporting thresholds]


Internal CM pipeline statistics summary:
----------------------------------------
Query model(s):                                                  1  (93 consensus positions)
Target sequences:                                                1  (8287460 residues searched)
Target sequences re-searched for truncated hits:                 1  (2048 residues re-searched)
Windows   passing  local HMM SSV           filter:            1076  (0.06539); expected (0.06)
Windows   passing  local HMM Viterbi       filter:             199  (0.0136); expected (0.02)
Windows   passing  local HMM Viterbi  bias filter:             197  (0.01346); expected (0.02)
Windows   passing  local HMM Forward       filter:               0  (0); expected (0.0002)
Windows   passing  local HMM Forward  bias filter:               0  (0); expected (0.0002)
Windows   passing glocal HMM Forward       filter:               0  (0); expected (0.0002)
Windows   passing glocal HMM Forward  bias filter:               0  (0); expected (0.0002)
Envelopes passing glocal HMM envelope defn filter:               0  (0); expected (0.0002)
Envelopes passing  local CM  CYK           filter:               0  (0); expected (0.0001)
Total CM hits reported:                                          0  (0); includes 0 truncated hit(s)

# CPU time: 0.19u 0.00s 00:00:00.19 Elapsed: 00:00:00.02
//
Query:       group-II-D1D4-1  [CLEN=84]
Accession:   RF01998
Description: Group II catalytic intron D1-D4-1
Hit scores:
 rank     E-value  score  bias  sequence  start    end   mdl trunc   gc  description
 ----   --------- ------ -----  -------- ------ ------   --- ----- ----  -----------

   [No hits detected that satisfy reporting thresholds]


Hit alignments:

   [No hits detected that satisfy reporting thresholds]


Internal CM pipeline statistics summary:
----------------------------------------
Query model(s):                                                  1  (84 consensus positions)
Target sequences:                                                1  (8287460 residues searched)
Target sequences re-searched for truncated hits:                 1  (756 residues re-searched)
Windows   passing  local HMM SSV           filter:            3234  (0.08463); expected (0.06)
Windows   passing  local HMM Viterbi       filter:             770  (0.02076); expected (0.02)
Windows   passing  local HMM Viterbi  bias filter:             687  (0.01852); expected (0.02)
Windows   passing  local HMM Forward       filter:               8  (0.0001991); expected (0.0002)
Windows   passing  local HMM Forward  bias filter:               5  (0.000124); expected (0.0002)
Windows   passing glocal HMM Forward       filter:               4  (9.857e-05); expected (0.0002)
Windows   passing glocal HMM Forward  bias filter:               4  (9.857e-05); expected (0.0002)
Envelopes passing glocal HMM envelope defn filter:               4  (5.779e-05); expected (0.0002)
Envelopes passing  local CM  CYK           filter:               3  (2.522e-05); expected (0.0001)
Total CM hits reported:                                          0  (0); includes 0 truncated hit(s)

# CPU time: 0.26u 0.00s 00:00:00.26 Elapsed: 00:00:00.04
//
Query:       group-II-D1D4-2  [CLEN=118]
Accession:   RF01999
Description: Group II catalytic intron D1-D4-2
Hit scores:
 rank     E-value  score  bias  sequence  start    end   mdl trunc   gc  description
 ----   --------- ------ -----  -------- ------ ------   --- ----- ----  -----------

   [No hits detected that satisfy reporting thresholds]


Hit alignments:

   [No hits detected that satisfy reporting thresholds]


Internal CM pipeline statistics summary:
----------------------------------------
Query model(s):                                                  1  (118 consensus positions)
Target sequences:                                                1  (8287460 residues searched)
Target sequences re-searched for truncated hits:                 1  (632 residues re-searched)
Windows   passing  local HMM SSV           filter:            3591  (0.08147); expected (0.06)
Windows   passing  local HMM Viterbi       filter:             608  (0.01396); expected (0.02)
Windows   passing  local HMM Viterbi  bias filter:             571  (0.01308); expected (0.02)
Windows   passing  local HMM Forward       filter:              24  (0.0006273); expected (0.0002)
Windows   passing  local HMM Forward  bias filter:              19  (0.0004902); expected (0.0002)
Windows   passing glocal HMM Forward       filter:              14  (0.0003535); expected (0.0002)
Windows   passing glocal HMM Forward  bias filter:              14  (0.0003535); expected (0.0002)
Envelopes passing glocal HMM envelope defn filter:              13  (0.0001985); expected (0.0002)
Envelopes passing  local CM  CYK           filter:               1  (1.412e-05); expected (0.0001)
Total CM hits reported:                                          0  (0); includes 0 truncated hit(s)

# CPU time: 0.37u 0.01s 00:00:00.38 Elapsed: 00:00:00.06
//
Query:       group-II-D1D4-3  [CLEN=171]
Accession:   RF02001
Description: Group II catalytic intron D1-D4-3
Hit scores:
 rank     E-value  score  bias  sequence  start    end   mdl trunc   gc  description
 ----   --------- ------ -----  -------- ------ ------   --- ----- ----  -----------

   [No hits detected that satisfy reporting thresholds]


Hit alignments:

   [No hits detected that satisfy reporting thresholds]


Internal CM pipeline statistics summary:
----------------------------------------
Query model(s):                                                  1  (171 consensus positions)
Target sequences:                                                1  (8287460 residues searched)
Target sequences re-searched for truncated hits:                 1  (1268 residues re-searched)
Windows   passing  local HMM SSV           filter:            2530  (0.1102); expected (0.06)
Windows   passing  local HMM Viterbi       filter:             637  (0.0293); expected (0.02)
Windows   passing  local HMM Viterbi  bias filter:             365  (0.01674); expected (0.02)
Windows   passing  local HMM Forward       filter:              30  (0.001525); expected (0.0002)
Windows   passing  local HMM Forward  bias filter:              19  (0.0009414); expected (0.0002)
Windows   passing glocal HMM Forward       filter:              15  (0.00072); expected (0.0002)
Windows   passing glocal HMM Forward  bias filter:              13  (0.000627); expected (0.0002)
Envelopes passing glocal HMM envelope defn filter:              13  (0.0003495); expected (0.0002)
Envelopes passing  local CM  CYK           filter:               6  (0.0001193); expected (0.0001)
Total CM hits reported:                                          0  (0); includes 0 truncated hit(s)

# CPU time: 1.42u 0.10s 00:00:01.52 Elapsed: 00:00:00.33
//
Query:       group-II-D1D4-4  [CLEN=138]
Accession:   RF02003
Description: Group II catalytic intron D1-D4-4
Hit scores:
 rank     E-value  score  bias  sequence  start    end   mdl trunc   gc  description
 ----   --------- ------ -----  -------- ------ ------   --- ----- ----  -----------

   [No hits detected that satisfy reporting thresholds]


Hit alignments:

   [No hits detected that satisfy reporting thresholds]


Internal CM pipeline statistics summary:
----------------------------------------
Query model(s):                                                  1  (138 consensus positions)
Target sequences:                                                1  (8287460 residues searched)
Target sequences re-searched for truncated hits:                 1  (1460 residues re-searched)
Windows   passing  local HMM SSV           filter:            1502  (0.07141); expected (0.06)
Windows   passing  local HMM Viterbi       filter:             163  (0.007975); expected (0.02)
Windows   passing  local HMM Viterbi  bias filter:             137  (0.006699); expected (0.02)
Windows   passing  local HMM Forward       filter:               3  (0.0001889); expected (0.0002)
Windows   passing  local HMM Forward  bias filter:               2  (0.0001009); expected (0.0002)
Windows   passing glocal HMM Forward       filter:               1  (5.103e-05); expected (0.0002)
Windows   passing glocal HMM Forward  bias filter:               1  (5.103e-05); expected (0.0002)
Envelopes passing glocal HMM envelope defn filter:               1  (1.58e-05); expected (0.0002)
Envelopes passing  local CM  CYK           filter:               1  (1.508e-05); expected (0.0001)
Total CM hits reported:                                          0  (0); includes 0 truncated hit(s)

# CPU time: 0.28u 0.00s 00:00:00.28 Elapsed: 00:00:00.06
//
Query:       group-II-D1D4-5  [CLEN=201]
Accession:   RF02004
Description: Group II catalytic intron D1-D4-5
Hit scores:
 rank     E-value  score  bias  sequence  start    end   mdl trunc   gc  description
 ----   --------- ------ -----  -------- ------ ------   --- ----- ----  -----------

   [No hits detected that satisfy reporting thresholds]


Hit alignments:

   [No hits detected that satisfy reporting thresholds]


Internal CM pipeline statistics summary:
----------------------------------------
Query model(s):                                                  1  (201 consensus positions)
Target sequences:                                                1  (8287460 residues searched)
Target sequences re-searched for truncated hits:                 1  (1116 residues re-searched)
Windows   passing  local HMM SSV           filter:            2993  (0.1201); expected (0.06)
Windows   passing  local HMM Viterbi       filter:             455  (0.01876); expected (0.02)
Windows   passing  local HMM Viterbi  bias filter:             273  (0.01128); expected (0.02)
Windows   passing  local HMM Forward       filter:              15  (0.0006493); expected (0.0002)
Windows   passing  local HMM Forward  bias filter:              13  (0.000569); expected (0.0002)
Windows   passing glocal HMM Forward       filter:              10  (0.0004317); expected (0.0002)
Windows   passing glocal HMM Forward  bias filter:              10  (0.0004317); expected (0.0002)
Envelopes passing glocal HMM envelope defn filter:              10  (0.0002752); expected (0.0002)
Envelopes passing  local CM  CYK           filter:               3  (6.515e-05); expected (0.0001)
Total CM hits reported:                                          0  (0); includes 0 truncated hit(s)

# CPU time: 1.14u 0.03s 00:00:01.17 Elapsed: 00:00:00.24
//
Query:       group-II-D1D4-6  [CLEN=225]
Accession:   RF02005
Description: Group II catalytic intron D1-D4-6
Hit scores:
 rank     E-value  score  bias  sequence  start    end   mdl trunc   gc  description
 ----   --------- ------ -----  -------- ------ ------   --- ----- ----  -----------

   [No hits detected that satisfy reporting thresholds]


Hit alignments:

   [No hits detected that satisfy reporting thresholds]


Internal CM pipeline statistics summary:
----------------------------------------
Query model(s):                                                  1  (225 consensus positions)
Target sequences:                                                1  (8287460 residues searched)
Target sequences re-searched for truncated hits:                 1  (1460 residues re-searched)
Windows   passing  local HMM SSV           filter:            1152  (0.05872); expected (0.06)
Windows   passing  local HMM Viterbi       filter:             160  (0.008246); expected (0.02)
Windows   passing  local HMM Viterbi  bias filter:             132  (0.006829); expected (0.02)
Windows   passing  local HMM Forward       filter:               7  (0.0003916); expected (0.0002)
Windows   passing  local HMM Forward  bias filter:               5  (0.0002524); expected (0.0002)
Windows   passing glocal HMM Forward       filter:               4  (0.0002038); expected (0.0002)
Windows   passing glocal HMM Forward  bias filter:               4  (0.0002038); expected (0.0002)
Envelopes passing glocal HMM envelope defn filter:               4  (0.0001158); expected (0.0002)
Envelopes passing  local CM  CYK           filter:               0  (0); expected (0.0001)
Total CM hits reported:                                          0  (0); includes 0 truncated hit(s)

# CPU time: 0.51u 0.01s 00:00:00.52 Elapsed: 00:00:00.11
//
Query:       group-II-D1D4-7  [CLEN=148]
Accession:   RF02012
Description: Group II catalytic intron D1-D4-7
Hit scores:
 rank     E-value  score  bias  sequence  start    end   mdl trunc   gc  description
 ----   --------- ------ -----  -------- ------ ------   --- ----- ----  -----------

   [No hits detected that satisfy reporting thresholds]


Hit alignments:

   [No hits detected that satisfy reporting thresholds]


Internal CM pipeline statistics summary:
----------------------------------------
Query model(s):                                                  1  (148 consensus positions)
Target sequences:                                                1  (8287460 residues searched)
Target sequences re-searched for truncated hits:                 1  (1040 residues re-searched)
Windows   passing  local HMM SSV           filter:            2496  (0.08958); expected (0.06)
Windows   passing  local HMM Viterbi       filter:             269  (0.009983); expected (0.02)
Windows   passing  local HMM Viterbi  bias filter:             249  (0.00922); expected (0.02)
Windows   passing  local HMM Forward       filter:               8  (0.000309); expected (0.0002)
Windows   passing  local HMM Forward  bias filter:               7  (0.0002642); expected (0.0002)
Windows   passing glocal HMM Forward       filter:               6  (0.0002277); expected (0.0002)
Windows   passing glocal HMM Forward  bias filter:               6  (0.0002277); expected (0.0002)
Envelopes passing glocal HMM envelope defn filter:               6  (0.0001206); expected (0.0002)
Envelopes passing  local CM  CYK           filter:               1  (5.55e-06); expected (0.0001)
Total CM hits reported:                                          0  (0); includes 0 truncated hit(s)

# CPU time: 0.39u 0.00s 00:00:00.39 Elapsed: 00:00:00.05
//
[ok]
