# cmsearch :: search CM(s) against a sequence database
# INFERNAL 1.1.4 (Dec 2020)
# Copyright (C) 2020 Howard Hughes Medical Institute.
# Freely distributed under the BSD open source license.
# - - - - - - - - - - - - - - - - - - - - - - - - - - - - - - - - - - - -
# query CM file:                         cms/Intron.cm
# target sequence database:              genomes/PS-31.fas
# output directed to file:               sequences/PS-31/Intron.out
# tabular output of hits:                sequences/PS-31/Intron.tblout
# model-specific thresholding:           GA cutoffs
# Rfam pipeline mode:                    on [strict filtering]
# HMM-only mode for 0 basepair models:   no
# number of worker threads:              12
# - - - - - - - - - - - - - - - - - - - - - - - - - - - - - - - - - - - -

Query:       Intron_gpI  [CLEN=251]
Accession:   RF00028
Description: Group I catalytic intron
Hit scores:
 rank     E-value  score  bias  sequence  start    end   mdl trunc   gc  description
 ----   --------- ------ -----  -------- ------ ------   --- ----- ----  -----------

   [No hits detected that satisfy reporting thresholds]


Hit alignments:

   [No hits detected that satisfy reporting thresholds]


Internal CM pipeline statistics summary:
----------------------------------------
Query model(s):                                                  1  (251 consensus positions)
Target sequences:                                                1  (8153742 residues searched)
Target sequences re-searched for truncated hits:                 1  (5324 residues re-searched)
Windows   passing  local HMM SSV           filter:            1380  (0.2576); expected (0.06)
Windows   passing  local HMM Viterbi       filter:              86  (0.01793); expected (0.02)
Windows   passing  local HMM Viterbi  bias filter:              23  (0.004653); expected (0.02)
Windows   passing  local HMM Forward       filter:              10  (0.002208); expected (0.0002)
Windows   passing  local HMM Forward  bias filter:               6  (0.001331); expected (0.0002)
Windows   passing glocal HMM Forward       filter:               6  (0.001331); expected (0.0002)
Windows   passing glocal HMM Forward  bias filter:               6  (0.001331); expected (0.0002)
Envelopes passing glocal HMM envelope defn filter:               6  (0.0004217); expected (0.0002)
Envelopes passing  local CM  CYK           filter:               1  (7.476e-06); expected (0.0001)
Total CM hits reported:                                          0  (0); includes 0 truncated hit(s)

# CPU time: 4.43u 0.49s 00:00:04.92 Elapsed: 00:00:01.52
//
Query:       Intron_gpII  [CLEN=93]
Accession:   RF00029
Description: Group II catalytic intron
Hit scores:
 rank     E-value  score  bias  sequence  start    end   mdl trunc   gc  description
 ----   --------- ------ -----  -------- ------ ------   --- ----- ----  -----------

   [No hits detected that satisfy reporting thresholds]


Hit alignments:

   [No hits detected that satisfy reporting thresholds]


Internal CM pipeline statistics summary:
----------------------------------------
Query model(s):                                                  1  (93 consensus positions)
Target sequences:                                                1  (8153742 residues searched)
Target sequences re-searched for truncated hits:                 1  (2048 residues re-searched)
Windows   passing  local HMM SSV           filter:            1075  (0.06698); expected (0.06)
Windows   passing  local HMM Viterbi       filter:             213  (0.01466); expected (0.02)
Windows   passing  local HMM Viterbi  bias filter:             209  (0.01439); expected (0.02)
Windows   passing  local HMM Forward       filter:               0  (0); expected (0.0002)
Windows   passing  local HMM Forward  bias filter:               0  (0); expected (0.0002)
Windows   passing glocal HMM Forward       filter:               0  (0); expected (0.0002)
Windows   passing glocal HMM Forward  bias filter:               0  (0); expected (0.0002)
Envelopes passing glocal HMM envelope defn filter:               0  (0); expected (0.0002)
Envelopes passing  local CM  CYK           filter:               0  (0); expected (0.0001)
Total CM hits reported:                                          0  (0); includes 0 truncated hit(s)

# CPU time: 0.19u 0.01s 00:00:00.20 Elapsed: 00:00:00.02
//
Query:       group-II-D1D4-1  [CLEN=84]
Accession:   RF01998
Description: Group II catalytic intron D1-D4-1
Hit scores:
 rank     E-value  score  bias  sequence  start    end   mdl trunc   gc  description
 ----   --------- ------ -----  -------- ------ ------   --- ----- ----  -----------

   [No hits detected that satisfy reporting thresholds]


Hit alignments:

   [No hits detected that satisfy reporting thresholds]


Internal CM pipeline statistics summary:
----------------------------------------
Query model(s):                                                  1  (84 consensus positions)
Target sequences:                                                1  (8153742 residues searched)
Target sequences re-searched for truncated hits:                 1  (756 residues re-searched)
Windows   passing  local HMM SSV           filter:            3206  (0.08511); expected (0.06)
Windows   passing  local HMM Viterbi       filter:             737  (0.02012); expected (0.02)
Windows   passing  local HMM Viterbi  bias filter:             658  (0.01794); expected (0.02)
Windows   passing  local HMM Forward       filter:               5  (0.0001275); expected (0.0002)
Windows   passing  local HMM Forward  bias filter:               4  (0.0001007); expected (0.0002)
Windows   passing glocal HMM Forward       filter:               3  (7.481e-05); expected (0.0002)
Windows   passing glocal HMM Forward  bias filter:               3  (7.481e-05); expected (0.0002)
Envelopes passing glocal HMM envelope defn filter:               3  (4.525e-05); expected (0.0002)
Envelopes passing  local CM  CYK           filter:               1  (3.188e-06); expected (0.0001)
Total CM hits reported:                                          0  (0); includes 0 truncated hit(s)

# CPU time: 0.23u 0.01s 00:00:00.24 Elapsed: 00:00:00.03
//
Query:       group-II-D1D4-2  [CLEN=118]
Accession:   RF01999
Description: Group II catalytic intron D1-D4-2
Hit scores:
 rank     E-value  score  bias  sequence  start    end   mdl trunc   gc  description
 ----   --------- ------ -----  -------- ------ ------   --- ----- ----  -----------

   [No hits detected that satisfy reporting thresholds]


Hit alignments:

   [No hits detected that satisfy reporting thresholds]


Internal CM pipeline statistics summary:
----------------------------------------
Query model(s):                                                  1  (118 consensus positions)
Target sequences:                                                1  (8153742 residues searched)
Target sequences re-searched for truncated hits:                 1  (632 residues re-searched)
Windows   passing  local HMM SSV           filter:            3627  (0.0837); expected (0.06)
Windows   passing  local HMM Viterbi       filter:             640  (0.01491); expected (0.02)
Windows   passing  local HMM Viterbi  bias filter:             610  (0.01418); expected (0.02)
Windows   passing  local HMM Forward       filter:              20  (0.0005103); expected (0.0002)
Windows   passing  local HMM Forward  bias filter:              18  (0.0004498); expected (0.0002)
Windows   passing glocal HMM Forward       filter:              14  (0.0003295); expected (0.0002)
Windows   passing glocal HMM Forward  bias filter:              14  (0.0003295); expected (0.0002)
Envelopes passing glocal HMM envelope defn filter:              14  (0.000226); expected (0.0002)
Envelopes passing  local CM  CYK           filter:               0  (0); expected (0.0001)
Total CM hits reported:                                          0  (0); includes 0 truncated hit(s)

# CPU time: 0.43u 0.01s 00:00:00.44 Elapsed: 00:00:00.06
//
Query:       group-II-D1D4-3  [CLEN=171]
Accession:   RF02001
Description: Group II catalytic intron D1-D4-3
Hit scores:
 rank     E-value  score  bias  sequence  start    end   mdl trunc   gc  description
 ----   --------- ------ -----  -------- ------ ------   --- ----- ----  -----------

   [No hits detected that satisfy reporting thresholds]


Hit alignments:

   [No hits detected that satisfy reporting thresholds]


Internal CM pipeline statistics summary:
----------------------------------------
Query model(s):                                                  1  (171 consensus positions)
Target sequences:                                                1  (8153742 residues searched)
Target sequences re-searched for truncated hits:                 1  (1268 residues re-searched)
Windows   passing  local HMM SSV           filter:            2567  (0.1138); expected (0.06)
Windows   passing  local HMM Viterbi       filter:             641  (0.02981); expected (0.02)
Windows   passing  local HMM Viterbi  bias filter:             382  (0.01771); expected (0.02)
Windows   passing  local HMM Forward       filter:              34  (0.001738); expected (0.0002)
Windows   passing  local HMM Forward  bias filter:              20  (0.0009898); expected (0.0002)
Windows   passing glocal HMM Forward       filter:              17  (0.0008448); expected (0.0002)
Windows   passing glocal HMM Forward  bias filter:              17  (0.0008448); expected (0.0002)
Envelopes passing glocal HMM envelope defn filter:              17  (0.0004676); expected (0.0002)
Envelopes passing  local CM  CYK           filter:               7  (0.0001284); expected (0.0001)
Total CM hits reported:                                          0  (0); includes 0 truncated hit(s)

# CPU time: 1.65u 0.12s 00:00:01.77 Elapsed: 00:00:00.41
//
Query:       group-II-D1D4-4  [CLEN=138]
Accession:   RF02003
Description: Group II catalytic intron D1-D4-4
Hit scores:
 rank     E-value  score  bias  sequence  start    end   mdl trunc   gc  description
 ----   --------- ------ -----  -------- ------ ------   --- ----- ----  -----------

   [No hits detected that satisfy reporting thresholds]


Hit alignments:

   [No hits detected that satisfy reporting thresholds]


Internal CM pipeline statistics summary:
----------------------------------------
Query model(s):                                                  1  (138 consensus positions)
Target sequences:                                                1  (8153742 residues searched)
Target sequences re-searched for truncated hits:                 1  (1460 residues re-searched)
Windows   passing  local HMM SSV           filter:            1495  (0.07235); expected (0.06)
Windows   passing  local HMM Viterbi       filter:             160  (0.00811); expected (0.02)
Windows   passing  local HMM Viterbi  bias filter:             139  (0.007025); expected (0.02)
Windows   passing  local HMM Forward       filter:               3  (0.0001815); expected (0.0002)
Windows   passing  local HMM Forward  bias filter:               2  (0.0001346); expected (0.0002)
Windows   passing glocal HMM Forward       filter:               1  (5.187e-05); expected (0.0002)
Windows   passing glocal HMM Forward  bias filter:               1  (5.187e-05); expected (0.0002)
Envelopes passing glocal HMM envelope defn filter:               1  (1.606e-05); expected (0.0002)
Envelopes passing  local CM  CYK           filter:               1  (1.533e-05); expected (0.0001)
Total CM hits reported:                                          0  (0); includes 0 truncated hit(s)

# CPU time: 0.30u 0.00s 00:00:00.30 Elapsed: 00:00:00.07
//
Query:       group-II-D1D4-5  [CLEN=201]
Accession:   RF02004
Description: Group II catalytic intron D1-D4-5
Hit scores:
 rank     E-value  score  bias  sequence  start    end   mdl trunc   gc  description
 ----   --------- ------ -----  -------- ------ ------   --- ----- ----  -----------

   [No hits detected that satisfy reporting thresholds]


Hit alignments:

   [No hits detected that satisfy reporting thresholds]


Internal CM pipeline statistics summary:
----------------------------------------
Query model(s):                                                  1  (201 consensus positions)
Target sequences:                                                1  (8153742 residues searched)
Target sequences re-searched for truncated hits:                 1  (1116 residues re-searched)
Windows   passing  local HMM SSV           filter:            2982  (0.1213); expected (0.06)
Windows   passing  local HMM Viterbi       filter:             457  (0.0191); expected (0.02)
Windows   passing  local HMM Viterbi  bias filter:             289  (0.01201); expected (0.02)
Windows   passing  local HMM Forward       filter:              16  (0.000689); expected (0.0002)
Windows   passing  local HMM Forward  bias filter:              13  (0.0005615); expected (0.0002)
Windows   passing glocal HMM Forward       filter:               8  (0.000328); expected (0.0002)
Windows   passing glocal HMM Forward  bias filter:               8  (0.000328); expected (0.0002)
Envelopes passing glocal HMM envelope defn filter:               8  (0.0002183); expected (0.0002)
Envelopes passing  local CM  CYK           filter:               1  (2.98e-05); expected (0.0001)
Total CM hits reported:                                          0  (0); includes 0 truncated hit(s)

# CPU time: 1.02u 0.04s 00:00:01.06 Elapsed: 00:00:00.27
//
Query:       group-II-D1D4-6  [CLEN=225]
Accession:   RF02005
Description: Group II catalytic intron D1-D4-6
Hit scores:
 rank     E-value  score  bias  sequence  start    end   mdl trunc   gc  description
 ----   --------- ------ -----  -------- ------ ------   --- ----- ----  -----------

   [No hits detected that satisfy reporting thresholds]


Hit alignments:

   [No hits detected that satisfy reporting thresholds]


Internal CM pipeline statistics summary:
----------------------------------------
Query model(s):                                                  1  (225 consensus positions)
Target sequences:                                                1  (8153742 residues searched)
Target sequences re-searched for truncated hits:                 1  (1460 residues re-searched)
Windows   passing  local HMM SSV           filter:            1183  (0.06122); expected (0.06)
Windows   passing  local HMM Viterbi       filter:             165  (0.008711); expected (0.02)
Windows   passing  local HMM Viterbi  bias filter:             137  (0.007216); expected (0.02)
Windows   passing  local HMM Forward       filter:               8  (0.0004478); expected (0.0002)
Windows   passing  local HMM Forward  bias filter:               5  (0.0002569); expected (0.0002)
Windows   passing glocal HMM Forward       filter:               5  (0.0002569); expected (0.0002)
Windows   passing glocal HMM Forward  bias filter:               5  (0.0002569); expected (0.0002)
Envelopes passing glocal HMM envelope defn filter:               5  (0.0001556); expected (0.0002)
Envelopes passing  local CM  CYK           filter:               0  (0); expected (0.0001)
Total CM hits reported:                                          0  (0); includes 0 truncated hit(s)

# CPU time: 0.64u 0.02s 00:00:00.66 Elapsed: 00:00:00.14
//
Query:       group-II-D1D4-7  [CLEN=148]
Accession:   RF02012
Description: Group II catalytic intron D1-D4-7
Hit scores:
 rank     E-value  score  bias  sequence  start    end   mdl trunc   gc  description
 ----   --------- ------ -----  -------- ------ ------   --- ----- ----  -----------

   [No hits detected that satisfy reporting thresholds]


Hit alignments:

   [No hits detected that satisfy reporting thresholds]


Internal CM pipeline statistics summary:
----------------------------------------
Query model(s):                                                  1  (148 consensus positions)
Target sequences:                                                1  (8153742 residues searched)
Target sequences re-searched for truncated hits:                 1  (1040 residues re-searched)
Windows   passing  local HMM SSV           filter:            2578  (0.09378); expected (0.06)
Windows   passing  local HMM Viterbi       filter:             297  (0.01116); expected (0.02)
Windows   passing  local HMM Viterbi  bias filter:             266  (0.00996); expected (0.02)
Windows   passing  local HMM Forward       filter:               8  (0.0003039); expected (0.0002)
Windows   passing  local HMM Forward  bias filter:               8  (0.0003039); expected (0.0002)
Windows   passing glocal HMM Forward       filter:               7  (0.0002667); expected (0.0002)
Windows   passing glocal HMM Forward  bias filter:               7  (0.0002667); expected (0.0002)
Envelopes passing glocal HMM envelope defn filter:               7  (0.0001418); expected (0.0002)
Envelopes passing  local CM  CYK           filter:               2  (9.442e-06); expected (0.0001)
Total CM hits reported:                                          0  (0); includes 0 truncated hit(s)

# CPU time: 0.44u 0.01s 00:00:00.45 Elapsed: 00:00:00.07
//
[ok]
