# cmsearch :: search CM(s) against a sequence database
# INFERNAL 1.1.4 (Dec 2020)
# Copyright (C) 2020 Howard Hughes Medical Institute.
# Freely distributed under the BSD open source license.
# - - - - - - - - - - - - - - - - - - - - - - - - - - - - - - - - - - - -
# query CM file:                         cms/Intron.cm
# target sequence database:              genomes/PS-25.fas
# output directed to file:               sequences/PS-25/Intron.out
# tabular output of hits:                sequences/PS-25/Intron.tblout
# model-specific thresholding:           GA cutoffs
# Rfam pipeline mode:                    on [strict filtering]
# HMM-only mode for 0 basepair models:   no
# number of worker threads:              12
# - - - - - - - - - - - - - - - - - - - - - - - - - - - - - - - - - - - -

Query:       Intron_gpI  [CLEN=251]
Accession:   RF00028
Description: Group I catalytic intron
Hit scores:
 rank     E-value  score  bias  sequence  start    end   mdl trunc   gc  description
 ----   --------- ------ -----  -------- ------ ------   --- ----- ----  -----------

   [No hits detected that satisfy reporting thresholds]


Hit alignments:

   [No hits detected that satisfy reporting thresholds]


Internal CM pipeline statistics summary:
----------------------------------------
Query model(s):                                                  1  (251 consensus positions)
Target sequences:                                                1  (8244388 residues searched)
Target sequences re-searched for truncated hits:                 1  (5324 residues re-searched)
Windows   passing  local HMM SSV           filter:            1426  (0.2626); expected (0.06)
Windows   passing  local HMM Viterbi       filter:              96  (0.0199); expected (0.02)
Windows   passing  local HMM Viterbi  bias filter:              23  (0.004648); expected (0.02)
Windows   passing  local HMM Forward       filter:               7  (0.001617); expected (0.0002)
Windows   passing  local HMM Forward  bias filter:               4  (0.0009317); expected (0.0002)
Windows   passing glocal HMM Forward       filter:               4  (0.0009317); expected (0.0002)
Windows   passing glocal HMM Forward  bias filter:               4  (0.0009317); expected (0.0002)
Envelopes passing glocal HMM envelope defn filter:               4  (0.000308); expected (0.0002)
Envelopes passing  local CM  CYK           filter:               0  (0); expected (0.0001)
Total CM hits reported:                                          0  (0); includes 0 truncated hit(s)

# CPU time: 2.60u 0.18s 00:00:02.78 Elapsed: 00:00:01.00
//
Query:       Intron_gpII  [CLEN=93]
Accession:   RF00029
Description: Group II catalytic intron
Hit scores:
 rank     E-value  score  bias  sequence  start    end   mdl trunc   gc  description
 ----   --------- ------ -----  -------- ------ ------   --- ----- ----  -----------

   [No hits detected that satisfy reporting thresholds]


Hit alignments:

   [No hits detected that satisfy reporting thresholds]


Internal CM pipeline statistics summary:
----------------------------------------
Query model(s):                                                  1  (93 consensus positions)
Target sequences:                                                1  (8244388 residues searched)
Target sequences re-searched for truncated hits:                 1  (2048 residues re-searched)
Windows   passing  local HMM SSV           filter:            1079  (0.06632); expected (0.06)
Windows   passing  local HMM Viterbi       filter:             208  (0.01428); expected (0.02)
Windows   passing  local HMM Viterbi  bias filter:             207  (0.01421); expected (0.02)
Windows   passing  local HMM Forward       filter:               1  (5.53e-05); expected (0.0002)
Windows   passing  local HMM Forward  bias filter:               1  (5.53e-05); expected (0.0002)
Windows   passing glocal HMM Forward       filter:               0  (0); expected (0.0002)
Windows   passing glocal HMM Forward  bias filter:               0  (0); expected (0.0002)
Envelopes passing glocal HMM envelope defn filter:               0  (0); expected (0.0002)
Envelopes passing  local CM  CYK           filter:               0  (0); expected (0.0001)
Total CM hits reported:                                          0  (0); includes 0 truncated hit(s)

# CPU time: 0.20u 0.00s 00:00:00.20 Elapsed: 00:00:00.02
//
Query:       group-II-D1D4-1  [CLEN=84]
Accession:   RF01998
Description: Group II catalytic intron D1-D4-1
Hit scores:
 rank     E-value  score  bias  sequence  start    end   mdl trunc   gc  description
 ----   --------- ------ -----  -------- ------ ------   --- ----- ----  -----------

   [No hits detected that satisfy reporting thresholds]


Hit alignments:

   [No hits detected that satisfy reporting thresholds]


Internal CM pipeline statistics summary:
----------------------------------------
Query model(s):                                                  1  (84 consensus positions)
Target sequences:                                                1  (8244388 residues searched)
Target sequences re-searched for truncated hits:                 1  (756 residues re-searched)
Windows   passing  local HMM SSV           filter:            3257  (0.08553); expected (0.06)
Windows   passing  local HMM Viterbi       filter:             731  (0.01987); expected (0.02)
Windows   passing  local HMM Viterbi  bias filter:             648  (0.01763); expected (0.02)
Windows   passing  local HMM Forward       filter:               8  (0.000205); expected (0.0002)
Windows   passing  local HMM Forward  bias filter:               5  (0.0001255); expected (0.0002)
Windows   passing glocal HMM Forward       filter:               4  (9.994e-05); expected (0.0002)
Windows   passing glocal HMM Forward  bias filter:               4  (9.994e-05); expected (0.0002)
Envelopes passing glocal HMM envelope defn filter:               4  (5.482e-05); expected (0.0002)
Envelopes passing  local CM  CYK           filter:               3  (2.268e-05); expected (0.0001)
Total CM hits reported:                                          0  (0); includes 0 truncated hit(s)

# CPU time: 0.24u 0.01s 00:00:00.25 Elapsed: 00:00:00.03
//
Query:       group-II-D1D4-2  [CLEN=118]
Accession:   RF01999
Description: Group II catalytic intron D1-D4-2
Hit scores:
 rank     E-value  score  bias  sequence  start    end   mdl trunc   gc  description
 ----   --------- ------ -----  -------- ------ ------   --- ----- ----  -----------

   [No hits detected that satisfy reporting thresholds]


Hit alignments:

   [No hits detected that satisfy reporting thresholds]


Internal CM pipeline statistics summary:
----------------------------------------
Query model(s):                                                  1  (118 consensus positions)
Target sequences:                                                1  (8244388 residues searched)
Target sequences re-searched for truncated hits:                 1  (632 residues re-searched)
Windows   passing  local HMM SSV           filter:            3698  (0.08444); expected (0.06)
Windows   passing  local HMM Viterbi       filter:             664  (0.01529); expected (0.02)
Windows   passing  local HMM Viterbi  bias filter:             634  (0.01458); expected (0.02)
Windows   passing  local HMM Forward       filter:              23  (0.0006017); expected (0.0002)
Windows   passing  local HMM Forward  bias filter:              22  (0.0005802); expected (0.0002)
Windows   passing glocal HMM Forward       filter:              14  (0.0003603); expected (0.0002)
Windows   passing glocal HMM Forward  bias filter:              14  (0.0003603); expected (0.0002)
Envelopes passing glocal HMM envelope defn filter:              14  (0.0002233); expected (0.0002)
Envelopes passing  local CM  CYK           filter:               0  (0); expected (0.0001)
Total CM hits reported:                                          0  (0); includes 0 truncated hit(s)

# CPU time: 0.40u 0.01s 00:00:00.41 Elapsed: 00:00:00.06
//
Query:       group-II-D1D4-3  [CLEN=171]
Accession:   RF02001
Description: Group II catalytic intron D1-D4-3
Hit scores:
 rank     E-value  score  bias  sequence  start    end   mdl trunc   gc  description
 ----   --------- ------ -----  -------- ------ ------   --- ----- ----  -----------

   [No hits detected that satisfy reporting thresholds]


Hit alignments:

   [No hits detected that satisfy reporting thresholds]


Internal CM pipeline statistics summary:
----------------------------------------
Query model(s):                                                  1  (171 consensus positions)
Target sequences:                                                1  (8244388 residues searched)
Target sequences re-searched for truncated hits:                 1  (1268 residues re-searched)
Windows   passing  local HMM SSV           filter:            2581  (0.1132); expected (0.06)
Windows   passing  local HMM Viterbi       filter:             625  (0.02884); expected (0.02)
Windows   passing  local HMM Viterbi  bias filter:             362  (0.01665); expected (0.02)
Windows   passing  local HMM Forward       filter:              31  (0.001586); expected (0.0002)
Windows   passing  local HMM Forward  bias filter:              21  (0.001095); expected (0.0002)
Windows   passing glocal HMM Forward       filter:              18  (0.0009258); expected (0.0002)
Windows   passing glocal HMM Forward  bias filter:              18  (0.0009258); expected (0.0002)
Envelopes passing glocal HMM envelope defn filter:              17  (0.0004681); expected (0.0002)
Envelopes passing  local CM  CYK           filter:               9  (0.0001624); expected (0.0001)
Total CM hits reported:                                          0  (0); includes 0 truncated hit(s)

# CPU time: 1.69u 0.14s 00:00:01.83 Elapsed: 00:00:00.41
//
Query:       group-II-D1D4-4  [CLEN=138]
Accession:   RF02003
Description: Group II catalytic intron D1-D4-4
Hit scores:
 rank     E-value  score  bias  sequence  start    end   mdl trunc   gc  description
 ----   --------- ------ -----  -------- ------ ------   --- ----- ----  -----------

   [No hits detected that satisfy reporting thresholds]


Hit alignments:

   [No hits detected that satisfy reporting thresholds]


Internal CM pipeline statistics summary:
----------------------------------------
Query model(s):                                                  1  (138 consensus positions)
Target sequences:                                                1  (8244388 residues searched)
Target sequences re-searched for truncated hits:                 1  (1460 residues re-searched)
Windows   passing  local HMM SSV           filter:            1535  (0.07335); expected (0.06)
Windows   passing  local HMM Viterbi       filter:             167  (0.008317); expected (0.02)
Windows   passing  local HMM Viterbi  bias filter:             144  (0.00718); expected (0.02)
Windows   passing  local HMM Forward       filter:               1  (5.13e-05); expected (0.0002)
Windows   passing  local HMM Forward  bias filter:               1  (5.13e-05); expected (0.0002)
Windows   passing glocal HMM Forward       filter:               1  (5.13e-05); expected (0.0002)
Windows   passing glocal HMM Forward  bias filter:               1  (5.13e-05); expected (0.0002)
Envelopes passing glocal HMM envelope defn filter:               1  (1.589e-05); expected (0.0002)
Envelopes passing  local CM  CYK           filter:               1  (1.516e-05); expected (0.0001)
Total CM hits reported:                                          0  (0); includes 0 truncated hit(s)

# CPU time: 0.29u 0.00s 00:00:00.28 Elapsed: 00:00:00.06
//
Query:       group-II-D1D4-5  [CLEN=201]
Accession:   RF02004
Description: Group II catalytic intron D1-D4-5
Hit scores:
 rank     E-value  score  bias  sequence  start    end   mdl trunc   gc  description
 ----   --------- ------ -----  -------- ------ ------   --- ----- ----  -----------

   [No hits detected that satisfy reporting thresholds]


Hit alignments:

   [No hits detected that satisfy reporting thresholds]


Internal CM pipeline statistics summary:
----------------------------------------
Query model(s):                                                  1  (201 consensus positions)
Target sequences:                                                1  (8244388 residues searched)
Target sequences re-searched for truncated hits:                 1  (1116 residues re-searched)
Windows   passing  local HMM SSV           filter:            3001  (0.1208); expected (0.06)
Windows   passing  local HMM Viterbi       filter:             449  (0.01872); expected (0.02)
Windows   passing  local HMM Viterbi  bias filter:             277  (0.01153); expected (0.02)
Windows   passing  local HMM Forward       filter:              12  (0.0005394); expected (0.0002)
Windows   passing  local HMM Forward  bias filter:              11  (0.0004718); expected (0.0002)
Windows   passing glocal HMM Forward       filter:               7  (0.0002935); expected (0.0002)
Windows   passing glocal HMM Forward  bias filter:               7  (0.0002935); expected (0.0002)
Envelopes passing glocal HMM envelope defn filter:               7  (0.0001936); expected (0.0002)
Envelopes passing  local CM  CYK           filter:               1  (2.923e-05); expected (0.0001)
Total CM hits reported:                                          0  (0); includes 0 truncated hit(s)

# CPU time: 0.81u 0.02s 00:00:00.83 Elapsed: 00:00:00.21
//
Query:       group-II-D1D4-6  [CLEN=225]
Accession:   RF02005
Description: Group II catalytic intron D1-D4-6
Hit scores:
 rank     E-value  score  bias  sequence  start    end   mdl trunc   gc  description
 ----   --------- ------ -----  -------- ------ ------   --- ----- ----  -----------

   [No hits detected that satisfy reporting thresholds]


Hit alignments:

   [No hits detected that satisfy reporting thresholds]


Internal CM pipeline statistics summary:
----------------------------------------
Query model(s):                                                  1  (225 consensus positions)
Target sequences:                                                1  (8244388 residues searched)
Target sequences re-searched for truncated hits:                 1  (1460 residues re-searched)
Windows   passing  local HMM SSV           filter:            1185  (0.06058); expected (0.06)
Windows   passing  local HMM Viterbi       filter:             168  (0.008622); expected (0.02)
Windows   passing  local HMM Viterbi  bias filter:             139  (0.007145); expected (0.02)
Windows   passing  local HMM Forward       filter:               7  (0.0003542); expected (0.0002)
Windows   passing  local HMM Forward  bias filter:               4  (0.0002022); expected (0.0002)
Windows   passing glocal HMM Forward       filter:               3  (0.0001533); expected (0.0002)
Windows   passing glocal HMM Forward  bias filter:               3  (0.0001533); expected (0.0002)
Envelopes passing glocal HMM envelope defn filter:               3  (8.962e-05); expected (0.0002)
Envelopes passing  local CM  CYK           filter:               0  (0); expected (0.0001)
Total CM hits reported:                                          0  (0); includes 0 truncated hit(s)

# CPU time: 0.49u 0.00s 00:00:00.49 Elapsed: 00:00:00.12
//
Query:       group-II-D1D4-7  [CLEN=148]
Accession:   RF02012
Description: Group II catalytic intron D1-D4-7
Hit scores:
 rank     E-value  score  bias  sequence  start    end   mdl trunc   gc  description
 ----   --------- ------ -----  -------- ------ ------   --- ----- ----  -----------

   [No hits detected that satisfy reporting thresholds]


Hit alignments:

   [No hits detected that satisfy reporting thresholds]


Internal CM pipeline statistics summary:
----------------------------------------
Query model(s):                                                  1  (148 consensus positions)
Target sequences:                                                1  (8244388 residues searched)
Target sequences re-searched for truncated hits:                 1  (1040 residues re-searched)
Windows   passing  local HMM SSV           filter:            2594  (0.0932); expected (0.06)
Windows   passing  local HMM Viterbi       filter:             291  (0.01077); expected (0.02)
Windows   passing  local HMM Viterbi  bias filter:             263  (0.009717); expected (0.02)
Windows   passing  local HMM Forward       filter:              10  (0.0003744); expected (0.0002)
Windows   passing  local HMM Forward  bias filter:               9  (0.0003294); expected (0.0002)
Windows   passing glocal HMM Forward       filter:               7  (0.0002926); expected (0.0002)
Windows   passing glocal HMM Forward  bias filter:               7  (0.0002926); expected (0.0002)
Envelopes passing glocal HMM envelope defn filter:               6  (0.0001261); expected (0.0002)
Envelopes passing  local CM  CYK           filter:               1  (5.943e-06); expected (0.0001)
Total CM hits reported:                                          0  (0); includes 0 truncated hit(s)

# CPU time: 0.39u 0.01s 00:00:00.40 Elapsed: 00:00:00.05
//
[ok]
