# cmsearch :: search CM(s) against a sequence database
# INFERNAL 1.1.4 (Dec 2020)
# Copyright (C) 2020 Howard Hughes Medical Institute.
# Freely distributed under the BSD open source license.
# - - - - - - - - - - - - - - - - - - - - - - - - - - - - - - - - - - - -
# query CM file:                         cms/antitoxin.cm
# target sequence database:              genomes/PS-53.fas
# output directed to file:               sequences/PS-53/antitoxin.out
# tabular output of hits:                sequences/PS-53/antitoxin.tblout
# model-specific thresholding:           GA cutoffs
# Rfam pipeline mode:                    on [strict filtering]
# HMM-only mode for 0 basepair models:   no
# number of worker threads:              12
# - - - - - - - - - - - - - - - - - - - - - - - - - - - - - - - - - - - -

Query:       SIB_RNA  [CLEN=147]
Accession:   RF00113
Description: Short Intergenic Abundant RNA
Hit scores:
 rank     E-value  score  bias  sequence  start    end   mdl trunc   gc  description
 ----   --------- ------ -----  -------- ------ ------   --- ----- ----  -----------

   [No hits detected that satisfy reporting thresholds]


Hit alignments:

   [No hits detected that satisfy reporting thresholds]


Internal CM pipeline statistics summary:
----------------------------------------
Query model(s):                                                  1  (147 consensus positions)
Target sequences:                                                1  (8327926 residues searched)
Target sequences re-searched for truncated hits:                 1  (732 residues re-searched)
Windows   passing  local HMM SSV           filter:            5243  (0.136); expected (0.06)
Windows   passing  local HMM Viterbi       filter:             920  (0.02468); expected (0.02)
Windows   passing  local HMM Viterbi  bias filter:             696  (0.01866); expected (0.02)
Windows   passing  local HMM Forward       filter:              73  (0.002018); expected (0.0002)
Windows   passing  local HMM Forward  bias filter:              54  (0.001477); expected (0.0002)
Windows   passing glocal HMM Forward       filter:              35  (0.000999); expected (0.0002)
Windows   passing glocal HMM Forward  bias filter:              34  (0.0009737); expected (0.0002)
Envelopes passing glocal HMM envelope defn filter:              35  (0.0007233); expected (0.0002)
Envelopes passing  local CM  CYK           filter:               5  (6.231e-05); expected (0.0001)
Total CM hits reported:                                          0  (0); includes 0 truncated hit(s)

# CPU time: 1.42u 0.12s 00:00:01.54 Elapsed: 00:00:00.22
//
Query:       istR  [CLEN=130]
Accession:   RF01400
Description: istR Hfq binding RNA
Hit scores:
 rank     E-value  score  bias  sequence  start    end   mdl trunc   gc  description
 ----   --------- ------ -----  -------- ------ ------   --- ----- ----  -----------

   [No hits detected that satisfy reporting thresholds]


Hit alignments:

   [No hits detected that satisfy reporting thresholds]


Internal CM pipeline statistics summary:
----------------------------------------
Query model(s):                                                  1  (130 consensus positions)
Target sequences:                                                1  (8327926 residues searched)
Target sequences re-searched for truncated hits:                 1  (648 residues re-searched)
Windows   passing  local HMM SSV           filter:            2777  (0.06381); expected (0.06)
Windows   passing  local HMM Viterbi       filter:             412  (0.009692); expected (0.02)
Windows   passing  local HMM Viterbi  bias filter:             404  (0.009501); expected (0.02)
Windows   passing  local HMM Forward       filter:               8  (0.0002068); expected (0.0002)
Windows   passing  local HMM Forward  bias filter:               8  (0.0002068); expected (0.0002)
Windows   passing glocal HMM Forward       filter:               7  (0.0001712); expected (0.0002)
Windows   passing glocal HMM Forward  bias filter:               7  (0.0001712); expected (0.0002)
Envelopes passing glocal HMM envelope defn filter:               5  (9.281e-05); expected (0.0002)
Envelopes passing  local CM  CYK           filter:               0  (0); expected (0.0001)
Total CM hits reported:                                          0  (0); includes 0 truncated hit(s)

# CPU time: 0.32u 0.01s 00:00:00.33 Elapsed: 00:00:00.05
//
Query:       RatA  [CLEN=90]
Accession:   RF01776
Description: RNA anti-toxin A
Hit scores:
 rank     E-value  score  bias  sequence  start    end   mdl trunc   gc  description
 ----   --------- ------ -----  -------- ------ ------   --- ----- ----  -----------

   [No hits detected that satisfy reporting thresholds]


Hit alignments:

   [No hits detected that satisfy reporting thresholds]


Internal CM pipeline statistics summary:
----------------------------------------
Query model(s):                                                  1  (90 consensus positions)
Target sequences:                                                1  (8327926 residues searched)
Target sequences re-searched for truncated hits:                 1  (448 residues re-searched)
Windows   passing  local HMM SSV           filter:            9988  (0.1633); expected (0.06)
Windows   passing  local HMM Viterbi       filter:            1800  (0.03074); expected (0.02)
Windows   passing  local HMM Viterbi  bias filter:            1039  (0.0176); expected (0.02)
Windows   passing  local HMM Forward       filter:              77  (0.001352); expected (0.0002)
Windows   passing  local HMM Forward  bias filter:              46  (0.0007955); expected (0.0002)
Windows   passing glocal HMM Forward       filter:              41  (0.000748); expected (0.0002)
Windows   passing glocal HMM Forward  bias filter:              40  (0.0007323); expected (0.0002)
Envelopes passing glocal HMM envelope defn filter:              41  (0.000532); expected (0.0002)
Envelopes passing  local CM  CYK           filter:               6  (6.664e-05); expected (0.0001)
Total CM hits reported:                                          0  (0); includes 0 truncated hit(s)

# CPU time: 0.72u 0.04s 00:00:00.76 Elapsed: 00:00:00.09
//
Query:       sok  [CLEN=157]
Accession:   RF01794
Description: sok antitoxin (CssrC)
Hit scores:
 rank     E-value  score  bias  sequence  start    end   mdl trunc   gc  description
 ----   --------- ------ -----  -------- ------ ------   --- ----- ----  -----------

   [No hits detected that satisfy reporting thresholds]


Hit alignments:

   [No hits detected that satisfy reporting thresholds]


Internal CM pipeline statistics summary:
----------------------------------------
Query model(s):                                                  1  (157 consensus positions)
Target sequences:                                                1  (8327926 residues searched)
Target sequences re-searched for truncated hits:                 1  (1184 residues re-searched)
Windows   passing  local HMM SSV           filter:            2835  (0.1146); expected (0.06)
Windows   passing  local HMM Viterbi       filter:             503  (0.02101); expected (0.02)
Windows   passing  local HMM Viterbi  bias filter:             454  (0.01897); expected (0.02)
Windows   passing  local HMM Forward       filter:              20  (0.0008981); expected (0.0002)
Windows   passing  local HMM Forward  bias filter:              19  (0.0008569); expected (0.0002)
Windows   passing glocal HMM Forward       filter:              14  (0.0006089); expected (0.0002)
Windows   passing glocal HMM Forward  bias filter:              14  (0.0006089); expected (0.0002)
Envelopes passing glocal HMM envelope defn filter:              14  (0.0003473); expected (0.0002)
Envelopes passing  local CM  CYK           filter:               1  (3.002e-06); expected (0.0001)
Total CM hits reported:                                          0  (0); includes 0 truncated hit(s)

# CPU time: 0.93u 0.10s 00:00:01.03 Elapsed: 00:00:00.15
//
Query:       fstAT  [CLEN=94]
Accession:   RF01797
Description: Fst antitoxin sRNA
Hit scores:
 rank     E-value  score  bias  sequence  start    end   mdl trunc   gc  description
 ----   --------- ------ -----  -------- ------ ------   --- ----- ----  -----------

   [No hits detected that satisfy reporting thresholds]


Hit alignments:

   [No hits detected that satisfy reporting thresholds]


Internal CM pipeline statistics summary:
----------------------------------------
Query model(s):                                                  1  (94 consensus positions)
Target sequences:                                                1  (8327926 residues searched)
Target sequences re-searched for truncated hits:                 1  (496 residues re-searched)
Windows   passing  local HMM SSV           filter:            9469  (0.1708); expected (0.06)
Windows   passing  local HMM Viterbi       filter:            1627  (0.03049); expected (0.02)
Windows   passing  local HMM Viterbi  bias filter:            1266  (0.0237); expected (0.02)
Windows   passing  local HMM Forward       filter:             110  (0.002299); expected (0.0002)
Windows   passing  local HMM Forward  bias filter:              77  (0.001682); expected (0.0002)
Windows   passing glocal HMM Forward       filter:              44  (0.0009816); expected (0.0002)
Windows   passing glocal HMM Forward  bias filter:              38  (0.0008322); expected (0.0002)
Envelopes passing glocal HMM envelope defn filter:              38  (0.0005382); expected (0.0002)
Envelopes passing  local CM  CYK           filter:              10  (0.0001187); expected (0.0001)
Total CM hits reported:                                          0  (0); includes 0 truncated hit(s)

# CPU time: 0.83u 0.03s 00:00:00.86 Elapsed: 00:00:00.13
//
Query:       symR  [CLEN=77]
Accession:   RF01809
Description: SymR antitoxin
Hit scores:
 rank     E-value  score  bias  sequence  start    end   mdl trunc   gc  description
 ----   --------- ------ -----  -------- ------ ------   --- ----- ----  -----------

   [No hits detected that satisfy reporting thresholds]


Hit alignments:

   [No hits detected that satisfy reporting thresholds]


Internal CM pipeline statistics summary:
----------------------------------------
Query model(s):                                                  1  (77 consensus positions)
Target sequences:                                                1  (8327926 residues searched)
Target sequences re-searched for truncated hits:                 1  (384 residues re-searched)
Windows   passing  local HMM SSV           filter:            6863  (0.09588); expected (0.06)
Windows   passing  local HMM Viterbi       filter:            1623  (0.02317); expected (0.02)
Windows   passing  local HMM Viterbi  bias filter:            1512  (0.02158); expected (0.02)
Windows   passing  local HMM Forward       filter:              44  (0.0006794); expected (0.0002)
Windows   passing  local HMM Forward  bias filter:              39  (0.0005966); expected (0.0002)
Windows   passing glocal HMM Forward       filter:              24  (0.0003684); expected (0.0002)
Windows   passing glocal HMM Forward  bias filter:              23  (0.0003497); expected (0.0002)
Envelopes passing glocal HMM envelope defn filter:              22  (0.0002499); expected (0.0002)
Envelopes passing  local CM  CYK           filter:               2  (1.285e-05); expected (0.0001)
Total CM hits reported:                                          0  (0); includes 0 truncated hit(s)

# CPU time: 0.32u 0.02s 00:00:00.34 Elapsed: 00:00:00.04
//
Query:       PtaRNA1  [CLEN=72]
Accession:   RF01811
Description: Plasmid transferred anti-sense RNA
Hit scores:
 rank     E-value  score  bias  sequence  start    end   mdl trunc   gc  description
 ----   --------- ------ -----  -------- ------ ------   --- ----- ----  -----------

   [No hits detected that satisfy reporting thresholds]


Hit alignments:

   [No hits detected that satisfy reporting thresholds]


Internal CM pipeline statistics summary:
----------------------------------------
Query model(s):                                                  1  (72 consensus positions)
Target sequences:                                                1  (8327926 residues searched)
Target sequences re-searched for truncated hits:                 1  (360 residues re-searched)
Windows   passing  local HMM SSV           filter:            4702  (0.06159); expected (0.06)
Windows   passing  local HMM Viterbi       filter:            1318  (0.01747); expected (0.02)
Windows   passing  local HMM Viterbi  bias filter:            1239  (0.01643); expected (0.02)
Windows   passing  local HMM Forward       filter:              18  (0.0002565); expected (0.0002)
Windows   passing  local HMM Forward  bias filter:              16  (0.0002305); expected (0.0002)
Windows   passing glocal HMM Forward       filter:               9  (0.0001177); expected (0.0002)
Windows   passing glocal HMM Forward  bias filter:               9  (0.0001177); expected (0.0002)
Envelopes passing glocal HMM envelope defn filter:               9  (9.005e-05); expected (0.0002)
Envelopes passing  local CM  CYK           filter:               3  (2.594e-05); expected (0.0001)
Total CM hits reported:                                          0  (0); includes 0 truncated hit(s)

# CPU time: 0.22u 0.00s 00:00:00.22 Elapsed: 00:00:00.02
//
Query:       rdlD  [CLEN=66]
Accession:   RF01813
Description: rdlD antitoxin
Hit scores:
 rank     E-value  score  bias  sequence  start    end   mdl trunc   gc  description
 ----   --------- ------ -----  -------- ------ ------   --- ----- ----  -----------

   [No hits detected that satisfy reporting thresholds]


Hit alignments:

   [No hits detected that satisfy reporting thresholds]


Internal CM pipeline statistics summary:
----------------------------------------
Query model(s):                                                  1  (66 consensus positions)
Target sequences:                                                1  (8327926 residues searched)
Target sequences re-searched for truncated hits:                 1  (328 residues re-searched)
Windows   passing  local HMM SSV           filter:            4972  (0.05966); expected (0.06)
Windows   passing  local HMM Viterbi       filter:            1256  (0.01523); expected (0.02)
Windows   passing  local HMM Viterbi  bias filter:            1115  (0.01351); expected (0.02)
Windows   passing  local HMM Forward       filter:              29  (0.0003721); expected (0.0002)
Windows   passing  local HMM Forward  bias filter:              25  (0.0003169); expected (0.0002)
Windows   passing glocal HMM Forward       filter:              10  (0.0001326); expected (0.0002)
Windows   passing glocal HMM Forward  bias filter:              10  (0.0001326); expected (0.0002)
Envelopes passing glocal HMM envelope defn filter:              10  (8.993e-05); expected (0.0002)
Envelopes passing  local CM  CYK           filter:               4  (2.918e-05); expected (0.0001)
Total CM hits reported:                                          0  (0); includes 0 truncated hit(s)

# CPU time: 0.21u 0.00s 00:00:00.21 Elapsed: 00:00:00.03
//
Query:       OrzO-P  [CLEN=76]
Accession:   RF02083
Description: OrzO-P RNA antitoxin family
Hit scores:
 rank     E-value  score  bias  sequence  start    end   mdl trunc   gc  description
 ----   --------- ------ -----  -------- ------ ------   --- ----- ----  -----------

   [No hits detected that satisfy reporting thresholds]


Hit alignments:

   [No hits detected that satisfy reporting thresholds]


Internal CM pipeline statistics summary:
----------------------------------------
Query model(s):                                                  1  (76 consensus positions)
Target sequences:                                                1  (8327926 residues searched)
Target sequences re-searched for truncated hits:                 1  (380 residues re-searched)
Windows   passing  local HMM SSV           filter:            9285  (0.1288); expected (0.06)
Windows   passing  local HMM Viterbi       filter:            2879  (0.04103); expected (0.02)
Windows   passing  local HMM Viterbi  bias filter:            2352  (0.03357); expected (0.02)
Windows   passing  local HMM Forward       filter:             166  (0.002611); expected (0.0002)
Windows   passing  local HMM Forward  bias filter:             132  (0.002075); expected (0.0002)
Windows   passing glocal HMM Forward       filter:             102  (0.001631); expected (0.0002)
Windows   passing glocal HMM Forward  bias filter:              99  (0.001577); expected (0.0002)
Envelopes passing glocal HMM envelope defn filter:              98  (0.001103); expected (0.0002)
Envelopes passing  local CM  CYK           filter:              72  (0.0007487); expected (0.0001)
Total CM hits reported:                                          0  (0); includes 0 truncated hit(s)

# CPU time: 1.72u 0.02s 00:00:01.74 Elapsed: 00:00:00.18
//
Query:       ohsC_RNA  [CLEN=77]
Accession:   RF02495
Description: Oppression of Hydrophobic ORF by sRNA
Hit scores:
 rank     E-value  score  bias  sequence  start    end   mdl trunc   gc  description
 ----   --------- ------ -----  -------- ------ ------   --- ----- ----  -----------

   [No hits detected that satisfy reporting thresholds]


Hit alignments:

   [No hits detected that satisfy reporting thresholds]


Internal CM pipeline statistics summary:
----------------------------------------
Query model(s):                                                  1  (77 consensus positions)
Target sequences:                                                1  (8327926 residues searched)
Target sequences re-searched for truncated hits:                 1  (384 residues re-searched)
Windows   passing  local HMM SSV           filter:            8427  (0.1182); expected (0.06)
Windows   passing  local HMM Viterbi       filter:            2310  (0.03297); expected (0.02)
Windows   passing  local HMM Viterbi  bias filter:            1898  (0.02706); expected (0.02)
Windows   passing  local HMM Forward       filter:             116  (0.001783); expected (0.0002)
Windows   passing  local HMM Forward  bias filter:              90  (0.001385); expected (0.0002)
Windows   passing glocal HMM Forward       filter:              61  (0.0009809); expected (0.0002)
Windows   passing glocal HMM Forward  bias filter:              60  (0.0009585); expected (0.0002)
Envelopes passing glocal HMM envelope defn filter:              60  (0.0006516); expected (0.0002)
Envelopes passing  local CM  CYK           filter:              23  (0.0002268); expected (0.0001)
Total CM hits reported:                                          0  (0); includes 0 truncated hit(s)

# CPU time: 0.82u 0.00s 00:00:00.82 Elapsed: 00:00:00.09
//
Query:       ToxI  [CLEN=34]
Accession:   RF02519
Description: ToxI antitoxin
Hit scores:
 rank     E-value  score  bias  sequence  start    end   mdl trunc   gc  description
 ----   --------- ------ -----  -------- ------ ------   --- ----- ----  -----------

   [No hits detected that satisfy reporting thresholds]


Hit alignments:

   [No hits detected that satisfy reporting thresholds]


Internal CM pipeline statistics summary:
----------------------------------------
Query model(s):                                                  1  (34 consensus positions)
Target sequences:                                                1  (8327926 residues searched)
Target sequences re-searched for truncated hits:                 1  (192 residues re-searched)
Windows   passing  local HMM SSV           filter:            6989  (0.04955); expected (0.06)
Windows   passing  local HMM Viterbi       filter:            1156  (0.008223); expected (0.02)
Windows   passing  local HMM Viterbi  bias filter:            1039  (0.007381); expected (0.02)
Windows   passing  local HMM Forward       filter:              17  (0.0001262); expected (0.0002)
Windows   passing  local HMM Forward  bias filter:              13  (9.462e-05); expected (0.0002)
Windows   passing glocal HMM Forward       filter:               9  (6.784e-05); expected (0.0002)
Windows   passing glocal HMM Forward  bias filter:               9  (6.784e-05); expected (0.0002)
Envelopes passing glocal HMM envelope defn filter:               9  (4.119e-05); expected (0.0002)
Envelopes passing  local CM  CYK           filter:               6  (2.69e-05); expected (0.0001)
Total CM hits reported:                                          0  (0); includes 0 truncated hit(s)

# CPU time: 0.12u 0.00s 00:00:00.12 Elapsed: 00:00:00.02
//
[ok]
