# cmsearch :: search CM(s) against a sequence database
# INFERNAL 1.1.4 (Dec 2020)
# Copyright (C) 2020 Howard Hughes Medical Institute.
# Freely distributed under the BSD open source license.
# - - - - - - - - - - - - - - - - - - - - - - - - - - - - - - - - - - - -
# query CM file:                         cms/antitoxin.cm
# target sequence database:              genomes/PS-160.fas
# output directed to file:               sequences/PS-160/antitoxin.out
# tabular output of hits:                sequences/PS-160/antitoxin.tblout
# model-specific thresholding:           GA cutoffs
# Rfam pipeline mode:                    on [strict filtering]
# HMM-only mode for 0 basepair models:   no
# number of worker threads:              12
# - - - - - - - - - - - - - - - - - - - - - - - - - - - - - - - - - - - -

Query:       SIB_RNA  [CLEN=147]
Accession:   RF00113
Description: Short Intergenic Abundant RNA
Hit scores:
 rank     E-value  score  bias  sequence  start    end   mdl trunc   gc  description
 ----   --------- ------ -----  -------- ------ ------   --- ----- ----  -----------

   [No hits detected that satisfy reporting thresholds]


Hit alignments:

   [No hits detected that satisfy reporting thresholds]


Internal CM pipeline statistics summary:
----------------------------------------
Query model(s):                                                  1  (147 consensus positions)
Target sequences:                                                1  (8183612 residues searched)
Target sequences re-searched for truncated hits:                 1  (732 residues re-searched)
Windows   passing  local HMM SSV           filter:            5186  (0.1369); expected (0.06)
Windows   passing  local HMM Viterbi       filter:             895  (0.0245); expected (0.02)
Windows   passing  local HMM Viterbi  bias filter:             669  (0.01829); expected (0.02)
Windows   passing  local HMM Forward       filter:              67  (0.001933); expected (0.0002)
Windows   passing  local HMM Forward  bias filter:              49  (0.001419); expected (0.0002)
Windows   passing glocal HMM Forward       filter:              32  (0.0009774); expected (0.0002)
Windows   passing glocal HMM Forward  bias filter:              31  (0.0009517); expected (0.0002)
Envelopes passing glocal HMM envelope defn filter:              32  (0.0006732); expected (0.0002)
Envelopes passing  local CM  CYK           filter:               4  (4.044e-05); expected (0.0001)
Total CM hits reported:                                          0  (0); includes 0 truncated hit(s)

# CPU time: 1.27u 0.10s 00:00:01.37 Elapsed: 00:00:00.22
//
Query:       istR  [CLEN=130]
Accession:   RF01400
Description: istR Hfq binding RNA
Hit scores:
 rank     E-value  score  bias  sequence  start    end   mdl trunc   gc  description
 ----   --------- ------ -----  -------- ------ ------   --- ----- ----  -----------

   [No hits detected that satisfy reporting thresholds]


Hit alignments:

   [No hits detected that satisfy reporting thresholds]


Internal CM pipeline statistics summary:
----------------------------------------
Query model(s):                                                  1  (130 consensus positions)
Target sequences:                                                1  (8183612 residues searched)
Target sequences re-searched for truncated hits:                 1  (648 residues re-searched)
Windows   passing  local HMM SSV           filter:            2686  (0.06285); expected (0.06)
Windows   passing  local HMM Viterbi       filter:             387  (0.009259); expected (0.02)
Windows   passing  local HMM Viterbi  bias filter:             382  (0.009138); expected (0.02)
Windows   passing  local HMM Forward       filter:               9  (0.0002166); expected (0.0002)
Windows   passing  local HMM Forward  bias filter:               9  (0.0002166); expected (0.0002)
Windows   passing glocal HMM Forward       filter:               7  (0.0001731); expected (0.0002)
Windows   passing glocal HMM Forward  bias filter:               7  (0.0001731); expected (0.0002)
Envelopes passing glocal HMM envelope defn filter:               7  (0.0001311); expected (0.0002)
Envelopes passing  local CM  CYK           filter:               0  (0); expected (0.0001)
Total CM hits reported:                                          0  (0); includes 0 truncated hit(s)

# CPU time: 0.34u 0.00s 00:00:00.34 Elapsed: 00:00:00.05
//
Query:       RatA  [CLEN=90]
Accession:   RF01776
Description: RNA anti-toxin A
Hit scores:
 rank     E-value  score  bias  sequence  start    end   mdl trunc   gc  description
 ----   --------- ------ -----  -------- ------ ------   --- ----- ----  -----------

   [No hits detected that satisfy reporting thresholds]


Hit alignments:

   [No hits detected that satisfy reporting thresholds]


Internal CM pipeline statistics summary:
----------------------------------------
Query model(s):                                                  1  (90 consensus positions)
Target sequences:                                                1  (8183612 residues searched)
Target sequences re-searched for truncated hits:                 1  (448 residues re-searched)
Windows   passing  local HMM SSV           filter:            9749  (0.1621); expected (0.06)
Windows   passing  local HMM Viterbi       filter:            1766  (0.03079); expected (0.02)
Windows   passing  local HMM Viterbi  bias filter:            1012  (0.01745); expected (0.02)
Windows   passing  local HMM Forward       filter:              82  (0.00146); expected (0.0002)
Windows   passing  local HMM Forward  bias filter:              40  (0.0007413); expected (0.0002)
Windows   passing glocal HMM Forward       filter:              38  (0.0007249); expected (0.0002)
Windows   passing glocal HMM Forward  bias filter:              37  (0.0006983); expected (0.0002)
Envelopes passing glocal HMM envelope defn filter:              38  (0.0005065); expected (0.0002)
Envelopes passing  local CM  CYK           filter:               7  (8.675e-05); expected (0.0001)
Total CM hits reported:                                          0  (0); includes 0 truncated hit(s)

# CPU time: 0.80u 0.03s 00:00:00.83 Elapsed: 00:00:00.12
//
Query:       sok  [CLEN=157]
Accession:   RF01794
Description: sok antitoxin (CssrC)
Hit scores:
 rank     E-value  score  bias  sequence  start    end   mdl trunc   gc  description
 ----   --------- ------ -----  -------- ------ ------   --- ----- ----  -----------

   [No hits detected that satisfy reporting thresholds]


Hit alignments:

   [No hits detected that satisfy reporting thresholds]


Internal CM pipeline statistics summary:
----------------------------------------
Query model(s):                                                  1  (157 consensus positions)
Target sequences:                                                1  (8183612 residues searched)
Target sequences re-searched for truncated hits:                 1  (1184 residues re-searched)
Windows   passing  local HMM SSV           filter:            2847  (0.117); expected (0.06)
Windows   passing  local HMM Viterbi       filter:             504  (0.02144); expected (0.02)
Windows   passing  local HMM Viterbi  bias filter:             446  (0.01898); expected (0.02)
Windows   passing  local HMM Forward       filter:              21  (0.0008946); expected (0.0002)
Windows   passing  local HMM Forward  bias filter:              21  (0.0008946); expected (0.0002)
Windows   passing glocal HMM Forward       filter:              13  (0.0005867); expected (0.0002)
Windows   passing glocal HMM Forward  bias filter:              13  (0.0005867); expected (0.0002)
Envelopes passing glocal HMM envelope defn filter:              13  (0.000302); expected (0.0002)
Envelopes passing  local CM  CYK           filter:               3  (4.569e-05); expected (0.0001)
Total CM hits reported:                                          0  (0); includes 0 truncated hit(s)

# CPU time: 1.04u 0.04s 00:00:01.08 Elapsed: 00:00:00.29
//
Query:       fstAT  [CLEN=94]
Accession:   RF01797
Description: Fst antitoxin sRNA
Hit scores:
 rank     E-value  score  bias  sequence  start    end   mdl trunc   gc  description
 ----   --------- ------ -----  -------- ------ ------   --- ----- ----  -----------

   [No hits detected that satisfy reporting thresholds]


Hit alignments:

   [No hits detected that satisfy reporting thresholds]


Internal CM pipeline statistics summary:
----------------------------------------
Query model(s):                                                  1  (94 consensus positions)
Target sequences:                                                1  (8183612 residues searched)
Target sequences re-searched for truncated hits:                 1  (496 residues re-searched)
Windows   passing  local HMM SSV           filter:            9298  (0.1708); expected (0.06)
Windows   passing  local HMM Viterbi       filter:            1581  (0.03016); expected (0.02)
Windows   passing  local HMM Viterbi  bias filter:            1226  (0.02338); expected (0.02)
Windows   passing  local HMM Forward       filter:             103  (0.002164); expected (0.0002)
Windows   passing  local HMM Forward  bias filter:              80  (0.001706); expected (0.0002)
Windows   passing glocal HMM Forward       filter:              44  (0.0009419); expected (0.0002)
Windows   passing glocal HMM Forward  bias filter:              43  (0.0009154); expected (0.0002)
Envelopes passing glocal HMM envelope defn filter:              43  (0.0005931); expected (0.0002)
Envelopes passing  local CM  CYK           filter:               9  (0.0001042); expected (0.0001)
Total CM hits reported:                                          0  (0); includes 0 truncated hit(s)

# CPU time: 0.79u 0.02s 00:00:00.81 Elapsed: 00:00:00.10
//
Query:       symR  [CLEN=77]
Accession:   RF01809
Description: SymR antitoxin
Hit scores:
 rank     E-value  score  bias  sequence  start    end   mdl trunc   gc  description
 ----   --------- ------ -----  -------- ------ ------   --- ----- ----  -----------

   [No hits detected that satisfy reporting thresholds]


Hit alignments:

   [No hits detected that satisfy reporting thresholds]


Internal CM pipeline statistics summary:
----------------------------------------
Query model(s):                                                  1  (77 consensus positions)
Target sequences:                                                1  (8183612 residues searched)
Target sequences re-searched for truncated hits:                 1  (384 residues re-searched)
Windows   passing  local HMM SSV           filter:            6805  (0.09685); expected (0.06)
Windows   passing  local HMM Viterbi       filter:            1597  (0.02315); expected (0.02)
Windows   passing  local HMM Viterbi  bias filter:            1490  (0.0216); expected (0.02)
Windows   passing  local HMM Forward       filter:              38  (0.0005943); expected (0.0002)
Windows   passing  local HMM Forward  bias filter:              32  (0.0004874); expected (0.0002)
Windows   passing glocal HMM Forward       filter:              20  (0.0002919); expected (0.0002)
Windows   passing glocal HMM Forward  bias filter:              20  (0.0002919); expected (0.0002)
Envelopes passing glocal HMM envelope defn filter:              20  (0.000237); expected (0.0002)
Envelopes passing  local CM  CYK           filter:               1  (4.032e-06); expected (0.0001)
Total CM hits reported:                                          0  (0); includes 0 truncated hit(s)

# CPU time: 0.33u 0.01s 00:00:00.34 Elapsed: 00:00:00.04
//
Query:       PtaRNA1  [CLEN=72]
Accession:   RF01811
Description: Plasmid transferred anti-sense RNA
Hit scores:
 rank     E-value  score  bias  sequence  start    end   mdl trunc   gc  description
 ----   --------- ------ -----  -------- ------ ------   --- ----- ----  -----------

   [No hits detected that satisfy reporting thresholds]


Hit alignments:

   [No hits detected that satisfy reporting thresholds]


Internal CM pipeline statistics summary:
----------------------------------------
Query model(s):                                                  1  (72 consensus positions)
Target sequences:                                                1  (8183612 residues searched)
Target sequences re-searched for truncated hits:                 1  (360 residues re-searched)
Windows   passing  local HMM SSV           filter:            4609  (0.06153); expected (0.06)
Windows   passing  local HMM Viterbi       filter:            1290  (0.0174); expected (0.02)
Windows   passing  local HMM Viterbi  bias filter:            1212  (0.01634); expected (0.02)
Windows   passing  local HMM Forward       filter:              15  (0.0002217); expected (0.0002)
Windows   passing  local HMM Forward  bias filter:              13  (0.000195); expected (0.0002)
Windows   passing glocal HMM Forward       filter:               6  (8.003e-05); expected (0.0002)
Windows   passing glocal HMM Forward  bias filter:               6  (8.003e-05); expected (0.0002)
Envelopes passing glocal HMM envelope defn filter:               6  (5.877e-05); expected (0.0002)
Envelopes passing  local CM  CYK           filter:               2  (1.698e-05); expected (0.0001)
Total CM hits reported:                                          0  (0); includes 0 truncated hit(s)

# CPU time: 0.21u 0.00s 00:00:00.21 Elapsed: 00:00:00.04
//
Query:       rdlD  [CLEN=66]
Accession:   RF01813
Description: rdlD antitoxin
Hit scores:
 rank     E-value  score  bias  sequence  start    end   mdl trunc   gc  description
 ----   --------- ------ -----  -------- ------ ------   --- ----- ----  -----------

   [No hits detected that satisfy reporting thresholds]


Hit alignments:

   [No hits detected that satisfy reporting thresholds]


Internal CM pipeline statistics summary:
----------------------------------------
Query model(s):                                                  1  (66 consensus positions)
Target sequences:                                                1  (8183612 residues searched)
Target sequences re-searched for truncated hits:                 1  (328 residues re-searched)
Windows   passing  local HMM SSV           filter:            4847  (0.05928); expected (0.06)
Windows   passing  local HMM Viterbi       filter:            1248  (0.0154); expected (0.02)
Windows   passing  local HMM Viterbi  bias filter:            1105  (0.01362); expected (0.02)
Windows   passing  local HMM Forward       filter:              22  (0.0002895); expected (0.0002)
Windows   passing  local HMM Forward  bias filter:              19  (0.0002451); expected (0.0002)
Windows   passing glocal HMM Forward       filter:               7  (0.0001014); expected (0.0002)
Windows   passing glocal HMM Forward  bias filter:               7  (0.0001014); expected (0.0002)
Envelopes passing glocal HMM envelope defn filter:               6  (5.633e-05); expected (0.0002)
Envelopes passing  local CM  CYK           filter:               2  (1.527e-05); expected (0.0001)
Total CM hits reported:                                          0  (0); includes 0 truncated hit(s)

# CPU time: 0.22u 0.00s 00:00:00.22 Elapsed: 00:00:00.03
//
Query:       OrzO-P  [CLEN=76]
Accession:   RF02083
Description: OrzO-P RNA antitoxin family
Hit scores:
 rank     E-value  score  bias  sequence  start    end   mdl trunc   gc  description
 ----   --------- ------ -----  -------- ------ ------   --- ----- ----  -----------

   [No hits detected that satisfy reporting thresholds]


Hit alignments:

   [No hits detected that satisfy reporting thresholds]


Internal CM pipeline statistics summary:
----------------------------------------
Query model(s):                                                  1  (76 consensus positions)
Target sequences:                                                1  (8183612 residues searched)
Target sequences re-searched for truncated hits:                 1  (380 residues re-searched)
Windows   passing  local HMM SSV           filter:            9231  (0.1302); expected (0.06)
Windows   passing  local HMM Viterbi       filter:            2821  (0.04093); expected (0.02)
Windows   passing  local HMM Viterbi  bias filter:            2277  (0.03313); expected (0.02)
Windows   passing  local HMM Forward       filter:             150  (0.002452); expected (0.0002)
Windows   passing  local HMM Forward  bias filter:             129  (0.002098); expected (0.0002)
Windows   passing glocal HMM Forward       filter:             101  (0.001697); expected (0.0002)
Windows   passing glocal HMM Forward  bias filter:              96  (0.001597); expected (0.0002)
Envelopes passing glocal HMM envelope defn filter:              95  (0.001079); expected (0.0002)
Envelopes passing  local CM  CYK           filter:              69  (0.0006877); expected (0.0001)
Total CM hits reported:                                          0  (0); includes 0 truncated hit(s)

# CPU time: 1.63u 0.02s 00:00:01.65 Elapsed: 00:00:00.20
//
Query:       ohsC_RNA  [CLEN=77]
Accession:   RF02495
Description: Oppression of Hydrophobic ORF by sRNA
Hit scores:
 rank     E-value  score  bias  sequence  start    end   mdl trunc   gc  description
 ----   --------- ------ -----  -------- ------ ------   --- ----- ----  -----------

   [No hits detected that satisfy reporting thresholds]


Hit alignments:

   [No hits detected that satisfy reporting thresholds]


Internal CM pipeline statistics summary:
----------------------------------------
Query model(s):                                                  1  (77 consensus positions)
Target sequences:                                                1  (8183612 residues searched)
Target sequences re-searched for truncated hits:                 1  (384 residues re-searched)
Windows   passing  local HMM SSV           filter:            8348  (0.1191); expected (0.06)
Windows   passing  local HMM Viterbi       filter:            2269  (0.03311); expected (0.02)
Windows   passing  local HMM Viterbi  bias filter:            1846  (0.02696); expected (0.02)
Windows   passing  local HMM Forward       filter:             110  (0.001726); expected (0.0002)
Windows   passing  local HMM Forward  bias filter:              86  (0.001345); expected (0.0002)
Windows   passing glocal HMM Forward       filter:              56  (0.0009147); expected (0.0002)
Windows   passing glocal HMM Forward  bias filter:              54  (0.0008781); expected (0.0002)
Envelopes passing glocal HMM envelope defn filter:              54  (0.0006105); expected (0.0002)
Envelopes passing  local CM  CYK           filter:              21  (0.0002188); expected (0.0001)
Total CM hits reported:                                          0  (0); includes 0 truncated hit(s)

# CPU time: 0.77u 0.01s 00:00:00.78 Elapsed: 00:00:00.09
//
Query:       ToxI  [CLEN=34]
Accession:   RF02519
Description: ToxI antitoxin
Hit scores:
 rank     E-value  score  bias  sequence  start    end   mdl trunc   gc  description
 ----   --------- ------ -----  -------- ------ ------   --- ----- ----  -----------

   [No hits detected that satisfy reporting thresholds]


Hit alignments:

   [No hits detected that satisfy reporting thresholds]


Internal CM pipeline statistics summary:
----------------------------------------
Query model(s):                                                  1  (34 consensus positions)
Target sequences:                                                1  (8183612 residues searched)
Target sequences re-searched for truncated hits:                 1  (192 residues re-searched)
Windows   passing  local HMM SSV           filter:            6958  (0.05015); expected (0.06)
Windows   passing  local HMM Viterbi       filter:            1142  (0.008266); expected (0.02)
Windows   passing  local HMM Viterbi  bias filter:            1017  (0.007357); expected (0.02)
Windows   passing  local HMM Forward       filter:              13  (0.0001052); expected (0.0002)
Windows   passing  local HMM Forward  bias filter:               9  (7.319e-05); expected (0.0002)
Windows   passing glocal HMM Forward       filter:               5  (4.106e-05); expected (0.0002)
Windows   passing glocal HMM Forward  bias filter:               5  (4.106e-05); expected (0.0002)
Envelopes passing glocal HMM envelope defn filter:               5  (2.468e-05); expected (0.0002)
Envelopes passing  local CM  CYK           filter:               2  (8.187e-06); expected (0.0001)
Total CM hits reported:                                          0  (0); includes 0 truncated hit(s)

# CPU time: 0.12u 0.01s 00:00:00.13 Elapsed: 00:00:00.02
//
[ok]
