# cmsearch :: search CM(s) against a sequence database
# INFERNAL 1.1.4 (Dec 2020)
# Copyright (C) 2020 Howard Hughes Medical Institute.
# Freely distributed under the BSD open source license.
# - - - - - - - - - - - - - - - - - - - - - - - - - - - - - - - - - - - -
# query CM file:                         cms/antitoxin.cm
# target sequence database:              genomes/PS-52.fas
# output directed to file:               sequences/PS-52/antitoxin.out
# tabular output of hits:                sequences/PS-52/antitoxin.tblout
# model-specific thresholding:           GA cutoffs
# Rfam pipeline mode:                    on [strict filtering]
# HMM-only mode for 0 basepair models:   no
# number of worker threads:              12
# - - - - - - - - - - - - - - - - - - - - - - - - - - - - - - - - - - - -

Query:       SIB_RNA  [CLEN=147]
Accession:   RF00113
Description: Short Intergenic Abundant RNA
Hit scores:
 rank     E-value  score  bias  sequence  start    end   mdl trunc   gc  description
 ----   --------- ------ -----  -------- ------ ------   --- ----- ----  -----------

   [No hits detected that satisfy reporting thresholds]


Hit alignments:

   [No hits detected that satisfy reporting thresholds]


Internal CM pipeline statistics summary:
----------------------------------------
Query model(s):                                                  1  (147 consensus positions)
Target sequences:                                                1  (8327886 residues searched)
Target sequences re-searched for truncated hits:                 1  (732 residues re-searched)
Windows   passing  local HMM SSV           filter:            5245  (0.136); expected (0.06)
Windows   passing  local HMM Viterbi       filter:             920  (0.02468); expected (0.02)
Windows   passing  local HMM Viterbi  bias filter:             696  (0.01867); expected (0.02)
Windows   passing  local HMM Forward       filter:              73  (0.002018); expected (0.0002)
Windows   passing  local HMM Forward  bias filter:              54  (0.001477); expected (0.0002)
Windows   passing glocal HMM Forward       filter:              35  (0.000999); expected (0.0002)
Windows   passing glocal HMM Forward  bias filter:              34  (0.0009738); expected (0.0002)
Envelopes passing glocal HMM envelope defn filter:              35  (0.0007233); expected (0.0002)
Envelopes passing  local CM  CYK           filter:               5  (6.232e-05); expected (0.0001)
Total CM hits reported:                                          0  (0); includes 0 truncated hit(s)

# CPU time: 1.47u 0.12s 00:00:01.59 Elapsed: 00:00:00.24
//
Query:       istR  [CLEN=130]
Accession:   RF01400
Description: istR Hfq binding RNA
Hit scores:
 rank     E-value  score  bias  sequence  start    end   mdl trunc   gc  description
 ----   --------- ------ -----  -------- ------ ------   --- ----- ----  -----------

   [No hits detected that satisfy reporting thresholds]


Hit alignments:

   [No hits detected that satisfy reporting thresholds]


Internal CM pipeline statistics summary:
----------------------------------------
Query model(s):                                                  1  (130 consensus positions)
Target sequences:                                                1  (8327886 residues searched)
Target sequences re-searched for truncated hits:                 1  (648 residues re-searched)
Windows   passing  local HMM SSV           filter:            2777  (0.06381); expected (0.06)
Windows   passing  local HMM Viterbi       filter:             412  (0.009692); expected (0.02)
Windows   passing  local HMM Viterbi  bias filter:             404  (0.009501); expected (0.02)
Windows   passing  local HMM Forward       filter:               8  (0.0002068); expected (0.0002)
Windows   passing  local HMM Forward  bias filter:               8  (0.0002068); expected (0.0002)
Windows   passing glocal HMM Forward       filter:               7  (0.0001712); expected (0.0002)
Windows   passing glocal HMM Forward  bias filter:               7  (0.0001712); expected (0.0002)
Envelopes passing glocal HMM envelope defn filter:               5  (9.281e-05); expected (0.0002)
Envelopes passing  local CM  CYK           filter:               0  (0); expected (0.0001)
Total CM hits reported:                                          0  (0); includes 0 truncated hit(s)

# CPU time: 0.33u 0.02s 00:00:00.35 Elapsed: 00:00:00.05
//
Query:       RatA  [CLEN=90]
Accession:   RF01776
Description: RNA anti-toxin A
Hit scores:
 rank     E-value  score  bias  sequence  start    end   mdl trunc   gc  description
 ----   --------- ------ -----  -------- ------ ------   --- ----- ----  -----------

   [No hits detected that satisfy reporting thresholds]


Hit alignments:

   [No hits detected that satisfy reporting thresholds]


Internal CM pipeline statistics summary:
----------------------------------------
Query model(s):                                                  1  (90 consensus positions)
Target sequences:                                                1  (8327886 residues searched)
Target sequences re-searched for truncated hits:                 1  (448 residues re-searched)
Windows   passing  local HMM SSV           filter:            9987  (0.1633); expected (0.06)
Windows   passing  local HMM Viterbi       filter:            1799  (0.03072); expected (0.02)
Windows   passing  local HMM Viterbi  bias filter:            1040  (0.01762); expected (0.02)
Windows   passing  local HMM Forward       filter:              78  (0.001379); expected (0.0002)
Windows   passing  local HMM Forward  bias filter:              46  (0.0007955); expected (0.0002)
Windows   passing glocal HMM Forward       filter:              41  (0.000748); expected (0.0002)
Windows   passing glocal HMM Forward  bias filter:              40  (0.0007323); expected (0.0002)
Envelopes passing glocal HMM envelope defn filter:              41  (0.000532); expected (0.0002)
Envelopes passing  local CM  CYK           filter:               6  (6.664e-05); expected (0.0001)
Total CM hits reported:                                          0  (0); includes 0 truncated hit(s)

# CPU time: 0.78u 0.03s 00:00:00.81 Elapsed: 00:00:00.12
//
Query:       sok  [CLEN=157]
Accession:   RF01794
Description: sok antitoxin (CssrC)
Hit scores:
 rank     E-value  score  bias  sequence  start    end   mdl trunc   gc  description
 ----   --------- ------ -----  -------- ------ ------   --- ----- ----  -----------

   [No hits detected that satisfy reporting thresholds]


Hit alignments:

   [No hits detected that satisfy reporting thresholds]


Internal CM pipeline statistics summary:
----------------------------------------
Query model(s):                                                  1  (157 consensus positions)
Target sequences:                                                1  (8327886 residues searched)
Target sequences re-searched for truncated hits:                 1  (1184 residues re-searched)
Windows   passing  local HMM SSV           filter:            2836  (0.1146); expected (0.06)
Windows   passing  local HMM Viterbi       filter:             503  (0.02101); expected (0.02)
Windows   passing  local HMM Viterbi  bias filter:             454  (0.01897); expected (0.02)
Windows   passing  local HMM Forward       filter:              20  (0.0008981); expected (0.0002)
Windows   passing  local HMM Forward  bias filter:              19  (0.0008569); expected (0.0002)
Windows   passing glocal HMM Forward       filter:              14  (0.000609); expected (0.0002)
Windows   passing glocal HMM Forward  bias filter:              14  (0.000609); expected (0.0002)
Envelopes passing glocal HMM envelope defn filter:              14  (0.0003476); expected (0.0002)
Envelopes passing  local CM  CYK           filter:               1  (3.002e-06); expected (0.0001)
Total CM hits reported:                                          0  (0); includes 0 truncated hit(s)

# CPU time: 0.92u 0.11s 00:00:01.03 Elapsed: 00:00:00.15
//
Query:       fstAT  [CLEN=94]
Accession:   RF01797
Description: Fst antitoxin sRNA
Hit scores:
 rank     E-value  score  bias  sequence  start    end   mdl trunc   gc  description
 ----   --------- ------ -----  -------- ------ ------   --- ----- ----  -----------

   [No hits detected that satisfy reporting thresholds]


Hit alignments:

   [No hits detected that satisfy reporting thresholds]


Internal CM pipeline statistics summary:
----------------------------------------
Query model(s):                                                  1  (94 consensus positions)
Target sequences:                                                1  (8327886 residues searched)
Target sequences re-searched for truncated hits:                 1  (496 residues re-searched)
Windows   passing  local HMM SSV           filter:            9468  (0.1708); expected (0.06)
Windows   passing  local HMM Viterbi       filter:            1630  (0.03053); expected (0.02)
Windows   passing  local HMM Viterbi  bias filter:            1268  (0.02372); expected (0.02)
Windows   passing  local HMM Forward       filter:             109  (0.00227); expected (0.0002)
Windows   passing  local HMM Forward  bias filter:              76  (0.001653); expected (0.0002)
Windows   passing glocal HMM Forward       filter:              44  (0.0009816); expected (0.0002)
Windows   passing glocal HMM Forward  bias filter:              38  (0.0008322); expected (0.0002)
Envelopes passing glocal HMM envelope defn filter:              38  (0.0005382); expected (0.0002)
Envelopes passing  local CM  CYK           filter:              10  (0.0001188); expected (0.0001)
Total CM hits reported:                                          0  (0); includes 0 truncated hit(s)

# CPU time: 0.86u 0.03s 00:00:00.89 Elapsed: 00:00:00.14
//
Query:       symR  [CLEN=77]
Accession:   RF01809
Description: SymR antitoxin
Hit scores:
 rank     E-value  score  bias  sequence  start    end   mdl trunc   gc  description
 ----   --------- ------ -----  -------- ------ ------   --- ----- ----  -----------

   [No hits detected that satisfy reporting thresholds]


Hit alignments:

   [No hits detected that satisfy reporting thresholds]


Internal CM pipeline statistics summary:
----------------------------------------
Query model(s):                                                  1  (77 consensus positions)
Target sequences:                                                1  (8327886 residues searched)
Target sequences re-searched for truncated hits:                 1  (384 residues re-searched)
Windows   passing  local HMM SSV           filter:            6867  (0.09594); expected (0.06)
Windows   passing  local HMM Viterbi       filter:            1623  (0.02317); expected (0.02)
Windows   passing  local HMM Viterbi  bias filter:            1512  (0.02158); expected (0.02)
Windows   passing  local HMM Forward       filter:              44  (0.0006794); expected (0.0002)
Windows   passing  local HMM Forward  bias filter:              39  (0.0005966); expected (0.0002)
Windows   passing glocal HMM Forward       filter:              24  (0.0003684); expected (0.0002)
Windows   passing glocal HMM Forward  bias filter:              23  (0.0003497); expected (0.0002)
Envelopes passing glocal HMM envelope defn filter:              22  (0.0002499); expected (0.0002)
Envelopes passing  local CM  CYK           filter:               2  (1.285e-05); expected (0.0001)
Total CM hits reported:                                          0  (0); includes 0 truncated hit(s)

# CPU time: 0.33u 0.00s 00:00:00.33 Elapsed: 00:00:00.04
//
Query:       PtaRNA1  [CLEN=72]
Accession:   RF01811
Description: Plasmid transferred anti-sense RNA
Hit scores:
 rank     E-value  score  bias  sequence  start    end   mdl trunc   gc  description
 ----   --------- ------ -----  -------- ------ ------   --- ----- ----  -----------

   [No hits detected that satisfy reporting thresholds]


Hit alignments:

   [No hits detected that satisfy reporting thresholds]


Internal CM pipeline statistics summary:
----------------------------------------
Query model(s):                                                  1  (72 consensus positions)
Target sequences:                                                1  (8327886 residues searched)
Target sequences re-searched for truncated hits:                 1  (360 residues re-searched)
Windows   passing  local HMM SSV           filter:            4703  (0.0616); expected (0.06)
Windows   passing  local HMM Viterbi       filter:            1320  (0.0175); expected (0.02)
Windows   passing  local HMM Viterbi  bias filter:            1241  (0.01646); expected (0.02)
Windows   passing  local HMM Forward       filter:              18  (0.0002558); expected (0.0002)
Windows   passing  local HMM Forward  bias filter:              16  (0.0002298); expected (0.0002)
Windows   passing glocal HMM Forward       filter:               9  (0.000117); expected (0.0002)
Windows   passing glocal HMM Forward  bias filter:               9  (0.000117); expected (0.0002)
Envelopes passing glocal HMM envelope defn filter:               9  (8.933e-05); expected (0.0002)
Envelopes passing  local CM  CYK           filter:               3  (2.522e-05); expected (0.0001)
Total CM hits reported:                                          0  (0); includes 0 truncated hit(s)

# CPU time: 0.24u 0.00s 00:00:00.24 Elapsed: 00:00:00.03
//
Query:       rdlD  [CLEN=66]
Accession:   RF01813
Description: rdlD antitoxin
Hit scores:
 rank     E-value  score  bias  sequence  start    end   mdl trunc   gc  description
 ----   --------- ------ -----  -------- ------ ------   --- ----- ----  -----------

   [No hits detected that satisfy reporting thresholds]


Hit alignments:

   [No hits detected that satisfy reporting thresholds]


Internal CM pipeline statistics summary:
----------------------------------------
Query model(s):                                                  1  (66 consensus positions)
Target sequences:                                                1  (8327886 residues searched)
Target sequences re-searched for truncated hits:                 1  (328 residues re-searched)
Windows   passing  local HMM SSV           filter:            4972  (0.05966); expected (0.06)
Windows   passing  local HMM Viterbi       filter:            1257  (0.01523); expected (0.02)
Windows   passing  local HMM Viterbi  bias filter:            1116  (0.01351); expected (0.02)
Windows   passing  local HMM Forward       filter:              29  (0.0003721); expected (0.0002)
Windows   passing  local HMM Forward  bias filter:              25  (0.0003169); expected (0.0002)
Windows   passing glocal HMM Forward       filter:              10  (0.0001326); expected (0.0002)
Windows   passing glocal HMM Forward  bias filter:              10  (0.0001326); expected (0.0002)
Envelopes passing glocal HMM envelope defn filter:              10  (8.994e-05); expected (0.0002)
Envelopes passing  local CM  CYK           filter:               4  (2.918e-05); expected (0.0001)
Total CM hits reported:                                          0  (0); includes 0 truncated hit(s)

# CPU time: 0.23u 0.01s 00:00:00.24 Elapsed: 00:00:00.04
//
Query:       OrzO-P  [CLEN=76]
Accession:   RF02083
Description: OrzO-P RNA antitoxin family
Hit scores:
 rank     E-value  score  bias  sequence  start    end   mdl trunc   gc  description
 ----   --------- ------ -----  -------- ------ ------   --- ----- ----  -----------

   [No hits detected that satisfy reporting thresholds]


Hit alignments:

   [No hits detected that satisfy reporting thresholds]


Internal CM pipeline statistics summary:
----------------------------------------
Query model(s):                                                  1  (76 consensus positions)
Target sequences:                                                1  (8327886 residues searched)
Target sequences re-searched for truncated hits:                 1  (380 residues re-searched)
Windows   passing  local HMM SSV           filter:            9284  (0.1287); expected (0.06)
Windows   passing  local HMM Viterbi       filter:            2882  (0.04107); expected (0.02)
Windows   passing  local HMM Viterbi  bias filter:            2352  (0.03357); expected (0.02)
Windows   passing  local HMM Forward       filter:             166  (0.002611); expected (0.0002)
Windows   passing  local HMM Forward  bias filter:             132  (0.002075); expected (0.0002)
Windows   passing glocal HMM Forward       filter:             102  (0.001631); expected (0.0002)
Windows   passing glocal HMM Forward  bias filter:              99  (0.001577); expected (0.0002)
Envelopes passing glocal HMM envelope defn filter:              98  (0.001103); expected (0.0002)
Envelopes passing  local CM  CYK           filter:              72  (0.0007487); expected (0.0001)
Total CM hits reported:                                          0  (0); includes 0 truncated hit(s)

# CPU time: 1.80u 0.03s 00:00:01.83 Elapsed: 00:00:00.22
//
Query:       ohsC_RNA  [CLEN=77]
Accession:   RF02495
Description: Oppression of Hydrophobic ORF by sRNA
Hit scores:
 rank     E-value  score  bias  sequence  start    end   mdl trunc   gc  description
 ----   --------- ------ -----  -------- ------ ------   --- ----- ----  -----------

   [No hits detected that satisfy reporting thresholds]


Hit alignments:

   [No hits detected that satisfy reporting thresholds]


Internal CM pipeline statistics summary:
----------------------------------------
Query model(s):                                                  1  (77 consensus positions)
Target sequences:                                                1  (8327886 residues searched)
Target sequences re-searched for truncated hits:                 1  (384 residues re-searched)
Windows   passing  local HMM SSV           filter:            8428  (0.1182); expected (0.06)
Windows   passing  local HMM Viterbi       filter:            2311  (0.03299); expected (0.02)
Windows   passing  local HMM Viterbi  bias filter:            1899  (0.02708); expected (0.02)
Windows   passing  local HMM Forward       filter:             116  (0.001783); expected (0.0002)
Windows   passing  local HMM Forward  bias filter:              90  (0.001385); expected (0.0002)
Windows   passing glocal HMM Forward       filter:              61  (0.0009809); expected (0.0002)
Windows   passing glocal HMM Forward  bias filter:              60  (0.0009585); expected (0.0002)
Envelopes passing glocal HMM envelope defn filter:              60  (0.0006516); expected (0.0002)
Envelopes passing  local CM  CYK           filter:              23  (0.0002268); expected (0.0001)
Total CM hits reported:                                          0  (0); includes 0 truncated hit(s)

# CPU time: 0.86u 0.01s 00:00:00.87 Elapsed: 00:00:00.10
//
Query:       ToxI  [CLEN=34]
Accession:   RF02519
Description: ToxI antitoxin
Hit scores:
 rank     E-value  score  bias  sequence  start    end   mdl trunc   gc  description
 ----   --------- ------ -----  -------- ------ ------   --- ----- ----  -----------

   [No hits detected that satisfy reporting thresholds]


Hit alignments:

   [No hits detected that satisfy reporting thresholds]


Internal CM pipeline statistics summary:
----------------------------------------
Query model(s):                                                  1  (34 consensus positions)
Target sequences:                                                1  (8327886 residues searched)
Target sequences re-searched for truncated hits:                 1  (192 residues re-searched)
Windows   passing  local HMM SSV           filter:            6990  (0.04956); expected (0.06)
Windows   passing  local HMM Viterbi       filter:            1156  (0.008223); expected (0.02)
Windows   passing  local HMM Viterbi  bias filter:            1039  (0.007381); expected (0.02)
Windows   passing  local HMM Forward       filter:              17  (0.0001262); expected (0.0002)
Windows   passing  local HMM Forward  bias filter:              13  (9.462e-05); expected (0.0002)
Windows   passing glocal HMM Forward       filter:               9  (6.784e-05); expected (0.0002)
Windows   passing glocal HMM Forward  bias filter:               9  (6.784e-05); expected (0.0002)
Envelopes passing glocal HMM envelope defn filter:               9  (4.119e-05); expected (0.0002)
Envelopes passing  local CM  CYK           filter:               6  (2.69e-05); expected (0.0001)
Total CM hits reported:                                          0  (0); includes 0 truncated hit(s)

# CPU time: 0.13u 0.01s 00:00:00.14 Elapsed: 00:00:00.03
//
[ok]
