# cmsearch :: search CM(s) against a sequence database
# INFERNAL 1.1.4 (Dec 2020)
# Copyright (C) 2020 Howard Hughes Medical Institute.
# Freely distributed under the BSD open source license.
# - - - - - - - - - - - - - - - - - - - - - - - - - - - - - - - - - - - -
# query CM file:                         cms/Intron.cm
# target sequence database:              genomes/PS-52.fas
# output directed to file:               sequences/PS-52/Intron.out
# tabular output of hits:                sequences/PS-52/Intron.tblout
# model-specific thresholding:           GA cutoffs
# Rfam pipeline mode:                    on [strict filtering]
# HMM-only mode for 0 basepair models:   no
# number of worker threads:              12
# - - - - - - - - - - - - - - - - - - - - - - - - - - - - - - - - - - - -

Query:       Intron_gpI  [CLEN=251]
Accession:   RF00028
Description: Group I catalytic intron
Hit scores:
 rank     E-value  score  bias  sequence  start    end   mdl trunc   gc  description
 ----   --------- ------ -----  -------- ------ ------   --- ----- ----  -----------

   [No hits detected that satisfy reporting thresholds]


Hit alignments:

   [No hits detected that satisfy reporting thresholds]


Internal CM pipeline statistics summary:
----------------------------------------
Query model(s):                                                  1  (251 consensus positions)
Target sequences:                                                1  (8327886 residues searched)
Target sequences re-searched for truncated hits:                 1  (5324 residues re-searched)
Windows   passing  local HMM SSV           filter:            1457  (0.2654); expected (0.06)
Windows   passing  local HMM Viterbi       filter:              99  (0.01955); expected (0.02)
Windows   passing  local HMM Viterbi  bias filter:              26  (0.004828); expected (0.02)
Windows   passing  local HMM Forward       filter:               7  (0.001507); expected (0.0002)
Windows   passing  local HMM Forward  bias filter:               4  (0.0009281); expected (0.0002)
Windows   passing glocal HMM Forward       filter:               4  (0.0009281); expected (0.0002)
Windows   passing glocal HMM Forward  bias filter:               4  (0.0009281); expected (0.0002)
Envelopes passing glocal HMM envelope defn filter:               4  (0.000278); expected (0.0002)
Envelopes passing  local CM  CYK           filter:               1  (7.32e-06); expected (0.0001)
Total CM hits reported:                                          0  (0); includes 0 truncated hit(s)

# CPU time: 2.44u 0.20s 00:00:02.64 Elapsed: 00:00:00.89
//
Query:       Intron_gpII  [CLEN=93]
Accession:   RF00029
Description: Group II catalytic intron
Hit scores:
 rank     E-value  score  bias  sequence  start    end   mdl trunc   gc  description
 ----   --------- ------ -----  -------- ------ ------   --- ----- ----  -----------

   [No hits detected that satisfy reporting thresholds]


Hit alignments:

   [No hits detected that satisfy reporting thresholds]


Internal CM pipeline statistics summary:
----------------------------------------
Query model(s):                                                  1  (93 consensus positions)
Target sequences:                                                1  (8327886 residues searched)
Target sequences re-searched for truncated hits:                 1  (2048 residues re-searched)
Windows   passing  local HMM SSV           filter:            1095  (0.06715); expected (0.06)
Windows   passing  local HMM Viterbi       filter:             206  (0.01417); expected (0.02)
Windows   passing  local HMM Viterbi  bias filter:             202  (0.01391); expected (0.02)
Windows   passing  local HMM Forward       filter:               0  (0); expected (0.0002)
Windows   passing  local HMM Forward  bias filter:               0  (0); expected (0.0002)
Windows   passing glocal HMM Forward       filter:               0  (0); expected (0.0002)
Windows   passing glocal HMM Forward  bias filter:               0  (0); expected (0.0002)
Envelopes passing glocal HMM envelope defn filter:               0  (0); expected (0.0002)
Envelopes passing  local CM  CYK           filter:               0  (0); expected (0.0001)
Total CM hits reported:                                          0  (0); includes 0 truncated hit(s)

# CPU time: 0.19u 0.00s 00:00:00.19 Elapsed: 00:00:00.02
//
Query:       group-II-D1D4-1  [CLEN=84]
Accession:   RF01998
Description: Group II catalytic intron D1-D4-1
Hit scores:
 rank     E-value  score  bias  sequence  start    end   mdl trunc   gc  description
 ----   --------- ------ -----  -------- ------ ------   --- ----- ----  -----------

   [No hits detected that satisfy reporting thresholds]


Hit alignments:

   [No hits detected that satisfy reporting thresholds]


Internal CM pipeline statistics summary:
----------------------------------------
Query model(s):                                                  1  (84 consensus positions)
Target sequences:                                                1  (8327886 residues searched)
Target sequences re-searched for truncated hits:                 1  (756 residues re-searched)
Windows   passing  local HMM SSV           filter:            3296  (0.08568); expected (0.06)
Windows   passing  local HMM Viterbi       filter:             757  (0.02034); expected (0.02)
Windows   passing  local HMM Viterbi  bias filter:             678  (0.01814); expected (0.02)
Windows   passing  local HMM Forward       filter:               6  (0.0001536); expected (0.0002)
Windows   passing  local HMM Forward  bias filter:               4  (9.858e-05); expected (0.0002)
Windows   passing glocal HMM Forward       filter:               3  (7.324e-05); expected (0.0002)
Windows   passing glocal HMM Forward  bias filter:               3  (7.324e-05); expected (0.0002)
Envelopes passing glocal HMM envelope defn filter:               3  (4.43e-05); expected (0.0002)
Envelopes passing  local CM  CYK           filter:               1  (3.122e-06); expected (0.0001)
Total CM hits reported:                                          0  (0); includes 0 truncated hit(s)

# CPU time: 0.24u 0.00s 00:00:00.24 Elapsed: 00:00:00.03
//
Query:       group-II-D1D4-2  [CLEN=118]
Accession:   RF01999
Description: Group II catalytic intron D1-D4-2
Hit scores:
 rank     E-value  score  bias  sequence  start    end   mdl trunc   gc  description
 ----   --------- ------ -----  -------- ------ ------   --- ----- ----  -----------

   [No hits detected that satisfy reporting thresholds]


Hit alignments:

   [No hits detected that satisfy reporting thresholds]


Internal CM pipeline statistics summary:
----------------------------------------
Query model(s):                                                  1  (118 consensus positions)
Target sequences:                                                1  (8327886 residues searched)
Target sequences re-searched for truncated hits:                 1  (632 residues re-searched)
Windows   passing  local HMM SSV           filter:            3674  (0.08306); expected (0.06)
Windows   passing  local HMM Viterbi       filter:             643  (0.01456); expected (0.02)
Windows   passing  local HMM Viterbi  bias filter:             614  (0.01389); expected (0.02)
Windows   passing  local HMM Forward       filter:              17  (0.000421); expected (0.0002)
Windows   passing  local HMM Forward  bias filter:              14  (0.000345); expected (0.0002)
Windows   passing glocal HMM Forward       filter:              12  (0.0002691); expected (0.0002)
Windows   passing glocal HMM Forward  bias filter:              12  (0.0002691); expected (0.0002)
Envelopes passing glocal HMM envelope defn filter:              12  (0.0001904); expected (0.0002)
Envelopes passing  local CM  CYK           filter:               0  (0); expected (0.0001)
Total CM hits reported:                                          0  (0); includes 0 truncated hit(s)

# CPU time: 0.39u 0.01s 00:00:00.40 Elapsed: 00:00:00.05
//
Query:       group-II-D1D4-3  [CLEN=171]
Accession:   RF02001
Description: Group II catalytic intron D1-D4-3
Hit scores:
 rank     E-value  score  bias  sequence  start    end   mdl trunc   gc  description
 ----   --------- ------ -----  -------- ------ ------   --- ----- ----  -----------

   [No hits detected that satisfy reporting thresholds]


Hit alignments:

   [No hits detected that satisfy reporting thresholds]


Internal CM pipeline statistics summary:
----------------------------------------
Query model(s):                                                  1  (171 consensus positions)
Target sequences:                                                1  (8327886 residues searched)
Target sequences re-searched for truncated hits:                 1  (1268 residues re-searched)
Windows   passing  local HMM SSV           filter:            2578  (0.1118); expected (0.06)
Windows   passing  local HMM Viterbi       filter:             643  (0.02921); expected (0.02)
Windows   passing  local HMM Viterbi  bias filter:             384  (0.01749); expected (0.02)
Windows   passing  local HMM Forward       filter:              26  (0.001332); expected (0.0002)
Windows   passing  local HMM Forward  bias filter:              17  (0.0008341); expected (0.0002)
Windows   passing glocal HMM Forward       filter:              16  (0.0007947); expected (0.0002)
Windows   passing glocal HMM Forward  bias filter:              14  (0.0007019); expected (0.0002)
Envelopes passing glocal HMM envelope defn filter:              14  (0.000382); expected (0.0002)
Envelopes passing  local CM  CYK           filter:               7  (0.0001372); expected (0.0001)
Total CM hits reported:                                          0  (0); includes 0 truncated hit(s)

# CPU time: 1.57u 0.09s 00:00:01.66 Elapsed: 00:00:00.32
//
Query:       group-II-D1D4-4  [CLEN=138]
Accession:   RF02003
Description: Group II catalytic intron D1-D4-4
Hit scores:
 rank     E-value  score  bias  sequence  start    end   mdl trunc   gc  description
 ----   --------- ------ -----  -------- ------ ------   --- ----- ----  -----------

   [No hits detected that satisfy reporting thresholds]


Hit alignments:

   [No hits detected that satisfy reporting thresholds]


Internal CM pipeline statistics summary:
----------------------------------------
Query model(s):                                                  1  (138 consensus positions)
Target sequences:                                                1  (8327886 residues searched)
Target sequences re-searched for truncated hits:                 1  (1460 residues re-searched)
Windows   passing  local HMM SSV           filter:            1566  (0.07402); expected (0.06)
Windows   passing  local HMM Viterbi       filter:             165  (0.008181); expected (0.02)
Windows   passing  local HMM Viterbi  bias filter:             138  (0.006802); expected (0.02)
Windows   passing  local HMM Forward       filter:               1  (5.078e-05); expected (0.0002)
Windows   passing  local HMM Forward  bias filter:               1  (5.078e-05); expected (0.0002)
Windows   passing glocal HMM Forward       filter:               1  (5.078e-05); expected (0.0002)
Windows   passing glocal HMM Forward  bias filter:               1  (5.078e-05); expected (0.0002)
Envelopes passing glocal HMM envelope defn filter:               1  (1.573e-05); expected (0.0002)
Envelopes passing  local CM  CYK           filter:               1  (1.501e-05); expected (0.0001)
Total CM hits reported:                                          0  (0); includes 0 truncated hit(s)

# CPU time: 0.28u 0.00s 00:00:00.28 Elapsed: 00:00:00.05
//
Query:       group-II-D1D4-5  [CLEN=201]
Accession:   RF02004
Description: Group II catalytic intron D1-D4-5
Hit scores:
 rank     E-value  score  bias  sequence  start    end   mdl trunc   gc  description
 ----   --------- ------ -----  -------- ------ ------   --- ----- ----  -----------

   [No hits detected that satisfy reporting thresholds]


Hit alignments:

   [No hits detected that satisfy reporting thresholds]


Internal CM pipeline statistics summary:
----------------------------------------
Query model(s):                                                  1  (201 consensus positions)
Target sequences:                                                1  (8327886 residues searched)
Target sequences re-searched for truncated hits:                 1  (1116 residues re-searched)
Windows   passing  local HMM SSV           filter:            3003  (0.1195); expected (0.06)
Windows   passing  local HMM Viterbi       filter:             466  (0.01917); expected (0.02)
Windows   passing  local HMM Viterbi  bias filter:             284  (0.01158); expected (0.02)
Windows   passing  local HMM Forward       filter:              14  (0.0005842); expected (0.0002)
Windows   passing  local HMM Forward  bias filter:              11  (0.0004643); expected (0.0002)
Windows   passing glocal HMM Forward       filter:               8  (0.0003471); expected (0.0002)
Windows   passing glocal HMM Forward  bias filter:               8  (0.0003471); expected (0.0002)
Envelopes passing glocal HMM envelope defn filter:               8  (0.000221); expected (0.0002)
Envelopes passing  local CM  CYK           filter:               1  (1.441e-05); expected (0.0001)
Total CM hits reported:                                          0  (0); includes 0 truncated hit(s)

# CPU time: 0.80u 0.02s 00:00:00.82 Elapsed: 00:00:00.15
//
Query:       group-II-D1D4-6  [CLEN=225]
Accession:   RF02005
Description: Group II catalytic intron D1-D4-6
Hit scores:
 rank     E-value  score  bias  sequence  start    end   mdl trunc   gc  description
 ----   --------- ------ -----  -------- ------ ------   --- ----- ----  -----------

   [No hits detected that satisfy reporting thresholds]


Hit alignments:

   [No hits detected that satisfy reporting thresholds]


Internal CM pipeline statistics summary:
----------------------------------------
Query model(s):                                                  1  (225 consensus positions)
Target sequences:                                                1  (8327886 residues searched)
Target sequences re-searched for truncated hits:                 1  (1460 residues re-searched)
Windows   passing  local HMM SSV           filter:            1204  (0.06096); expected (0.06)
Windows   passing  local HMM Viterbi       filter:             156  (0.00801); expected (0.02)
Windows   passing  local HMM Viterbi  bias filter:             125  (0.006426); expected (0.02)
Windows   passing  local HMM Forward       filter:               4  (0.0002362); expected (0.0002)
Windows   passing  local HMM Forward  bias filter:               2  (9.761e-05); expected (0.0002)
Windows   passing glocal HMM Forward       filter:               1  (4.922e-05); expected (0.0002)
Windows   passing glocal HMM Forward  bias filter:               1  (4.922e-05); expected (0.0002)
Envelopes passing glocal HMM envelope defn filter:               1  (2.581e-05); expected (0.0002)
Envelopes passing  local CM  CYK           filter:               0  (0); expected (0.0001)
Total CM hits reported:                                          0  (0); includes 0 truncated hit(s)

# CPU time: 0.38u 0.01s 00:00:00.39 Elapsed: 00:00:00.07
//
Query:       group-II-D1D4-7  [CLEN=148]
Accession:   RF02012
Description: Group II catalytic intron D1-D4-7
Hit scores:
 rank     E-value  score  bias  sequence  start    end   mdl trunc   gc  description
 ----   --------- ------ -----  -------- ------ ------   --- ----- ----  -----------

   [No hits detected that satisfy reporting thresholds]


Hit alignments:

   [No hits detected that satisfy reporting thresholds]


Internal CM pipeline statistics summary:
----------------------------------------
Query model(s):                                                  1  (148 consensus positions)
Target sequences:                                                1  (8327886 residues searched)
Target sequences re-searched for truncated hits:                 1  (1040 residues re-searched)
Windows   passing  local HMM SSV           filter:            2608  (0.09269); expected (0.06)
Windows   passing  local HMM Viterbi       filter:             284  (0.01042); expected (0.02)
Windows   passing  local HMM Viterbi  bias filter:             250  (0.009184); expected (0.02)
Windows   passing  local HMM Forward       filter:              11  (0.0004038); expected (0.0002)
Windows   passing  local HMM Forward  bias filter:              10  (0.0003592); expected (0.0002)
Windows   passing glocal HMM Forward       filter:               8  (0.0003229); expected (0.0002)
Windows   passing glocal HMM Forward  bias filter:               7  (0.0002888); expected (0.0002)
Envelopes passing glocal HMM envelope defn filter:               6  (0.0001204); expected (0.0002)
Envelopes passing  local CM  CYK           filter:               2  (9.125e-06); expected (0.0001)
Total CM hits reported:                                          0  (0); includes 0 truncated hit(s)

# CPU time: 0.45u 0.00s 00:00:00.45 Elapsed: 00:00:00.06
//
[ok]
