# cmsearch :: search CM(s) against a sequence database
# INFERNAL 1.1.4 (Dec 2020)
# Copyright (C) 2020 Howard Hughes Medical Institute.
# Freely distributed under the BSD open source license.
# - - - - - - - - - - - - - - - - - - - - - - - - - - - - - - - - - - - -
# query CM file:                         cms/antitoxin.cm
# target sequence database:              genomes/PS-64.fas
# output directed to file:               sequences/PS-64/antitoxin.out
# tabular output of hits:                sequences/PS-64/antitoxin.tblout
# model-specific thresholding:           GA cutoffs
# Rfam pipeline mode:                    on [strict filtering]
# HMM-only mode for 0 basepair models:   no
# number of worker threads:              12
# - - - - - - - - - - - - - - - - - - - - - - - - - - - - - - - - - - - -

Query:       SIB_RNA  [CLEN=147]
Accession:   RF00113
Description: Short Intergenic Abundant RNA
Hit scores:
 rank     E-value  score  bias  sequence  start    end   mdl trunc   gc  description
 ----   --------- ------ -----  -------- ------ ------   --- ----- ----  -----------

   [No hits detected that satisfy reporting thresholds]


Hit alignments:

   [No hits detected that satisfy reporting thresholds]


Internal CM pipeline statistics summary:
----------------------------------------
Query model(s):                                                  1  (147 consensus positions)
Target sequences:                                                1  (8375164 residues searched)
Target sequences re-searched for truncated hits:                 1  (732 residues re-searched)
Windows   passing  local HMM SSV           filter:            5278  (0.1363); expected (0.06)
Windows   passing  local HMM Viterbi       filter:             888  (0.02375); expected (0.02)
Windows   passing  local HMM Viterbi  bias filter:             662  (0.01766); expected (0.02)
Windows   passing  local HMM Forward       filter:              65  (0.001801); expected (0.0002)
Windows   passing  local HMM Forward  bias filter:              50  (0.001377); expected (0.0002)
Windows   passing glocal HMM Forward       filter:              34  (0.0009938); expected (0.0002)
Windows   passing glocal HMM Forward  bias filter:              32  (0.0009338); expected (0.0002)
Envelopes passing glocal HMM envelope defn filter:              34  (0.0007037); expected (0.0002)
Envelopes passing  local CM  CYK           filter:               5  (4.907e-05); expected (0.0001)
Total CM hits reported:                                          0  (0); includes 0 truncated hit(s)

# CPU time: 1.43u 0.10s 00:00:01.53 Elapsed: 00:00:00.32
//
Query:       istR  [CLEN=130]
Accession:   RF01400
Description: istR Hfq binding RNA
Hit scores:
 rank     E-value  score  bias  sequence  start    end   mdl trunc   gc  description
 ----   --------- ------ -----  -------- ------ ------   --- ----- ----  -----------

   [No hits detected that satisfy reporting thresholds]


Hit alignments:

   [No hits detected that satisfy reporting thresholds]


Internal CM pipeline statistics summary:
----------------------------------------
Query model(s):                                                  1  (130 consensus positions)
Target sequences:                                                1  (8375164 residues searched)
Target sequences re-searched for truncated hits:                 1  (648 residues re-searched)
Windows   passing  local HMM SSV           filter:            2767  (0.06326); expected (0.06)
Windows   passing  local HMM Viterbi       filter:             396  (0.009193); expected (0.02)
Windows   passing  local HMM Viterbi  bias filter:             389  (0.009026); expected (0.02)
Windows   passing  local HMM Forward       filter:               9  (0.0002274); expected (0.0002)
Windows   passing  local HMM Forward  bias filter:               9  (0.0002274); expected (0.0002)
Windows   passing glocal HMM Forward       filter:               8  (0.0001921); expected (0.0002)
Windows   passing glocal HMM Forward  bias filter:               8  (0.0001921); expected (0.0002)
Envelopes passing glocal HMM envelope defn filter:               8  (0.0001472); expected (0.0002)
Envelopes passing  local CM  CYK           filter:               0  (0); expected (0.0001)
Total CM hits reported:                                          0  (0); includes 0 truncated hit(s)

# CPU time: 0.34u 0.03s 00:00:00.37 Elapsed: 00:00:00.05
//
Query:       RatA  [CLEN=90]
Accession:   RF01776
Description: RNA anti-toxin A
Hit scores:
 rank     E-value  score  bias  sequence  start    end   mdl trunc   gc  description
 ----   --------- ------ -----  -------- ------ ------   --- ----- ----  -----------

   [No hits detected that satisfy reporting thresholds]


Hit alignments:

   [No hits detected that satisfy reporting thresholds]


Internal CM pipeline statistics summary:
----------------------------------------
Query model(s):                                                  1  (90 consensus positions)
Target sequences:                                                1  (8375164 residues searched)
Target sequences re-searched for truncated hits:                 1  (448 residues re-searched)
Windows   passing  local HMM SSV           filter:            9861  (0.1602); expected (0.06)
Windows   passing  local HMM Viterbi       filter:            1801  (0.03053); expected (0.02)
Windows   passing  local HMM Viterbi  bias filter:            1065  (0.01788); expected (0.02)
Windows   passing  local HMM Forward       filter:              86  (0.001535); expected (0.0002)
Windows   passing  local HMM Forward  bias filter:              45  (0.0008156); expected (0.0002)
Windows   passing glocal HMM Forward       filter:              42  (0.0007796); expected (0.0002)
Windows   passing glocal HMM Forward  bias filter:              42  (0.0007796); expected (0.0002)
Envelopes passing glocal HMM envelope defn filter:              42  (0.0005378); expected (0.0002)
Envelopes passing  local CM  CYK           filter:               6  (6.913e-05); expected (0.0001)
Total CM hits reported:                                          0  (0); includes 0 truncated hit(s)

# CPU time: 0.79u 0.01s 00:00:00.80 Elapsed: 00:00:00.11
//
Query:       sok  [CLEN=157]
Accession:   RF01794
Description: sok antitoxin (CssrC)
Hit scores:
 rank     E-value  score  bias  sequence  start    end   mdl trunc   gc  description
 ----   --------- ------ -----  -------- ------ ------   --- ----- ----  -----------

   [No hits detected that satisfy reporting thresholds]


Hit alignments:

   [No hits detected that satisfy reporting thresholds]


Internal CM pipeline statistics summary:
----------------------------------------
Query model(s):                                                  1  (157 consensus positions)
Target sequences:                                                1  (8375164 residues searched)
Target sequences re-searched for truncated hits:                 1  (1184 residues re-searched)
Windows   passing  local HMM SSV           filter:            2884  (0.1159); expected (0.06)
Windows   passing  local HMM Viterbi       filter:             531  (0.02207); expected (0.02)
Windows   passing  local HMM Viterbi  bias filter:             480  (0.01996); expected (0.02)
Windows   passing  local HMM Forward       filter:              21  (0.0009707); expected (0.0002)
Windows   passing  local HMM Forward  bias filter:              19  (0.0008907); expected (0.0002)
Windows   passing glocal HMM Forward       filter:              12  (0.000527); expected (0.0002)
Windows   passing glocal HMM Forward  bias filter:              12  (0.000527); expected (0.0002)
Envelopes passing glocal HMM envelope defn filter:              12  (0.0002644); expected (0.0002)
Envelopes passing  local CM  CYK           filter:               2  (1.91e-05); expected (0.0001)
Total CM hits reported:                                          0  (0); includes 0 truncated hit(s)

# CPU time: 0.79u 0.02s 00:00:00.81 Elapsed: 00:00:00.16
//
Query:       fstAT  [CLEN=94]
Accession:   RF01797
Description: Fst antitoxin sRNA
Hit scores:
 rank     E-value  score  bias  sequence  start    end   mdl trunc   gc  description
 ----   --------- ------ -----  -------- ------ ------   --- ----- ----  -----------

   [No hits detected that satisfy reporting thresholds]


Hit alignments:

   [No hits detected that satisfy reporting thresholds]


Internal CM pipeline statistics summary:
----------------------------------------
Query model(s):                                                  1  (94 consensus positions)
Target sequences:                                                1  (8375164 residues searched)
Target sequences re-searched for truncated hits:                 1  (496 residues re-searched)
Windows   passing  local HMM SSV           filter:            9474  (0.17); expected (0.06)
Windows   passing  local HMM Viterbi       filter:            1584  (0.0296); expected (0.02)
Windows   passing  local HMM Viterbi  bias filter:            1233  (0.02297); expected (0.02)
Windows   passing  local HMM Forward       filter:             101  (0.002093); expected (0.0002)
Windows   passing  local HMM Forward  bias filter:              72  (0.001514); expected (0.0002)
Windows   passing glocal HMM Forward       filter:              42  (0.0008846); expected (0.0002)
Windows   passing glocal HMM Forward  bias filter:              40  (0.0008328); expected (0.0002)
Envelopes passing glocal HMM envelope defn filter:              39  (0.0005489); expected (0.0002)
Envelopes passing  local CM  CYK           filter:               7  (7.283e-05); expected (0.0001)
Total CM hits reported:                                          0  (0); includes 0 truncated hit(s)

# CPU time: 0.80u 0.02s 00:00:00.82 Elapsed: 00:00:00.15
//
Query:       symR  [CLEN=77]
Accession:   RF01809
Description: SymR antitoxin
Hit scores:
 rank     E-value  score  bias  sequence  start    end   mdl trunc   gc  description
 ----   --------- ------ -----  -------- ------ ------   --- ----- ----  -----------

   [No hits detected that satisfy reporting thresholds]


Hit alignments:

   [No hits detected that satisfy reporting thresholds]


Internal CM pipeline statistics summary:
----------------------------------------
Query model(s):                                                  1  (77 consensus positions)
Target sequences:                                                1  (8375164 residues searched)
Target sequences re-searched for truncated hits:                 1  (384 residues re-searched)
Windows   passing  local HMM SSV           filter:            6899  (0.09599); expected (0.06)
Windows   passing  local HMM Viterbi       filter:            1622  (0.02298); expected (0.02)
Windows   passing  local HMM Viterbi  bias filter:            1510  (0.0214); expected (0.02)
Windows   passing  local HMM Forward       filter:              32  (0.000509); expected (0.0002)
Windows   passing  local HMM Forward  bias filter:              31  (0.0004868); expected (0.0002)
Windows   passing glocal HMM Forward       filter:              19  (0.000271); expected (0.0002)
Windows   passing glocal HMM Forward  bias filter:              19  (0.000271); expected (0.0002)
Envelopes passing glocal HMM envelope defn filter:              19  (0.0002192); expected (0.0002)
Envelopes passing  local CM  CYK           filter:               1  (9.193e-06); expected (0.0001)
Total CM hits reported:                                          0  (0); includes 0 truncated hit(s)

# CPU time: 0.33u 0.00s 00:00:00.33 Elapsed: 00:00:00.04
//
Query:       PtaRNA1  [CLEN=72]
Accession:   RF01811
Description: Plasmid transferred anti-sense RNA
Hit scores:
 rank     E-value  score  bias  sequence  start    end   mdl trunc   gc  description
 ----   --------- ------ -----  -------- ------ ------   --- ----- ----  -----------

   [No hits detected that satisfy reporting thresholds]


Hit alignments:

   [No hits detected that satisfy reporting thresholds]


Internal CM pipeline statistics summary:
----------------------------------------
Query model(s):                                                  1  (72 consensus positions)
Target sequences:                                                1  (8375164 residues searched)
Target sequences re-searched for truncated hits:                 1  (360 residues re-searched)
Windows   passing  local HMM SSV           filter:            4744  (0.06181); expected (0.06)
Windows   passing  local HMM Viterbi       filter:            1300  (0.01715); expected (0.02)
Windows   passing  local HMM Viterbi  bias filter:            1227  (0.01619); expected (0.02)
Windows   passing  local HMM Forward       filter:              13  (0.0001929); expected (0.0002)
Windows   passing  local HMM Forward  bias filter:              10  (0.000154); expected (0.0002)
Windows   passing glocal HMM Forward       filter:               5  (6.746e-05); expected (0.0002)
Windows   passing glocal HMM Forward  bias filter:               5  (6.746e-05); expected (0.0002)
Envelopes passing glocal HMM envelope defn filter:               5  (5.385e-05); expected (0.0002)
Envelopes passing  local CM  CYK           filter:               1  (9.193e-06); expected (0.0001)
Total CM hits reported:                                          0  (0); includes 0 truncated hit(s)

# CPU time: 0.23u 0.00s 00:00:00.23 Elapsed: 00:00:00.03
//
Query:       rdlD  [CLEN=66]
Accession:   RF01813
Description: rdlD antitoxin
Hit scores:
 rank     E-value  score  bias  sequence  start    end   mdl trunc   gc  description
 ----   --------- ------ -----  -------- ------ ------   --- ----- ----  -----------

   [No hits detected that satisfy reporting thresholds]


Hit alignments:

   [No hits detected that satisfy reporting thresholds]


Internal CM pipeline statistics summary:
----------------------------------------
Query model(s):                                                  1  (66 consensus positions)
Target sequences:                                                1  (8375164 residues searched)
Target sequences re-searched for truncated hits:                 1  (328 residues re-searched)
Windows   passing  local HMM SSV           filter:            4948  (0.05916); expected (0.06)
Windows   passing  local HMM Viterbi       filter:            1258  (0.0152); expected (0.02)
Windows   passing  local HMM Viterbi  bias filter:            1101  (0.01327); expected (0.02)
Windows   passing  local HMM Forward       filter:              24  (0.0002962); expected (0.0002)
Windows   passing  local HMM Forward  bias filter:              21  (0.0002529); expected (0.0002)
Windows   passing glocal HMM Forward       filter:               7  (8.919e-05); expected (0.0002)
Windows   passing glocal HMM Forward  bias filter:               7  (8.919e-05); expected (0.0002)
Envelopes passing glocal HMM envelope defn filter:               7  (6.28e-05); expected (0.0002)
Envelopes passing  local CM  CYK           filter:               2  (1.504e-05); expected (0.0001)
Total CM hits reported:                                          0  (0); includes 0 truncated hit(s)

# CPU time: 0.23u 0.00s 00:00:00.23 Elapsed: 00:00:00.03
//
Query:       OrzO-P  [CLEN=76]
Accession:   RF02083
Description: OrzO-P RNA antitoxin family
Hit scores:
 rank     E-value  score  bias  sequence  start    end   mdl trunc   gc  description
 ----   --------- ------ -----  -------- ------ ------   --- ----- ----  -----------

   [No hits detected that satisfy reporting thresholds]


Hit alignments:

   [No hits detected that satisfy reporting thresholds]


Internal CM pipeline statistics summary:
----------------------------------------
Query model(s):                                                  1  (76 consensus positions)
Target sequences:                                                1  (8375164 residues searched)
Target sequences re-searched for truncated hits:                 1  (380 residues re-searched)
Windows   passing  local HMM SSV           filter:            9385  (0.1292); expected (0.06)
Windows   passing  local HMM Viterbi       filter:            2852  (0.04041); expected (0.02)
Windows   passing  local HMM Viterbi  bias filter:            2334  (0.03313); expected (0.02)
Windows   passing  local HMM Forward       filter:             158  (0.002517); expected (0.0002)
Windows   passing  local HMM Forward  bias filter:             123  (0.001948); expected (0.0002)
Windows   passing glocal HMM Forward       filter:              97  (0.001563); expected (0.0002)
Windows   passing glocal HMM Forward  bias filter:              94  (0.001515); expected (0.0002)
Envelopes passing glocal HMM envelope defn filter:              92  (0.001017); expected (0.0002)
Envelopes passing  local CM  CYK           filter:              66  (0.0006629); expected (0.0001)
Total CM hits reported:                                          0  (0); includes 0 truncated hit(s)

# CPU time: 1.61u 0.03s 00:00:01.64 Elapsed: 00:00:00.18
//
Query:       ohsC_RNA  [CLEN=77]
Accession:   RF02495
Description: Oppression of Hydrophobic ORF by sRNA
Hit scores:
 rank     E-value  score  bias  sequence  start    end   mdl trunc   gc  description
 ----   --------- ------ -----  -------- ------ ------   --- ----- ----  -----------

   [No hits detected that satisfy reporting thresholds]


Hit alignments:

   [No hits detected that satisfy reporting thresholds]


Internal CM pipeline statistics summary:
----------------------------------------
Query model(s):                                                  1  (77 consensus positions)
Target sequences:                                                1  (8375164 residues searched)
Target sequences re-searched for truncated hits:                 1  (384 residues re-searched)
Windows   passing  local HMM SSV           filter:            8475  (0.118); expected (0.06)
Windows   passing  local HMM Viterbi       filter:            2261  (0.03217); expected (0.02)
Windows   passing  local HMM Viterbi  bias filter:            1852  (0.02637); expected (0.02)
Windows   passing  local HMM Forward       filter:             118  (0.001842); expected (0.0002)
Windows   passing  local HMM Forward  bias filter:              90  (0.001403); expected (0.0002)
Windows   passing glocal HMM Forward       filter:              61  (0.0009997); expected (0.0002)
Windows   passing glocal HMM Forward  bias filter:              60  (0.0009775); expected (0.0002)
Envelopes passing glocal HMM envelope defn filter:              60  (0.0006748); expected (0.0002)
Envelopes passing  local CM  CYK           filter:              25  (0.000254); expected (0.0001)
Total CM hits reported:                                          0  (0); includes 0 truncated hit(s)

# CPU time: 0.94u 0.00s 00:00:00.94 Elapsed: 00:00:00.12
//
Query:       ToxI  [CLEN=34]
Accession:   RF02519
Description: ToxI antitoxin
Hit scores:
 rank     E-value  score  bias  sequence  start    end   mdl trunc   gc  description
 ----   --------- ------ -----  -------- ------ ------   --- ----- ----  -----------

   [No hits detected that satisfy reporting thresholds]


Hit alignments:

   [No hits detected that satisfy reporting thresholds]


Internal CM pipeline statistics summary:
----------------------------------------
Query model(s):                                                  1  (34 consensus positions)
Target sequences:                                                1  (8375164 residues searched)
Target sequences re-searched for truncated hits:                 1  (192 residues re-searched)
Windows   passing  local HMM SSV           filter:            7069  (0.04979); expected (0.06)
Windows   passing  local HMM Viterbi       filter:            1134  (0.007998); expected (0.02)
Windows   passing  local HMM Viterbi  bias filter:            1015  (0.00715); expected (0.02)
Windows   passing  local HMM Forward       filter:              17  (0.0001264); expected (0.0002)
Windows   passing  local HMM Forward  bias filter:              12  (8.895e-05); expected (0.0002)
Windows   passing glocal HMM Forward       filter:               9  (6.901e-05); expected (0.0002)
Windows   passing glocal HMM Forward  bias filter:               9  (6.901e-05); expected (0.0002)
Envelopes passing glocal HMM envelope defn filter:               9  (3.952e-05); expected (0.0002)
Envelopes passing  local CM  CYK           filter:               7  (2.961e-05); expected (0.0001)
Total CM hits reported:                                          0  (0); includes 0 truncated hit(s)

# CPU time: 0.11u 0.01s 00:00:00.12 Elapsed: 00:00:00.02
//
[ok]
