# cmsearch :: search CM(s) against a sequence database
# INFERNAL 1.1.4 (Dec 2020)
# Copyright (C) 2020 Howard Hughes Medical Institute.
# Freely distributed under the BSD open source license.
# - - - - - - - - - - - - - - - - - - - - - - - - - - - - - - - - - - - -
# query CM file:                         cms/Intron.cm
# target sequence database:              genomes/PS-64.fas
# output directed to file:               sequences/PS-64/Intron.out
# tabular output of hits:                sequences/PS-64/Intron.tblout
# model-specific thresholding:           GA cutoffs
# Rfam pipeline mode:                    on [strict filtering]
# HMM-only mode for 0 basepair models:   no
# number of worker threads:              12
# - - - - - - - - - - - - - - - - - - - - - - - - - - - - - - - - - - - -

Query:       Intron_gpI  [CLEN=251]
Accession:   RF00028
Description: Group I catalytic intron
Hit scores:
 rank     E-value  score  bias  sequence  start    end   mdl trunc   gc  description
 ----   --------- ------ -----  -------- ------ ------   --- ----- ----  -----------

   [No hits detected that satisfy reporting thresholds]


Hit alignments:

   [No hits detected that satisfy reporting thresholds]


Internal CM pipeline statistics summary:
----------------------------------------
Query model(s):                                                  1  (251 consensus positions)
Target sequences:                                                1  (8375164 residues searched)
Target sequences re-searched for truncated hits:                 1  (5324 residues re-searched)
Windows   passing  local HMM SSV           filter:            1457  (0.2637); expected (0.06)
Windows   passing  local HMM Viterbi       filter:             104  (0.02135); expected (0.02)
Windows   passing  local HMM Viterbi  bias filter:              26  (0.004728); expected (0.02)
Windows   passing  local HMM Forward       filter:               9  (0.00185); expected (0.0002)
Windows   passing  local HMM Forward  bias filter:               6  (0.001274); expected (0.0002)
Windows   passing glocal HMM Forward       filter:               6  (0.001274); expected (0.0002)
Windows   passing glocal HMM Forward  bias filter:               6  (0.001274); expected (0.0002)
Envelopes passing glocal HMM envelope defn filter:               6  (0.0004028); expected (0.0002)
Envelopes passing  local CM  CYK           filter:               1  (7.279e-06); expected (0.0001)
Total CM hits reported:                                          0  (0); includes 0 truncated hit(s)

# CPU time: 3.04u 0.28s 00:00:03.32 Elapsed: 00:00:00.94
//
Query:       Intron_gpII  [CLEN=93]
Accession:   RF00029
Description: Group II catalytic intron
Hit scores:
 rank     E-value  score  bias  sequence  start    end   mdl trunc   gc  description
 ----   --------- ------ -----  -------- ------ ------   --- ----- ----  -----------

   [No hits detected that satisfy reporting thresholds]


Hit alignments:

   [No hits detected that satisfy reporting thresholds]


Internal CM pipeline statistics summary:
----------------------------------------
Query model(s):                                                  1  (93 consensus positions)
Target sequences:                                                1  (8375164 residues searched)
Target sequences re-searched for truncated hits:                 1  (2048 residues re-searched)
Windows   passing  local HMM SSV           filter:            1098  (0.06627); expected (0.06)
Windows   passing  local HMM Viterbi       filter:             210  (0.01417); expected (0.02)
Windows   passing  local HMM Viterbi  bias filter:             206  (0.01391); expected (0.02)
Windows   passing  local HMM Forward       filter:               0  (0); expected (0.0002)
Windows   passing  local HMM Forward  bias filter:               0  (0); expected (0.0002)
Windows   passing glocal HMM Forward       filter:               0  (0); expected (0.0002)
Windows   passing glocal HMM Forward  bias filter:               0  (0); expected (0.0002)
Envelopes passing glocal HMM envelope defn filter:               0  (0); expected (0.0002)
Envelopes passing  local CM  CYK           filter:               0  (0); expected (0.0001)
Total CM hits reported:                                          0  (0); includes 0 truncated hit(s)

# CPU time: 0.18u 0.00s 00:00:00.18 Elapsed: 00:00:00.03
//
Query:       group-II-D1D4-1  [CLEN=84]
Accession:   RF01998
Description: Group II catalytic intron D1-D4-1
Hit scores:
 rank     E-value  score  bias  sequence  start    end   mdl trunc   gc  description
 ----   --------- ------ -----  -------- ------ ------   --- ----- ----  -----------

   [No hits detected that satisfy reporting thresholds]


Hit alignments:

   [No hits detected that satisfy reporting thresholds]


Internal CM pipeline statistics summary:
----------------------------------------
Query model(s):                                                  1  (84 consensus positions)
Target sequences:                                                1  (8375164 residues searched)
Target sequences re-searched for truncated hits:                 1  (756 residues re-searched)
Windows   passing  local HMM SSV           filter:            3312  (0.08564); expected (0.06)
Windows   passing  local HMM Viterbi       filter:             743  (0.01984); expected (0.02)
Windows   passing  local HMM Viterbi  bias filter:             660  (0.01759); expected (0.02)
Windows   passing  local HMM Forward       filter:               7  (0.0001751); expected (0.0002)
Windows   passing  local HMM Forward  bias filter:               7  (0.0001751); expected (0.0002)
Windows   passing glocal HMM Forward       filter:               6  (0.00015); expected (0.0002)
Windows   passing glocal HMM Forward  bias filter:               6  (0.00015); expected (0.0002)
Envelopes passing glocal HMM envelope defn filter:               6  (8.596e-05); expected (0.0002)
Envelopes passing  local CM  CYK           filter:               5  (4.847e-05); expected (0.0001)
Total CM hits reported:                                          0  (0); includes 0 truncated hit(s)

# CPU time: 0.31u 0.01s 00:00:00.32 Elapsed: 00:00:00.05
//
Query:       group-II-D1D4-2  [CLEN=118]
Accession:   RF01999
Description: Group II catalytic intron D1-D4-2
Hit scores:
 rank     E-value  score  bias  sequence  start    end   mdl trunc   gc  description
 ----   --------- ------ -----  -------- ------ ------   --- ----- ----  -----------

   [No hits detected that satisfy reporting thresholds]


Hit alignments:

   [No hits detected that satisfy reporting thresholds]


Internal CM pipeline statistics summary:
----------------------------------------
Query model(s):                                                  1  (118 consensus positions)
Target sequences:                                                1  (8375164 residues searched)
Target sequences re-searched for truncated hits:                 1  (632 residues re-searched)
Windows   passing  local HMM SSV           filter:            3742  (0.08398); expected (0.06)
Windows   passing  local HMM Viterbi       filter:             669  (0.01507); expected (0.02)
Windows   passing  local HMM Viterbi  bias filter:             631  (0.01421); expected (0.02)
Windows   passing  local HMM Forward       filter:              21  (0.0005285); expected (0.0002)
Windows   passing  local HMM Forward  bias filter:              18  (0.0004534); expected (0.0002)
Windows   passing glocal HMM Forward       filter:              14  (0.0003364); expected (0.0002)
Windows   passing glocal HMM Forward  bias filter:              14  (0.0003364); expected (0.0002)
Envelopes passing glocal HMM envelope defn filter:              13  (0.0002052); expected (0.0002)
Envelopes passing  local CM  CYK           filter:               0  (0); expected (0.0001)
Total CM hits reported:                                          0  (0); includes 0 truncated hit(s)

# CPU time: 0.44u 0.01s 00:00:00.45 Elapsed: 00:00:00.07
//
Query:       group-II-D1D4-3  [CLEN=171]
Accession:   RF02001
Description: Group II catalytic intron D1-D4-3
Hit scores:
 rank     E-value  score  bias  sequence  start    end   mdl trunc   gc  description
 ----   --------- ------ -----  -------- ------ ------   --- ----- ----  -----------

   [No hits detected that satisfy reporting thresholds]


Hit alignments:

   [No hits detected that satisfy reporting thresholds]


Internal CM pipeline statistics summary:
----------------------------------------
Query model(s):                                                  1  (171 consensus positions)
Target sequences:                                                1  (8375164 residues searched)
Target sequences re-searched for truncated hits:                 1  (1268 residues re-searched)
Windows   passing  local HMM SSV           filter:            2608  (0.1124); expected (0.06)
Windows   passing  local HMM Viterbi       filter:             640  (0.02907); expected (0.02)
Windows   passing  local HMM Viterbi  bias filter:             379  (0.0171); expected (0.02)
Windows   passing  local HMM Forward       filter:              27  (0.001314); expected (0.0002)
Windows   passing  local HMM Forward  bias filter:              15  (0.0007534); expected (0.0002)
Windows   passing glocal HMM Forward       filter:              13  (0.0006542); expected (0.0002)
Windows   passing glocal HMM Forward  bias filter:              13  (0.0006542); expected (0.0002)
Envelopes passing glocal HMM envelope defn filter:              12  (0.0003259); expected (0.0002)
Envelopes passing  local CM  CYK           filter:               6  (0.0001004); expected (0.0001)
Total CM hits reported:                                          0  (0); includes 0 truncated hit(s)

# CPU time: 1.35u 0.10s 00:00:01.45 Elapsed: 00:00:00.37
//
Query:       group-II-D1D4-4  [CLEN=138]
Accession:   RF02003
Description: Group II catalytic intron D1-D4-4
Hit scores:
 rank     E-value  score  bias  sequence  start    end   mdl trunc   gc  description
 ----   --------- ------ -----  -------- ------ ------   --- ----- ----  -----------

   [No hits detected that satisfy reporting thresholds]


Hit alignments:

   [No hits detected that satisfy reporting thresholds]


Internal CM pipeline statistics summary:
----------------------------------------
Query model(s):                                                  1  (138 consensus positions)
Target sequences:                                                1  (8375164 residues searched)
Target sequences re-searched for truncated hits:                 1  (1460 residues re-searched)
Windows   passing  local HMM SSV           filter:            1558  (0.07326); expected (0.06)
Windows   passing  local HMM Viterbi       filter:             163  (0.007989); expected (0.02)
Windows   passing  local HMM Viterbi  bias filter:             141  (0.006899); expected (0.02)
Windows   passing  local HMM Forward       filter:               3  (0.0001767); expected (0.0002)
Windows   passing  local HMM Forward  bias filter:               2  (0.0001311); expected (0.0002)
Windows   passing glocal HMM Forward       filter:               1  (5.05e-05); expected (0.0002)
Windows   passing glocal HMM Forward  bias filter:               1  (5.05e-05); expected (0.0002)
Envelopes passing glocal HMM envelope defn filter:               1  (1.564e-05); expected (0.0002)
Envelopes passing  local CM  CYK           filter:               1  (1.492e-05); expected (0.0001)
Total CM hits reported:                                          0  (0); includes 0 truncated hit(s)

# CPU time: 0.28u 0.01s 00:00:00.29 Elapsed: 00:00:00.05
//
Query:       group-II-D1D4-5  [CLEN=201]
Accession:   RF02004
Description: Group II catalytic intron D1-D4-5
Hit scores:
 rank     E-value  score  bias  sequence  start    end   mdl trunc   gc  description
 ----   --------- ------ -----  -------- ------ ------   --- ----- ----  -----------

   [No hits detected that satisfy reporting thresholds]


Hit alignments:

   [No hits detected that satisfy reporting thresholds]


Internal CM pipeline statistics summary:
----------------------------------------
Query model(s):                                                  1  (201 consensus positions)
Target sequences:                                                1  (8375164 residues searched)
Target sequences re-searched for truncated hits:                 1  (1116 residues re-searched)
Windows   passing  local HMM SSV           filter:            3058  (0.1211); expected (0.06)
Windows   passing  local HMM Viterbi       filter:             460  (0.01868); expected (0.02)
Windows   passing  local HMM Viterbi  bias filter:             275  (0.01116); expected (0.02)
Windows   passing  local HMM Forward       filter:              14  (0.0006112); expected (0.0002)
Windows   passing  local HMM Forward  bias filter:              11  (0.0004822); expected (0.0002)
Windows   passing glocal HMM Forward       filter:               7  (0.0003054); expected (0.0002)
Windows   passing glocal HMM Forward  bias filter:               7  (0.0003054); expected (0.0002)
Envelopes passing glocal HMM envelope defn filter:               7  (0.0002015); expected (0.0002)
Envelopes passing  local CM  CYK           filter:               1  (2.77e-05); expected (0.0001)
Total CM hits reported:                                          0  (0); includes 0 truncated hit(s)

# CPU time: 0.89u 0.05s 00:00:00.94 Elapsed: 00:00:00.24
//
Query:       group-II-D1D4-6  [CLEN=225]
Accession:   RF02005
Description: Group II catalytic intron D1-D4-6
Hit scores:
 rank     E-value  score  bias  sequence  start    end   mdl trunc   gc  description
 ----   --------- ------ -----  -------- ------ ------   --- ----- ----  -----------

   [No hits detected that satisfy reporting thresholds]


Hit alignments:

   [No hits detected that satisfy reporting thresholds]


Internal CM pipeline statistics summary:
----------------------------------------
Query model(s):                                                  1  (225 consensus positions)
Target sequences:                                                1  (8375164 residues searched)
Target sequences re-searched for truncated hits:                 1  (1460 residues re-searched)
Windows   passing  local HMM SSV           filter:            1215  (0.06113); expected (0.06)
Windows   passing  local HMM Viterbi       filter:             165  (0.008429); expected (0.02)
Windows   passing  local HMM Viterbi  bias filter:             135  (0.006901); expected (0.02)
Windows   passing  local HMM Forward       filter:               6  (0.000334); expected (0.0002)
Windows   passing  local HMM Forward  bias filter:               3  (0.0001482); expected (0.0002)
Windows   passing glocal HMM Forward       filter:               2  (0.0001); expected (0.0002)
Windows   passing glocal HMM Forward  bias filter:               2  (0.0001); expected (0.0002)
Envelopes passing glocal HMM envelope defn filter:               2  (5.575e-05); expected (0.0002)
Envelopes passing  local CM  CYK           filter:               0  (0); expected (0.0001)
Total CM hits reported:                                          0  (0); includes 0 truncated hit(s)

# CPU time: 0.41u 0.01s 00:00:00.42 Elapsed: 00:00:00.07
//
Query:       group-II-D1D4-7  [CLEN=148]
Accession:   RF02012
Description: Group II catalytic intron D1-D4-7
Hit scores:
 rank     E-value  score  bias  sequence  start    end   mdl trunc   gc  description
 ----   --------- ------ -----  -------- ------ ------   --- ----- ----  -----------

   [No hits detected that satisfy reporting thresholds]


Hit alignments:

   [No hits detected that satisfy reporting thresholds]


Internal CM pipeline statistics summary:
----------------------------------------
Query model(s):                                                  1  (148 consensus positions)
Target sequences:                                                1  (8375164 residues searched)
Target sequences re-searched for truncated hits:                 1  (1040 residues re-searched)
Windows   passing  local HMM SSV           filter:            2647  (0.09366); expected (0.06)
Windows   passing  local HMM Viterbi       filter:             295  (0.01074); expected (0.02)
Windows   passing  local HMM Viterbi  bias filter:             261  (0.009498); expected (0.02)
Windows   passing  local HMM Forward       filter:               8  (0.0003293); expected (0.0002)
Windows   passing  local HMM Forward  bias filter:               7  (0.000285); expected (0.0002)
Windows   passing glocal HMM Forward       filter:               5  (0.0001904); expected (0.0002)
Windows   passing glocal HMM Forward  bias filter:               5  (0.0001904); expected (0.0002)
Envelopes passing glocal HMM envelope defn filter:               5  (0.0001); expected (0.0002)
Envelopes passing  local CM  CYK           filter:               1  (5.492e-06); expected (0.0001)
Total CM hits reported:                                          0  (0); includes 0 truncated hit(s)

# CPU time: 0.41u 0.00s 00:00:00.41 Elapsed: 00:00:00.05
//
[ok]
