# cmsearch :: search CM(s) against a sequence database
# INFERNAL 1.1.4 (Dec 2020)
# Copyright (C) 2020 Howard Hughes Medical Institute.
# Freely distributed under the BSD open source license.
# - - - - - - - - - - - - - - - - - - - - - - - - - - - - - - - - - - - -
# query CM file:                         cms/antitoxin.cm
# target sequence database:              genomes/PS-196.fas
# output directed to file:               sequences/PS-196/antitoxin.out
# tabular output of hits:                sequences/PS-196/antitoxin.tblout
# model-specific thresholding:           GA cutoffs
# Rfam pipeline mode:                    on [strict filtering]
# HMM-only mode for 0 basepair models:   no
# number of worker threads:              12
# - - - - - - - - - - - - - - - - - - - - - - - - - - - - - - - - - - - -

Query:       SIB_RNA  [CLEN=147]
Accession:   RF00113
Description: Short Intergenic Abundant RNA
Hit scores:
 rank     E-value  score  bias  sequence  start    end   mdl trunc   gc  description
 ----   --------- ------ -----  -------- ------ ------   --- ----- ----  -----------

   [No hits detected that satisfy reporting thresholds]


Hit alignments:

   [No hits detected that satisfy reporting thresholds]


Internal CM pipeline statistics summary:
----------------------------------------
Query model(s):                                                  1  (147 consensus positions)
Target sequences:                                                1  (8272128 residues searched)
Target sequences re-searched for truncated hits:                 1  (732 residues re-searched)
Windows   passing  local HMM SSV           filter:            5243  (0.1369); expected (0.06)
Windows   passing  local HMM Viterbi       filter:             931  (0.02522); expected (0.02)
Windows   passing  local HMM Viterbi  bias filter:             701  (0.01899); expected (0.02)
Windows   passing  local HMM Forward       filter:              63  (0.001811); expected (0.0002)
Windows   passing  local HMM Forward  bias filter:              46  (0.001309); expected (0.0002)
Windows   passing glocal HMM Forward       filter:              28  (0.0008272); expected (0.0002)
Windows   passing glocal HMM Forward  bias filter:              27  (0.0008013); expected (0.0002)
Envelopes passing glocal HMM envelope defn filter:              29  (0.0006058); expected (0.0002)
Envelopes passing  local CM  CYK           filter:               4  (5.73e-05); expected (0.0001)
Total CM hits reported:                                          0  (0); includes 0 truncated hit(s)

# CPU time: 1.42u 0.07s 00:00:01.49 Elapsed: 00:00:00.25
//
Query:       istR  [CLEN=130]
Accession:   RF01400
Description: istR Hfq binding RNA
Hit scores:
 rank     E-value  score  bias  sequence  start    end   mdl trunc   gc  description
 ----   --------- ------ -----  -------- ------ ------   --- ----- ----  -----------

   [No hits detected that satisfy reporting thresholds]


Hit alignments:

   [No hits detected that satisfy reporting thresholds]


Internal CM pipeline statistics summary:
----------------------------------------
Query model(s):                                                  1  (130 consensus positions)
Target sequences:                                                1  (8272128 residues searched)
Target sequences re-searched for truncated hits:                 1  (648 residues re-searched)
Windows   passing  local HMM SSV           filter:            2722  (0.063); expected (0.06)
Windows   passing  local HMM Viterbi       filter:             390  (0.009218); expected (0.02)
Windows   passing  local HMM Viterbi  bias filter:             380  (0.008977); expected (0.02)
Windows   passing  local HMM Forward       filter:               9  (0.0002306); expected (0.0002)
Windows   passing  local HMM Forward  bias filter:               9  (0.0002306); expected (0.0002)
Windows   passing glocal HMM Forward       filter:               8  (0.0001949); expected (0.0002)
Windows   passing glocal HMM Forward  bias filter:               8  (0.0001949); expected (0.0002)
Envelopes passing glocal HMM envelope defn filter:               7  (0.0001313); expected (0.0002)
Envelopes passing  local CM  CYK           filter:               0  (0); expected (0.0001)
Total CM hits reported:                                          0  (0); includes 0 truncated hit(s)

# CPU time: 0.37u 0.03s 00:00:00.40 Elapsed: 00:00:00.08
//
Query:       RatA  [CLEN=90]
Accession:   RF01776
Description: RNA anti-toxin A
Hit scores:
 rank     E-value  score  bias  sequence  start    end   mdl trunc   gc  description
 ----   --------- ------ -----  -------- ------ ------   --- ----- ----  -----------

   [No hits detected that satisfy reporting thresholds]


Hit alignments:

   [No hits detected that satisfy reporting thresholds]


Internal CM pipeline statistics summary:
----------------------------------------
Query model(s):                                                  1  (90 consensus positions)
Target sequences:                                                1  (8272128 residues searched)
Target sequences re-searched for truncated hits:                 1  (448 residues re-searched)
Windows   passing  local HMM SSV           filter:            9854  (0.1621); expected (0.06)
Windows   passing  local HMM Viterbi       filter:            1785  (0.03061); expected (0.02)
Windows   passing  local HMM Viterbi  bias filter:            1055  (0.018); expected (0.02)
Windows   passing  local HMM Forward       filter:              79  (0.0014); expected (0.0002)
Windows   passing  local HMM Forward  bias filter:              49  (0.0008564); expected (0.0002)
Windows   passing glocal HMM Forward       filter:              44  (0.0008201); expected (0.0002)
Windows   passing glocal HMM Forward  bias filter:              43  (0.0008042); expected (0.0002)
Envelopes passing glocal HMM envelope defn filter:              44  (0.0005727); expected (0.0002)
Envelopes passing  local CM  CYK           filter:               8  (9.9e-05); expected (0.0001)
Total CM hits reported:                                          0  (0); includes 0 truncated hit(s)

# CPU time: 0.81u 0.07s 00:00:00.88 Elapsed: 00:00:00.11
//
Query:       sok  [CLEN=157]
Accession:   RF01794
Description: sok antitoxin (CssrC)
Hit scores:
 rank     E-value  score  bias  sequence  start    end   mdl trunc   gc  description
 ----   --------- ------ -----  -------- ------ ------   --- ----- ----  -----------

   [No hits detected that satisfy reporting thresholds]


Hit alignments:

   [No hits detected that satisfy reporting thresholds]


Internal CM pipeline statistics summary:
----------------------------------------
Query model(s):                                                  1  (157 consensus positions)
Target sequences:                                                1  (8272128 residues searched)
Target sequences re-searched for truncated hits:                 1  (1184 residues re-searched)
Windows   passing  local HMM SSV           filter:            2890  (0.1176); expected (0.06)
Windows   passing  local HMM Viterbi       filter:             524  (0.02179); expected (0.02)
Windows   passing  local HMM Viterbi  bias filter:             459  (0.01915); expected (0.02)
Windows   passing  local HMM Forward       filter:              21  (0.000884); expected (0.0002)
Windows   passing  local HMM Forward  bias filter:              21  (0.000884); expected (0.0002)
Windows   passing glocal HMM Forward       filter:              16  (0.0006972); expected (0.0002)
Windows   passing glocal HMM Forward  bias filter:              15  (0.000659); expected (0.0002)
Envelopes passing glocal HMM envelope defn filter:              15  (0.0003615); expected (0.0002)
Envelopes passing  local CM  CYK           filter:               3  (2.732e-05); expected (0.0001)
Total CM hits reported:                                          0  (0); includes 0 truncated hit(s)

# CPU time: 1.00u 0.07s 00:00:01.07 Elapsed: 00:00:00.14
//
Query:       fstAT  [CLEN=94]
Accession:   RF01797
Description: Fst antitoxin sRNA
Hit scores:
 rank     E-value  score  bias  sequence  start    end   mdl trunc   gc  description
 ----   --------- ------ -----  -------- ------ ------   --- ----- ----  -----------

   [No hits detected that satisfy reporting thresholds]


Hit alignments:

   [No hits detected that satisfy reporting thresholds]


Internal CM pipeline statistics summary:
----------------------------------------
Query model(s):                                                  1  (94 consensus positions)
Target sequences:                                                1  (8272128 residues searched)
Target sequences re-searched for truncated hits:                 1  (496 residues re-searched)
Windows   passing  local HMM SSV           filter:            9352  (0.1699); expected (0.06)
Windows   passing  local HMM Viterbi       filter:            1608  (0.03044); expected (0.02)
Windows   passing  local HMM Viterbi  bias filter:            1243  (0.02349); expected (0.02)
Windows   passing  local HMM Forward       filter:             101  (0.002164); expected (0.0002)
Windows   passing  local HMM Forward  bias filter:              73  (0.001592); expected (0.0002)
Windows   passing glocal HMM Forward       filter:              45  (0.0009565); expected (0.0002)
Windows   passing glocal HMM Forward  bias filter:              42  (0.0008956); expected (0.0002)
Envelopes passing glocal HMM envelope defn filter:              40  (0.0005669); expected (0.0002)
Envelopes passing  local CM  CYK           filter:               9  (0.0001025); expected (0.0001)
Total CM hits reported:                                          0  (0); includes 0 truncated hit(s)

# CPU time: 0.88u 0.04s 00:00:00.92 Elapsed: 00:00:00.11
//
Query:       symR  [CLEN=77]
Accession:   RF01809
Description: SymR antitoxin
Hit scores:
 rank     E-value  score  bias  sequence  start    end   mdl trunc   gc  description
 ----   --------- ------ -----  -------- ------ ------   --- ----- ----  -----------

   [No hits detected that satisfy reporting thresholds]


Hit alignments:

   [No hits detected that satisfy reporting thresholds]


Internal CM pipeline statistics summary:
----------------------------------------
Query model(s):                                                  1  (77 consensus positions)
Target sequences:                                                1  (8272128 residues searched)
Target sequences re-searched for truncated hits:                 1  (384 residues re-searched)
Windows   passing  local HMM SSV           filter:            6861  (0.09658); expected (0.06)
Windows   passing  local HMM Viterbi       filter:            1639  (0.02348); expected (0.02)
Windows   passing  local HMM Viterbi  bias filter:            1531  (0.02194); expected (0.02)
Windows   passing  local HMM Forward       filter:              41  (0.0006474); expected (0.0002)
Windows   passing  local HMM Forward  bias filter:              36  (0.0005521); expected (0.0002)
Windows   passing glocal HMM Forward       filter:              24  (0.0003434); expected (0.0002)
Windows   passing glocal HMM Forward  bias filter:              24  (0.0003434); expected (0.0002)
Envelopes passing glocal HMM envelope defn filter:              24  (0.0002728); expected (0.0002)
Envelopes passing  local CM  CYK           filter:               1  (8.824e-06); expected (0.0001)
Total CM hits reported:                                          0  (0); includes 0 truncated hit(s)

# CPU time: 0.34u 0.00s 00:00:00.34 Elapsed: 00:00:00.04
//
Query:       PtaRNA1  [CLEN=72]
Accession:   RF01811
Description: Plasmid transferred anti-sense RNA
Hit scores:
 rank     E-value  score  bias  sequence  start    end   mdl trunc   gc  description
 ----   --------- ------ -----  -------- ------ ------   --- ----- ----  -----------

   [No hits detected that satisfy reporting thresholds]


Hit alignments:

   [No hits detected that satisfy reporting thresholds]


Internal CM pipeline statistics summary:
----------------------------------------
Query model(s):                                                  1  (72 consensus positions)
Target sequences:                                                1  (8272128 residues searched)
Target sequences re-searched for truncated hits:                 1  (360 residues re-searched)
Windows   passing  local HMM SSV           filter:            4679  (0.06173); expected (0.06)
Windows   passing  local HMM Viterbi       filter:            1298  (0.01738); expected (0.02)
Windows   passing  local HMM Viterbi  bias filter:            1223  (0.01638); expected (0.02)
Windows   passing  local HMM Forward       filter:              19  (0.0002745); expected (0.0002)
Windows   passing  local HMM Forward  bias filter:              14  (0.0002095); expected (0.0002)
Windows   passing glocal HMM Forward       filter:               8  (0.0001286); expected (0.0002)
Windows   passing glocal HMM Forward  bias filter:               8  (0.0001286); expected (0.0002)
Envelopes passing glocal HMM envelope defn filter:               8  (8.063e-05); expected (0.0002)
Envelopes passing  local CM  CYK           filter:               2  (1.68e-05); expected (0.0001)
Total CM hits reported:                                          0  (0); includes 0 truncated hit(s)

# CPU time: 0.23u 0.00s 00:00:00.23 Elapsed: 00:00:00.03
//
Query:       rdlD  [CLEN=66]
Accession:   RF01813
Description: rdlD antitoxin
Hit scores:
 rank     E-value  score  bias  sequence  start    end   mdl trunc   gc  description
 ----   --------- ------ -----  -------- ------ ------   --- ----- ----  -----------

   [No hits detected that satisfy reporting thresholds]


Hit alignments:

   [No hits detected that satisfy reporting thresholds]


Internal CM pipeline statistics summary:
----------------------------------------
Query model(s):                                                  1  (66 consensus positions)
Target sequences:                                                1  (8272128 residues searched)
Target sequences re-searched for truncated hits:                 1  (328 residues re-searched)
Windows   passing  local HMM SSV           filter:            4935  (0.05969); expected (0.06)
Windows   passing  local HMM Viterbi       filter:            1245  (0.0152); expected (0.02)
Windows   passing  local HMM Viterbi  bias filter:            1105  (0.01348); expected (0.02)
Windows   passing  local HMM Forward       filter:              25  (0.0003116); expected (0.0002)
Windows   passing  local HMM Forward  bias filter:              23  (0.0002858); expected (0.0002)
Windows   passing glocal HMM Forward       filter:               8  (0.0001081); expected (0.0002)
Windows   passing glocal HMM Forward  bias filter:               8  (0.0001081); expected (0.0002)
Envelopes passing glocal HMM envelope defn filter:               7  (6.504e-05); expected (0.0002)
Envelopes passing  local CM  CYK           filter:               2  (1.511e-05); expected (0.0001)
Total CM hits reported:                                          0  (0); includes 0 truncated hit(s)

# CPU time: 0.20u 0.00s 00:00:00.20 Elapsed: 00:00:00.03
//
Query:       OrzO-P  [CLEN=76]
Accession:   RF02083
Description: OrzO-P RNA antitoxin family
Hit scores:
 rank     E-value  score  bias  sequence  start    end   mdl trunc   gc  description
 ----   --------- ------ -----  -------- ------ ------   --- ----- ----  -----------

   [No hits detected that satisfy reporting thresholds]


Hit alignments:

   [No hits detected that satisfy reporting thresholds]


Internal CM pipeline statistics summary:
----------------------------------------
Query model(s):                                                  1  (76 consensus positions)
Target sequences:                                                1  (8272128 residues searched)
Target sequences re-searched for truncated hits:                 1  (380 residues re-searched)
Windows   passing  local HMM SSV           filter:            9283  (0.1296); expected (0.06)
Windows   passing  local HMM Viterbi       filter:            2881  (0.04132); expected (0.02)
Windows   passing  local HMM Viterbi  bias filter:            2339  (0.03361); expected (0.02)
Windows   passing  local HMM Forward       filter:             162  (0.002539); expected (0.0002)
Windows   passing  local HMM Forward  bias filter:             129  (0.002019); expected (0.0002)
Windows   passing glocal HMM Forward       filter:             101  (0.001643); expected (0.0002)
Windows   passing glocal HMM Forward  bias filter:              95  (0.001544); expected (0.0002)
Envelopes passing glocal HMM envelope defn filter:              95  (0.001079); expected (0.0002)
Envelopes passing  local CM  CYK           filter:              66  (0.0006802); expected (0.0001)
Total CM hits reported:                                          0  (0); includes 0 truncated hit(s)

# CPU time: 1.64u 0.02s 00:00:01.66 Elapsed: 00:00:00.18
//
Query:       ohsC_RNA  [CLEN=77]
Accession:   RF02495
Description: Oppression of Hydrophobic ORF by sRNA
Hit scores:
 rank     E-value  score  bias  sequence  start    end   mdl trunc   gc  description
 ----   --------- ------ -----  -------- ------ ------   --- ----- ----  -----------

   [No hits detected that satisfy reporting thresholds]


Hit alignments:

   [No hits detected that satisfy reporting thresholds]


Internal CM pipeline statistics summary:
----------------------------------------
Query model(s):                                                  1  (77 consensus positions)
Target sequences:                                                1  (8272128 residues searched)
Target sequences re-searched for truncated hits:                 1  (384 residues re-searched)
Windows   passing  local HMM SSV           filter:            8354  (0.1176); expected (0.06)
Windows   passing  local HMM Viterbi       filter:            2247  (0.03226); expected (0.02)
Windows   passing  local HMM Viterbi  bias filter:            1839  (0.02642); expected (0.02)
Windows   passing  local HMM Forward       filter:             106  (0.001644); expected (0.0002)
Windows   passing  local HMM Forward  bias filter:              84  (0.00129); expected (0.0002)
Windows   passing glocal HMM Forward       filter:              60  (0.0009267); expected (0.0002)
Windows   passing glocal HMM Forward  bias filter:              59  (0.0009042); expected (0.0002)
Envelopes passing glocal HMM envelope defn filter:              58  (0.0006403); expected (0.0002)
Envelopes passing  local CM  CYK           filter:              23  (0.0002305); expected (0.0001)
Total CM hits reported:                                          0  (0); includes 0 truncated hit(s)

# CPU time: 0.77u 0.01s 00:00:00.78 Elapsed: 00:00:00.09
//
Query:       ToxI  [CLEN=34]
Accession:   RF02519
Description: ToxI antitoxin
Hit scores:
 rank     E-value  score  bias  sequence  start    end   mdl trunc   gc  description
 ----   --------- ------ -----  -------- ------ ------   --- ----- ----  -----------

   [No hits detected that satisfy reporting thresholds]


Hit alignments:

   [No hits detected that satisfy reporting thresholds]


Internal CM pipeline statistics summary:
----------------------------------------
Query model(s):                                                  1  (34 consensus positions)
Target sequences:                                                1  (8272128 residues searched)
Target sequences re-searched for truncated hits:                 1  (192 residues re-searched)
Windows   passing  local HMM SSV           filter:            6909  (0.0493); expected (0.06)
Windows   passing  local HMM Viterbi       filter:            1126  (0.008066); expected (0.02)
Windows   passing  local HMM Viterbi  bias filter:            1011  (0.007246); expected (0.02)
Windows   passing  local HMM Forward       filter:              12  (9.381e-05); expected (0.0002)
Windows   passing  local HMM Forward  bias filter:               8  (6.201e-05); expected (0.0002)
Windows   passing glocal HMM Forward       filter:               5  (4.183e-05); expected (0.0002)
Windows   passing glocal HMM Forward  bias filter:               5  (4.183e-05); expected (0.0002)
Envelopes passing glocal HMM envelope defn filter:               5  (2.454e-05); expected (0.0002)
Envelopes passing  local CM  CYK           filter:               4  (1.983e-05); expected (0.0001)
Total CM hits reported:                                          0  (0); includes 0 truncated hit(s)

# CPU time: 0.12u 0.00s 00:00:00.12 Elapsed: 00:00:00.02
//
[ok]
