# cmsearch :: search CM(s) against a sequence database
# INFERNAL 1.1.4 (Dec 2020)
# Copyright (C) 2020 Howard Hughes Medical Institute.
# Freely distributed under the BSD open source license.
# - - - - - - - - - - - - - - - - - - - - - - - - - - - - - - - - - - - -
# query CM file:                         cms/Intron.cm
# target sequence database:              genomes/PS-196.fas
# output directed to file:               sequences/PS-196/Intron.out
# tabular output of hits:                sequences/PS-196/Intron.tblout
# model-specific thresholding:           GA cutoffs
# Rfam pipeline mode:                    on [strict filtering]
# HMM-only mode for 0 basepair models:   no
# number of worker threads:              12
# - - - - - - - - - - - - - - - - - - - - - - - - - - - - - - - - - - - -

Query:       Intron_gpI  [CLEN=251]
Accession:   RF00028
Description: Group I catalytic intron
Hit scores:
 rank     E-value  score  bias  sequence  start    end   mdl trunc   gc  description
 ----   --------- ------ -----  -------- ------ ------   --- ----- ----  -----------

   [No hits detected that satisfy reporting thresholds]


Hit alignments:

   [No hits detected that satisfy reporting thresholds]


Internal CM pipeline statistics summary:
----------------------------------------
Query model(s):                                                  1  (251 consensus positions)
Target sequences:                                                1  (8272128 residues searched)
Target sequences re-searched for truncated hits:                 1  (5324 residues re-searched)
Windows   passing  local HMM SSV           filter:            1445  (0.2644); expected (0.06)
Windows   passing  local HMM Viterbi       filter:              97  (0.01984); expected (0.02)
Windows   passing  local HMM Viterbi  bias filter:              28  (0.005471); expected (0.02)
Windows   passing  local HMM Forward       filter:               7  (0.001534); expected (0.0002)
Windows   passing  local HMM Forward  bias filter:               4  (0.0009343); expected (0.0002)
Windows   passing glocal HMM Forward       filter:               4  (0.0009343); expected (0.0002)
Windows   passing glocal HMM Forward  bias filter:               4  (0.0009343); expected (0.0002)
Envelopes passing glocal HMM envelope defn filter:               4  (0.0002781); expected (0.0002)
Envelopes passing  local CM  CYK           filter:               1  (7.369e-06); expected (0.0001)
Total CM hits reported:                                          0  (0); includes 0 truncated hit(s)

# CPU time: 2.26u 0.15s 00:00:02.40 Elapsed: 00:00:00.78
//
Query:       Intron_gpII  [CLEN=93]
Accession:   RF00029
Description: Group II catalytic intron
Hit scores:
 rank     E-value  score  bias  sequence  start    end   mdl trunc   gc  description
 ----   --------- ------ -----  -------- ------ ------   --- ----- ----  -----------

   [No hits detected that satisfy reporting thresholds]


Hit alignments:

   [No hits detected that satisfy reporting thresholds]


Internal CM pipeline statistics summary:
----------------------------------------
Query model(s):                                                  1  (93 consensus positions)
Target sequences:                                                1  (8272128 residues searched)
Target sequences re-searched for truncated hits:                 1  (2048 residues re-searched)
Windows   passing  local HMM SSV           filter:            1085  (0.06684); expected (0.06)
Windows   passing  local HMM Viterbi       filter:             220  (0.01508); expected (0.02)
Windows   passing  local HMM Viterbi  bias filter:             217  (0.01488); expected (0.02)
Windows   passing  local HMM Forward       filter:               0  (0); expected (0.0002)
Windows   passing  local HMM Forward  bias filter:               0  (0); expected (0.0002)
Windows   passing glocal HMM Forward       filter:               0  (0); expected (0.0002)
Windows   passing glocal HMM Forward  bias filter:               0  (0); expected (0.0002)
Envelopes passing glocal HMM envelope defn filter:               0  (0); expected (0.0002)
Envelopes passing  local CM  CYK           filter:               0  (0); expected (0.0001)
Total CM hits reported:                                          0  (0); includes 0 truncated hit(s)

# CPU time: 0.17u 0.01s 00:00:00.18 Elapsed: 00:00:00.02
//
Query:       group-II-D1D4-1  [CLEN=84]
Accession:   RF01998
Description: Group II catalytic intron D1-D4-1
Hit scores:
 rank     E-value  score  bias  sequence  start    end   mdl trunc   gc  description
 ----   --------- ------ -----  -------- ------ ------   --- ----- ----  -----------

   [No hits detected that satisfy reporting thresholds]


Hit alignments:

   [No hits detected that satisfy reporting thresholds]


Internal CM pipeline statistics summary:
----------------------------------------
Query model(s):                                                  1  (84 consensus positions)
Target sequences:                                                1  (8272128 residues searched)
Target sequences re-searched for truncated hits:                 1  (756 residues re-searched)
Windows   passing  local HMM SSV           filter:            3238  (0.08467); expected (0.06)
Windows   passing  local HMM Viterbi       filter:             733  (0.01981); expected (0.02)
Windows   passing  local HMM Viterbi  bias filter:             654  (0.01764); expected (0.02)
Windows   passing  local HMM Forward       filter:               8  (0.0002074); expected (0.0002)
Windows   passing  local HMM Forward  bias filter:               6  (0.0001521); expected (0.0002)
Windows   passing glocal HMM Forward       filter:               5  (0.0001266); expected (0.0002)
Windows   passing glocal HMM Forward  bias filter:               5  (0.0001266); expected (0.0002)
Envelopes passing glocal HMM envelope defn filter:               5  (6.697e-05); expected (0.0002)
Envelopes passing  local CM  CYK           filter:               3  (2.188e-05); expected (0.0001)
Total CM hits reported:                                          0  (0); includes 0 truncated hit(s)

# CPU time: 0.26u 0.00s 00:00:00.26 Elapsed: 00:00:00.03
//
Query:       group-II-D1D4-2  [CLEN=118]
Accession:   RF01999
Description: Group II catalytic intron D1-D4-2
Hit scores:
 rank     E-value  score  bias  sequence  start    end   mdl trunc   gc  description
 ----   --------- ------ -----  -------- ------ ------   --- ----- ----  -----------

   [No hits detected that satisfy reporting thresholds]


Hit alignments:

   [No hits detected that satisfy reporting thresholds]


Internal CM pipeline statistics summary:
----------------------------------------
Query model(s):                                                  1  (118 consensus positions)
Target sequences:                                                1  (8272128 residues searched)
Target sequences re-searched for truncated hits:                 1  (632 residues re-searched)
Windows   passing  local HMM SSV           filter:            3701  (0.08415); expected (0.06)
Windows   passing  local HMM Viterbi       filter:             663  (0.01514); expected (0.02)
Windows   passing  local HMM Viterbi  bias filter:             624  (0.01424); expected (0.02)
Windows   passing  local HMM Forward       filter:              21  (0.0005508); expected (0.0002)
Windows   passing  local HMM Forward  bias filter:              18  (0.0004748); expected (0.0002)
Windows   passing glocal HMM Forward       filter:              14  (0.0003409); expected (0.0002)
Windows   passing glocal HMM Forward  bias filter:              14  (0.0003409); expected (0.0002)
Envelopes passing glocal HMM envelope defn filter:              13  (0.0002102); expected (0.0002)
Envelopes passing  local CM  CYK           filter:               0  (0); expected (0.0001)
Total CM hits reported:                                          0  (0); includes 0 truncated hit(s)

# CPU time: 0.40u 0.01s 00:00:00.41 Elapsed: 00:00:00.05
//
Query:       group-II-D1D4-3  [CLEN=171]
Accession:   RF02001
Description: Group II catalytic intron D1-D4-3
Hit scores:
 rank     E-value  score  bias  sequence  start    end   mdl trunc   gc  description
 ----   --------- ------ -----  -------- ------ ------   --- ----- ----  -----------

   [No hits detected that satisfy reporting thresholds]


Hit alignments:

   [No hits detected that satisfy reporting thresholds]


Internal CM pipeline statistics summary:
----------------------------------------
Query model(s):                                                  1  (171 consensus positions)
Target sequences:                                                1  (8272128 residues searched)
Target sequences re-searched for truncated hits:                 1  (1268 residues re-searched)
Windows   passing  local HMM SSV           filter:            2577  (0.1122); expected (0.06)
Windows   passing  local HMM Viterbi       filter:             639  (0.02931); expected (0.02)
Windows   passing  local HMM Viterbi  bias filter:             389  (0.01787); expected (0.02)
Windows   passing  local HMM Forward       filter:              28  (0.001431); expected (0.0002)
Windows   passing  local HMM Forward  bias filter:              17  (0.0009001); expected (0.0002)
Windows   passing glocal HMM Forward       filter:              14  (0.0007571); expected (0.0002)
Windows   passing glocal HMM Forward  bias filter:              13  (0.0006805); expected (0.0002)
Envelopes passing glocal HMM envelope defn filter:              13  (0.0003568); expected (0.0002)
Envelopes passing  local CM  CYK           filter:               5  (9.96e-05); expected (0.0001)
Total CM hits reported:                                          0  (0); includes 0 truncated hit(s)

# CPU time: 1.28u 0.11s 00:00:01.39 Elapsed: 00:00:00.29
//
Query:       group-II-D1D4-4  [CLEN=138]
Accession:   RF02003
Description: Group II catalytic intron D1-D4-4
Hit scores:
 rank     E-value  score  bias  sequence  start    end   mdl trunc   gc  description
 ----   --------- ------ -----  -------- ------ ------   --- ----- ----  -----------

   [No hits detected that satisfy reporting thresholds]


Hit alignments:

   [No hits detected that satisfy reporting thresholds]


Internal CM pipeline statistics summary:
----------------------------------------
Query model(s):                                                  1  (138 consensus positions)
Target sequences:                                                1  (8272128 residues searched)
Target sequences re-searched for truncated hits:                 1  (1460 residues re-searched)
Windows   passing  local HMM SSV           filter:            1512  (0.07211); expected (0.06)
Windows   passing  local HMM Viterbi       filter:             156  (0.007688); expected (0.02)
Windows   passing  local HMM Viterbi  bias filter:             132  (0.006524); expected (0.02)
Windows   passing  local HMM Forward       filter:               1  (5.113e-05); expected (0.0002)
Windows   passing  local HMM Forward  bias filter:               1  (5.113e-05); expected (0.0002)
Windows   passing glocal HMM Forward       filter:               1  (5.113e-05); expected (0.0002)
Windows   passing glocal HMM Forward  bias filter:               1  (5.113e-05); expected (0.0002)
Envelopes passing glocal HMM envelope defn filter:               1  (1.583e-05); expected (0.0002)
Envelopes passing  local CM  CYK           filter:               1  (1.511e-05); expected (0.0001)
Total CM hits reported:                                          0  (0); includes 0 truncated hit(s)

# CPU time: 0.27u 0.00s 00:00:00.27 Elapsed: 00:00:00.05
//
Query:       group-II-D1D4-5  [CLEN=201]
Accession:   RF02004
Description: Group II catalytic intron D1-D4-5
Hit scores:
 rank     E-value  score  bias  sequence  start    end   mdl trunc   gc  description
 ----   --------- ------ -----  -------- ------ ------   --- ----- ----  -----------

   [No hits detected that satisfy reporting thresholds]


Hit alignments:

   [No hits detected that satisfy reporting thresholds]


Internal CM pipeline statistics summary:
----------------------------------------
Query model(s):                                                  1  (201 consensus positions)
Target sequences:                                                1  (8272128 residues searched)
Target sequences re-searched for truncated hits:                 1  (1116 residues re-searched)
Windows   passing  local HMM SSV           filter:            3035  (0.1215); expected (0.06)
Windows   passing  local HMM Viterbi       filter:             448  (0.01836); expected (0.02)
Windows   passing  local HMM Viterbi  bias filter:             274  (0.01125); expected (0.02)
Windows   passing  local HMM Forward       filter:              16  (0.0006666); expected (0.0002)
Windows   passing  local HMM Forward  bias filter:              13  (0.0005199); expected (0.0002)
Windows   passing glocal HMM Forward       filter:              10  (0.0004403); expected (0.0002)
Windows   passing glocal HMM Forward  bias filter:              10  (0.0004403); expected (0.0002)
Envelopes passing glocal HMM envelope defn filter:              10  (0.0002755); expected (0.0002)
Envelopes passing  local CM  CYK           filter:               2  (4.206e-05); expected (0.0001)
Total CM hits reported:                                          0  (0); includes 0 truncated hit(s)

# CPU time: 0.98u 0.05s 00:00:01.03 Elapsed: 00:00:00.23
//
Query:       group-II-D1D4-6  [CLEN=225]
Accession:   RF02005
Description: Group II catalytic intron D1-D4-6
Hit scores:
 rank     E-value  score  bias  sequence  start    end   mdl trunc   gc  description
 ----   --------- ------ -----  -------- ------ ------   --- ----- ----  -----------

   [No hits detected that satisfy reporting thresholds]


Hit alignments:

   [No hits detected that satisfy reporting thresholds]


Internal CM pipeline statistics summary:
----------------------------------------
Query model(s):                                                  1  (225 consensus positions)
Target sequences:                                                1  (8272128 residues searched)
Target sequences re-searched for truncated hits:                 1  (1460 residues re-searched)
Windows   passing  local HMM SSV           filter:            1170  (0.05961); expected (0.06)
Windows   passing  local HMM Viterbi       filter:             157  (0.008131); expected (0.02)
Windows   passing  local HMM Viterbi  bias filter:             126  (0.00651); expected (0.02)
Windows   passing  local HMM Forward       filter:               6  (0.0003379); expected (0.0002)
Windows   passing  local HMM Forward  bias filter:               4  (0.0001985); expected (0.0002)
Windows   passing glocal HMM Forward       filter:               3  (0.0001498); expected (0.0002)
Windows   passing glocal HMM Forward  bias filter:               3  (0.0001498); expected (0.0002)
Envelopes passing glocal HMM envelope defn filter:               3  (8.763e-05); expected (0.0002)
Envelopes passing  local CM  CYK           filter:               0  (0); expected (0.0001)
Total CM hits reported:                                          0  (0); includes 0 truncated hit(s)

# CPU time: 0.43u 0.02s 00:00:00.45 Elapsed: 00:00:00.07
//
Query:       group-II-D1D4-7  [CLEN=148]
Accession:   RF02012
Description: Group II catalytic intron D1-D4-7
Hit scores:
 rank     E-value  score  bias  sequence  start    end   mdl trunc   gc  description
 ----   --------- ------ -----  -------- ------ ------   --- ----- ----  -----------

   [No hits detected that satisfy reporting thresholds]


Hit alignments:

   [No hits detected that satisfy reporting thresholds]


Internal CM pipeline statistics summary:
----------------------------------------
Query model(s):                                                  1  (148 consensus positions)
Target sequences:                                                1  (8272128 residues searched)
Target sequences re-searched for truncated hits:                 1  (1040 residues re-searched)
Windows   passing  local HMM SSV           filter:            2590  (0.09303); expected (0.06)
Windows   passing  local HMM Viterbi       filter:             297  (0.01102); expected (0.02)
Windows   passing  local HMM Viterbi  bias filter:             263  (0.009766); expected (0.02)
Windows   passing  local HMM Forward       filter:               9  (0.0003529); expected (0.0002)
Windows   passing  local HMM Forward  bias filter:               8  (0.0003081); expected (0.0002)
Windows   passing glocal HMM Forward       filter:               6  (0.0002141); expected (0.0002)
Windows   passing glocal HMM Forward  bias filter:               6  (0.0002141); expected (0.0002)
Envelopes passing glocal HMM envelope defn filter:               6  (0.000124); expected (0.0002)
Envelopes passing  local CM  CYK           filter:               1  (5.56e-06); expected (0.0001)
Total CM hits reported:                                          0  (0); includes 0 truncated hit(s)

# CPU time: 0.40u 0.00s 00:00:00.40 Elapsed: 00:00:00.05
//
[ok]
