# cmsearch :: search CM(s) against a sequence database
# INFERNAL 1.1.4 (Dec 2020)
# Copyright (C) 2020 Howard Hughes Medical Institute.
# Freely distributed under the BSD open source license.
# - - - - - - - - - - - - - - - - - - - - - - - - - - - - - - - - - - - -
# query CM file:                         cms/antitoxin.cm
# target sequence database:              genomes/PS-55.fas
# output directed to file:               sequences/PS-55/antitoxin.out
# tabular output of hits:                sequences/PS-55/antitoxin.tblout
# model-specific thresholding:           GA cutoffs
# Rfam pipeline mode:                    on [strict filtering]
# HMM-only mode for 0 basepair models:   no
# number of worker threads:              12
# - - - - - - - - - - - - - - - - - - - - - - - - - - - - - - - - - - - -

Query:       SIB_RNA  [CLEN=147]
Accession:   RF00113
Description: Short Intergenic Abundant RNA
Hit scores:
 rank     E-value  score  bias  sequence  start    end   mdl trunc   gc  description
 ----   --------- ------ -----  -------- ------ ------   --- ----- ----  -----------

   [No hits detected that satisfy reporting thresholds]


Hit alignments:

   [No hits detected that satisfy reporting thresholds]


Internal CM pipeline statistics summary:
----------------------------------------
Query model(s):                                                  1  (147 consensus positions)
Target sequences:                                                1  (8540618 residues searched)
Target sequences re-searched for truncated hits:                 1  (732 residues re-searched)
Windows   passing  local HMM SSV           filter:            5371  (0.1359); expected (0.06)
Windows   passing  local HMM Viterbi       filter:             939  (0.02451); expected (0.02)
Windows   passing  local HMM Viterbi  bias filter:             699  (0.01819); expected (0.02)
Windows   passing  local HMM Forward       filter:              69  (0.00185); expected (0.0002)
Windows   passing  local HMM Forward  bias filter:              52  (0.00142); expected (0.0002)
Windows   passing glocal HMM Forward       filter:              35  (0.0009904); expected (0.0002)
Windows   passing glocal HMM Forward  bias filter:              32  (0.0009007); expected (0.0002)
Envelopes passing glocal HMM envelope defn filter:              33  (0.0006769); expected (0.0002)
Envelopes passing  local CM  CYK           filter:               4  (4.297e-05); expected (0.0001)
Total CM hits reported:                                          0  (0); includes 0 truncated hit(s)

# CPU time: 1.37u 0.12s 00:00:01.49 Elapsed: 00:00:00.25
//
Query:       istR  [CLEN=130]
Accession:   RF01400
Description: istR Hfq binding RNA
Hit scores:
 rank     E-value  score  bias  sequence  start    end   mdl trunc   gc  description
 ----   --------- ------ -----  -------- ------ ------   --- ----- ----  -----------

   [No hits detected that satisfy reporting thresholds]


Hit alignments:

   [No hits detected that satisfy reporting thresholds]


Internal CM pipeline statistics summary:
----------------------------------------
Query model(s):                                                  1  (130 consensus positions)
Target sequences:                                                1  (8540618 residues searched)
Target sequences re-searched for truncated hits:                 1  (648 residues re-searched)
Windows   passing  local HMM SSV           filter:            2779  (0.06227); expected (0.06)
Windows   passing  local HMM Viterbi       filter:             405  (0.009278); expected (0.02)
Windows   passing  local HMM Viterbi  bias filter:             399  (0.009142); expected (0.02)
Windows   passing  local HMM Forward       filter:               9  (0.0002209); expected (0.0002)
Windows   passing  local HMM Forward  bias filter:               9  (0.0002209); expected (0.0002)
Windows   passing glocal HMM Forward       filter:               7  (0.0001641); expected (0.0002)
Windows   passing glocal HMM Forward  bias filter:               7  (0.0001641); expected (0.0002)
Envelopes passing glocal HMM envelope defn filter:               7  (0.0001275); expected (0.0002)
Envelopes passing  local CM  CYK           filter:               0  (0); expected (0.0001)
Total CM hits reported:                                          0  (0); includes 0 truncated hit(s)

# CPU time: 0.33u 0.03s 00:00:00.36 Elapsed: 00:00:00.06
//
Query:       RatA  [CLEN=90]
Accession:   RF01776
Description: RNA anti-toxin A
Hit scores:
 rank     E-value  score  bias  sequence  start    end   mdl trunc   gc  description
 ----   --------- ------ -----  -------- ------ ------   --- ----- ----  -----------

   [No hits detected that satisfy reporting thresholds]


Hit alignments:

   [No hits detected that satisfy reporting thresholds]


Internal CM pipeline statistics summary:
----------------------------------------
Query model(s):                                                  1  (90 consensus positions)
Target sequences:                                                1  (8540618 residues searched)
Target sequences re-searched for truncated hits:                 1  (448 residues re-searched)
Windows   passing  local HMM SSV           filter:           10178  (0.1621); expected (0.06)
Windows   passing  local HMM Viterbi       filter:            1847  (0.03073); expected (0.02)
Windows   passing  local HMM Viterbi  bias filter:            1061  (0.01746); expected (0.02)
Windows   passing  local HMM Forward       filter:              85  (0.00148); expected (0.0002)
Windows   passing  local HMM Forward  bias filter:              44  (0.000764); expected (0.0002)
Windows   passing glocal HMM Forward       filter:              41  (0.0007287); expected (0.0002)
Windows   passing glocal HMM Forward  bias filter:              41  (0.0007287); expected (0.0002)
Envelopes passing glocal HMM envelope defn filter:              42  (0.0005345); expected (0.0002)
Envelopes passing  local CM  CYK           filter:               7  (7.563e-05); expected (0.0001)
Total CM hits reported:                                          0  (0); includes 0 truncated hit(s)

# CPU time: 0.76u 0.02s 00:00:00.78 Elapsed: 00:00:00.09
//
Query:       sok  [CLEN=157]
Accession:   RF01794
Description: sok antitoxin (CssrC)
Hit scores:
 rank     E-value  score  bias  sequence  start    end   mdl trunc   gc  description
 ----   --------- ------ -----  -------- ------ ------   --- ----- ----  -----------

   [No hits detected that satisfy reporting thresholds]


Hit alignments:

   [No hits detected that satisfy reporting thresholds]


Internal CM pipeline statistics summary:
----------------------------------------
Query model(s):                                                  1  (157 consensus positions)
Target sequences:                                                1  (8540618 residues searched)
Target sequences re-searched for truncated hits:                 1  (1184 residues re-searched)
Windows   passing  local HMM SSV           filter:            2943  (0.1159); expected (0.06)
Windows   passing  local HMM Viterbi       filter:             535  (0.02171); expected (0.02)
Windows   passing  local HMM Viterbi  bias filter:             476  (0.01931); expected (0.02)
Windows   passing  local HMM Forward       filter:              18  (0.0008002); expected (0.0002)
Windows   passing  local HMM Forward  bias filter:              17  (0.000763); expected (0.0002)
Windows   passing glocal HMM Forward       filter:              12  (0.000541); expected (0.0002)
Windows   passing glocal HMM Forward  bias filter:              12  (0.000541); expected (0.0002)
Envelopes passing glocal HMM envelope defn filter:              12  (0.0002653); expected (0.0002)
Envelopes passing  local CM  CYK           filter:               2  (1.873e-05); expected (0.0001)
Total CM hits reported:                                          0  (0); includes 0 truncated hit(s)

# CPU time: 0.83u 0.02s 00:00:00.85 Elapsed: 00:00:00.15
//
Query:       fstAT  [CLEN=94]
Accession:   RF01797
Description: Fst antitoxin sRNA
Hit scores:
 rank     E-value  score  bias  sequence  start    end   mdl trunc   gc  description
 ----   --------- ------ -----  -------- ------ ------   --- ----- ----  -----------

   [No hits detected that satisfy reporting thresholds]


Hit alignments:

   [No hits detected that satisfy reporting thresholds]


Internal CM pipeline statistics summary:
----------------------------------------
Query model(s):                                                  1  (94 consensus positions)
Target sequences:                                                1  (8540618 residues searched)
Target sequences re-searched for truncated hits:                 1  (496 residues re-searched)
Windows   passing  local HMM SSV           filter:            9670  (0.1704); expected (0.06)
Windows   passing  local HMM Viterbi       filter:            1639  (0.03002); expected (0.02)
Windows   passing  local HMM Viterbi  bias filter:            1246  (0.02276); expected (0.02)
Windows   passing  local HMM Forward       filter:             110  (0.00222); expected (0.0002)
Windows   passing  local HMM Forward  bias filter:              78  (0.001577); expected (0.0002)
Windows   passing glocal HMM Forward       filter:              45  (0.0009215); expected (0.0002)
Windows   passing glocal HMM Forward  bias filter:              42  (0.0008531); expected (0.0002)
Envelopes passing glocal HMM envelope defn filter:              41  (0.0005689); expected (0.0002)
Envelopes passing  local CM  CYK           filter:               7  (7.961e-05); expected (0.0001)
Total CM hits reported:                                          0  (0); includes 0 truncated hit(s)

# CPU time: 0.80u 0.01s 00:00:00.81 Elapsed: 00:00:00.13
//
Query:       symR  [CLEN=77]
Accession:   RF01809
Description: SymR antitoxin
Hit scores:
 rank     E-value  score  bias  sequence  start    end   mdl trunc   gc  description
 ----   --------- ------ -----  -------- ------ ------   --- ----- ----  -----------

   [No hits detected that satisfy reporting thresholds]


Hit alignments:

   [No hits detected that satisfy reporting thresholds]


Internal CM pipeline statistics summary:
----------------------------------------
Query model(s):                                                  1  (77 consensus positions)
Target sequences:                                                1  (8540618 residues searched)
Target sequences re-searched for truncated hits:                 1  (384 residues re-searched)
Windows   passing  local HMM SSV           filter:            7141  (0.0974); expected (0.06)
Windows   passing  local HMM Viterbi       filter:            1672  (0.02319); expected (0.02)
Windows   passing  local HMM Viterbi  bias filter:            1553  (0.02153); expected (0.02)
Windows   passing  local HMM Forward       filter:              37  (0.0005571); expected (0.0002)
Windows   passing  local HMM Forward  bias filter:              34  (0.0005083); expected (0.0002)
Windows   passing glocal HMM Forward       filter:              18  (0.0002463); expected (0.0002)
Windows   passing glocal HMM Forward  bias filter:              18  (0.0002463); expected (0.0002)
Envelopes passing glocal HMM envelope defn filter:              18  (0.0001978); expected (0.0002)
Envelopes passing  local CM  CYK           filter:               2  (1.311e-05); expected (0.0001)
Total CM hits reported:                                          0  (0); includes 0 truncated hit(s)

# CPU time: 0.32u 0.01s 00:00:00.33 Elapsed: 00:00:00.04
//
Query:       PtaRNA1  [CLEN=72]
Accession:   RF01811
Description: Plasmid transferred anti-sense RNA
Hit scores:
 rank     E-value  score  bias  sequence  start    end   mdl trunc   gc  description
 ----   --------- ------ -----  -------- ------ ------   --- ----- ----  -----------

   [No hits detected that satisfy reporting thresholds]


Hit alignments:

   [No hits detected that satisfy reporting thresholds]


Internal CM pipeline statistics summary:
----------------------------------------
Query model(s):                                                  1  (72 consensus positions)
Target sequences:                                                1  (8540618 residues searched)
Target sequences re-searched for truncated hits:                 1  (360 residues re-searched)
Windows   passing  local HMM SSV           filter:            4734  (0.06048); expected (0.06)
Windows   passing  local HMM Viterbi       filter:            1321  (0.01708); expected (0.02)
Windows   passing  local HMM Viterbi  bias filter:            1249  (0.01614); expected (0.02)
Windows   passing  local HMM Forward       filter:              16  (0.0002271); expected (0.0002)
Windows   passing  local HMM Forward  bias filter:              10  (0.000151); expected (0.0002)
Windows   passing glocal HMM Forward       filter:               5  (6.615e-05); expected (0.0002)
Windows   passing glocal HMM Forward  bias filter:               5  (6.615e-05); expected (0.0002)
Envelopes passing glocal HMM envelope defn filter:               5  (5.222e-05); expected (0.0002)
Envelopes passing  local CM  CYK           filter:               1  (9.015e-06); expected (0.0001)
Total CM hits reported:                                          0  (0); includes 0 truncated hit(s)

# CPU time: 0.20u 0.00s 00:00:00.20 Elapsed: 00:00:00.02
//
Query:       rdlD  [CLEN=66]
Accession:   RF01813
Description: rdlD antitoxin
Hit scores:
 rank     E-value  score  bias  sequence  start    end   mdl trunc   gc  description
 ----   --------- ------ -----  -------- ------ ------   --- ----- ----  -----------

   [No hits detected that satisfy reporting thresholds]


Hit alignments:

   [No hits detected that satisfy reporting thresholds]


Internal CM pipeline statistics summary:
----------------------------------------
Query model(s):                                                  1  (66 consensus positions)
Target sequences:                                                1  (8540618 residues searched)
Target sequences re-searched for truncated hits:                 1  (328 residues re-searched)
Windows   passing  local HMM SSV           filter:            5081  (0.05954); expected (0.06)
Windows   passing  local HMM Viterbi       filter:            1283  (0.01521); expected (0.02)
Windows   passing  local HMM Viterbi  bias filter:            1132  (0.01341); expected (0.02)
Windows   passing  local HMM Forward       filter:              27  (0.0003361); expected (0.0002)
Windows   passing  local HMM Forward  bias filter:              25  (0.0003078); expected (0.0002)
Windows   passing glocal HMM Forward       filter:              10  (0.0001329); expected (0.0002)
Windows   passing glocal HMM Forward  bias filter:              10  (0.0001329); expected (0.0002)
Envelopes passing glocal HMM envelope defn filter:              10  (8.348e-05); expected (0.0002)
Envelopes passing  local CM  CYK           filter:               2  (1.464e-05); expected (0.0001)
Total CM hits reported:                                          0  (0); includes 0 truncated hit(s)

# CPU time: 0.21u 0.01s 00:00:00.22 Elapsed: 00:00:00.03
//
Query:       OrzO-P  [CLEN=76]
Accession:   RF02083
Description: OrzO-P RNA antitoxin family
Hit scores:
 rank     E-value  score  bias  sequence  start    end   mdl trunc   gc  description
 ----   --------- ------ -----  -------- ------ ------   --- ----- ----  -----------

   [No hits detected that satisfy reporting thresholds]


Hit alignments:

   [No hits detected that satisfy reporting thresholds]


Internal CM pipeline statistics summary:
----------------------------------------
Query model(s):                                                  1  (76 consensus positions)
Target sequences:                                                1  (8540618 residues searched)
Target sequences re-searched for truncated hits:                 1  (380 residues re-searched)
Windows   passing  local HMM SSV           filter:            9665  (0.1305); expected (0.06)
Windows   passing  local HMM Viterbi       filter:            2956  (0.04109); expected (0.02)
Windows   passing  local HMM Viterbi  bias filter:            2408  (0.03354); expected (0.02)
Windows   passing  local HMM Forward       filter:             166  (0.002573); expected (0.0002)
Windows   passing  local HMM Forward  bias filter:             132  (0.002026); expected (0.0002)
Windows   passing glocal HMM Forward       filter:             103  (0.001623); expected (0.0002)
Windows   passing glocal HMM Forward  bias filter:              99  (0.001556); expected (0.0002)
Envelopes passing glocal HMM envelope defn filter:              98  (0.001061); expected (0.0002)
Envelopes passing  local CM  CYK           filter:              70  (0.0006898); expected (0.0001)
Total CM hits reported:                                          0  (0); includes 0 truncated hit(s)

# CPU time: 1.63u 0.02s 00:00:01.65 Elapsed: 00:00:00.17
//
Query:       ohsC_RNA  [CLEN=77]
Accession:   RF02495
Description: Oppression of Hydrophobic ORF by sRNA
Hit scores:
 rank     E-value  score  bias  sequence  start    end   mdl trunc   gc  description
 ----   --------- ------ -----  -------- ------ ------   --- ----- ----  -----------

   [No hits detected that satisfy reporting thresholds]


Hit alignments:

   [No hits detected that satisfy reporting thresholds]


Internal CM pipeline statistics summary:
----------------------------------------
Query model(s):                                                  1  (77 consensus positions)
Target sequences:                                                1  (8540618 residues searched)
Target sequences re-searched for truncated hits:                 1  (384 residues re-searched)
Windows   passing  local HMM SSV           filter:            8722  (0.1191); expected (0.06)
Windows   passing  local HMM Viterbi       filter:            2378  (0.03322); expected (0.02)
Windows   passing  local HMM Viterbi  bias filter:            1947  (0.02724); expected (0.02)
Windows   passing  local HMM Forward       filter:             130  (0.002016); expected (0.0002)
Windows   passing  local HMM Forward  bias filter:              99  (0.001525); expected (0.0002)
Windows   passing glocal HMM Forward       filter:              62  (0.0009885); expected (0.0002)
Windows   passing glocal HMM Forward  bias filter:              60  (0.0009535); expected (0.0002)
Envelopes passing glocal HMM envelope defn filter:              59  (0.0006418); expected (0.0002)
Envelopes passing  local CM  CYK           filter:              24  (0.0002332); expected (0.0001)
Total CM hits reported:                                          0  (0); includes 0 truncated hit(s)

# CPU time: 0.84u 0.00s 00:00:00.84 Elapsed: 00:00:00.09
//
Query:       ToxI  [CLEN=34]
Accession:   RF02519
Description: ToxI antitoxin
Hit scores:
 rank     E-value  score  bias  sequence  start    end   mdl trunc   gc  description
 ----   --------- ------ -----  -------- ------ ------   --- ----- ----  -----------

   [No hits detected that satisfy reporting thresholds]


Hit alignments:

   [No hits detected that satisfy reporting thresholds]


Internal CM pipeline statistics summary:
----------------------------------------
Query model(s):                                                  1  (34 consensus positions)
Target sequences:                                                1  (8540618 residues searched)
Target sequences re-searched for truncated hits:                 1  (192 residues re-searched)
Windows   passing  local HMM SSV           filter:            7247  (0.05007); expected (0.06)
Windows   passing  local HMM Viterbi       filter:            1189  (0.008241); expected (0.02)
Windows   passing  local HMM Viterbi  bias filter:            1057  (0.007314); expected (0.02)
Windows   passing  local HMM Forward       filter:              15  (0.0001117); expected (0.0002)
Windows   passing  local HMM Forward  bias filter:              12  (9.215e-05); expected (0.0002)
Windows   passing glocal HMM Forward       filter:               7  (5.456e-05); expected (0.0002)
Windows   passing glocal HMM Forward  bias filter:               7  (5.456e-05); expected (0.0002)
Envelopes passing glocal HMM envelope defn filter:               7  (3.208e-05); expected (0.0002)
Envelopes passing  local CM  CYK           filter:               5  (2.236e-05); expected (0.0001)
Total CM hits reported:                                          0  (0); includes 0 truncated hit(s)

# CPU time: 0.12u 0.01s 00:00:00.13 Elapsed: 00:00:00.02
//
[ok]
