# cmsearch :: search CM(s) against a sequence database
# INFERNAL 1.1.4 (Dec 2020)
# Copyright (C) 2020 Howard Hughes Medical Institute.
# Freely distributed under the BSD open source license.
# - - - - - - - - - - - - - - - - - - - - - - - - - - - - - - - - - - - -
# query CM file:                         cms/Intron.cm
# target sequence database:              genomes/PS-55.fas
# output directed to file:               sequences/PS-55/Intron.out
# tabular output of hits:                sequences/PS-55/Intron.tblout
# model-specific thresholding:           GA cutoffs
# Rfam pipeline mode:                    on [strict filtering]
# HMM-only mode for 0 basepair models:   no
# number of worker threads:              12
# - - - - - - - - - - - - - - - - - - - - - - - - - - - - - - - - - - - -

Query:       Intron_gpI  [CLEN=251]
Accession:   RF00028
Description: Group I catalytic intron
Hit scores:
 rank     E-value  score  bias  sequence  start    end   mdl trunc   gc  description
 ----   --------- ------ -----  -------- ------ ------   --- ----- ----  -----------

   [No hits detected that satisfy reporting thresholds]


Hit alignments:

   [No hits detected that satisfy reporting thresholds]


Internal CM pipeline statistics summary:
----------------------------------------
Query model(s):                                                  1  (251 consensus positions)
Target sequences:                                                1  (8540618 residues searched)
Target sequences re-searched for truncated hits:                 1  (5324 residues re-searched)
Windows   passing  local HMM SSV           filter:            1537  (0.275); expected (0.06)
Windows   passing  local HMM Viterbi       filter:             123  (0.02506); expected (0.02)
Windows   passing  local HMM Viterbi  bias filter:              34  (0.006416); expected (0.02)
Windows   passing  local HMM Forward       filter:              13  (0.002791); expected (0.0002)
Windows   passing  local HMM Forward  bias filter:               8  (0.001806); expected (0.0002)
Windows   passing glocal HMM Forward       filter:               8  (0.001806); expected (0.0002)
Windows   passing glocal HMM Forward  bias filter:               8  (0.001806); expected (0.0002)
Envelopes passing glocal HMM envelope defn filter:               9  (0.000544); expected (0.0002)
Envelopes passing  local CM  CYK           filter:               3  (0.0001129); expected (0.0001)
Total CM hits reported:                                          0  (0); includes 0 truncated hit(s)

# CPU time: 4.63u 0.35s 00:00:04.97 Elapsed: 00:00:01.77
//
Query:       Intron_gpII  [CLEN=93]
Accession:   RF00029
Description: Group II catalytic intron
Hit scores:
 rank     E-value  score  bias  sequence  start    end   mdl trunc   gc  description
 ----   --------- ------ -----  -------- ------ ------   --- ----- ----  -----------

   [No hits detected that satisfy reporting thresholds]


Hit alignments:

   [No hits detected that satisfy reporting thresholds]


Internal CM pipeline statistics summary:
----------------------------------------
Query model(s):                                                  1  (93 consensus positions)
Target sequences:                                                1  (8540618 residues searched)
Target sequences re-searched for truncated hits:                 1  (2048 residues re-searched)
Windows   passing  local HMM SSV           filter:            1134  (0.06744); expected (0.06)
Windows   passing  local HMM Viterbi       filter:             219  (0.01453); expected (0.02)
Windows   passing  local HMM Viterbi  bias filter:             215  (0.01427); expected (0.02)
Windows   passing  local HMM Forward       filter:               1  (6.169e-05); expected (0.0002)
Windows   passing  local HMM Forward  bias filter:               1  (6.169e-05); expected (0.0002)
Windows   passing glocal HMM Forward       filter:               0  (0); expected (0.0002)
Windows   passing glocal HMM Forward  bias filter:               0  (0); expected (0.0002)
Envelopes passing glocal HMM envelope defn filter:               0  (0); expected (0.0002)
Envelopes passing  local CM  CYK           filter:               0  (0); expected (0.0001)
Total CM hits reported:                                          0  (0); includes 0 truncated hit(s)

# CPU time: 0.21u 0.00s 00:00:00.21 Elapsed: 00:00:00.02
//
Query:       group-II-D1D4-1  [CLEN=84]
Accession:   RF01998
Description: Group II catalytic intron D1-D4-1
Hit scores:
 rank     E-value  score  bias  sequence  start    end   mdl trunc   gc  description
 ----   --------- ------ -----  -------- ------ ------   --- ----- ----  -----------

   [No hits detected that satisfy reporting thresholds]


Hit alignments:

   [No hits detected that satisfy reporting thresholds]


Internal CM pipeline statistics summary:
----------------------------------------
Query model(s):                                                  1  (84 consensus positions)
Target sequences:                                                1  (8540618 residues searched)
Target sequences re-searched for truncated hits:                 1  (756 residues re-searched)
Windows   passing  local HMM SSV           filter:            3360  (0.08519); expected (0.06)
Windows   passing  local HMM Viterbi       filter:             776  (0.02036); expected (0.02)
Windows   passing  local HMM Viterbi  bias filter:             696  (0.01822); expected (0.02)
Windows   passing  local HMM Forward       filter:               7  (0.0001748); expected (0.0002)
Windows   passing  local HMM Forward  bias filter:               5  (0.0001212); expected (0.0002)
Windows   passing glocal HMM Forward       filter:               4  (9.647e-05); expected (0.0002)
Windows   passing glocal HMM Forward  bias filter:               4  (9.647e-05); expected (0.0002)
Envelopes passing glocal HMM envelope defn filter:               4  (5.292e-05); expected (0.0002)
Envelopes passing  local CM  CYK           filter:               3  (2.189e-05); expected (0.0001)
Total CM hits reported:                                          0  (0); includes 0 truncated hit(s)

# CPU time: 0.25u 0.00s 00:00:00.25 Elapsed: 00:00:00.03
//
Query:       group-II-D1D4-2  [CLEN=118]
Accession:   RF01999
Description: Group II catalytic intron D1-D4-2
Hit scores:
 rank     E-value  score  bias  sequence  start    end   mdl trunc   gc  description
 ----   --------- ------ -----  -------- ------ ------   --- ----- ----  -----------

   [No hits detected that satisfy reporting thresholds]


Hit alignments:

   [No hits detected that satisfy reporting thresholds]


Internal CM pipeline statistics summary:
----------------------------------------
Query model(s):                                                  1  (118 consensus positions)
Target sequences:                                                1  (8540618 residues searched)
Target sequences re-searched for truncated hits:                 1  (632 residues re-searched)
Windows   passing  local HMM SSV           filter:            3752  (0.08263); expected (0.06)
Windows   passing  local HMM Viterbi       filter:             668  (0.01472); expected (0.02)
Windows   passing  local HMM Viterbi  bias filter:             635  (0.01398); expected (0.02)
Windows   passing  local HMM Forward       filter:              20  (0.0004719); expected (0.0002)
Windows   passing  local HMM Forward  bias filter:              18  (0.000429); expected (0.0002)
Windows   passing glocal HMM Forward       filter:              15  (0.0003359); expected (0.0002)
Windows   passing glocal HMM Forward  bias filter:              15  (0.0003359); expected (0.0002)
Envelopes passing glocal HMM envelope defn filter:              14  (0.000214); expected (0.0002)
Envelopes passing  local CM  CYK           filter:               0  (0); expected (0.0001)
Total CM hits reported:                                          0  (0); includes 0 truncated hit(s)

# CPU time: 0.39u 0.00s 00:00:00.39 Elapsed: 00:00:00.05
//
Query:       group-II-D1D4-3  [CLEN=171]
Accession:   RF02001
Description: Group II catalytic intron D1-D4-3
Hit scores:
 rank     E-value  score  bias  sequence  start    end   mdl trunc   gc  description
 ----   --------- ------ -----  -------- ------ ------   --- ----- ----  -----------

   [No hits detected that satisfy reporting thresholds]


Hit alignments:

   [No hits detected that satisfy reporting thresholds]


Internal CM pipeline statistics summary:
----------------------------------------
Query model(s):                                                  1  (171 consensus positions)
Target sequences:                                                1  (8540618 residues searched)
Target sequences re-searched for truncated hits:                 1  (1268 residues re-searched)
Windows   passing  local HMM SSV           filter:            2655  (0.1119); expected (0.06)
Windows   passing  local HMM Viterbi       filter:             664  (0.02938); expected (0.02)
Windows   passing  local HMM Viterbi  bias filter:             388  (0.01716); expected (0.02)
Windows   passing  local HMM Forward       filter:              24  (0.001169); expected (0.0002)
Windows   passing  local HMM Forward  bias filter:              15  (0.0007775); expected (0.0002)
Windows   passing glocal HMM Forward       filter:              13  (0.0006544); expected (0.0002)
Windows   passing glocal HMM Forward  bias filter:              13  (0.0006544); expected (0.0002)
Envelopes passing glocal HMM envelope defn filter:              12  (0.0003074); expected (0.0002)
Envelopes passing  local CM  CYK           filter:               5  (8.066e-05); expected (0.0001)
Total CM hits reported:                                          0  (0); includes 0 truncated hit(s)

# CPU time: 1.11u 0.07s 00:00:01.18 Elapsed: 00:00:00.34
//
Query:       group-II-D1D4-4  [CLEN=138]
Accession:   RF02003
Description: Group II catalytic intron D1-D4-4
Hit scores:
 rank     E-value  score  bias  sequence  start    end   mdl trunc   gc  description
 ----   --------- ------ -----  -------- ------ ------   --- ----- ----  -----------

   [No hits detected that satisfy reporting thresholds]


Hit alignments:

   [No hits detected that satisfy reporting thresholds]


Internal CM pipeline statistics summary:
----------------------------------------
Query model(s):                                                  1  (138 consensus positions)
Target sequences:                                                1  (8540618 residues searched)
Target sequences re-searched for truncated hits:                 1  (1460 residues re-searched)
Windows   passing  local HMM SSV           filter:            1577  (0.07267); expected (0.06)
Windows   passing  local HMM Viterbi       filter:             170  (0.008112); expected (0.02)
Windows   passing  local HMM Viterbi  bias filter:             146  (0.006987); expected (0.02)
Windows   passing  local HMM Forward       filter:               4  (0.0001871); expected (0.0002)
Windows   passing  local HMM Forward  bias filter:               3  (0.0001424); expected (0.0002)
Windows   passing glocal HMM Forward       filter:               1  (4.952e-05); expected (0.0002)
Windows   passing glocal HMM Forward  bias filter:               1  (4.952e-05); expected (0.0002)
Envelopes passing glocal HMM envelope defn filter:               1  (1.534e-05); expected (0.0002)
Envelopes passing  local CM  CYK           filter:               1  (1.463e-05); expected (0.0001)
Total CM hits reported:                                          0  (0); includes 0 truncated hit(s)

# CPU time: 0.31u 0.00s 00:00:00.31 Elapsed: 00:00:00.06
//
Query:       group-II-D1D4-5  [CLEN=201]
Accession:   RF02004
Description: Group II catalytic intron D1-D4-5
Hit scores:
 rank     E-value  score  bias  sequence  start    end   mdl trunc   gc  description
 ----   --------- ------ -----  -------- ------ ------   --- ----- ----  -----------

   [No hits detected that satisfy reporting thresholds]


Hit alignments:

   [No hits detected that satisfy reporting thresholds]


Internal CM pipeline statistics summary:
----------------------------------------
Query model(s):                                                  1  (201 consensus positions)
Target sequences:                                                1  (8540618 residues searched)
Target sequences re-searched for truncated hits:                 1  (1116 residues re-searched)
Windows   passing  local HMM SSV           filter:            3131  (0.1214); expected (0.06)
Windows   passing  local HMM Viterbi       filter:             467  (0.01838); expected (0.02)
Windows   passing  local HMM Viterbi  bias filter:             285  (0.0112); expected (0.02)
Windows   passing  local HMM Forward       filter:              15  (0.0006245); expected (0.0002)
Windows   passing  local HMM Forward  bias filter:              12  (0.0004912); expected (0.0002)
Windows   passing glocal HMM Forward       filter:               8  (0.0003368); expected (0.0002)
Windows   passing glocal HMM Forward  bias filter:               8  (0.0003368); expected (0.0002)
Envelopes passing glocal HMM envelope defn filter:               8  (0.0002229); expected (0.0002)
Envelopes passing  local CM  CYK           filter:               1  (2.716e-05); expected (0.0001)
Total CM hits reported:                                          0  (0); includes 0 truncated hit(s)

# CPU time: 0.86u 0.05s 00:00:00.91 Elapsed: 00:00:00.20
//
Query:       group-II-D1D4-6  [CLEN=225]
Accession:   RF02005
Description: Group II catalytic intron D1-D4-6
Hit scores:
 rank     E-value  score  bias  sequence  start    end   mdl trunc   gc  description
 ----   --------- ------ -----  -------- ------ ------   --- ----- ----  -----------

   [No hits detected that satisfy reporting thresholds]


Hit alignments:

   [No hits detected that satisfy reporting thresholds]


Internal CM pipeline statistics summary:
----------------------------------------
Query model(s):                                                  1  (225 consensus positions)
Target sequences:                                                1  (8540618 residues searched)
Target sequences re-searched for truncated hits:                 1  (1460 residues re-searched)
Windows   passing  local HMM SSV           filter:            1212  (0.05983); expected (0.06)
Windows   passing  local HMM Viterbi       filter:             164  (0.008193); expected (0.02)
Windows   passing  local HMM Viterbi  bias filter:             133  (0.006664); expected (0.02)
Windows   passing  local HMM Forward       filter:               7  (0.0003775); expected (0.0002)
Windows   passing  local HMM Forward  bias filter:               4  (0.0001953); expected (0.0002)
Windows   passing glocal HMM Forward       filter:               3  (0.0001481); expected (0.0002)
Windows   passing glocal HMM Forward  bias filter:               3  (0.0001481); expected (0.0002)
Envelopes passing glocal HMM envelope defn filter:               3  (8.803e-05); expected (0.0002)
Envelopes passing  local CM  CYK           filter:               0  (0); expected (0.0001)
Total CM hits reported:                                          0  (0); includes 0 truncated hit(s)

# CPU time: 0.47u 0.01s 00:00:00.48 Elapsed: 00:00:00.08
//
Query:       group-II-D1D4-7  [CLEN=148]
Accession:   RF02012
Description: Group II catalytic intron D1-D4-7
Hit scores:
 rank     E-value  score  bias  sequence  start    end   mdl trunc   gc  description
 ----   --------- ------ -----  -------- ------ ------   --- ----- ----  -----------

   [No hits detected that satisfy reporting thresholds]


Hit alignments:

   [No hits detected that satisfy reporting thresholds]


Internal CM pipeline statistics summary:
----------------------------------------
Query model(s):                                                  1  (148 consensus positions)
Target sequences:                                                1  (8540618 residues searched)
Target sequences re-searched for truncated hits:                 1  (1040 residues re-searched)
Windows   passing  local HMM SSV           filter:            2676  (0.0929); expected (0.06)
Windows   passing  local HMM Viterbi       filter:             300  (0.01067); expected (0.02)
Windows   passing  local HMM Viterbi  bias filter:             268  (0.009525); expected (0.02)
Windows   passing  local HMM Forward       filter:              10  (0.000357); expected (0.0002)
Windows   passing  local HMM Forward  bias filter:               8  (0.000278); expected (0.0002)
Windows   passing glocal HMM Forward       filter:               7  (0.0002426); expected (0.0002)
Windows   passing glocal HMM Forward  bias filter:               6  (0.0002093); expected (0.0002)
Envelopes passing glocal HMM envelope defn filter:               6  (0.000116); expected (0.0002)
Envelopes passing  local CM  CYK           filter:               1  (5.385e-06); expected (0.0001)
Total CM hits reported:                                          0  (0); includes 0 truncated hit(s)

# CPU time: 0.39u 0.00s 00:00:00.39 Elapsed: 00:00:00.05
//
[ok]
